
469756 : 0x1d89fcb708e79 : 1 : spill_jit_data :  Jit agent is not initialized
469738 : 0x1d89fcb7155e1 : 2 : ittapi_config_mask_get :  --itt-config mask to be applied: 55
469738 : 0x1d89fcb71d5c5 : 2 : ittapi_config_apply_per_lib :  ITTAPI function instrumented: __itt_domain_create
469738 : 0x1d89fcb71f4a3 : 2 : ittapi_config_apply_per_lib :  ITTAPI function instrumented: __itt_module_load_with_sections
469738 : 0x1d89fcb722424 : 2 : ittapi_config_apply_per_lib :  ITTAPI function not implemented: __itt_module_unload_with_sections
469738 : 0x1d89fcb724e6a : 2 : ittapi_config_apply_per_lib :  ITTAPI function instrumented: __itt_string_handle_create
469738 : 0x1d89fcb72623e : 2 : ittapi_config_apply_per_lib :  ITTAPI function instrumented: __itt_counter_create
469738 : 0x1d89fcb7274f8 : 2 : ittapi_config_apply_per_lib :  ITTAPI function instrumented: __itt_counter_create_typed
469738 : 0x1d89fcb728a7d : 2 : ittapi_config_apply_per_lib :  ITTAPI function instrumented: __itt_pause
469738 : 0x1d89fcb729eda : 2 : ittapi_config_apply_per_lib :  ITTAPI function instrumented: __itt_resume
469738 : 0x1d89fcb7464f2 : 2 : ittapi_config_apply_per_lib :  ITTAPI function instrumented: __itt_thread_set_name
469738 : 0x1d89fcb748844 : 2 : ittapi_config_apply_per_lib :  ITTAPI function instrumented: __itt_thread_ignore
469738 : 0x1d89fcb749dd2 : 2 : ittapi_config_apply_per_lib :  ITTAPI function instrumented: __itt_thr_name_set
469738 : 0x1d89fcb74b93f : 2 : ittapi_config_apply_per_lib :  ITTAPI function instrumented: __itt_thr_ignore
469738 : 0x1d89fcb74e784 : 2 : ittapi_config_apply_per_lib :  ITTAPI function instrumented: __itt_histogram_create
469738 : 0x1d89fcb7516e5 : 2 : ittapi_config_apply_per_lib :  ITTAPI function not implemented: __itt_enable_attach
469738 : 0x1d89fcb753a13 : 2 : ittapi_config_apply_per_lib :  ITTAPI function instrumented: __itt_detach
469738 : 0x1d89fcb754ebe : 2 : ittapi_config_apply_per_lib :  ITTAPI function NOT instrumented (not matched by --itt-config option): __itt_sync_create

469738 : 0x1d89fcb756226 : 2 : ittapi_config_apply_per_lib :  ITTAPI function NOT instrumented (not matched by --itt-config option): __itt_sync_rename

469738 : 0x1d89fcb7571ee : 2 : ittapi_config_apply_per_lib :  ITTAPI function NOT instrumented (not matched by --itt-config option): __itt_sync_destroy

469738 : 0x1d89fcb75f257 : 2 : ittapi_config_apply_per_lib :  ITTAPI function NOT instrumented (not matched by --itt-config option): __itt_sync_prepare

469738 : 0x1d89fcb7604e5 : 2 : ittapi_config_apply_per_lib :  ITTAPI function NOT instrumented (not matched by --itt-config option): __itt_sync_cancel

469738 : 0x1d89fcb7615fc : 2 : ittapi_config_apply_per_lib :  ITTAPI function NOT instrumented (not matched by --itt-config option): __itt_sync_acquired

469738 : 0x1d89fcb76260d : 2 : ittapi_config_apply_per_lib :  ITTAPI function NOT instrumented (not matched by --itt-config option): __itt_sync_releasing

469738 : 0x1d89fcb763dd7 : 2 : ittapi_config_apply_per_lib :  ITTAPI function not implemented: __itt_suppress_push
469738 : 0x1d89fcb76573e : 2 : ittapi_config_apply_per_lib :  ITTAPI function not implemented: __itt_suppress_pop
469738 : 0x1d89fcb766cf3 : 2 : ittapi_config_apply_per_lib :  ITTAPI function not implemented: __itt_suppress_mark_range
469738 : 0x1d89fcb768466 : 2 : ittapi_config_apply_per_lib :  ITTAPI function not implemented: __itt_suppress_clear_range
469738 : 0x1d89fcb76945b : 2 : ittapi_config_apply_per_lib :  ITTAPI function NOT instrumented (not matched by --itt-config option): __itt_sync_prepare

469738 : 0x1d89fcb76a4a4 : 2 : ittapi_config_apply_per_lib :  ITTAPI function NOT instrumented (not matched by --itt-config option): __itt_sync_cancel

469738 : 0x1d89fcb771235 : 2 : ittapi_config_apply_per_lib :  ITTAPI function NOT instrumented (not matched by --itt-config option): __itt_sync_acquired

469738 : 0x1d89fcb7723e9 : 2 : ittapi_config_apply_per_lib :  ITTAPI function NOT instrumented (not matched by --itt-config option): __itt_sync_releasing

469738 : 0x1d89fcb7734fa : 2 : ittapi_config_apply_per_lib :  ITTAPI function NOT instrumented (not matched by --itt-config option): __itt_model_site_begin

469738 : 0x1d89fcb7745c7 : 2 : ittapi_config_apply_per_lib :  ITTAPI function NOT instrumented (not matched by --itt-config option): __itt_model_site_end

469738 : 0x1d89fcb775622 : 2 : ittapi_config_apply_per_lib :  ITTAPI function NOT instrumented (not matched by --itt-config option): __itt_model_task_begin

469738 : 0x1d89fcb7766c4 : 2 : ittapi_config_apply_per_lib :  ITTAPI function NOT instrumented (not matched by --itt-config option): __itt_model_task_end

469738 : 0x1d89fcb77779f : 2 : ittapi_config_apply_per_lib :  ITTAPI function NOT instrumented (not matched by --itt-config option): __itt_model_lock_acquire

469738 : 0x1d89fcb778918 : 2 : ittapi_config_apply_per_lib :  ITTAPI function NOT instrumented (not matched by --itt-config option): __itt_model_lock_release

469738 : 0x1d89fcb77990b : 2 : ittapi_config_apply_per_lib :  ITTAPI function NOT instrumented (not matched by --itt-config option): __itt_model_record_allocation

469738 : 0x1d89fcb77a893 : 2 : ittapi_config_apply_per_lib :  ITTAPI function NOT instrumented (not matched by --itt-config option): __itt_model_record_deallocation

469738 : 0x1d89fcb78503c : 2 : ittapi_config_apply_per_lib :  ITTAPI function NOT instrumented (not matched by --itt-config option): __itt_model_induction_uses

469738 : 0x1d89fcb786332 : 2 : ittapi_config_apply_per_lib :  ITTAPI function NOT instrumented (not matched by --itt-config option): __itt_model_reduction_uses

469738 : 0x1d89fcb787363 : 2 : ittapi_config_apply_per_lib :  ITTAPI function NOT instrumented (not matched by --itt-config option): __itt_model_observe_uses

469738 : 0x1d89fcb788442 : 2 : ittapi_config_apply_per_lib :  ITTAPI function NOT instrumented (not matched by --itt-config option): __itt_model_clear_uses

469738 : 0x1d89fcb7894c5 : 2 : ittapi_config_apply_per_lib :  ITTAPI function NOT instrumented (not matched by --itt-config option): __itt_model_site_beginA

469738 : 0x1d89fcb78a623 : 2 : ittapi_config_apply_per_lib :  ITTAPI function NOT instrumented (not matched by --itt-config option): __itt_model_site_beginAL

469738 : 0x1d89fcb78b5e7 : 2 : ittapi_config_apply_per_lib :  ITTAPI function NOT instrumented (not matched by --itt-config option): __itt_model_task_beginA

469738 : 0x1d89fcb78c614 : 2 : ittapi_config_apply_per_lib :  ITTAPI function NOT instrumented (not matched by --itt-config option): __itt_model_task_beginAL

469738 : 0x1d89fcb78d627 : 2 : ittapi_config_apply_per_lib :  ITTAPI function NOT instrumented (not matched by --itt-config option): __itt_model_iteration_taskA

469738 : 0x1d89fcb78e5ab : 2 : ittapi_config_apply_per_lib :  ITTAPI function NOT instrumented (not matched by --itt-config option): __itt_model_iteration_taskAL

469738 : 0x1d89fcb795362 : 2 : ittapi_config_apply_per_lib :  ITTAPI function NOT instrumented (not matched by --itt-config option): __itt_model_site_end_2

469738 : 0x1d89fcb7964be : 2 : ittapi_config_apply_per_lib :  ITTAPI function NOT instrumented (not matched by --itt-config option): __itt_model_task_end_2

469738 : 0x1d89fcb79efe4 : 2 : ittapi_config_apply_per_lib :  ITTAPI function NOT instrumented (not matched by --itt-config option): __itt_model_lock_acquire_2

469738 : 0x1d89fcb7a0047 : 2 : ittapi_config_apply_per_lib :  ITTAPI function NOT instrumented (not matched by --itt-config option): __itt_model_lock_release_2

469738 : 0x1d89fcb7a1062 : 2 : ittapi_config_apply_per_lib :  ITTAPI function NOT instrumented (not matched by --itt-config option): __itt_model_aggregate_task

469738 : 0x1d89fcb7a2081 : 2 : ittapi_config_apply_per_lib :  ITTAPI function NOT instrumented (not matched by --itt-config option): __itt_model_disable_push

469738 : 0x1d89fcb7ae073 : 2 : ittapi_config_apply_per_lib :  ITTAPI function NOT instrumented (not matched by --itt-config option): __itt_model_disable_pop

469738 : 0x1d89fcb7af7a1 : 2 : ittapi_config_apply_per_lib :  ITTAPI function instrumented: __itt_heap_function_create
469738 : 0x1d89fcb7b0d1d : 2 : ittapi_config_apply_per_lib :  ITTAPI function instrumented: __itt_heap_allocate_begin
469738 : 0x1d89fcb7b2196 : 2 : ittapi_config_apply_per_lib :  ITTAPI function instrumented: __itt_heap_allocate_end
469738 : 0x1d89fcb7d1c13 : 2 : ittapi_config_apply_per_lib :  ITTAPI function instrumented: __itt_heap_free_begin
469738 : 0x1d89fcb7d3119 : 2 : ittapi_config_apply_per_lib :  ITTAPI function instrumented: __itt_heap_free_end
469738 : 0x1d89fcb7d4514 : 2 : ittapi_config_apply_per_lib :  ITTAPI function instrumented: __itt_heap_reallocate_begin
469738 : 0x1d89fcb7d56fe : 2 : ittapi_config_apply_per_lib :  ITTAPI function instrumented: __itt_heap_reallocate_end
469738 : 0x1d89fcb7d6e43 : 2 : ittapi_config_apply_per_lib :  ITTAPI function not implemented: __itt_heap_internal_access_begin
469738 : 0x1d89fcb7d8adc : 2 : ittapi_config_apply_per_lib :  ITTAPI function not implemented: __itt_heap_internal_access_end
469738 : 0x1d89fcb7d9f25 : 2 : ittapi_config_apply_per_lib :  ITTAPI function not implemented: __itt_heap_record_memory_growth_begin
469738 : 0x1d89fcb7db440 : 2 : ittapi_config_apply_per_lib :  ITTAPI function not implemented: __itt_heap_record_memory_growth_end
469738 : 0x1d89fcb7dc975 : 2 : ittapi_config_apply_per_lib :  ITTAPI function not implemented: __itt_heap_reset_detection
469738 : 0x1d89fcb7ddf95 : 2 : ittapi_config_apply_per_lib :  ITTAPI function not implemented: __itt_heap_record
469738 : 0x1d89fcb7e5598 : 2 : ittapi_config_apply_per_lib :  ITTAPI function not implemented: __itt_id_create
469738 : 0x1d89fcb7e6c99 : 2 : ittapi_config_apply_per_lib :  ITTAPI function not implemented: __itt_id_destroy
469738 : 0x1d89fcb7e7ff0 : 2 : ittapi_config_apply_per_lib :  ITTAPI function instrumented: __itt_get_timestamp
469738 : 0x1d89fcb7e9753 : 2 : ittapi_config_apply_per_lib :  ITTAPI function not implemented: __itt_region_begin
469738 : 0x1d89fcb7eab3d : 2 : ittapi_config_apply_per_lib :  ITTAPI function not implemented: __itt_region_end
469738 : 0x1d89fcb7f5a85 : 2 : ittapi_config_apply_per_lib :  ITTAPI function instrumented: __itt_frame_begin_v3
469738 : 0x1d89fcb7f6e02 : 2 : ittapi_config_apply_per_lib :  ITTAPI function instrumented: __itt_frame_end_v3
469738 : 0x1d89fcb7f8101 : 2 : ittapi_config_apply_per_lib :  ITTAPI function instrumented: __itt_frame_submit_v3
469738 : 0x1d89fcb7f96a6 : 2 : ittapi_config_apply_per_lib :  ITTAPI function not implemented: __itt_task_group
469738 : 0x1d89fcb7faa99 : 2 : ittapi_config_apply_per_lib :  ITTAPI function instrumented: __itt_task_begin
469738 : 0x1d89fcb80168d : 2 : ittapi_config_apply_per_lib :  ITTAPI function instrumented: __itt_task_begin_fn
469738 : 0x1d89fcb802b6b : 2 : ittapi_config_apply_per_lib :  ITTAPI function instrumented: __itt_task_end
469738 : 0x1d89fcb803f61 : 2 : ittapi_config_apply_per_lib :  ITTAPI function not implemented: __itt_counter_inc_v3
469738 : 0x1d89fcb8054b6 : 2 : ittapi_config_apply_per_lib :  ITTAPI function not implemented: __itt_counter_inc_delta_v3
469738 : 0x1d89fcb806846 : 2 : ittapi_config_apply_per_lib :  ITTAPI function not implemented: __itt_counter_dec_v3
469738 : 0x1d89fcb807bb9 : 2 : ittapi_config_apply_per_lib :  ITTAPI function not implemented: __itt_counter_dec_delta_v3
469738 : 0x1d89fcb8092fa : 2 : ittapi_config_apply_per_lib :  ITTAPI function not implemented: __itt_marker
469738 : 0x1d89fcb80a533 : 2 : ittapi_config_apply_per_lib :  ITTAPI function instrumented: __itt_metadata_add
469738 : 0x1d89fcb80bb3e : 2 : ittapi_config_apply_per_lib :  ITTAPI function not implemented: __itt_metadata_str_add
469738 : 0x1d89fcb80cf16 : 2 : ittapi_config_apply_per_lib :  ITTAPI function not implemented: __itt_relation_add_to_current
469738 : 0x1d89fcb813c7e : 2 : ittapi_config_apply_per_lib :  ITTAPI function not implemented: __itt_relation_add
469738 : 0x1d89fcb81528d : 2 : ittapi_config_apply_per_lib :  ITTAPI function instrumented: __itt_event_create
469738 : 0x1d89fcb8165ac : 2 : ittapi_config_apply_per_lib :  ITTAPI function instrumented: __itt_event_start
469738 : 0x1d89fcb817878 : 2 : ittapi_config_apply_per_lib :  ITTAPI function instrumented: __itt_event_end
469738 : 0x1d89fcb81883e : 2 : ittapi_config_apply_per_lib :  ITTAPI function NOT instrumented (not matched by --itt-config option): __itt_sync_set_name

469738 : 0x1d89fcb819ac8 : 2 : ittapi_config_apply_per_lib :  ITTAPI function NOT instrumented (not matched by --itt-config option): __itt_notify_sync_name

469738 : 0x1d89fcb81aa72 : 2 : ittapi_config_apply_per_lib :  ITTAPI function NOT instrumented (not matched by --itt-config option): __itt_notify_sync_prepare

469738 : 0x1d89fcb81ba1a : 2 : ittapi_config_apply_per_lib :  ITTAPI function NOT instrumented (not matched by --itt-config option): __itt_notify_sync_cancel

469738 : 0x1d89fcb81c951 : 2 : ittapi_config_apply_per_lib :  ITTAPI function NOT instrumented (not matched by --itt-config option): __itt_notify_sync_acquired

469738 : 0x1d89fcb81d8d3 : 2 : ittapi_config_apply_per_lib :  ITTAPI function NOT instrumented (not matched by --itt-config option): __itt_notify_sync_releasing

469738 : 0x1d89fcb826c49 : 2 : ittapi_config_apply_per_lib :  ITTAPI function not implemented: __itt_memory_read
469738 : 0x1d89fcb8336d7 : 2 : ittapi_config_apply_per_lib :  ITTAPI function not implemented: __itt_memory_write
469738 : 0x1d89fcb834a4a : 2 : ittapi_config_apply_per_lib :  ITTAPI function not implemented: __itt_memory_update
469738 : 0x1d89fcb835f29 : 2 : ittapi_config_apply_per_lib :  ITTAPI function not implemented: __itt_state_get
469738 : 0x1d89fcb837257 : 2 : ittapi_config_apply_per_lib :  ITTAPI function not implemented: __itt_state_set
469738 : 0x1d89fcb838632 : 2 : ittapi_config_apply_per_lib :  ITTAPI function not implemented: __itt_obj_mode_set
469738 : 0x1d89fcb839a6b : 2 : ittapi_config_apply_per_lib :  ITTAPI function not implemented: __itt_thr_mode_set
469738 : 0x1d89fcb844b13 : 2 : ittapi_config_apply_per_lib :  ITTAPI function instrumented: __itt_frame_create
469738 : 0x1d89fcb845d78 : 2 : ittapi_config_apply_per_lib :  ITTAPI function instrumented: __itt_pt_region_create
469738 : 0x1d89fcb846ff4 : 2 : ittapi_config_apply_per_lib :  ITTAPI function instrumented: __itt_frame_begin
469738 : 0x1d89fcb84e225 : 2 : ittapi_config_apply_per_lib :  ITTAPI function instrumented: __itt_frame_end
469738 : 0x1d89fcb84fa4e : 2 : ittapi_config_apply_per_lib :  ITTAPI function not implemented: __itt_counter_destroy
469738 : 0x1d89fcb850de2 : 2 : ittapi_config_apply_per_lib :  ITTAPI function instrumented: __itt_counter_inc
469738 : 0x1d89fcb852179 : 2 : ittapi_config_apply_per_lib :  ITTAPI function instrumented: __itt_counter_inc_delta
469738 : 0x1d89fcb86827b : 2 : ittapi_config_apply_per_lib :  ITTAPI function instrumented: __itt_counter_dec
469738 : 0x1d89fcb869614 : 2 : ittapi_config_apply_per_lib :  ITTAPI function instrumented: __itt_counter_dec_delta
469738 : 0x1d89fcb86aa70 : 2 : ittapi_config_apply_per_lib :  ITTAPI function instrumented: __itt_counter_set_value
469738 : 0x1d89fcb86bf7c : 2 : ittapi_config_apply_per_lib :  ITTAPI function not implemented: __itt_counter_set_value_ex
469738 : 0x1d89fcb86d306 : 2 : ittapi_config_apply_per_lib :  ITTAPI function not implemented: __itt_mark_create
469738 : 0x1d89fcb86e7b0 : 2 : ittapi_config_apply_per_lib :  ITTAPI function not implemented: __itt_mark
469738 : 0x1d89fcb882d75 : 2 : ittapi_config_apply_per_lib :  ITTAPI function not implemented: __itt_mark_off
469738 : 0x1d89fcb8842c8 : 2 : ittapi_config_apply_per_lib :  ITTAPI function not implemented: __itt_mark_global
469738 : 0x1d89fcb8856b4 : 2 : ittapi_config_apply_per_lib :  ITTAPI function not implemented: __itt_mark_global_off
469738 : 0x1d89fcb886c09 : 2 : ittapi_config_apply_per_lib :  ITTAPI function instrumented: __itt_stack_caller_create
469738 : 0x1d89fcb88805a : 2 : ittapi_config_apply_per_lib :  ITTAPI function instrumented: __itt_stack_caller_destroy
469738 : 0x1d89fcb8968a1 : 2 : ittapi_config_apply_per_lib :  ITTAPI function instrumented: __itt_stack_callee_enter
469738 : 0x1d89fcb897bd4 : 2 : ittapi_config_apply_per_lib :  ITTAPI function instrumented: __itt_stack_callee_leave
469738 : 0x1d89fcb8990a8 : 2 : ittapi_config_apply_per_lib :  ITTAPI function not implemented: __itt_clock_domain_create
469738 : 0x1d89fcb89a6e5 : 2 : ittapi_config_apply_per_lib :  ITTAPI function not implemented: __itt_clock_domain_reset
469738 : 0x1d89fcb89bb65 : 2 : ittapi_config_apply_per_lib :  ITTAPI function not implemented: __itt_id_create_ex
469738 : 0x1d89fcb8a5c91 : 2 : ittapi_config_apply_per_lib :  ITTAPI function not implemented: __itt_id_destroy_ex
469738 : 0x1d89fcb8a7567 : 2 : ittapi_config_apply_per_lib :  ITTAPI function not implemented: __itt_task_begin_ex
469738 : 0x1d89fcb8a8b0e : 2 : ittapi_config_apply_per_lib :  ITTAPI function not implemented: __itt_task_begin_fn_ex
469738 : 0x1d89fcb8a9fd2 : 2 : ittapi_config_apply_per_lib :  ITTAPI function not implemented: __itt_task_end_ex
469738 : 0x1d89fcb8ab403 : 2 : ittapi_config_apply_per_lib :  ITTAPI function instrumented: __itt_task_begin_overlapped
469738 : 0x1d89fcb8ac92e : 2 : ittapi_config_apply_per_lib :  ITTAPI function not implemented: __itt_task_begin_overlapped_ex
469738 : 0x1d89fcb8adc9d : 2 : ittapi_config_apply_per_lib :  ITTAPI function instrumented: __itt_task_end_overlapped
469738 : 0x1d89fcb8af247 : 2 : ittapi_config_apply_per_lib :  ITTAPI function not implemented: __itt_task_end_overlapped_ex
469738 : 0x1d89fcb8b063f : 2 : ittapi_config_apply_per_lib :  ITTAPI function not implemented: __itt_marker_ex
469738 : 0x1d89fcb8b1c76 : 2 : ittapi_config_apply_per_lib :  ITTAPI function not implemented: __itt_metadata_add_with_scope
469738 : 0x1d89fcb8b9bd1 : 2 : ittapi_config_apply_per_lib :  ITTAPI function not implemented: __itt_metadata_str_add_with_scope
469738 : 0x1d89fcb8bb1fe : 2 : ittapi_config_apply_per_lib :  ITTAPI function not implemented: __itt_relation_add_to_current_ex
469738 : 0x1d89fcb8bc6a2 : 2 : ittapi_config_apply_per_lib :  ITTAPI function not implemented: __itt_relation_add_ex
469738 : 0x1d89fcb8bdc39 : 2 : ittapi_config_apply_per_lib :  ITTAPI function not implemented: __itt_track_group_create
469738 : 0x1d89fcb8bef4c : 2 : ittapi_config_apply_per_lib :  ITTAPI function not implemented: __itt_track_create
469738 : 0x1d89fcb8db2b3 : 2 : ittapi_config_apply_per_lib :  ITTAPI function not implemented: __itt_set_track
469738 : 0x1d89fcb8dc7d8 : 2 : ittapi_config_apply_per_lib :  ITTAPI function instrumented: __itt_api_version
469738 : 0x1d89fcb8ddae4 : 2 : ittapi_config_apply_per_lib :  ITTAPI function not implemented: __itt_av_save
469738 : 0x1d89fcb8dee13 : 2 : ittapi_config_apply_per_lib :  ITTAPI function instrumented: __itt_module_load
469738 : 0x1d89fcb8e023e : 2 : ittapi_config_apply_per_lib :  ITTAPI function not implemented: __itt_module_unload
469738 : 0x1d89fcb8e73d9 : 2 : ittapi_config_apply_per_lib :  ITTAPI function NOT instrumented (not matched by --itt-config option): __itt_histogram_submit

469738 : 0x1d89fcbac54b3 : 2 : ittapi_config_mask_get :  --itt-config mask to be applied: 55
469738 : 0x1d89fcbac8c38 : 2 : ittapi_config_apply_per_lib :  ITTAPI function instrumented: __itt_domain_create
469738 : 0x1d89fcbaca569 : 2 : ittapi_config_apply_per_lib :  ITTAPI function instrumented: __itt_module_load_with_sections
469738 : 0x1d89fcbacc293 : 2 : ittapi_config_apply_per_lib :  ITTAPI function not implemented: __itt_module_unload_with_sections
469738 : 0x1d89fcbacd7f6 : 2 : ittapi_config_apply_per_lib :  ITTAPI function instrumented: __itt_string_handle_create
469738 : 0x1d89fcbaceab2 : 2 : ittapi_config_apply_per_lib :  ITTAPI function instrumented: __itt_counter_create
469738 : 0x1d89fcbacfcf9 : 2 : ittapi_config_apply_per_lib :  ITTAPI function instrumented: __itt_counter_create_typed
469738 : 0x1d89fcbad120c : 2 : ittapi_config_apply_per_lib :  ITTAPI function instrumented: __itt_pause
469738 : 0x1d89fcbad248b : 2 : ittapi_config_apply_per_lib :  ITTAPI function instrumented: __itt_resume
469738 : 0x1d89fcbadfb9b : 2 : ittapi_config_apply_per_lib :  ITTAPI function instrumented: __itt_thread_set_name
469738 : 0x1d89fcbae104b : 2 : ittapi_config_apply_per_lib :  ITTAPI function instrumented: __itt_thread_ignore
469738 : 0x1d89fcbae24a6 : 2 : ittapi_config_apply_per_lib :  ITTAPI function instrumented: __itt_thr_name_set
469738 : 0x1d89fcbae36ef : 2 : ittapi_config_apply_per_lib :  ITTAPI function instrumented: __itt_thr_ignore
469738 : 0x1d89fcbae4d1c : 2 : ittapi_config_apply_per_lib :  ITTAPI function not implemented: __itt_enable_attach
469738 : 0x1d89fcbae5fda : 2 : ittapi_config_apply_per_lib :  ITTAPI function instrumented: __itt_detach
469738 : 0x1d89fcbae7042 : 2 : ittapi_config_apply_per_lib :  ITTAPI function NOT instrumented (not matched by --itt-config option): __itt_sync_create

469738 : 0x1d89fcbae8271 : 2 : ittapi_config_apply_per_lib :  ITTAPI function NOT instrumented (not matched by --itt-config option): __itt_sync_rename

469738 : 0x1d89fcbae926c : 2 : ittapi_config_apply_per_lib :  ITTAPI function NOT instrumented (not matched by --itt-config option): __itt_sync_destroy

469738 : 0x1d89fcbaea2cb : 2 : ittapi_config_apply_per_lib :  ITTAPI function NOT instrumented (not matched by --itt-config option): __itt_sync_prepare

469738 : 0x1d89fcbaf88c8 : 2 : ittapi_config_apply_per_lib :  ITTAPI function NOT instrumented (not matched by --itt-config option): __itt_sync_cancel

469738 : 0x1d89fcbaf9cc6 : 2 : ittapi_config_apply_per_lib :  ITTAPI function NOT instrumented (not matched by --itt-config option): __itt_sync_acquired

469738 : 0x1d89fcbafae36 : 2 : ittapi_config_apply_per_lib :  ITTAPI function NOT instrumented (not matched by --itt-config option): __itt_sync_releasing

469738 : 0x1d89fcbafd4c0 : 2 : ittapi_config_apply_per_lib :  ITTAPI function not implemented: __itt_suppress_push
469738 : 0x1d89fcbaff608 : 2 : ittapi_config_apply_per_lib :  ITTAPI function not implemented: __itt_suppress_pop
469738 : 0x1d89fcbb00d45 : 2 : ittapi_config_apply_per_lib :  ITTAPI function not implemented: __itt_suppress_mark_range
469738 : 0x1d89fcbb02c14 : 2 : ittapi_config_apply_per_lib :  ITTAPI function not implemented: __itt_suppress_clear_range
469738 : 0x1d89fcbb04067 : 2 : ittapi_config_apply_per_lib :  ITTAPI function NOT instrumented (not matched by --itt-config option): __itt_sync_prepare

469738 : 0x1d89fcbb05537 : 2 : ittapi_config_apply_per_lib :  ITTAPI function NOT instrumented (not matched by --itt-config option): __itt_sync_cancel

469738 : 0x1d89fcbb06bd7 : 2 : ittapi_config_apply_per_lib :  ITTAPI function NOT instrumented (not matched by --itt-config option): __itt_sync_acquired

469738 : 0x1d89fcbb0e4b5 : 2 : ittapi_config_apply_per_lib :  ITTAPI function NOT instrumented (not matched by --itt-config option): __itt_sync_releasing

469738 : 0x1d89fcbb0fa0f : 2 : ittapi_config_apply_per_lib :  ITTAPI function NOT instrumented (not matched by --itt-config option): __itt_model_site_begin

469738 : 0x1d89fcbb10d11 : 2 : ittapi_config_apply_per_lib :  ITTAPI function NOT instrumented (not matched by --itt-config option): __itt_model_site_end

469738 : 0x1d89fcbb11edf : 2 : ittapi_config_apply_per_lib :  ITTAPI function NOT instrumented (not matched by --itt-config option): __itt_model_task_begin

469738 : 0x1d89fcbb12fce : 2 : ittapi_config_apply_per_lib :  ITTAPI function NOT instrumented (not matched by --itt-config option): __itt_model_task_end

469738 : 0x1d89fcbb140b0 : 2 : ittapi_config_apply_per_lib :  ITTAPI function NOT instrumented (not matched by --itt-config option): __itt_model_lock_acquire

469738 : 0x1d89fcbb156f3 : 2 : ittapi_config_apply_per_lib :  ITTAPI function NOT instrumented (not matched by --itt-config option): __itt_model_lock_release

469738 : 0x1d89fcbb17218 : 2 : ittapi_config_apply_per_lib :  ITTAPI function NOT instrumented (not matched by --itt-config option): __itt_model_record_allocation

469738 : 0x1d89fcbb185a3 : 2 : ittapi_config_apply_per_lib :  ITTAPI function NOT instrumented (not matched by --itt-config option): __itt_model_record_deallocation

469738 : 0x1d89fcbb196c6 : 2 : ittapi_config_apply_per_lib :  ITTAPI function NOT instrumented (not matched by --itt-config option): __itt_model_induction_uses

469738 : 0x1d89fcbb219f7 : 2 : ittapi_config_apply_per_lib :  ITTAPI function NOT instrumented (not matched by --itt-config option): __itt_model_reduction_uses

469738 : 0x1d89fcbb22ba5 : 2 : ittapi_config_apply_per_lib :  ITTAPI function NOT instrumented (not matched by --itt-config option): __itt_model_observe_uses

469738 : 0x1d89fcbb23e2a : 2 : ittapi_config_apply_per_lib :  ITTAPI function NOT instrumented (not matched by --itt-config option): __itt_model_clear_uses

469738 : 0x1d89fcbb24fc4 : 2 : ittapi_config_apply_per_lib :  ITTAPI function NOT instrumented (not matched by --itt-config option): __itt_model_site_beginA

469738 : 0x1d89fcbb26215 : 2 : ittapi_config_apply_per_lib :  ITTAPI function NOT instrumented (not matched by --itt-config option): __itt_model_site_beginAL

469738 : 0x1d89fcbb2725f : 2 : ittapi_config_apply_per_lib :  ITTAPI function NOT instrumented (not matched by --itt-config option): __itt_model_task_beginA

469738 : 0x1d89fcbb283dd : 2 : ittapi_config_apply_per_lib :  ITTAPI function NOT instrumented (not matched by --itt-config option): __itt_model_task_beginAL

469738 : 0x1d89fcbb296ad : 2 : ittapi_config_apply_per_lib :  ITTAPI function NOT instrumented (not matched by --itt-config option): __itt_model_iteration_taskA

469738 : 0x1d89fcbb2a922 : 2 : ittapi_config_apply_per_lib :  ITTAPI function NOT instrumented (not matched by --itt-config option): __itt_model_iteration_taskAL

469738 : 0x1d89fcbb2b903 : 2 : ittapi_config_apply_per_lib :  ITTAPI function NOT instrumented (not matched by --itt-config option): __itt_model_site_end_2

469738 : 0x1d89fcbb44937 : 2 : ittapi_config_apply_per_lib :  ITTAPI function NOT instrumented (not matched by --itt-config option): __itt_model_task_end_2

469738 : 0x1d89fcbb45d09 : 2 : ittapi_config_apply_per_lib :  ITTAPI function NOT instrumented (not matched by --itt-config option): __itt_model_lock_acquire_2

469738 : 0x1d89fcbb46d3c : 2 : ittapi_config_apply_per_lib :  ITTAPI function NOT instrumented (not matched by --itt-config option): __itt_model_lock_release_2

469738 : 0x1d89fcbb47e05 : 2 : ittapi_config_apply_per_lib :  ITTAPI function NOT instrumented (not matched by --itt-config option): __itt_model_aggregate_task

469738 : 0x1d89fcbb48ffd : 2 : ittapi_config_apply_per_lib :  ITTAPI function NOT instrumented (not matched by --itt-config option): __itt_model_disable_push

469738 : 0x1d89fcbb4a267 : 2 : ittapi_config_apply_per_lib :  ITTAPI function NOT instrumented (not matched by --itt-config option): __itt_model_disable_pop

469738 : 0x1d89fcbb4bd79 : 2 : ittapi_config_apply_per_lib :  ITTAPI function instrumented: __itt_heap_function_create
469738 : 0x1d89fcbb4d7ee : 2 : ittapi_config_apply_per_lib :  ITTAPI function instrumented: __itt_heap_allocate_begin
469738 : 0x1d89fcbb4ec7d : 2 : ittapi_config_apply_per_lib :  ITTAPI function instrumented: __itt_heap_allocate_end
469738 : 0x1d89fcbb50488 : 2 : ittapi_config_apply_per_lib :  ITTAPI function instrumented: __itt_heap_free_begin
469738 : 0x1d89fcbb65002 : 2 : ittapi_config_apply_per_lib :  ITTAPI function instrumented: __itt_heap_free_end
469738 : 0x1d89fcbb665ce : 2 : ittapi_config_apply_per_lib :  ITTAPI function instrumented: __itt_heap_reallocate_begin
469738 : 0x1d89fcbb6786e : 2 : ittapi_config_apply_per_lib :  ITTAPI function instrumented: __itt_heap_reallocate_end
469738 : 0x1d89fcbb692dc : 2 : ittapi_config_apply_per_lib :  ITTAPI function not implemented: __itt_heap_internal_access_begin
469738 : 0x1d89fcbb6a8d7 : 2 : ittapi_config_apply_per_lib :  ITTAPI function not implemented: __itt_heap_internal_access_end
469738 : 0x1d89fcbb6bfe3 : 2 : ittapi_config_apply_per_lib :  ITTAPI function not implemented: __itt_heap_record_memory_growth_begin
469738 : 0x1d89fcbb6db01 : 2 : ittapi_config_apply_per_lib :  ITTAPI function not implemented: __itt_heap_record_memory_growth_end
469738 : 0x1d89fcbb6f289 : 2 : ittapi_config_apply_per_lib :  ITTAPI function not implemented: __itt_heap_reset_detection
469738 : 0x1d89fcbb70bf3 : 2 : ittapi_config_apply_per_lib :  ITTAPI function not implemented: __itt_heap_record
469738 : 0x1d89fcbb725ef : 2 : ittapi_config_apply_per_lib :  ITTAPI function not implemented: __itt_id_create
469738 : 0x1d89fcbb7df26 : 2 : ittapi_config_apply_per_lib :  ITTAPI function not implemented: __itt_id_destroy
469738 : 0x1d89fcbb7f32f : 2 : ittapi_config_apply_per_lib :  ITTAPI function instrumented: __itt_get_timestamp
469738 : 0x1d89fcbb808b2 : 2 : ittapi_config_apply_per_lib :  ITTAPI function not implemented: __itt_region_begin
469738 : 0x1d89fcbb81ce9 : 2 : ittapi_config_apply_per_lib :  ITTAPI function not implemented: __itt_region_end
469738 : 0x1d89fcbb82fdd : 2 : ittapi_config_apply_per_lib :  ITTAPI function instrumented: __itt_frame_begin_v3
469738 : 0x1d89fcbb846b3 : 2 : ittapi_config_apply_per_lib :  ITTAPI function instrumented: __itt_frame_end_v3
469738 : 0x1d89fcbb85b4d : 2 : ittapi_config_apply_per_lib :  ITTAPI function instrumented: __itt_frame_submit_v3
469738 : 0x1d89fcbb86f94 : 2 : ittapi_config_apply_per_lib :  ITTAPI function not implemented: __itt_task_group
469738 : 0x1d89fcbb88513 : 2 : ittapi_config_apply_per_lib :  ITTAPI function instrumented: __itt_task_begin
469738 : 0x1d89fcbb89cc7 : 2 : ittapi_config_apply_per_lib :  ITTAPI function instrumented: __itt_task_begin_fn
469738 : 0x1d89fcbb9f314 : 2 : ittapi_config_apply_per_lib :  ITTAPI function instrumented: __itt_task_end
469738 : 0x1d89fcbba0902 : 2 : ittapi_config_apply_per_lib :  ITTAPI function not implemented: __itt_counter_inc_v3
469738 : 0x1d89fcbba20dc : 2 : ittapi_config_apply_per_lib :  ITTAPI function not implemented: __itt_counter_inc_delta_v3
469738 : 0x1d89fcbba3775 : 2 : ittapi_config_apply_per_lib :  ITTAPI function not implemented: __itt_counter_dec_v3
469738 : 0x1d89fcbba4c1d : 2 : ittapi_config_apply_per_lib :  ITTAPI function not implemented: __itt_counter_dec_delta_v3
469738 : 0x1d89fcbba60bf : 2 : ittapi_config_apply_per_lib :  ITTAPI function not implemented: __itt_marker
469738 : 0x1d89fcbba74ad : 2 : ittapi_config_apply_per_lib :  ITTAPI function instrumented: __itt_metadata_add
469738 : 0x1d89fcbba8aa8 : 2 : ittapi_config_apply_per_lib :  ITTAPI function not implemented: __itt_metadata_str_add
469738 : 0x1d89fcbba9eaa : 2 : ittapi_config_apply_per_lib :  ITTAPI function not implemented: __itt_relation_add_to_current
469738 : 0x1d89fcbbab213 : 2 : ittapi_config_apply_per_lib :  ITTAPI function not implemented: __itt_relation_add
469738 : 0x1d89fcbbb2215 : 2 : ittapi_config_apply_per_lib :  ITTAPI function instrumented: __itt_event_create
469738 : 0x1d89fcbbb37b1 : 2 : ittapi_config_apply_per_lib :  ITTAPI function instrumented: __itt_event_start
469738 : 0x1d89fcbbb4aa3 : 2 : ittapi_config_apply_per_lib :  ITTAPI function instrumented: __itt_event_end
469738 : 0x1d89fcbbb5b7e : 2 : ittapi_config_apply_per_lib :  ITTAPI function NOT instrumented (not matched by --itt-config option): __itt_sync_set_name

469738 : 0x1d89fcbbc34d4 : 2 : ittapi_config_apply_per_lib :  ITTAPI function NOT instrumented (not matched by --itt-config option): __itt_notify_sync_name

469738 : 0x1d89fcbbc4586 : 2 : ittapi_config_apply_per_lib :  ITTAPI function NOT instrumented (not matched by --itt-config option): __itt_notify_sync_prepare

469738 : 0x1d89fcbbc5620 : 2 : ittapi_config_apply_per_lib :  ITTAPI function NOT instrumented (not matched by --itt-config option): __itt_notify_sync_cancel

469738 : 0x1d89fcbbc6659 : 2 : ittapi_config_apply_per_lib :  ITTAPI function NOT instrumented (not matched by --itt-config option): __itt_notify_sync_acquired

469738 : 0x1d89fcbbc76df : 2 : ittapi_config_apply_per_lib :  ITTAPI function NOT instrumented (not matched by --itt-config option): __itt_notify_sync_releasing

469738 : 0x1d89fcbbc8c81 : 2 : ittapi_config_apply_per_lib :  ITTAPI function not implemented: __itt_memory_read
469738 : 0x1d89fcbbd0f87 : 2 : ittapi_config_apply_per_lib :  ITTAPI function not implemented: __itt_memory_write
469738 : 0x1d89fcbbd260a : 2 : ittapi_config_apply_per_lib :  ITTAPI function not implemented: __itt_memory_update
469738 : 0x1d89fcbbd3be4 : 2 : ittapi_config_apply_per_lib :  ITTAPI function not implemented: __itt_state_get
469738 : 0x1d89fcbbd50c0 : 2 : ittapi_config_apply_per_lib :  ITTAPI function not implemented: __itt_state_set
469738 : 0x1d89fcbbd650b : 2 : ittapi_config_apply_per_lib :  ITTAPI function not implemented: __itt_obj_mode_set
469738 : 0x1d89fcbbd7977 : 2 : ittapi_config_apply_per_lib :  ITTAPI function not implemented: __itt_thr_mode_set
469738 : 0x1d89fcbbe44ec : 2 : ittapi_config_apply_per_lib :  ITTAPI function instrumented: __itt_frame_create
469738 : 0x1d89fcbbe572c : 2 : ittapi_config_apply_per_lib :  ITTAPI function instrumented: __itt_pt_region_create
469738 : 0x1d89fcbbe6a14 : 2 : ittapi_config_apply_per_lib :  ITTAPI function instrumented: __itt_frame_begin
469738 : 0x1d89fcbbe7c71 : 2 : ittapi_config_apply_per_lib :  ITTAPI function instrumented: __itt_frame_end
469738 : 0x1d89fcbbfdfdb : 2 : ittapi_config_apply_per_lib :  ITTAPI function not implemented: __itt_counter_destroy
469738 : 0x1d89fcbbff4e6 : 2 : ittapi_config_apply_per_lib :  ITTAPI function instrumented: __itt_counter_inc
469738 : 0x1d89fcbc007cc : 2 : ittapi_config_apply_per_lib :  ITTAPI function instrumented: __itt_counter_inc_delta
469738 : 0x1d89fcbc01a13 : 2 : ittapi_config_apply_per_lib :  ITTAPI function instrumented: __itt_counter_dec
469738 : 0x1d89fcbc02cfa : 2 : ittapi_config_apply_per_lib :  ITTAPI function instrumented: __itt_counter_dec_delta
469738 : 0x1d89fcbc03ff4 : 2 : ittapi_config_apply_per_lib :  ITTAPI function instrumented: __itt_counter_set_value
469738 : 0x1d89fcbc053d9 : 2 : ittapi_config_apply_per_lib :  ITTAPI function not implemented: __itt_counter_set_value_ex
469738 : 0x1d89fcbc0664a : 2 : ittapi_config_apply_per_lib :  ITTAPI function not implemented: __itt_mark_create
469738 : 0x1d89fcbc07a3d : 2 : ittapi_config_apply_per_lib :  ITTAPI function not implemented: __itt_mark
469738 : 0x1d89fcbc08e80 : 2 : ittapi_config_apply_per_lib :  ITTAPI function not implemented: __itt_mark_off
469738 : 0x1d89fcbc0fd3f : 2 : ittapi_config_apply_per_lib :  ITTAPI function not implemented: __itt_mark_global
469738 : 0x1d89fcbc11290 : 2 : ittapi_config_apply_per_lib :  ITTAPI function not implemented: __itt_mark_global_off
469738 : 0x1d89fcbc1266a : 2 : ittapi_config_apply_per_lib :  ITTAPI function instrumented: __itt_stack_caller_create
469738 : 0x1d89fcbc1395e : 2 : ittapi_config_apply_per_lib :  ITTAPI function instrumented: __itt_stack_caller_destroy
469738 : 0x1d89fcbc14c81 : 2 : ittapi_config_apply_per_lib :  ITTAPI function instrumented: __itt_stack_callee_enter
469738 : 0x1d89fcbc15e35 : 2 : ittapi_config_apply_per_lib :  ITTAPI function instrumented: __itt_stack_callee_leave
469738 : 0x1d89fcbc1726c : 2 : ittapi_config_apply_per_lib :  ITTAPI function not implemented: __itt_clock_domain_create
469738 : 0x1d89fcbc1862a : 2 : ittapi_config_apply_per_lib :  ITTAPI function not implemented: __itt_clock_domain_reset
469738 : 0x1d89fcbc19915 : 2 : ittapi_config_apply_per_lib :  ITTAPI function not implemented: __itt_id_create_ex
469738 : 0x1d89fcbc1ac96 : 2 : ittapi_config_apply_per_lib :  ITTAPI function not implemented: __itt_id_destroy_ex
469738 : 0x1d89fcbc2217b : 2 : ittapi_config_apply_per_lib :  ITTAPI function not implemented: __itt_task_begin_ex
469738 : 0x1d89fcbc235f9 : 2 : ittapi_config_apply_per_lib :  ITTAPI function not implemented: __itt_task_begin_fn_ex
469738 : 0x1d89fcbc2491f : 2 : ittapi_config_apply_per_lib :  ITTAPI function not implemented: __itt_task_end_ex
469738 : 0x1d89fcbc25cbf : 2 : ittapi_config_apply_per_lib :  ITTAPI function instrumented: __itt_task_begin_overlapped
469738 : 0x1d89fcbc2703b : 2 : ittapi_config_apply_per_lib :  ITTAPI function not implemented: __itt_task_begin_overlapped_ex
469738 : 0x1d89fcbc282f3 : 2 : ittapi_config_apply_per_lib :  ITTAPI function instrumented: __itt_task_end_overlapped
469738 : 0x1d89fcbc296a5 : 2 : ittapi_config_apply_per_lib :  ITTAPI function not implemented: __itt_task_end_overlapped_ex
469738 : 0x1d89fcbc2a934 : 2 : ittapi_config_apply_per_lib :  ITTAPI function not implemented: __itt_marker_ex
469738 : 0x1d89fcbc2bd90 : 2 : ittapi_config_apply_per_lib :  ITTAPI function not implemented: __itt_metadata_add_with_scope
469738 : 0x1d89fcbc2d24c : 2 : ittapi_config_apply_per_lib :  ITTAPI function not implemented: __itt_metadata_str_add_with_scope
469738 : 0x1d89fcbc365a9 : 2 : ittapi_config_apply_per_lib :  ITTAPI function not implemented: __itt_relation_add_to_current_ex
469738 : 0x1d89fcbc37aa2 : 2 : ittapi_config_apply_per_lib :  ITTAPI function not implemented: __itt_relation_add_ex
469738 : 0x1d89fcbc38f6e : 2 : ittapi_config_apply_per_lib :  ITTAPI function not implemented: __itt_track_group_create
469738 : 0x1d89fcbc3a1c7 : 2 : ittapi_config_apply_per_lib :  ITTAPI function not implemented: __itt_track_create
469738 : 0x1d89fcbc3b546 : 2 : ittapi_config_apply_per_lib :  ITTAPI function not implemented: __itt_set_track
469738 : 0x1d89fcbc3c86b : 2 : ittapi_config_apply_per_lib :  ITTAPI function instrumented: __itt_api_version
469738 : 0x1d89fcbc3dbb6 : 2 : ittapi_config_apply_per_lib :  ITTAPI function not implemented: __itt_av_save
469738 : 0x1d89fcbc3ee76 : 2 : ittapi_config_apply_per_lib :  ITTAPI function instrumented: __itt_module_load
469738 : 0x1d89fcbc4028b : 2 : ittapi_config_apply_per_lib :  ITTAPI function not implemented: __itt_module_unload