12 [4130313984] INFO perfrun.launcher <> - Launcher main begin
26 [4130313984] INFO perfrun.launcher <> - MessageCatalogInit finished
26 [4130313984] INFO perfrun.launcher <> - Launcher instance created
26 [4130313984] INFO perfrun.launcher <> - argc = 6; cmdline = /opt/intel/oneapi/vtune/2023.0.0/bin32/amplxe-runss -dump-vdso -r /tmp/amplxe-tmp-le34xoh/amplxe-res-428990-509421825447357 --tmp-dir /tmp/amplxe-tmp-le34xoh 
44 [4130313984] INFO perfrun.launcher <> - create msngr2::ICliToolContext
44 [4130313984] INFO perfrun.launcher <> - create file finder object
46 [4129565504] INFO perfrun.launcher <> - plugin [remoteplug] was disabled because it doesn't support the given collection type.
46 [4129565504] INFO perfrun.launcher <> - plugin [] was disabled because it doesn't support the given collection type.
46 [4129565504] INFO perfrun.vdso <> - dumping [vdso] pseudomodule
51 [4129565504] INFO perfrun.launcher <> - plugin [] was disabled because it doesn't support the given collection type.
51 [4129565504] INFO perfrun.launcher <> - plugin [] was disabled because it doesn't support the given collection type.
51 [4129565504] INFO perfrun.launcher <> - plugin [] was disabled because it doesn't support the given collection type.
51 [4129565504] INFO perfrun.launcher <> - plugin [] was disabled because it doesn't support the given collection type.
51 [4129565504] INFO perfrun.launcher <> - plugin [] was disabled because it doesn't support the given collection type.
51 [4129565504] INFO perfrun.launcher <> - plugin [] was disabled because it doesn't support the given collection type.
51 [4129565504] INFO perfrun.launcher <> - plugin [] was disabled because it doesn't support the given collection type.
51 [4129565504] INFO perfrun.launcher <> - plugin [] was disabled because it doesn't support the given collection type.
51 [4129565504] INFO perfrun.launcher <> - plugin [] was disabled because it doesn't support the given collection type.
51 [4129565504] INFO perfrun.launcher <> - plugin [] was disabled because it doesn't support the given collection type.
52 [4129565504] INFO perfrun.launcher <> - plugin [] was disabled because it doesn't support the given collection type.
52 [4129565504] INFO perfrun.launcher <> - plugin [] was disabled because it doesn't support the given collection type.
52 [4129565504] INFO perfrun.launcher <> - plugin [] was disabled because it doesn't support the given collection type.
52 [4129565504] INFO perfrun.launcher <> - plugin [] was disabled because it doesn't support the given collection type.
52 [4129565504] INFO perfrun.launcher <> - plugin [] was disabled because it doesn't support the given collection type.
52 [4129565504] INFO perfrun.launcher <> - plugin [] was disabled because it doesn't support the given collection type.
52 [4129565504] INFO perfrun.launcher <> - plugin [] was disabled because it doesn't support the given collection type.
52 [4129565504] INFO perfrun.launcher <> - plugin [] was disabled because it doesn't support the given collection type.
52 [4129565504] INFO perfrun.launcher <> - plugin [] was disabled because it doesn't support the given collection type.
52 [4129565504] INFO perfrun.launcher <> - plugin [] was disabled because it doesn't support the given collection type.
52 [4129565504] INFO perfrun.launcher <> - plugin [] was disabled because it doesn't support the given collection type.
52 [4129565504] INFO perfrun.launcher <> - plugin [] was disabled because it doesn't support the given collection type.
52 [4129565504] INFO perfrun.launcher <> - plugin [] was disabled because it doesn't support the given collection type.
52 [4129565504] INFO perfrun.launcher <> - plugin [] was disabled because it doesn't support the given collection type.
52 [4130313984] INFO perfrun.launcher <> - Application exit code: 0
52 [4130313984] INFO perfrun.launcher <> - Exit code: 0
