11 [4130756352] INFO perfrun.launcher <> - Launcher main begin
26 [4130756352] INFO perfrun.launcher <> - MessageCatalogInit finished
26 [4130756352] INFO perfrun.launcher <> - Launcher instance created
26 [4130756352] INFO perfrun.launcher <> - argc = 6; cmdline = /opt/intel/oneapi/vtune/2023.0.0/bin32/amplxe-runss -dump-vdso -r /tmp/amplxe-tmp-le34xoh/amplxe-res-427676-509103270905665 --tmp-dir /tmp/amplxe-tmp-le34xoh 
32 [4130756352] INFO perfrun.launcher <> - create msngr2::ICliToolContext
33 [4130756352] INFO perfrun.launcher <> - create file finder object
33 [4130007872] INFO perfrun.launcher <> - plugin [remoteplug] was disabled because it doesn't support the given collection type.
33 [4130007872] INFO perfrun.launcher <> - plugin [] was disabled because it doesn't support the given collection type.
33 [4130007872] INFO perfrun.vdso <> - dumping [vdso] pseudomodule
38 [4130007872] INFO perfrun.launcher <> - plugin [] was disabled because it doesn't support the given collection type.
38 [4130007872] INFO perfrun.launcher <> - plugin [] was disabled because it doesn't support the given collection type.
38 [4130007872] INFO perfrun.launcher <> - plugin [] was disabled because it doesn't support the given collection type.
38 [4130007872] INFO perfrun.launcher <> - plugin [] was disabled because it doesn't support the given collection type.
38 [4130007872] INFO perfrun.launcher <> - plugin [] was disabled because it doesn't support the given collection type.
38 [4130007872] INFO perfrun.launcher <> - plugin [] was disabled because it doesn't support the given collection type.
38 [4130007872] INFO perfrun.launcher <> - plugin [] was disabled because it doesn't support the given collection type.
38 [4130007872] INFO perfrun.launcher <> - plugin [] was disabled because it doesn't support the given collection type.
38 [4130007872] INFO perfrun.launcher <> - plugin [] was disabled because it doesn't support the given collection type.
38 [4130007872] INFO perfrun.launcher <> - plugin [] was disabled because it doesn't support the given collection type.
38 [4130007872] INFO perfrun.launcher <> - plugin [] was disabled because it doesn't support the given collection type.
38 [4130007872] INFO perfrun.launcher <> - plugin [] was disabled because it doesn't support the given collection type.
38 [4130007872] INFO perfrun.launcher <> - plugin [] was disabled because it doesn't support the given collection type.
38 [4130007872] INFO perfrun.launcher <> - plugin [] was disabled because it doesn't support the given collection type.
38 [4130007872] INFO perfrun.launcher <> - plugin [] was disabled because it doesn't support the given collection type.
38 [4130007872] INFO perfrun.launcher <> - plugin [] was disabled because it doesn't support the given collection type.
38 [4130007872] INFO perfrun.launcher <> - plugin [] was disabled because it doesn't support the given collection type.
38 [4130007872] INFO perfrun.launcher <> - plugin [] was disabled because it doesn't support the given collection type.
38 [4130007872] INFO perfrun.launcher <> - plugin [] was disabled because it doesn't support the given collection type.
38 [4130007872] INFO perfrun.launcher <> - plugin [] was disabled because it doesn't support the given collection type.
38 [4130007872] INFO perfrun.launcher <> - plugin [] was disabled because it doesn't support the given collection type.
38 [4130007872] INFO perfrun.launcher <> - plugin [] was disabled because it doesn't support the given collection type.
38 [4130007872] INFO perfrun.launcher <> - plugin [] was disabled because it doesn't support the given collection type.
38 [4130007872] INFO perfrun.launcher <> - plugin [] was disabled because it doesn't support the given collection type.
38 [4130756352] INFO perfrun.launcher <> - Application exit code: 0
38 [4130756352] INFO perfrun.launcher <> - Exit code: 0
