40 [4131079936] INFO perfrun.launcher <> - Launcher main begin
198 [4131079936] INFO perfrun.launcher <> - MessageCatalogInit finished
198 [4131079936] INFO perfrun.launcher <> - Launcher instance created
198 [4131079936] INFO perfrun.launcher <> - argc = 6; cmdline = /opt/intel/oneapi/vtune/2023.0.0/bin32/amplxe-runss -dump-vdso -r /tmp/amplxe-tmp-le34xoh/amplxe-res-224977-298530987125314 --tmp-dir /tmp/amplxe-tmp-le34xoh 
205 [4131079936] INFO perfrun.launcher <> - create msngr2::ICliToolContext
206 [4131079936] INFO perfrun.launcher <> - create file finder object
206 [4130331456] INFO perfrun.launcher <> - plugin [remoteplug] was disabled because it doesn't support the given collection type.
206 [4130331456] INFO perfrun.launcher <> - plugin [] was disabled because it doesn't support the given collection type.
206 [4130331456] INFO perfrun.vdso <> - dumping [vdso] pseudomodule
215 [4130331456] INFO perfrun.launcher <> - plugin [] was disabled because it doesn't support the given collection type.
215 [4130331456] INFO perfrun.launcher <> - plugin [] was disabled because it doesn't support the given collection type.
215 [4130331456] INFO perfrun.launcher <> - plugin [] was disabled because it doesn't support the given collection type.
215 [4130331456] INFO perfrun.launcher <> - plugin [] was disabled because it doesn't support the given collection type.
215 [4130331456] INFO perfrun.launcher <> - plugin [] was disabled because it doesn't support the given collection type.
215 [4130331456] INFO perfrun.launcher <> - plugin [] was disabled because it doesn't support the given collection type.
215 [4130331456] INFO perfrun.launcher <> - plugin [] was disabled because it doesn't support the given collection type.
215 [4130331456] INFO perfrun.launcher <> - plugin [] was disabled because it doesn't support the given collection type.
215 [4130331456] INFO perfrun.launcher <> - plugin [] was disabled because it doesn't support the given collection type.
215 [4130331456] INFO perfrun.launcher <> - plugin [] was disabled because it doesn't support the given collection type.
215 [4130331456] INFO perfrun.launcher <> - plugin [] was disabled because it doesn't support the given collection type.
215 [4130331456] INFO perfrun.launcher <> - plugin [] was disabled because it doesn't support the given collection type.
215 [4130331456] INFO perfrun.launcher <> - plugin [] was disabled because it doesn't support the given collection type.
215 [4130331456] INFO perfrun.launcher <> - plugin [] was disabled because it doesn't support the given collection type.
215 [4130331456] INFO perfrun.launcher <> - plugin [] was disabled because it doesn't support the given collection type.
215 [4130331456] INFO perfrun.launcher <> - plugin [] was disabled because it doesn't support the given collection type.
215 [4130331456] INFO perfrun.launcher <> - plugin [] was disabled because it doesn't support the given collection type.
215 [4130331456] INFO perfrun.launcher <> - plugin [] was disabled because it doesn't support the given collection type.
215 [4130331456] INFO perfrun.launcher <> - plugin [] was disabled because it doesn't support the given collection type.
215 [4130331456] INFO perfrun.launcher <> - plugin [] was disabled because it doesn't support the given collection type.
215 [4130331456] INFO perfrun.launcher <> - plugin [] was disabled because it doesn't support the given collection type.
215 [4130331456] INFO perfrun.launcher <> - plugin [] was disabled because it doesn't support the given collection type.
215 [4130331456] INFO perfrun.launcher <> - plugin [] was disabled because it doesn't support the given collection type.
215 [4130331456] INFO perfrun.launcher <> - plugin [] was disabled because it doesn't support the given collection type.
215 [4131079936] INFO perfrun.launcher <> - Application exit code: 0
215 [4131079936] INFO perfrun.launcher <> - Exit code: 0
