15 [139972917278592] INFO perfrun.launcher <> - Launcher main begin
36 [139972917278592] INFO perfrun.launcher <> - MessageCatalogInit finished
36 [139972917278592] INFO perfrun.launcher <> - Launcher instance created
36 [139972917278592] INFO perfrun.launcher <> - argc = 6; cmdline = /opt/intel/oneapi/vtune/2023.0.0/bin64/amplxe-runss -dump-vdso -r /tmp/amplxe-tmp-le34xoh/amplxe-res-377965-493624197384000 --tmp-dir /tmp/amplxe-tmp-le34xoh 
66 [139972917278592] INFO perfrun.launcher <> - create msngr2::ICliToolContext
66 [139972917278592] INFO perfrun.launcher <> - create file finder object
66 [139972770260736] INFO perfrun.launcher <> - plugin [remoteplug] was disabled because it doesn't support the given collection type.
66 [139972770260736] INFO perfrun.launcher <> - plugin [system] was disabled because it doesn't support the given collection type.
66 [139972770260736] INFO perfrun.vdso <> - dumping [vdso] pseudomodule
75 [139972770260736] INFO perfrun.launcher <> - plugin [itt] was disabled because it doesn't support the given collection type.
75 [139972770260736] INFO perfrun.launcher <> - plugin [ptracecollector] was disabled because it doesn't support the given collection type.
75 [139972770260736] INFO perfrun.launcher <> - plugin [gpu] was disabled because it doesn't support the given collection type.
75 [139972770260736] INFO perfrun.launcher <> - plugin [] was disabled because it doesn't support the given collection type.
75 [139972770260736] INFO perfrun.launcher <> - plugin [] was disabled because it doesn't support the given collection type.
75 [139972770260736] INFO perfrun.launcher <> - plugin [] was disabled because it doesn't support the given collection type.
75 [139972770260736] INFO perfrun.launcher <> - plugin [mrte] was disabled because it doesn't support the given collection type.
75 [139972770260736] INFO perfrun.launcher <> - plugin [emon] was disabled because it doesn't support the given collection type.
75 [139972770260736] INFO perfrun.launcher <> - plugin [cuscol] was disabled because it doesn't support the given collection type.
75 [139972770260736] INFO perfrun.launcher <> - plugin [stdsrc] was disabled because it doesn't support the given collection type.
75 [139972770260736] INFO perfrun.launcher <> - plugin [sep] was disabled because it doesn't support the given collection type.
75 [139972770260736] INFO perfrun.launcher <> - plugin [vtsspp] was disabled because it doesn't support the given collection type.
75 [139972770260736] INFO perfrun.launcher <> - plugin [perf] was disabled because it doesn't support the given collection type.
76 [139972770260736] INFO perfrun.launcher <> - plugin [aoclprofile] was disabled because it doesn't support the given collection type.
76 [139972770260736] INFO perfrun.launcher <> - plugin [tpss] was disabled because it doesn't support the given collection type.
76 [139972770260736] INFO perfrun.launcher <> - plugin [media] was disabled because it doesn't support the given collection type.
76 [139972770260736] INFO perfrun.launcher <> - plugin [] was disabled because it doesn't support the given collection type.
76 [139972770260736] INFO perfrun.launcher <> - plugin [] was disabled because it doesn't support the given collection type.
76 [139972770260736] INFO perfrun.launcher <> - plugin [parallelfs] was disabled because it doesn't support the given collection type.
76 [139972770260736] INFO perfrun.launcher <> - plugin [power] was disabled because it doesn't support the given collection type.
76 [139972770260736] INFO perfrun.launcher <> - plugin [hwloc] was disabled because it doesn't support the given collection type.
76 [139972770260736] INFO perfrun.launcher <> - plugin [ipmwatch] was disabled because it doesn't support the given collection type.
76 [139972770260736] INFO perfrun.launcher <> - plugin [os_counters] was disabled because it doesn't support the given collection type.
76 [139972770260736] INFO perfrun.launcher <> - plugin [l0_metrics] was disabled because it doesn't support the given collection type.
76 [139972917278592] INFO perfrun.launcher <> - Application exit code: 0
76 [139972917278592] INFO perfrun.launcher <> - Exit code: 0
