10 [4131129088] INFO perfrun.launcher <> - Launcher main begin
23 [4131129088] INFO perfrun.launcher <> - MessageCatalogInit finished
23 [4131129088] INFO perfrun.launcher <> - Launcher instance created
23 [4131129088] INFO perfrun.launcher <> - argc = 6; cmdline = /opt/intel/oneapi/vtune/2023.0.0/bin32/amplxe-runss -dump-vdso -r /tmp/amplxe-tmp-le34xoh/amplxe-res-292293-318823786427462 --tmp-dir /tmp/amplxe-tmp-le34xoh 
29 [4131129088] INFO perfrun.launcher <> - create msngr2::ICliToolContext
30 [4131129088] INFO perfrun.launcher <> - create file finder object
30 [4130380608] INFO perfrun.launcher <> - plugin [remoteplug] was disabled because it doesn't support the given collection type.
30 [4130380608] INFO perfrun.launcher <> - plugin [] was disabled because it doesn't support the given collection type.
30 [4130380608] INFO perfrun.vdso <> - dumping [vdso] pseudomodule
35 [4130380608] INFO perfrun.launcher <> - plugin [] was disabled because it doesn't support the given collection type.
35 [4130380608] INFO perfrun.launcher <> - plugin [] was disabled because it doesn't support the given collection type.
35 [4130380608] INFO perfrun.launcher <> - plugin [] was disabled because it doesn't support the given collection type.
35 [4130380608] INFO perfrun.launcher <> - plugin [] was disabled because it doesn't support the given collection type.
35 [4130380608] INFO perfrun.launcher <> - plugin [] was disabled because it doesn't support the given collection type.
35 [4130380608] INFO perfrun.launcher <> - plugin [] was disabled because it doesn't support the given collection type.
35 [4130380608] INFO perfrun.launcher <> - plugin [] was disabled because it doesn't support the given collection type.
35 [4130380608] INFO perfrun.launcher <> - plugin [] was disabled because it doesn't support the given collection type.
35 [4130380608] INFO perfrun.launcher <> - plugin [] was disabled because it doesn't support the given collection type.
35 [4130380608] INFO perfrun.launcher <> - plugin [] was disabled because it doesn't support the given collection type.
35 [4130380608] INFO perfrun.launcher <> - plugin [] was disabled because it doesn't support the given collection type.
35 [4130380608] INFO perfrun.launcher <> - plugin [] was disabled because it doesn't support the given collection type.
35 [4130380608] INFO perfrun.launcher <> - plugin [] was disabled because it doesn't support the given collection type.
35 [4130380608] INFO perfrun.launcher <> - plugin [] was disabled because it doesn't support the given collection type.
35 [4130380608] INFO perfrun.launcher <> - plugin [] was disabled because it doesn't support the given collection type.
35 [4130380608] INFO perfrun.launcher <> - plugin [] was disabled because it doesn't support the given collection type.
35 [4130380608] INFO perfrun.launcher <> - plugin [] was disabled because it doesn't support the given collection type.
35 [4130380608] INFO perfrun.launcher <> - plugin [] was disabled because it doesn't support the given collection type.
35 [4130380608] INFO perfrun.launcher <> - plugin [] was disabled because it doesn't support the given collection type.
35 [4130380608] INFO perfrun.launcher <> - plugin [] was disabled because it doesn't support the given collection type.
35 [4130380608] INFO perfrun.launcher <> - plugin [] was disabled because it doesn't support the given collection type.
35 [4130380608] INFO perfrun.launcher <> - plugin [] was disabled because it doesn't support the given collection type.
35 [4130380608] INFO perfrun.launcher <> - plugin [] was disabled because it doesn't support the given collection type.
35 [4130380608] INFO perfrun.launcher <> - plugin [] was disabled because it doesn't support the given collection type.
35 [4131129088] INFO perfrun.launcher <> - Application exit code: 0
35 [4131129088] INFO perfrun.launcher <> - Exit code: 0
