13 [140119049787264] INFO perfrun.launcher <> - Launcher main begin
24 [140119049787264] INFO perfrun.launcher <> - MessageCatalogInit finished
25 [140119049787264] INFO perfrun.launcher <> - Launcher instance created
25 [140119049787264] INFO perfrun.launcher <> - argc = 6; cmdline = /opt/intel/oneapi/vtune/2023.0.0/bin64/amplxe-runss -dump-vdso -r /tmp/amplxe-tmp-le34xoh/amplxe-res-292293-318823786427462 --tmp-dir /tmp/amplxe-tmp-le34xoh 
55 [140119049787264] INFO perfrun.launcher <> - create msngr2::ICliToolContext
55 [140119049787264] INFO perfrun.launcher <> - create file finder object
56 [140118901909248] INFO perfrun.launcher <> - plugin [remoteplug] was disabled because it doesn't support the given collection type.
56 [140118901909248] INFO perfrun.launcher <> - plugin [system] was disabled because it doesn't support the given collection type.
56 [140118901909248] INFO perfrun.vdso <> - dumping [vdso] pseudomodule
60 [140118901909248] INFO perfrun.launcher <> - plugin [itt] was disabled because it doesn't support the given collection type.
60 [140118901909248] INFO perfrun.launcher <> - plugin [ptracecollector] was disabled because it doesn't support the given collection type.
60 [140118901909248] INFO perfrun.launcher <> - plugin [gpu] was disabled because it doesn't support the given collection type.
60 [140118901909248] INFO perfrun.launcher <> - plugin [] was disabled because it doesn't support the given collection type.
60 [140118901909248] INFO perfrun.launcher <> - plugin [] was disabled because it doesn't support the given collection type.
60 [140118901909248] INFO perfrun.launcher <> - plugin [] was disabled because it doesn't support the given collection type.
60 [140118901909248] INFO perfrun.launcher <> - plugin [mrte] was disabled because it doesn't support the given collection type.
60 [140118901909248] INFO perfrun.launcher <> - plugin [emon] was disabled because it doesn't support the given collection type.
60 [140118901909248] INFO perfrun.launcher <> - plugin [cuscol] was disabled because it doesn't support the given collection type.
60 [140118901909248] INFO perfrun.launcher <> - plugin [stdsrc] was disabled because it doesn't support the given collection type.
60 [140118901909248] INFO perfrun.launcher <> - plugin [sep] was disabled because it doesn't support the given collection type.
60 [140118901909248] INFO perfrun.launcher <> - plugin [vtsspp] was disabled because it doesn't support the given collection type.
60 [140118901909248] INFO perfrun.launcher <> - plugin [perf] was disabled because it doesn't support the given collection type.
60 [140118901909248] INFO perfrun.launcher <> - plugin [aoclprofile] was disabled because it doesn't support the given collection type.
60 [140118901909248] INFO perfrun.launcher <> - plugin [tpss] was disabled because it doesn't support the given collection type.
60 [140118901909248] INFO perfrun.launcher <> - plugin [media] was disabled because it doesn't support the given collection type.
60 [140118901909248] INFO perfrun.launcher <> - plugin [] was disabled because it doesn't support the given collection type.
60 [140118901909248] INFO perfrun.launcher <> - plugin [] was disabled because it doesn't support the given collection type.
60 [140118901909248] INFO perfrun.launcher <> - plugin [parallelfs] was disabled because it doesn't support the given collection type.
60 [140118901909248] INFO perfrun.launcher <> - plugin [power] was disabled because it doesn't support the given collection type.
61 [140118901909248] INFO perfrun.launcher <> - plugin [hwloc] was disabled because it doesn't support the given collection type.
61 [140118901909248] INFO perfrun.launcher <> - plugin [ipmwatch] was disabled because it doesn't support the given collection type.
61 [140118901909248] INFO perfrun.launcher <> - plugin [os_counters] was disabled because it doesn't support the given collection type.
61 [140118901909248] INFO perfrun.launcher <> - plugin [l0_metrics] was disabled because it doesn't support the given collection type.
61 [140119049787264] INFO perfrun.launcher <> - Application exit code: 0
61 [140119049787264] INFO perfrun.launcher <> - Exit code: 0
