10 [4131157760] INFO perfrun.launcher <> - Launcher main begin
25 [4131157760] INFO perfrun.launcher <> - MessageCatalogInit finished
25 [4131157760] INFO perfrun.launcher <> - Launcher instance created
25 [4131157760] INFO perfrun.launcher <> - argc = 6; cmdline = /opt/intel/oneapi/vtune/2023.0.0/bin32/amplxe-runss -dump-vdso -r /tmp/amplxe-tmp-le34xoh/amplxe-res-459196-517308909655834 --tmp-dir /tmp/amplxe-tmp-le34xoh 
32 [4131157760] INFO perfrun.launcher <> - create msngr2::ICliToolContext
32 [4131157760] INFO perfrun.launcher <> - create file finder object
32 [4130409280] INFO perfrun.launcher <> - plugin [remoteplug] was disabled because it doesn't support the given collection type.
32 [4130409280] INFO perfrun.launcher <> - plugin [] was disabled because it doesn't support the given collection type.
32 [4130409280] INFO perfrun.vdso <> - dumping [vdso] pseudomodule
36 [4130409280] INFO perfrun.launcher <> - plugin [] was disabled because it doesn't support the given collection type.
36 [4130409280] INFO perfrun.launcher <> - plugin [] was disabled because it doesn't support the given collection type.
36 [4130409280] INFO perfrun.launcher <> - plugin [] was disabled because it doesn't support the given collection type.
36 [4130409280] INFO perfrun.launcher <> - plugin [] was disabled because it doesn't support the given collection type.
36 [4130409280] INFO perfrun.launcher <> - plugin [] was disabled because it doesn't support the given collection type.
36 [4130409280] INFO perfrun.launcher <> - plugin [] was disabled because it doesn't support the given collection type.
36 [4130409280] INFO perfrun.launcher <> - plugin [] was disabled because it doesn't support the given collection type.
36 [4130409280] INFO perfrun.launcher <> - plugin [] was disabled because it doesn't support the given collection type.
36 [4130409280] INFO perfrun.launcher <> - plugin [] was disabled because it doesn't support the given collection type.
36 [4130409280] INFO perfrun.launcher <> - plugin [] was disabled because it doesn't support the given collection type.
36 [4130409280] INFO perfrun.launcher <> - plugin [] was disabled because it doesn't support the given collection type.
36 [4130409280] INFO perfrun.launcher <> - plugin [] was disabled because it doesn't support the given collection type.
36 [4130409280] INFO perfrun.launcher <> - plugin [] was disabled because it doesn't support the given collection type.
36 [4130409280] INFO perfrun.launcher <> - plugin [] was disabled because it doesn't support the given collection type.
36 [4130409280] INFO perfrun.launcher <> - plugin [] was disabled because it doesn't support the given collection type.
36 [4130409280] INFO perfrun.launcher <> - plugin [] was disabled because it doesn't support the given collection type.
36 [4130409280] INFO perfrun.launcher <> - plugin [] was disabled because it doesn't support the given collection type.
36 [4130409280] INFO perfrun.launcher <> - plugin [] was disabled because it doesn't support the given collection type.
36 [4130409280] INFO perfrun.launcher <> - plugin [] was disabled because it doesn't support the given collection type.
36 [4130409280] INFO perfrun.launcher <> - plugin [] was disabled because it doesn't support the given collection type.
36 [4130409280] INFO perfrun.launcher <> - plugin [] was disabled because it doesn't support the given collection type.
36 [4130409280] INFO perfrun.launcher <> - plugin [] was disabled because it doesn't support the given collection type.
36 [4130409280] INFO perfrun.launcher <> - plugin [] was disabled because it doesn't support the given collection type.
36 [4130409280] INFO perfrun.launcher <> - plugin [] was disabled because it doesn't support the given collection type.
36 [4131157760] INFO perfrun.launcher <> - Application exit code: 0
36 [4131157760] INFO perfrun.launcher <> - Exit code: 0
