15 [140598093539200] INFO perfrun.launcher <> - Launcher main begin
29 [140598093539200] INFO perfrun.launcher <> - MessageCatalogInit finished
29 [140598093539200] INFO perfrun.launcher <> - Launcher instance created
29 [140598093539200] INFO perfrun.launcher <> - argc = 7; cmdline = /opt/intel/oneapi/vtune/2023.0.0/bin64/amplxe-runss --ui-output-format xml --ui-output-fd 5 --option-file /home/le34xoh/Algorithm-Engineering-Git/Projekt/profiler/hotspots/config/runss.options 
60 [140598093539200] INFO perfrun.launcher <> - create msngr2::ICliToolContext
61 [140598093539200] INFO perfrun.launcher <> - create file finder object
61 [140598093539200] INFO perfrun.launcher <> - create a result directory: pattern = /home/le34xoh/Algorithm-Engineering-Git/Projekt/profiler/hotspots pid = 4294967295
65 [140598093539200] INFO perfrun.sdk <> - checked that the directory /home/le34xoh/Algorithm-Engineering-Git/Projekt/profiler/hotspots is a local directory
66 [140598093539200] INFO perfrun.sdk <> - the directory /home/le34xoh/Algorithm-Engineering-Git/Projekt/profiler/hotspots is located on a share or its FS ID is unknown 26985
66 [140598093539200] INFO perfrun.sdk <> - checked that the directory /tmp/amplxe-tmp-le34xoh is a local directory
66 [140598093539200] INFO perfrun.sdk <> - the directory /tmp/amplxe-tmp-le34xoh is a local directory with FS type ID 61267
66 [140598093539200] INFO perfrun.launcher <> - Create a local result directory /tmp/amplxe-tmp-le34xoh/amplxe-res-469714-519652484767039 due to the user result path /home/le34xoh/Algorithm-Engineering-Git/Projekt/profiler/hotspots is located on a share
67 [140598093539200] INFO perfrun.launcher <> - create data directory = /tmp/amplxe-tmp-le34xoh/amplxe-res-469714-519652484767039/data.0
70 [140598093539200] INFO perfrun.launcher <> - create data directory = /home/le34xoh/Algorithm-Engineering-Git/Projekt/profiler/hotspots/data.0
76 [140598093539200] INFO perfrun.launcher <> - Creating the master collection flag
88 [140598093539200] INFO perfrun.launcher <> - Done creating the master collection flag
89 [140597945952000] INFO perfrun.launcher <> - plugin [remoteplug] was disabled because it doesn't support the given collection type.
89 [140597945952000] INFO perfrun.sdk <> - Allocating TMU :/tmp/amplxe-tmp-le34xoh/amplxe-res-469714-519652484767039/data.0/systemcollector-469714-ppc806.sc
90 [140597945952000] INFO perfrun.system <> - Tpss based collection
90 [140597945952000] INFO perfrun.launcher <> - plugin [ptracecollector] was disabled because it doesn't support the given collection type.
90 [140597945952000] INFO perfrun.launcher <> - plugin [gpu] was disabled because it doesn't support the given collection type.
90 [140597945952000] INFO perfrun.launcher <> - plugin [] was disabled because it doesn't support the given collection type.
90 [140597945952000] INFO perfrun.launcher <> - plugin [] was disabled because it doesn't support the given collection type.
90 [140597945952000] INFO perfrun.launcher <> - plugin [] was disabled because it doesn't support the given collection type.
90 [140597945952000] INFO perfrun.mrte <> - system-wide mode is 0
91 [140597945952000] INFO perfrun.mrte <> - Getting  mrte profiling environment ...
121 [140597945952000] INFO perfrun.mrte <> - INTEL_MRTE_DATA_DIR=/tmp/amplxe-tmp-le34xoh/amplxe-res-469714-519652484767039/data.0
121 [140597945952000] INFO perfrun.mrte <> - INTEL_MRTE_HOST_NAME=ppc806
121 [140597945952000] INFO perfrun.mrte <> - JAVA_TOOL_OPTIONS=-agentlib:amplxe_tpssmrte_javaprof_1.0 -Dsun.boot.library.path=/opt/intel/oneapi/vtune/2023.0.0/lib32/runtime:/opt/intel/oneapi/vtune/2023.0.0/lib64/runtime
121 [140597945952000] INFO perfrun.mrte <> - LD_LIBRARY_PATH=/opt/intel/oneapi/vtune/2023.0.0/lib32/runtime:/opt/intel/oneapi/vtune/2023.0.0/lib64/runtime:/opt/intel/oneapi/vpl/2023.0.0/lib:/opt/intel/oneapi/tbb/2021.8.0/env/../lib/intel64/gcc4.8:/opt/intel/oneapi/mpi/2021.8.0//libfabric/lib:/opt/intel/oneapi/mpi/2021.8.0//lib/release:/opt/intel/oneapi/mpi/2021.8.0//lib:/opt/intel/oneapi/mkl/2023.0.0/lib/intel64:/opt/intel/oneapi/itac/2021.8.0/slib:/opt/intel/oneapi/ipp/2021.7.0/lib/intel64:/opt/intel/oneapi/ippcp/2021.6.3/lib/intel64:/opt/intel/oneapi/ipp/2021.7.0/lib/intel64:/opt/intel/oneapi/dnnl/2023.0.0/cpu_dpcpp_gpu_dpcpp/lib:/opt/intel/oneapi/debugger/2023.0.0/gdb/intel64/lib:/opt/intel/oneapi/debugger/2023.0.0/libipt/intel64/lib:/opt/intel/oneapi/debugger/2023.0.0/dep/lib:/opt/intel/oneapi/dal/2023.0.0/lib/intel64:/opt/intel/oneapi/compiler/2023.0.0/linux/lib:/opt/intel/oneapi/compiler/2023.0.0/linux/lib/x64:/opt/intel/oneapi/compiler/2023.0.0/linux/lib/oclfpga/host/linux64/lib:/opt/intel/oneapi/compiler/2023.0.0/linux/compiler/lib/intel64_lin:/opt/intel/oneapi/ccl/2021.8.0/lib/cpu_gpu_dpcpp
121 [140597945952000] INFO perfrun.mrte <> - CORECLR_ENABLE_PROFILING=1
121 [140597945952000] INFO perfrun.mrte <> - CORECLR_PROFILER={AA5E4821-E3B1-479c-B7FF-5AD047D22CED}
121 [140597945952000] INFO perfrun.mrte <> - CORECLR_PROFILER_PATH=/opt/intel/oneapi/vtune/2023.0.0/lib64/libamplxe_samplingmrte_clrprof_1.0.so
121 [140597945952000] INFO perfrun.mrte <> - INTEL_MRTE_PROFILER_MODE=mixed
121 [140597945952000] INFO perfrun.mrte <> - Data directory: /tmp/amplxe-tmp-le34xoh/amplxe-res-469714-519652484767039/data.0
121 [140597945952000] INFO perfrun.mrte <> - Mrte plugin is initialized
121 [140597945952000] INFO perfrun.launcher <> - plugin [emon] was disabled because it doesn't support the given collection type.
121 [140597945952000] INFO perfrun.launcher <> - plugin [cuscol] was disabled because it doesn't support the given collection type.
121 [140597945952000] INFO perfrun.launcher <> - plugin [stdsrc] was disabled because it doesn't support the given collection type.
121 [140597945952000] INFO perfrun.launcher <> - plugin [sep] was disabled because it doesn't support the given collection type.
121 [140597945952000] INFO perfrun.launcher <> - plugin [vtsspp] was disabled because it doesn't support the given collection type.
121 [140597945952000] INFO perfrun.sdk <> - Reading value (0) from file: /proc/sys/kernel/perf_event_paranoid
121 [140597945952000] INFO perfrun.perfcollector <> - checking access to: /opt/intel/oneapi/vtune/2023.0.0/bin64/amplxe-perf-priv
122 [140597945952000] INFO perfrun.perfcollector <> - cpu: family = 6 model = 94
122 [140597945952000] INFO perfrun.perfcollector <> - dir found: /sys/bus/event_source/devices/software
122 [140597945952000] WARN perfrun.perfcollector <> - format subdir doesn't exist, at file: vcs/perfrun1/plugins/perfcollector/src/controller.cpp:719
122 [140597945952000] WARN perfrun.perfcollector <> - pmu hwInfo is not set, pmuFam: software, at file: vcs/perfrun1/plugins/perfcollector/src/controller.cpp:828
122 [140597945952000] INFO perfrun.perfcollector <> - pmu added: family: software, id: 0
122 [140597945952000] INFO perfrun.perfcollector <> - dir found: /sys/bus/event_source/devices/power
123 [140597945952000] INFO perfrun.perfcollector <> - format: event config:0-7 mask:0-7
123 [140597945952000] WARN perfrun.perfcollector <> - pmu hwInfo is not set, pmuFam: power, at file: vcs/perfrun1/plugins/perfcollector/src/controller.cpp:828
123 [140597945952000] INFO perfrun.perfcollector <> - pmu added: family: power, id: 0
123 [140597945952000] INFO perfrun.perfcollector <> - dir found: /sys/bus/event_source/devices/uprobe
123 [140597945952000] INFO perfrun.perfcollector <> - format: ref_ctr_offset config:32-63 mask:32-63
123 [140597945952000] INFO perfrun.perfcollector <> - format: retprobe config:0 mask:0
123 [140597945952000] WARN perfrun.perfcollector <> - pmu hwInfo is not set, pmuFam: uprobe, at file: vcs/perfrun1/plugins/perfcollector/src/controller.cpp:828
123 [140597945952000] INFO perfrun.perfcollector <> - pmu added: family: uprobe, id: 0
123 [140597945952000] INFO perfrun.perfcollector <> - dir found: /sys/bus/event_source/devices/uncore_imc
123 [140597945952000] INFO perfrun.perfcollector <> - format: event config:0-7 mask:0-7
123 [140597945952000] INFO perfrun.perfcollector <> - hwInfo: PERF_IMC_PMU_DETAILS
123 [140597945952000] INFO perfrun.perfcollector <> - pmu added: family: uncore_imc, id: 0
123 [140597945952000] INFO perfrun.perfcollector <> - dir found: /sys/bus/event_source/devices/cpu
124 [140597945952000] INFO perfrun.perfcollector <> - format: event config:0-7 mask:0-7
124 [140597945952000] INFO perfrun.perfcollector <> - format: pc config:19 mask:19
124 [140597945952000] INFO perfrun.perfcollector <> - format: edge config:18 mask:18
124 [140597945952000] INFO perfrun.perfcollector <> - format: any config:21 mask:21
124 [140597945952000] INFO perfrun.perfcollector <> - format: offcore_rsp config1:0-63 mask:0-63
124 [140597945952000] INFO perfrun.perfcollector <> - format: ldlat config1:0-15 mask:0-15
124 [140597945952000] INFO perfrun.perfcollector <> - format: inv config:23 mask:23
124 [140597945952000] INFO perfrun.perfcollector <> - format: umask config:8-15 mask:8-15
124 [140597945952000] INFO perfrun.perfcollector <> - format: frontend config1:0-23 mask:0-23
124 [140597945952000] INFO perfrun.perfcollector <> - format: cmask config:24-31 mask:24-31
124 [140597945952000] INFO perfrun.perfcollector <> - hwInfo: PERF_CPU_PMU_DETAILS
124 [140597945952000] INFO perfrun.perfcollector <> - pmu added: family: cpu, id: 0
124 [140597945952000] INFO perfrun.perfcollector <> - dir found: /sys/bus/event_source/devices/cstate_core
124 [140597945952000] INFO perfrun.perfcollector <> - format: event config:0-63 mask:0-63
124 [140597945952000] WARN perfrun.perfcollector <> - pmu hwInfo is not set, pmuFam: cstate_core, at file: vcs/perfrun1/plugins/perfcollector/src/controller.cpp:828
124 [140597945952000] INFO perfrun.perfcollector <> - pmu added: family: cstate_core, id: 0
124 [140597945952000] INFO perfrun.perfcollector <> - dir found: /sys/bus/event_source/devices/uncore_cbox_2
125 [140597945952000] INFO perfrun.perfcollector <> - format: event config:0-7 mask:0-7
125 [140597945952000] INFO perfrun.perfcollector <> - format: edge config:18 mask:18
125 [140597945952000] INFO perfrun.perfcollector <> - format: inv config:23 mask:23
125 [140597945952000] INFO perfrun.perfcollector <> - format: umask config:8-15 mask:8-15
125 [140597945952000] INFO perfrun.perfcollector <> - format: cmask config:24-28 mask:24-28
125 [140597945952000] INFO perfrun.perfcollector <> - hwInfo: PERF_CBOX_PMU_DETAILS
125 [140597945952000] INFO perfrun.perfcollector <> - pmu added: family: uncore_cbox, id: 2
125 [140597945952000] INFO perfrun.perfcollector <> - dir found: /sys/bus/event_source/devices/breakpoint
125 [140597945952000] WARN perfrun.perfcollector <> - format subdir doesn't exist, at file: vcs/perfrun1/plugins/perfcollector/src/controller.cpp:719
125 [140597945952000] WARN perfrun.perfcollector <> - pmu hwInfo is not set, pmuFam: breakpoint, at file: vcs/perfrun1/plugins/perfcollector/src/controller.cpp:828
125 [140597945952000] INFO perfrun.perfcollector <> - pmu added: family: breakpoint, id: 0
125 [140597945952000] INFO perfrun.perfcollector <> - dir found: /sys/bus/event_source/devices/uncore_cbox_0
125 [140597945952000] INFO perfrun.perfcollector <> - format: event config:0-7 mask:0-7
125 [140597945952000] INFO perfrun.perfcollector <> - format: edge config:18 mask:18
125 [140597945952000] INFO perfrun.perfcollector <> - format: inv config:23 mask:23
125 [140597945952000] INFO perfrun.perfcollector <> - format: umask config:8-15 mask:8-15
125 [140597945952000] INFO perfrun.perfcollector <> - format: cmask config:24-28 mask:24-28
125 [140597945952000] INFO perfrun.perfcollector <> - hwInfo: PERF_CBOX_PMU_DETAILS
125 [140597945952000] INFO perfrun.perfcollector <> - pmu added: family: uncore_cbox, id: 0
125 [140597945952000] INFO perfrun.perfcollector <> - dir found: /sys/bus/event_source/devices/tracepoint
125 [140597945952000] WARN perfrun.perfcollector <> - format subdir doesn't exist, at file: vcs/perfrun1/plugins/perfcollector/src/controller.cpp:719
125 [140597945952000] WARN perfrun.perfcollector <> - pmu hwInfo is not set, pmuFam: tracepoint, at file: vcs/perfrun1/plugins/perfcollector/src/controller.cpp:828
125 [140597945952000] INFO perfrun.perfcollector <> - pmu added: family: tracepoint, id: 0
125 [140597945952000] INFO perfrun.perfcollector <> - dir found: /sys/bus/event_source/devices/cstate_pkg
125 [140597945952000] INFO perfrun.perfcollector <> - format: event config:0-63 mask:0-63
126 [140597945952000] WARN perfrun.perfcollector <> - pmu hwInfo is not set, pmuFam: cstate_pkg, at file: vcs/perfrun1/plugins/perfcollector/src/controller.cpp:828
126 [140597945952000] INFO perfrun.perfcollector <> - pmu added: family: cstate_pkg, id: 0
126 [140597945952000] INFO perfrun.perfcollector <> - dir found: /sys/bus/event_source/devices/uncore_arb
126 [140597945952000] INFO perfrun.perfcollector <> - format: event config:0-7 mask:0-7
126 [140597945952000] INFO perfrun.perfcollector <> - format: edge config:18 mask:18
126 [140597945952000] INFO perfrun.perfcollector <> - format: inv config:23 mask:23
126 [140597945952000] INFO perfrun.perfcollector <> - format: umask config:8-15 mask:8-15
126 [140597945952000] INFO perfrun.perfcollector <> - format: cmask config:24-28 mask:24-28
126 [140597945952000] WARN perfrun.perfcollector <> - pmu hwInfo is not set, pmuFam: uncore_arb, at file: vcs/perfrun1/plugins/perfcollector/src/controller.cpp:828
126 [140597945952000] INFO perfrun.perfcollector <> - pmu added: family: uncore_arb, id: 0
126 [140597945952000] INFO perfrun.perfcollector <> - dir found: /sys/bus/event_source/devices/kprobe
126 [140597945952000] INFO perfrun.perfcollector <> - format: retprobe config:0 mask:0
126 [140597945952000] WARN perfrun.perfcollector <> - pmu hwInfo is not set, pmuFam: kprobe, at file: vcs/perfrun1/plugins/perfcollector/src/controller.cpp:828
126 [140597945952000] INFO perfrun.perfcollector <> - pmu added: family: kprobe, id: 0
126 [140597945952000] INFO perfrun.perfcollector <> - dir found: /sys/bus/event_source/devices/i915
126 [140597945952000] INFO perfrun.perfcollector <> - format: i915_eventid config:0-20 mask:0-20
126 [140597945952000] WARN perfrun.perfcollector <> - pmu hwInfo is not set, pmuFam: i915, at file: vcs/perfrun1/plugins/perfcollector/src/controller.cpp:828
126 [140597945952000] INFO perfrun.perfcollector <> - pmu added: family: i915, id: 0
126 [140597945952000] INFO perfrun.perfcollector <> - dir found: /sys/bus/event_source/devices/msr
126 [140597945952000] INFO perfrun.perfcollector <> - format: event config:0-63 mask:0-63
126 [140597945952000] WARN perfrun.perfcollector <> - pmu hwInfo is not set, pmuFam: msr, at file: vcs/perfrun1/plugins/perfcollector/src/controller.cpp:828
126 [140597945952000] INFO perfrun.perfcollector <> - pmu added: family: msr, id: 0
126 [140597945952000] INFO perfrun.perfcollector <> - dir found: /sys/bus/event_source/devices/uncore_cbox_3
127 [140597945952000] INFO perfrun.perfcollector <> - format: event config:0-7 mask:0-7
127 [140597945952000] INFO perfrun.perfcollector <> - format: edge config:18 mask:18
127 [140597945952000] INFO perfrun.perfcollector <> - format: inv config:23 mask:23
127 [140597945952000] INFO perfrun.perfcollector <> - format: umask config:8-15 mask:8-15
127 [140597945952000] INFO perfrun.perfcollector <> - format: cmask config:24-28 mask:24-28
127 [140597945952000] INFO perfrun.perfcollector <> - hwInfo: PERF_CBOX_PMU_DETAILS
127 [140597945952000] INFO perfrun.perfcollector <> - pmu added: family: uncore_cbox, id: 3
127 [140597945952000] INFO perfrun.perfcollector <> - dir found: /sys/bus/event_source/devices/intel_pt
127 [140597945952000] INFO perfrun.perfcollector <> - format: ptw config:12 mask:12
127 [140597945952000] INFO perfrun.perfcollector <> - format: event config:31 mask:31
127 [140597945952000] INFO perfrun.perfcollector <> - format: cyc_thresh config:19-22 mask:19-22
127 [140597945952000] INFO perfrun.perfcollector <> - format: pt config:0 mask:0
127 [140597945952000] INFO perfrun.perfcollector <> - format: notnt config:55 mask:55
127 [140597945952000] INFO perfrun.perfcollector <> - format: branch config:13 mask:13
127 [140597945952000] INFO perfrun.perfcollector <> - format: tsc config:10 mask:10
127 [140597945952000] INFO perfrun.perfcollector <> - format: pwr_evt config:4 mask:4
127 [140597945952000] INFO perfrun.perfcollector <> - format: fup_on_ptw config:5 mask:5
127 [140597945952000] INFO perfrun.perfcollector <> - format: cyc config:1 mask:1
127 [140597945952000] INFO perfrun.perfcollector <> - format: noretcomp config:11 mask:11
127 [140597945952000] INFO perfrun.perfcollector <> - format: mtc config:9 mask:9
127 [140597945952000] INFO perfrun.perfcollector <> - format: psb_period config:24-27 mask:24-27
128 [140597945952000] INFO perfrun.perfcollector <> - format: mtc_period config:14-17 mask:14-17
128 [140597945952000] WARN perfrun.perfcollector <> - pmu hwInfo is not set, pmuFam: intel_pt, at file: vcs/perfrun1/plugins/perfcollector/src/controller.cpp:828
128 [140597945952000] INFO perfrun.perfcollector <> - pmu added: family: intel_pt, id: 0
128 [140597945952000] INFO perfrun.perfcollector <> - dir found: /sys/bus/event_source/devices/uncore_cbox_1
128 [140597945952000] INFO perfrun.perfcollector <> - format: event config:0-7 mask:0-7
128 [140597945952000] INFO perfrun.perfcollector <> - format: edge config:18 mask:18
128 [140597945952000] INFO perfrun.perfcollector <> - format: inv config:23 mask:23
128 [140597945952000] INFO perfrun.perfcollector <> - format: umask config:8-15 mask:8-15
128 [140597945952000] INFO perfrun.perfcollector <> - format: cmask config:24-28 mask:24-28
128 [140597945952000] INFO perfrun.perfcollector <> - hwInfo: PERF_CBOX_PMU_DETAILS
128 [140597945952000] INFO perfrun.perfcollector <> - pmu added: family: uncore_cbox, id: 1
128 [140597945952000] INFO perfrun.sdk <> - runCmd: /opt/intel/oneapi/vtune/2023.0.0/bin64/sep -dry-run -sam 1 -ec CPU_CLK_UNHALTED.THREAD,CPU_CLK_UNHALTED.REF_TSC:sample:sa=3200000,INST_RETIRED.ANY:sample:sa=3200000,CPU_CLK_UNHALTED.REF_XCLK,CPU_CLK_UNHALTED.ONE_THREAD_ACTIVE,FP_ARITH_INST_RETIRED.SCALAR_SINGLE,FP_ARITH_INST_RETIRED.128B_PACKED_SINGLE,FP_ARITH_INST_RETIRED.256B_PACKED_SINGLE,FP_ARITH_INST_RETIRED.SCALAR_DOUBLE,FP_ARITH_INST_RETIRED.128B_PACKED_DOUBLE,FP_ARITH_INST_RETIRED.256B_PACKED_DOUBLE,UOPS_EXECUTED.X87,UOPS_RETIRED.RETIRE_SLOTS:sample:sa=2000003,UOPS_EXECUTED.THREAD -experimental
129 [140597945952000] INFO perfrun.sdk <> - runCmd started PID 469718
149 [140597945952000] INFO perfrun.perfcollector <> - SepDryRun RC = true
151 [140597945952000] INFO perfrun.perfcollector <> - DRY_RUN: "PMU type: Core (core)"
151 [140597945952000] INFO perfrun.perfcollector <> - pmu type: cpu
151 [140597945952000] INFO perfrun.perfcollector <> - DRY_RUN: "Group 0:"
151 [140597945952000] INFO perfrun.perfcollector <> - id: 0
151 [140597945952000] INFO perfrun.perfcollector <> - DRY_RUN: "INST_RETIRED.ANY: event id 2"
151 [140597945952000] INFO perfrun.perfcollector <> - eventName: INST_RETIRED.ANY, eventId: 2
151 [140597945952000] INFO perfrun.perfcollector <> - DRY_RUN: "CPU_CLK_UNHALTED.THREAD: event id 0"
151 [140597945952000] INFO perfrun.perfcollector <> - eventName: CPU_CLK_UNHALTED.THREAD, eventId: 0
151 [140597945952000] INFO perfrun.perfcollector <> - DRY_RUN: "CPU_CLK_UNHALTED.REF_TSC: event id 1"
151 [140597945952000] INFO perfrun.perfcollector <> - eventName: CPU_CLK_UNHALTED.REF_TSC, eventId: 1
151 [140597945952000] INFO perfrun.perfcollector <> - DRY_RUN: "CPU_CLK_UNHALTED.REF_XCLK: event id 3"
151 [140597945952000] INFO perfrun.perfcollector <> - eventName: CPU_CLK_UNHALTED.REF_XCLK, eventId: 3
151 [140597945952000] INFO perfrun.perfcollector <> - DRY_RUN: "CPU_CLK_UNHALTED.ONE_THREAD_ACTIVE: event id 4"
151 [140597945952000] INFO perfrun.perfcollector <> - eventName: CPU_CLK_UNHALTED.ONE_THREAD_ACTIVE, eventId: 4
151 [140597945952000] INFO perfrun.perfcollector <> - DRY_RUN: "FP_ARITH_INST_RETIRED.SCALAR_SINGLE: event id 5"
151 [140597945952000] INFO perfrun.perfcollector <> - eventName: FP_ARITH_INST_RETIRED.SCALAR_SINGLE, eventId: 5
151 [140597945952000] INFO perfrun.perfcollector <> - DRY_RUN: "FP_ARITH_INST_RETIRED.128B_PACKED_SINGLE: event id 6"
151 [140597945952000] INFO perfrun.perfcollector <> - eventName: FP_ARITH_INST_RETIRED.128B_PACKED_SINGLE, eventId: 6
151 [140597945952000] INFO perfrun.perfcollector <> - DRY_RUN: "FP_ARITH_INST_RETIRED.256B_PACKED_SINGLE: event id 7"
151 [140597945952000] INFO perfrun.perfcollector <> - eventName: FP_ARITH_INST_RETIRED.256B_PACKED_SINGLE, eventId: 7
151 [140597945952000] INFO perfrun.perfcollector <> - DRY_RUN: "FP_ARITH_INST_RETIRED.SCALAR_DOUBLE: event id 8"
151 [140597945952000] INFO perfrun.perfcollector <> - eventName: FP_ARITH_INST_RETIRED.SCALAR_DOUBLE, eventId: 8
151 [140597945952000] INFO perfrun.perfcollector <> - DRY_RUN: "FP_ARITH_INST_RETIRED.128B_PACKED_DOUBLE: event id 9"
151 [140597945952000] INFO perfrun.perfcollector <> - eventName: FP_ARITH_INST_RETIRED.128B_PACKED_DOUBLE, eventId: 9
151 [140597945952000] INFO perfrun.perfcollector <> - DRY_RUN: "FP_ARITH_INST_RETIRED.256B_PACKED_DOUBLE: event id 10"
151 [140597945952000] INFO perfrun.perfcollector <> - eventName: FP_ARITH_INST_RETIRED.256B_PACKED_DOUBLE, eventId: 10
151 [140597945952000] INFO perfrun.perfcollector <> - DRY_RUN: "CCCR"
151 [140597945952000] INFO perfrun.perfcollector <> - DRY_RUN: "reg_type       = 1	event_id       = g	reg_id         = 38f	reg_value      = 7000000ff"
151 [140597945952000] INFO perfrun.perfcollector <> - eventId: g, skip parsing event_id
152 [140597945952000] INFO perfrun.perfcollector <> - Register was ignored: group_id: 0, reg_type: 1, event_id: 4294967295, reg_id: 38f, reg_value: 7000000ff, pmu_name: cpu
152 [140597945952000] INFO perfrun.perfcollector <> - DRY_RUN: "reg_type       = 1	event_id       = g	reg_id         = 390	reg_value      = 7000000ff"
152 [140597945952000] INFO perfrun.perfcollector <> - eventId: g, skip parsing event_id
152 [140597945952000] INFO perfrun.perfcollector <> - Register was ignored: group_id: 0, reg_type: 1, event_id: 4294967295, reg_id: 390, reg_value: 7000000ff, pmu_name: cpu
152 [140597945952000] INFO perfrun.perfcollector <> - DRY_RUN: "reg_type       = 1	event_id       = g	reg_id         = 3f1	reg_value      = 0"
152 [140597945952000] INFO perfrun.perfcollector <> - eventId: g, skip parsing event_id
152 [140597945952000] INFO perfrun.perfcollector <> - Register was ignored: group_id: 0, reg_type: 1, event_id: 4294967295, reg_id: 3f1, reg_value: 0, pmu_name: cpu
152 [140597945952000] INFO perfrun.perfcollector <> - DRY_RUN: "reg_type       = 1	event_id       = g	reg_id         = 1d9	reg_value      = 1800"
152 [140597945952000] INFO perfrun.perfcollector <> - eventId: g, skip parsing event_id
152 [140597945952000] INFO perfrun.perfcollector <> - Register was ignored: group_id: 0, reg_type: 1, event_id: 4294967295, reg_id: 1d9, reg_value: 1800, pmu_name: cpu
152 [140597945952000] INFO perfrun.perfcollector <> - DRY_RUN: "reg_type       = 1	event_id       = g	reg_id         = 38d	reg_value      = bbb"
152 [140597945952000] INFO perfrun.perfcollector <> - eventId: g, skip parsing event_id
152 [140597945952000] INFO perfrun.perfcollector <> - Register was ignored: group_id: 0, reg_type: 1, event_id: 4294967295, reg_id: 38d, reg_value: bbb, pmu_name: cpu
152 [140597945952000] INFO perfrun.perfcollector <> - DRY_RUN: "reg_type       = 1	event_id       = 3	reg_id         = 186	reg_value      = 53013c"
152 [140597945952000] INFO perfrun.perfcollector <> - Event selector: group_id: 0, reg_type: 1, event_id: 3, reg_id: 186, reg_value: 53013c, pmu_name: cpu
152 [140597945952000] INFO perfrun.perfcollector <> - DRY_RUN: "reg_type       = 1	event_id       = 4	reg_id         = 187	reg_value      = 53023c"
152 [140597945952000] INFO perfrun.perfcollector <> - Event selector: group_id: 0, reg_type: 1, event_id: 4, reg_id: 187, reg_value: 53023c, pmu_name: cpu
152 [140597945952000] INFO perfrun.perfcollector <> - DRY_RUN: "reg_type       = 1	event_id       = 5	reg_id         = 188	reg_value      = 5302c7"
152 [140597945952000] INFO perfrun.perfcollector <> - Event selector: group_id: 0, reg_type: 1, event_id: 5, reg_id: 188, reg_value: 5302c7, pmu_name: cpu
152 [140597945952000] INFO perfrun.perfcollector <> - DRY_RUN: "reg_type       = 1	event_id       = 6	reg_id         = 189	reg_value      = 5308c7"
152 [140597945952000] INFO perfrun.perfcollector <> - Event selector: group_id: 0, reg_type: 1, event_id: 6, reg_id: 189, reg_value: 5308c7, pmu_name: cpu
152 [140597945952000] INFO perfrun.perfcollector <> - DRY_RUN: "reg_type       = 1	event_id       = 7	reg_id         = 18a	reg_value      = 5320c7"
152 [140597945952000] INFO perfrun.perfcollector <> - Event selector: group_id: 0, reg_type: 1, event_id: 7, reg_id: 18a, reg_value: 5320c7, pmu_name: cpu
152 [140597945952000] INFO perfrun.perfcollector <> - DRY_RUN: "reg_type       = 1	event_id       = 8	reg_id         = 18b	reg_value      = 5301c7"
152 [140597945952000] INFO perfrun.perfcollector <> - Event selector: group_id: 0, reg_type: 1, event_id: 8, reg_id: 18b, reg_value: 5301c7, pmu_name: cpu
152 [140597945952000] INFO perfrun.perfcollector <> - DRY_RUN: "reg_type       = 1	event_id       = 9	reg_id         = 18c	reg_value      = 5304c7"
152 [140597945952000] INFO perfrun.perfcollector <> - Event selector: group_id: 0, reg_type: 1, event_id: 9, reg_id: 18c, reg_value: 5304c7, pmu_name: cpu
152 [140597945952000] INFO perfrun.perfcollector <> - DRY_RUN: "reg_type       = 1	event_id       = 10	reg_id         = 18d	reg_value      = 5310c7"
152 [140597945952000] INFO perfrun.perfcollector <> - Event selector: group_id: 0, reg_type: 1, event_id: 10, reg_id: 18d, reg_value: 5310c7, pmu_name: cpu
152 [140597945952000] INFO perfrun.perfcollector <> - DRY_RUN: "ESCR"
152 [140597945952000] INFO perfrun.perfcollector <> - DRY_RUN: "reg_type       = 2	event_id       = g	reg_id         = 1c8	reg_value      = 0"
152 [140597945952000] INFO perfrun.perfcollector <> - eventId: g, skip parsing event_id
152 [140597945952000] INFO perfrun.perfcollector <> - DRY_RUN: "DATA"
152 [140597945952000] INFO perfrun.perfcollector <> - DRY_RUN: "reg_type       = 4	event_id       = 2	reg_id         = 309	reg_value      = ffffffcf2c00"
152 [140597945952000] INFO perfrun.perfcollector <> - eventId: 2, dataAddr: 309, dataVal: ffffffcf2c00
152 [140597945952000] INFO perfrun.perfcollector <> - DRY_RUN: "reg_type       = 4	event_id       = 0	reg_id         = 30a	reg_value      = ffffffe17b7d"
152 [140597945952000] INFO perfrun.perfcollector <> - eventId: 0, dataAddr: 30a, dataVal: ffffffe17b7d
152 [140597945952000] INFO perfrun.perfcollector <> - DRY_RUN: "reg_type       = 4	event_id       = 1	reg_id         = 30b	reg_value      = ffffffcf2c00"
152 [140597945952000] INFO perfrun.perfcollector <> - eventId: 1, dataAddr: 30b, dataVal: ffffffcf2c00
152 [140597945952000] INFO perfrun.perfcollector <> - DRY_RUN: "reg_type       = 4	event_id       = 3	reg_id         = c1	reg_value      = ffffffff9e55"
152 [140597945952000] INFO perfrun.perfcollector <> - eventId: 3, dataAddr: c1, dataVal: ffffffff9e55
152 [140597945952000] INFO perfrun.perfcollector <> - DRY_RUN: "reg_type       = 4	event_id       = 4	reg_id         = c2	reg_value      = ffffffff9e55"
152 [140597945952000] INFO perfrun.perfcollector <> - eventId: 4, dataAddr: c2, dataVal: ffffffff9e55
152 [140597945952000] INFO perfrun.perfcollector <> - DRY_RUN: "reg_type       = 4	event_id       = 5	reg_id         = c3	reg_value      = ffffffe17b7d"
152 [140597945952000] INFO perfrun.perfcollector <> - eventId: 5, dataAddr: c3, dataVal: ffffffe17b7d
152 [140597945952000] INFO perfrun.perfcollector <> - DRY_RUN: "reg_type       = 4	event_id       = 6	reg_id         = c4	reg_value      = ffffffe17b7d"
152 [140597945952000] INFO perfrun.perfcollector <> - eventId: 6, dataAddr: c4, dataVal: ffffffe17b7d
152 [140597945952000] INFO perfrun.perfcollector <> - DRY_RUN: "reg_type       = 4	event_id       = 7	reg_id         = c5	reg_value      = ffffffe17b7d"
152 [140597945952000] INFO perfrun.perfcollector <> - eventId: 7, dataAddr: c5, dataVal: ffffffe17b7d
153 [140597945952000] INFO perfrun.perfcollector <> - DRY_RUN: "reg_type       = 4	event_id       = 8	reg_id         = c6	reg_value      = ffffffe17b7d"
153 [140597945952000] INFO perfrun.perfcollector <> - eventId: 8, dataAddr: c6, dataVal: ffffffe17b7d
153 [140597945952000] INFO perfrun.perfcollector <> - DRY_RUN: "reg_type       = 4	event_id       = 9	reg_id         = c7	reg_value      = ffffffe17b7d"
153 [140597945952000] INFO perfrun.perfcollector <> - eventId: 9, dataAddr: c7, dataVal: ffffffe17b7d
153 [140597945952000] INFO perfrun.perfcollector <> - DRY_RUN: "reg_type       = 4	event_id       = 10	reg_id         = c8	reg_value      = ffffffe17b7d"
153 [140597945952000] INFO perfrun.perfcollector <> - eventId: 10, dataAddr: c8, dataVal: ffffffe17b7d
153 [140597945952000] INFO perfrun.perfcollector <> - DRY_RUN: "Group 1:"
153 [140597945952000] INFO perfrun.perfcollector <> - id: 1
153 [140597945952000] INFO perfrun.perfcollector <> - DRY_RUN: "INST_RETIRED.ANY: event id 2"
153 [140597945952000] INFO perfrun.perfcollector <> - eventName: INST_RETIRED.ANY, eventId: 2
153 [140597945952000] INFO perfrun.perfcollector <> - DRY_RUN: "CPU_CLK_UNHALTED.THREAD: event id 0"
153 [140597945952000] INFO perfrun.perfcollector <> - eventName: CPU_CLK_UNHALTED.THREAD, eventId: 0
153 [140597945952000] INFO perfrun.perfcollector <> - DRY_RUN: "CPU_CLK_UNHALTED.REF_TSC: event id 1"
153 [140597945952000] INFO perfrun.perfcollector <> - eventName: CPU_CLK_UNHALTED.REF_TSC, eventId: 1
153 [140597945952000] INFO perfrun.perfcollector <> - DRY_RUN: "UOPS_EXECUTED.X87: event id 11"
153 [140597945952000] INFO perfrun.perfcollector <> - eventName: UOPS_EXECUTED.X87, eventId: 11
153 [140597945952000] INFO perfrun.perfcollector <> - DRY_RUN: "UOPS_RETIRED.RETIRE_SLOTS: event id 12"
153 [140597945952000] INFO perfrun.perfcollector <> - eventName: UOPS_RETIRED.RETIRE_SLOTS, eventId: 12
153 [140597945952000] INFO perfrun.perfcollector <> - DRY_RUN: "UOPS_EXECUTED.THREAD: event id 13"
153 [140597945952000] INFO perfrun.perfcollector <> - eventName: UOPS_EXECUTED.THREAD, eventId: 13
153 [140597945952000] INFO perfrun.perfcollector <> - DRY_RUN: "CCCR"
153 [140597945952000] INFO perfrun.perfcollector <> - DRY_RUN: "reg_type       = 1	event_id       = g	reg_id         = 38f	reg_value      = 700000007"
153 [140597945952000] INFO perfrun.perfcollector <> - eventId: g, skip parsing event_id
153 [140597945952000] INFO perfrun.perfcollector <> - Register was ignored: group_id: 1, reg_type: 1, event_id: 4294967295, reg_id: 38f, reg_value: 700000007, pmu_name: cpu
153 [140597945952000] INFO perfrun.perfcollector <> - DRY_RUN: "reg_type       = 1	event_id       = g	reg_id         = 390	reg_value      = 700000007"
153 [140597945952000] INFO perfrun.perfcollector <> - eventId: g, skip parsing event_id
153 [140597945952000] INFO perfrun.perfcollector <> - Register was ignored: group_id: 1, reg_type: 1, event_id: 4294967295, reg_id: 390, reg_value: 700000007, pmu_name: cpu
153 [140597945952000] INFO perfrun.perfcollector <> - DRY_RUN: "reg_type       = 1	event_id       = g	reg_id         = 3f1	reg_value      = 0"
153 [140597945952000] INFO perfrun.perfcollector <> - eventId: g, skip parsing event_id
153 [140597945952000] INFO perfrun.perfcollector <> - Register was ignored: group_id: 1, reg_type: 1, event_id: 4294967295, reg_id: 3f1, reg_value: 0, pmu_name: cpu
153 [140597945952000] INFO perfrun.perfcollector <> - DRY_RUN: "reg_type       = 1	event_id       = g	reg_id         = 1d9	reg_value      = 1800"
153 [140597945952000] INFO perfrun.perfcollector <> - eventId: g, skip parsing event_id
153 [140597945952000] INFO perfrun.perfcollector <> - Register was ignored: group_id: 1, reg_type: 1, event_id: 4294967295, reg_id: 1d9, reg_value: 1800, pmu_name: cpu
153 [140597945952000] INFO perfrun.perfcollector <> - DRY_RUN: "reg_type       = 1	event_id       = g	reg_id         = 38d	reg_value      = bbb"
153 [140597945952000] INFO perfrun.perfcollector <> - eventId: g, skip parsing event_id
153 [140597945952000] INFO perfrun.perfcollector <> - Register was ignored: group_id: 1, reg_type: 1, event_id: 4294967295, reg_id: 38d, reg_value: bbb, pmu_name: cpu
153 [140597945952000] INFO perfrun.perfcollector <> - DRY_RUN: "reg_type       = 1	event_id       = 11	reg_id         = 186	reg_value      = 5310b1"
153 [140597945952000] INFO perfrun.perfcollector <> - Event selector: group_id: 1, reg_type: 1, event_id: 11, reg_id: 186, reg_value: 5310b1, pmu_name: cpu
153 [140597945952000] INFO perfrun.perfcollector <> - DRY_RUN: "reg_type       = 1	event_id       = 12	reg_id         = 187	reg_value      = 5302c2"
153 [140597945952000] INFO perfrun.perfcollector <> - Event selector: group_id: 1, reg_type: 1, event_id: 12, reg_id: 187, reg_value: 5302c2, pmu_name: cpu
153 [140597945952000] INFO perfrun.perfcollector <> - DRY_RUN: "reg_type       = 1	event_id       = 13	reg_id         = 188	reg_value      = 5301b1"
153 [140597945952000] INFO perfrun.perfcollector <> - Event selector: group_id: 1, reg_type: 1, event_id: 13, reg_id: 188, reg_value: 5301b1, pmu_name: cpu
153 [140597945952000] INFO perfrun.perfcollector <> - DRY_RUN: "ESCR"
153 [140597945952000] INFO perfrun.perfcollector <> - DRY_RUN: "reg_type       = 2	event_id       = g	reg_id         = 1c8	reg_value      = 0"
154 [140597945952000] INFO perfrun.perfcollector <> - eventId: g, skip parsing event_id
154 [140597945952000] INFO perfrun.perfcollector <> - DRY_RUN: "DATA"
154 [140597945952000] INFO perfrun.perfcollector <> - DRY_RUN: "reg_type       = 4	event_id       = 2	reg_id         = 309	reg_value      = ffffffcf2c00"
154 [140597945952000] INFO perfrun.perfcollector <> - eventId: 2, dataAddr: 309, dataVal: ffffffcf2c00
154 [140597945952000] INFO perfrun.perfcollector <> - DRY_RUN: "reg_type       = 4	event_id       = 0	reg_id         = 30a	reg_value      = ffffffe17b7d"
154 [140597945952000] INFO perfrun.perfcollector <> - eventId: 0, dataAddr: 30a, dataVal: ffffffe17b7d
154 [140597945952000] INFO perfrun.perfcollector <> - DRY_RUN: "reg_type       = 4	event_id       = 1	reg_id         = 30b	reg_value      = ffffffcf2c00"
154 [140597945952000] INFO perfrun.perfcollector <> - eventId: 1, dataAddr: 30b, dataVal: ffffffcf2c00
154 [140597945952000] INFO perfrun.perfcollector <> - DRY_RUN: "reg_type       = 4	event_id       = 11	reg_id         = c1	reg_value      = ffffffe17b7d"
154 [140597945952000] INFO perfrun.perfcollector <> - eventId: 11, dataAddr: c1, dataVal: ffffffe17b7d
154 [140597945952000] INFO perfrun.perfcollector <> - DRY_RUN: "reg_type       = 4	event_id       = 12	reg_id         = c2	reg_value      = ffffffe17b7d"
154 [140597945952000] INFO perfrun.perfcollector <> - eventId: 12, dataAddr: c2, dataVal: ffffffe17b7d
154 [140597945952000] INFO perfrun.perfcollector <> - DRY_RUN: "reg_type       = 4	event_id       = 13	reg_id         = c3	reg_value      = ffffffe17b7d"
154 [140597945952000] INFO perfrun.perfcollector <> - eventId: 13, dataAddr: c3, dataVal: ffffffe17b7d
154 [140597945952000] INFO perfrun.perfcollector <> - event name: CPU_CLK_UNHALTED.THREAD
154 [140597945952000] INFO perfrun.perfcollector <> - pmu config: cpu, m_cccrAddr: ffffffff, m_cccrVal: 0, m_escrAddr: ffffffff, m_escrVal: 0, m_dataAddr: 30a, m_dataVal: ffffffffffe17b7d, m_extPebsVal: 0, m_adtPebsAvail: 0
154 [140597945952000] INFO perfrun.perfcollector <> - config: event: 3c
154 [140597945952000] INFO perfrun.perfcollector <> - config: pc: 0
154 [140597945952000] INFO perfrun.perfcollector <> - config: edge: 0
154 [140597945952000] INFO perfrun.perfcollector <> - config: any: 0
154 [140597945952000] INFO perfrun.perfcollector <> - config1: offcore_rsp: 0
154 [140597945952000] INFO perfrun.perfcollector <> - config1: ldlat: 0
154 [140597945952000] INFO perfrun.perfcollector <> - config: inv: 0
154 [140597945952000] INFO perfrun.perfcollector <> - config: umask: 0
154 [140597945952000] INFO perfrun.perfcollector <> - config1: frontend: 0
154 [140597945952000] INFO perfrun.perfcollector <> - config: cmask: 0
154 [140597945952000] INFO perfrun.perfcollector <> - format: cpu/event=0x3c,name='CPU_CLK_UNHALTED.THREAD'/D
154 [140597945952000] INFO perfrun.perfcollector <> - event name: CPU_CLK_UNHALTED.REF_TSC
154 [140597945952000] INFO perfrun.perfcollector <> - pmu config: cpu, m_cccrAddr: ffffffff, m_cccrVal: 0, m_escrAddr: ffffffff, m_escrVal: 0, m_dataAddr: 30b, m_dataVal: ffffffffffcf2c00, m_extPebsVal: 0, m_adtPebsAvail: 0
154 [140597945952000] INFO perfrun.perfcollector <> - config: event: 0
154 [140597945952000] INFO perfrun.perfcollector <> - config: pc: 0
154 [140597945952000] INFO perfrun.perfcollector <> - config: edge: 0
154 [140597945952000] INFO perfrun.perfcollector <> - config: any: 0
154 [140597945952000] INFO perfrun.perfcollector <> - config1: offcore_rsp: 0
154 [140597945952000] INFO perfrun.perfcollector <> - config1: ldlat: 0
154 [140597945952000] INFO perfrun.perfcollector <> - config: inv: 0
154 [140597945952000] INFO perfrun.perfcollector <> - config: umask: 3
154 [140597945952000] INFO perfrun.perfcollector <> - config1: frontend: 0
154 [140597945952000] INFO perfrun.perfcollector <> - config: cmask: 0
154 [140597945952000] INFO perfrun.perfcollector <> - format: cpu/umask=0x3,name='CPU_CLK_UNHALTED.REF_TSC'/D
154 [140597945952000] INFO perfrun.perfcollector <> - event name: INST_RETIRED.ANY
154 [140597945952000] INFO perfrun.perfcollector <> - pmu config: cpu, m_cccrAddr: ffffffff, m_cccrVal: 0, m_escrAddr: ffffffff, m_escrVal: 0, m_dataAddr: 309, m_dataVal: ffffffffffcf2c00, m_extPebsVal: 0, m_adtPebsAvail: 0
154 [140597945952000] INFO perfrun.perfcollector <> - config: event: c0
154 [140597945952000] INFO perfrun.perfcollector <> - config: pc: 0
154 [140597945952000] INFO perfrun.perfcollector <> - config: edge: 0
154 [140597945952000] INFO perfrun.perfcollector <> - config: any: 0
154 [140597945952000] INFO perfrun.perfcollector <> - config1: offcore_rsp: 0
154 [140597945952000] INFO perfrun.perfcollector <> - config1: ldlat: 0
154 [140597945952000] INFO perfrun.perfcollector <> - config: inv: 0
154 [140597945952000] INFO perfrun.perfcollector <> - config: umask: 0
154 [140597945952000] INFO perfrun.perfcollector <> - config1: frontend: 0
154 [140597945952000] INFO perfrun.perfcollector <> - config: cmask: 0
154 [140597945952000] INFO perfrun.perfcollector <> - format: cpu/event=0xc0,name='INST_RETIRED.ANY'/D
154 [140597945952000] INFO perfrun.perfcollector <> - event name: CPU_CLK_UNHALTED.REF_XCLK
155 [140597945952000] INFO perfrun.perfcollector <> - pmu config: cpu, m_cccrAddr: 186, m_cccrVal: 53013c, m_escrAddr: ffffffff, m_escrVal: 0, m_dataAddr: c1, m_dataVal: ffffffffffff9e55, m_extPebsVal: 0, m_adtPebsAvail: 0
155 [140597945952000] INFO perfrun.perfcollector <> - config: event: 3c
155 [140597945952000] INFO perfrun.perfcollector <> - config: pc: 0
155 [140597945952000] INFO perfrun.perfcollector <> - config: edge: 0
155 [140597945952000] INFO perfrun.perfcollector <> - config: any: 0
155 [140597945952000] INFO perfrun.perfcollector <> - config1: offcore_rsp: 0
155 [140597945952000] INFO perfrun.perfcollector <> - config1: ldlat: 0
155 [140597945952000] INFO perfrun.perfcollector <> - config: inv: 0
155 [140597945952000] INFO perfrun.perfcollector <> - config: umask: 1
155 [140597945952000] INFO perfrun.perfcollector <> - config1: frontend: 0
155 [140597945952000] INFO perfrun.perfcollector <> - config: cmask: 0
155 [140597945952000] INFO perfrun.perfcollector <> - format: cpu/event=0x3c,umask=0x1,name='CPU_CLK_UNHALTED.REF_XCLK'/
155 [140597945952000] INFO perfrun.perfcollector <> - event name: CPU_CLK_UNHALTED.ONE_THREAD_ACTIVE
155 [140597945952000] INFO perfrun.perfcollector <> - pmu config: cpu, m_cccrAddr: 187, m_cccrVal: 53023c, m_escrAddr: ffffffff, m_escrVal: 0, m_dataAddr: c2, m_dataVal: ffffffffffff9e55, m_extPebsVal: 0, m_adtPebsAvail: 0
155 [140597945952000] INFO perfrun.perfcollector <> - config: event: 3c
155 [140597945952000] INFO perfrun.perfcollector <> - config: pc: 0
155 [140597945952000] INFO perfrun.perfcollector <> - config: edge: 0
155 [140597945952000] INFO perfrun.perfcollector <> - config: any: 0
155 [140597945952000] INFO perfrun.perfcollector <> - config1: offcore_rsp: 0
155 [140597945952000] INFO perfrun.perfcollector <> - config1: ldlat: 0
155 [140597945952000] INFO perfrun.perfcollector <> - config: inv: 0
155 [140597945952000] INFO perfrun.perfcollector <> - config: umask: 2
155 [140597945952000] INFO perfrun.perfcollector <> - config1: frontend: 0
155 [140597945952000] INFO perfrun.perfcollector <> - config: cmask: 0
155 [140597945952000] INFO perfrun.perfcollector <> - format: cpu/event=0x3c,umask=0x2,name='CPU_CLK_UNHALTED.ONE_THREAD_ACTIVE'/
155 [140597945952000] INFO perfrun.perfcollector <> - event name: FP_ARITH_INST_RETIRED.SCALAR_SINGLE
155 [140597945952000] INFO perfrun.perfcollector <> - pmu config: cpu, m_cccrAddr: 188, m_cccrVal: 5302c7, m_escrAddr: ffffffff, m_escrVal: 0, m_dataAddr: c3, m_dataVal: ffffffffffe17b7d, m_extPebsVal: 0, m_adtPebsAvail: 0
155 [140597945952000] INFO perfrun.perfcollector <> - config: event: c7
155 [140597945952000] INFO perfrun.perfcollector <> - config: pc: 0
155 [140597945952000] INFO perfrun.perfcollector <> - config: edge: 0
155 [140597945952000] INFO perfrun.perfcollector <> - config: any: 0
155 [140597945952000] INFO perfrun.perfcollector <> - config1: offcore_rsp: 0
155 [140597945952000] INFO perfrun.perfcollector <> - config1: ldlat: 0
155 [140597945952000] INFO perfrun.perfcollector <> - config: inv: 0
155 [140597945952000] INFO perfrun.perfcollector <> - config: umask: 2
155 [140597945952000] INFO perfrun.perfcollector <> - config1: frontend: 0
155 [140597945952000] INFO perfrun.perfcollector <> - config: cmask: 0
155 [140597945952000] INFO perfrun.perfcollector <> - format: cpu/event=0xc7,umask=0x2,name='FP_ARITH_INST_RETIRED.SCALAR_SINGLE'/
155 [140597945952000] INFO perfrun.perfcollector <> - event name: FP_ARITH_INST_RETIRED.128B_PACKED_SINGLE
155 [140597945952000] INFO perfrun.perfcollector <> - pmu config: cpu, m_cccrAddr: 189, m_cccrVal: 5308c7, m_escrAddr: ffffffff, m_escrVal: 0, m_dataAddr: c4, m_dataVal: ffffffffffe17b7d, m_extPebsVal: 0, m_adtPebsAvail: 0
155 [140597945952000] INFO perfrun.perfcollector <> - config: event: c7
155 [140597945952000] INFO perfrun.perfcollector <> - config: pc: 0
155 [140597945952000] INFO perfrun.perfcollector <> - config: edge: 0
155 [140597945952000] INFO perfrun.perfcollector <> - config: any: 0
155 [140597945952000] INFO perfrun.perfcollector <> - config1: offcore_rsp: 0
155 [140597945952000] INFO perfrun.perfcollector <> - config1: ldlat: 0
155 [140597945952000] INFO perfrun.perfcollector <> - config: inv: 0
155 [140597945952000] INFO perfrun.perfcollector <> - config: umask: 8
155 [140597945952000] INFO perfrun.perfcollector <> - config1: frontend: 0
155 [140597945952000] INFO perfrun.perfcollector <> - config: cmask: 0
155 [140597945952000] INFO perfrun.perfcollector <> - format: cpu/event=0xc7,umask=0x8,name='FP_ARITH_INST_RETIRED.128B_PACKED_SINGLE'/
155 [140597945952000] INFO perfrun.perfcollector <> - event name: FP_ARITH_INST_RETIRED.256B_PACKED_SINGLE
155 [140597945952000] INFO perfrun.perfcollector <> - pmu config: cpu, m_cccrAddr: 18a, m_cccrVal: 5320c7, m_escrAddr: ffffffff, m_escrVal: 0, m_dataAddr: c5, m_dataVal: ffffffffffe17b7d, m_extPebsVal: 0, m_adtPebsAvail: 0
155 [140597945952000] INFO perfrun.perfcollector <> - config: event: c7
155 [140597945952000] INFO perfrun.perfcollector <> - config: pc: 0
155 [140597945952000] INFO perfrun.perfcollector <> - config: edge: 0
155 [140597945952000] INFO perfrun.perfcollector <> - config: any: 0
155 [140597945952000] INFO perfrun.perfcollector <> - config1: offcore_rsp: 0
155 [140597945952000] INFO perfrun.perfcollector <> - config1: ldlat: 0
155 [140597945952000] INFO perfrun.perfcollector <> - config: inv: 0
155 [140597945952000] INFO perfrun.perfcollector <> - config: umask: 20
155 [140597945952000] INFO perfrun.perfcollector <> - config1: frontend: 0
156 [140597945952000] INFO perfrun.perfcollector <> - config: cmask: 0
156 [140597945952000] INFO perfrun.perfcollector <> - format: cpu/event=0xc7,umask=0x20,name='FP_ARITH_INST_RETIRED.256B_PACKED_SINGLE'/
156 [140597945952000] INFO perfrun.perfcollector <> - event name: FP_ARITH_INST_RETIRED.SCALAR_DOUBLE
156 [140597945952000] INFO perfrun.perfcollector <> - pmu config: cpu, m_cccrAddr: 18b, m_cccrVal: 5301c7, m_escrAddr: ffffffff, m_escrVal: 0, m_dataAddr: c6, m_dataVal: ffffffffffe17b7d, m_extPebsVal: 0, m_adtPebsAvail: 0
156 [140597945952000] INFO perfrun.perfcollector <> - config: event: c7
156 [140597945952000] INFO perfrun.perfcollector <> - config: pc: 0
156 [140597945952000] INFO perfrun.perfcollector <> - config: edge: 0
156 [140597945952000] INFO perfrun.perfcollector <> - config: any: 0
156 [140597945952000] INFO perfrun.perfcollector <> - config1: offcore_rsp: 0
156 [140597945952000] INFO perfrun.perfcollector <> - config1: ldlat: 0
156 [140597945952000] INFO perfrun.perfcollector <> - config: inv: 0
156 [140597945952000] INFO perfrun.perfcollector <> - config: umask: 1
156 [140597945952000] INFO perfrun.perfcollector <> - config1: frontend: 0
156 [140597945952000] INFO perfrun.perfcollector <> - config: cmask: 0
156 [140597945952000] INFO perfrun.perfcollector <> - format: cpu/event=0xc7,umask=0x1,name='FP_ARITH_INST_RETIRED.SCALAR_DOUBLE'/
156 [140597945952000] INFO perfrun.perfcollector <> - event name: FP_ARITH_INST_RETIRED.128B_PACKED_DOUBLE
156 [140597945952000] INFO perfrun.perfcollector <> - pmu config: cpu, m_cccrAddr: 18c, m_cccrVal: 5304c7, m_escrAddr: ffffffff, m_escrVal: 0, m_dataAddr: c7, m_dataVal: ffffffffffe17b7d, m_extPebsVal: 0, m_adtPebsAvail: 0
156 [140597945952000] INFO perfrun.perfcollector <> - config: event: c7
156 [140597945952000] INFO perfrun.perfcollector <> - config: pc: 0
156 [140597945952000] INFO perfrun.perfcollector <> - config: edge: 0
156 [140597945952000] INFO perfrun.perfcollector <> - config: any: 0
156 [140597945952000] INFO perfrun.perfcollector <> - config1: offcore_rsp: 0
156 [140597945952000] INFO perfrun.perfcollector <> - config1: ldlat: 0
156 [140597945952000] INFO perfrun.perfcollector <> - config: inv: 0
156 [140597945952000] INFO perfrun.perfcollector <> - config: umask: 4
156 [140597945952000] INFO perfrun.perfcollector <> - config1: frontend: 0
156 [140597945952000] INFO perfrun.perfcollector <> - config: cmask: 0
156 [140597945952000] INFO perfrun.perfcollector <> - format: cpu/event=0xc7,umask=0x4,name='FP_ARITH_INST_RETIRED.128B_PACKED_DOUBLE'/
156 [140597945952000] INFO perfrun.perfcollector <> - event name: FP_ARITH_INST_RETIRED.256B_PACKED_DOUBLE
156 [140597945952000] INFO perfrun.perfcollector <> - pmu config: cpu, m_cccrAddr: 18d, m_cccrVal: 5310c7, m_escrAddr: ffffffff, m_escrVal: 0, m_dataAddr: c8, m_dataVal: ffffffffffe17b7d, m_extPebsVal: 0, m_adtPebsAvail: 0
156 [140597945952000] INFO perfrun.perfcollector <> - config: event: c7
156 [140597945952000] INFO perfrun.perfcollector <> - config: pc: 0
156 [140597945952000] INFO perfrun.perfcollector <> - config: edge: 0
156 [140597945952000] INFO perfrun.perfcollector <> - config: any: 0
156 [140597945952000] INFO perfrun.perfcollector <> - config1: offcore_rsp: 0
156 [140597945952000] INFO perfrun.perfcollector <> - config1: ldlat: 0
156 [140597945952000] INFO perfrun.perfcollector <> - config: inv: 0
156 [140597945952000] INFO perfrun.perfcollector <> - config: umask: 10
156 [140597945952000] INFO perfrun.perfcollector <> - config1: frontend: 0
156 [140597945952000] INFO perfrun.perfcollector <> - config: cmask: 0
156 [140597945952000] INFO perfrun.perfcollector <> - format: cpu/event=0xc7,umask=0x10,name='FP_ARITH_INST_RETIRED.256B_PACKED_DOUBLE'/
156 [140597945952000] INFO perfrun.perfcollector <> - event name: UOPS_EXECUTED.X87
156 [140597945952000] INFO perfrun.perfcollector <> - pmu config: cpu, m_cccrAddr: 186, m_cccrVal: 5310b1, m_escrAddr: ffffffff, m_escrVal: 0, m_dataAddr: c1, m_dataVal: ffffffffffe17b7d, m_extPebsVal: 0, m_adtPebsAvail: 0
156 [140597945952000] INFO perfrun.perfcollector <> - config: event: b1
156 [140597945952000] INFO perfrun.perfcollector <> - config: pc: 0
156 [140597945952000] INFO perfrun.perfcollector <> - config: edge: 0
156 [140597945952000] INFO perfrun.perfcollector <> - config: any: 0
156 [140597945952000] INFO perfrun.perfcollector <> - config1: offcore_rsp: 0
156 [140597945952000] INFO perfrun.perfcollector <> - config1: ldlat: 0
156 [140597945952000] INFO perfrun.perfcollector <> - config: inv: 0
156 [140597945952000] INFO perfrun.perfcollector <> - config: umask: 10
156 [140597945952000] INFO perfrun.perfcollector <> - config1: frontend: 0
156 [140597945952000] INFO perfrun.perfcollector <> - config: cmask: 0
156 [140597945952000] INFO perfrun.perfcollector <> - format: cpu/event=0xb1,umask=0x10,name='UOPS_EXECUTED.X87'/
156 [140597945952000] INFO perfrun.perfcollector <> - event name: UOPS_RETIRED.RETIRE_SLOTS
156 [140597945952000] INFO perfrun.perfcollector <> - pmu config: cpu, m_cccrAddr: 187, m_cccrVal: 5302c2, m_escrAddr: ffffffff, m_escrVal: 0, m_dataAddr: c2, m_dataVal: ffffffffffe17b7d, m_extPebsVal: 0, m_adtPebsAvail: 0
156 [140597945952000] INFO perfrun.perfcollector <> - config: event: c2
156 [140597945952000] INFO perfrun.perfcollector <> - config: pc: 0
156 [140597945952000] INFO perfrun.perfcollector <> - config: edge: 0
156 [140597945952000] INFO perfrun.perfcollector <> - config: any: 0
156 [140597945952000] INFO perfrun.perfcollector <> - config1: offcore_rsp: 0
156 [140597945952000] INFO perfrun.perfcollector <> - config1: ldlat: 0
157 [140597945952000] INFO perfrun.perfcollector <> - config: inv: 0
157 [140597945952000] INFO perfrun.perfcollector <> - config: umask: 2
157 [140597945952000] INFO perfrun.perfcollector <> - config1: frontend: 0
157 [140597945952000] INFO perfrun.perfcollector <> - config: cmask: 0
157 [140597945952000] INFO perfrun.perfcollector <> - format: cpu/event=0xc2,umask=0x2,name='UOPS_RETIRED.RETIRE_SLOTS'/
157 [140597945952000] INFO perfrun.perfcollector <> - event name: UOPS_EXECUTED.THREAD
157 [140597945952000] INFO perfrun.perfcollector <> - pmu config: cpu, m_cccrAddr: 188, m_cccrVal: 5301b1, m_escrAddr: ffffffff, m_escrVal: 0, m_dataAddr: c3, m_dataVal: ffffffffffe17b7d, m_extPebsVal: 0, m_adtPebsAvail: 0
157 [140597945952000] INFO perfrun.perfcollector <> - config: event: b1
157 [140597945952000] INFO perfrun.perfcollector <> - config: pc: 0
157 [140597945952000] INFO perfrun.perfcollector <> - config: edge: 0
157 [140597945952000] INFO perfrun.perfcollector <> - config: any: 0
157 [140597945952000] INFO perfrun.perfcollector <> - config1: offcore_rsp: 0
157 [140597945952000] INFO perfrun.perfcollector <> - config1: ldlat: 0
157 [140597945952000] INFO perfrun.perfcollector <> - config: inv: 0
157 [140597945952000] INFO perfrun.perfcollector <> - config: umask: 1
157 [140597945952000] INFO perfrun.perfcollector <> - config1: frontend: 0
157 [140597945952000] INFO perfrun.perfcollector <> - config: cmask: 0
157 [140597945952000] INFO perfrun.perfcollector <> - format: cpu/event=0xb1,umask=0x1,name='UOPS_EXECUTED.THREAD'/
157 [140597945952000] INFO perfrun.perfcollector <> - event: cpu/event=0x3c,name='CPU_CLK_UNHALTED.THREAD'/Duk, added for counting
157 [140597945952000] INFO perfrun.perfcollector <> - event: cpu/umask=0x3,name='CPU_CLK_UNHALTED.REF_TSC'/Duk, added for counting
157 [140597945952000] INFO perfrun.perfcollector <> - event: cpu/event=0xc0,name='INST_RETIRED.ANY'/Duk, added for counting
157 [140597945952000] INFO perfrun.perfcollector <> - event: cpu/event=0x3c,umask=0x1,name='CPU_CLK_UNHALTED.REF_XCLK'/uk, added for counting
157 [140597945952000] INFO perfrun.perfcollector <> - event: cpu/event=0x3c,umask=0x2,name='CPU_CLK_UNHALTED.ONE_THREAD_ACTIVE'/uk, added for counting
157 [140597945952000] INFO perfrun.perfcollector <> - event: cpu/event=0xc7,umask=0x2,name='FP_ARITH_INST_RETIRED.SCALAR_SINGLE'/uk, added for counting
157 [140597945952000] INFO perfrun.perfcollector <> - event: cpu/event=0xc7,umask=0x8,name='FP_ARITH_INST_RETIRED.128B_PACKED_SINGLE'/uk, added for counting
157 [140597945952000] INFO perfrun.perfcollector <> - event: cpu/event=0xc7,umask=0x20,name='FP_ARITH_INST_RETIRED.256B_PACKED_SINGLE'/uk, added for counting
157 [140597945952000] INFO perfrun.perfcollector <> - event: cpu/event=0xc7,umask=0x1,name='FP_ARITH_INST_RETIRED.SCALAR_DOUBLE'/uk, added for counting
157 [140597945952000] INFO perfrun.perfcollector <> - event: cpu/event=0xc7,umask=0x4,name='FP_ARITH_INST_RETIRED.128B_PACKED_DOUBLE'/uk, added for counting
157 [140597945952000] INFO perfrun.perfcollector <> - event: cpu/event=0xc7,umask=0x10,name='FP_ARITH_INST_RETIRED.256B_PACKED_DOUBLE'/uk, added for counting
157 [140597945952000] INFO perfrun.perfcollector <> - event: cpu/event=0xb1,umask=0x10,name='UOPS_EXECUTED.X87'/uk, added for counting
157 [140597945952000] INFO perfrun.perfcollector <> - event: cpu/event=0xc2,umask=0x2,name='UOPS_RETIRED.RETIRE_SLOTS'/uk, added for counting
157 [140597945952000] INFO perfrun.perfcollector <> - event: cpu/event=0xb1,umask=0x1,name='UOPS_EXECUTED.THREAD'/uk, added for counting
158 [140597937559296] WARN perfrun.perfcollector <> - Perf stat trace pipe capacity: read = 1048576, write = 1048576, at file: vcs/perfrun1/plugins/perfcollector/src/profiler.cpp:765
159 [140597937559296] INFO perfrun.sdk <> - runCmd: /opt/intel/oneapi/vtune/2023.0.0/bin64/amplxe-perf stat -v --log-fd 11 --scale -x ; -e cpu/event=0x3c,name='CPU_CLK_UNHALTED.THREAD'/Duk,cpu/umask=0x3,name='CPU_CLK_UNHALTED.REF_TSC'/Duk,cpu/event=0xc0,name='INST_RETIRED.ANY'/Duk,cpu/event=0x3c,umask=0x1,name='CPU_CLK_UNHALTED.REF_XCLK'/uk,cpu/event=0x3c,umask=0x2,name='CPU_CLK_UNHALTED.ONE_THREAD_ACTIVE'/uk,cpu/event=0xc7,umask=0x2,name='FP_ARITH_INST_RETIRED.SCALAR_SINGLE'/uk,cpu/event=0xc7,umask=0x8,name='FP_ARITH_INST_RETIRED.128B_PACKED_SINGLE'/uk,cpu/event=0xc7,umask=0x20,name='FP_ARITH_INST_RETIRED.256B_PACKED_SINGLE'/uk,cpu/event=0xc7,umask=0x1,name='FP_ARITH_INST_RETIRED.SCALAR_DOUBLE'/uk,cpu/event=0xc7,umask=0x4,name='FP_ARITH_INST_RETIRED.128B_PACKED_DOUBLE'/uk,cpu/event=0xc7,umask=0x10,name='FP_ARITH_INST_RETIRED.256B_PACKED_DOUBLE'/uk,cpu/event=0xb1,umask=0x10,name='UOPS_EXECUTED.X87'/uk,cpu/event=0xc2,umask=0x2,name='UOPS_RETIRED.RETIRE_SLOTS'/uk,cpu/event=0xb1,umask=0x1,name='UOPS_EXECUTED.THREAD'/uk /opt/intel/oneapi/vtune/2023.0.0/bin64/amplxe-perf-sync dryrun tsc
160 [140597937559296] INFO perfrun.sdk <> - runCmd started PID 469721
218 [140597937559296] INFO perfrun.perfcollector <> - Monitor: runCmd RC = true
218 [140597945952000] INFO perfrun.launcher <> - plugin [aoclprofile] was disabled because it doesn't support the given collection type.
218 [140597945952000] INFO perfrun.tpss <> - initialize tpss controller
218 [140597945952000] INFO perfrun.tpss <> - configure collection mode: value = cpu:counters:nostack
220 [140597945952000] INFO perfrun.tpss <> - configure collection mode: value = cpu:stack
220 [140597945952000] INFO perfrun.tpss <> - default obj-size-min=1024
220 [140597945952000] INFO perfrun.tpss <> - default hash-table-size=0
220 [140597945952000] INFO perfrun.launcher <> - plugin [media] was disabled because it doesn't support the given collection type.
220 [140597945952000] INFO perfrun.launcher <> - plugin [] was disabled because it doesn't support the given collection type.
220 [140597945952000] INFO perfrun.launcher <> - plugin [] was disabled because it doesn't support the given collection type.
220 [140597945952000] INFO perfrun.launcher <> - plugin [parallelfs] was disabled because it doesn't support the given collection type.
220 [140597945952000] INFO perfrun.launcher <> - plugin [power] was disabled because it doesn't support the given collection type.
220 [140597945952000] INFO perfrun.launcher <> - plugin [hwloc] was disabled because it doesn't support the given collection type.
220 [140597945952000] INFO perfrun.launcher <> - plugin [ipmwatch] was disabled because it doesn't support the given collection type.
220 [140597945952000] INFO perfrun.launcher <> - plugin [os_counters] was disabled because it doesn't support the given collection type.
220 [140597945952000] INFO perfrun.launcher <> - plugin [l0_metrics] was disabled because it doesn't support the given collection type.
221 [140598093539200] INFO perfrun.launcher <> - set environment variable: LD_LIBRARY_PATH = /opt/intel/oneapi/vtune/2023.0.0/lib32/runtime:/opt/intel/oneapi/vtune/2023.0.0/lib64/runtime:/opt/intel/oneapi/vpl/2023.0.0/lib:/opt/intel/oneapi/tbb/2021.8.0/env/../lib/intel64/gcc4.8:/opt/intel/oneapi/mpi/2021.8.0//libfabric/lib:/opt/intel/oneapi/mpi/2021.8.0//lib/release:/opt/intel/oneapi/mpi/2021.8.0//lib:/opt/intel/oneapi/mkl/2023.0.0/lib/intel64:/opt/intel/oneapi/itac/2021.8.0/slib:/opt/intel/oneapi/ipp/2021.7.0/lib/intel64:/opt/intel/oneapi/ippcp/2021.6.3/lib/intel64:/opt/intel/oneapi/ipp/2021.7.0/lib/intel64:/opt/intel/oneapi/dnnl/2023.0.0/cpu_dpcpp_gpu_dpcpp/lib:/opt/intel/oneapi/debugger/2023.0.0/gdb/intel64/lib:/opt/intel/oneapi/debugger/2023.0.0/libipt/intel64/lib:/opt/intel/oneapi/debugger/2023.0.0/dep/lib:/opt/intel/oneapi/dal/2023.0.0/lib/intel64:/opt/intel/oneapi/compiler/2023.0.0/linux/lib:/opt/intel/oneapi/compiler/2023.0.0/linux/lib/x64:/opt/intel/oneapi/compiler/2023.0.0/linux/lib/oclfpga/host/linux64/lib:/opt/intel/oneapi/compiler/2023.0.0/linux/compiler/lib/intel64_lin:/opt/intel/oneapi/ccl/2021.8.0/lib/cpu_gpu_dpcpp
221 [140598093539200] INFO perfrun.launcher <> - set environment variable: INTEL_LIBITTNOTIFY32 = /opt/intel/oneapi/vtune/2023.0.0/lib32/runtime/libittnotify_collector.so
221 [140598093539200] INFO perfrun.launcher <> - set environment variable: INTEL_LIBITTNOTIFY64 = /opt/intel/oneapi/vtune/2023.0.0/lib64/runtime/libittnotify_collector.so
221 [140598093539200] INFO perfrun.launcher <> - set environment variable: INTEL_ITTNOTIFY_GROUPS = 
221 [140598093539200] INFO perfrun.launcher <> - set environment variable: INTEL_JIT_PROFILER32 = /opt/intel/oneapi/vtune/2023.0.0/lib32/runtime/libittnotify_collector.so
221 [140598093539200] INFO perfrun.launcher <> - set environment variable: INTEL_JIT_PROFILER64 = /opt/intel/oneapi/vtune/2023.0.0/lib64/runtime/libittnotify_collector.so
221 [140598093539200] INFO perfrun.launcher <> - set environment variable: OMP_TOOL_LIBRARIES = /opt/intel/oneapi/vtune/2023.0.0/lib32/runtime/libittnotify_collector.so:/opt/intel/oneapi/vtune/2023.0.0/lib64/runtime/libittnotify_collector.so
221 [140598093539200] INFO perfrun.launcher <> - set environment variable: ENABLE_JITPROFILING = 1
221 [140598093539200] INFO perfrun.launcher <> - set environment variable: CL_CONFIG_USE_VTUNE = True
221 [140598093539200] INFO perfrun.launcher <> - set environment variable: KMP_FORKJOIN_FRAMES = 0
221 [140598093539200] INFO perfrun.launcher <> - set environment variable: KMP_FORKJOIN_FRAMES_MODE = 0
221 [140598093539200] INFO perfrun.launcher <> - set environment variable: OMP_TOOL = disabled
221 [140598093539200] INFO perfrun.launcher <> - set environment variable: INTEL_MRTE_DATA_DIR = /tmp/amplxe-tmp-le34xoh/amplxe-res-469714-519652484767039/data.0
221 [140598093539200] INFO perfrun.launcher <> - set environment variable: INTEL_MRTE_HOST_NAME = ppc806
221 [140598093539200] INFO perfrun.launcher <> - set environment variable: JAVA_TOOL_OPTIONS = -agentlib:amplxe_tpssmrte_javaprof_1.0 -Dsun.boot.library.path=/opt/intel/oneapi/vtune/2023.0.0/lib32/runtime:/opt/intel/oneapi/vtune/2023.0.0/lib64/runtime
221 [140598093539200] INFO perfrun.launcher <> - set environment variable: LD_LIBRARY_PATH = /opt/intel/oneapi/vtune/2023.0.0/lib32/runtime:/opt/intel/oneapi/vtune/2023.0.0/lib64/runtime:/opt/intel/oneapi/vpl/2023.0.0/lib:/opt/intel/oneapi/tbb/2021.8.0/env/../lib/intel64/gcc4.8:/opt/intel/oneapi/mpi/2021.8.0//libfabric/lib:/opt/intel/oneapi/mpi/2021.8.0//lib/release:/opt/intel/oneapi/mpi/2021.8.0//lib:/opt/intel/oneapi/mkl/2023.0.0/lib/intel64:/opt/intel/oneapi/itac/2021.8.0/slib:/opt/intel/oneapi/ipp/2021.7.0/lib/intel64:/opt/intel/oneapi/ippcp/2021.6.3/lib/intel64:/opt/intel/oneapi/ipp/2021.7.0/lib/intel64:/opt/intel/oneapi/dnnl/2023.0.0/cpu_dpcpp_gpu_dpcpp/lib:/opt/intel/oneapi/debugger/2023.0.0/gdb/intel64/lib:/opt/intel/oneapi/debugger/2023.0.0/libipt/intel64/lib:/opt/intel/oneapi/debugger/2023.0.0/dep/lib:/opt/intel/oneapi/dal/2023.0.0/lib/intel64:/opt/intel/oneapi/compiler/2023.0.0/linux/lib:/opt/intel/oneapi/compiler/2023.0.0/linux/lib/x64:/opt/intel/oneapi/compiler/2023.0.0/linux/lib/oclfpga/host/linux64/lib:/opt/intel/oneapi/compiler/2023.0.0/linux/compiler/lib/intel64_lin:/opt/intel/oneapi/ccl/2021.8.0/lib/cpu_gpu_dpcpp
221 [140598093539200] INFO perfrun.launcher <> - set environment variable: CORECLR_ENABLE_PROFILING = 1
221 [140598093539200] INFO perfrun.launcher <> - set environment variable: CORECLR_PROFILER = {AA5E4821-E3B1-479c-B7FF-5AD047D22CED}
221 [140598093539200] INFO perfrun.launcher <> - set environment variable: CORECLR_PROFILER_PATH = /opt/intel/oneapi/vtune/2023.0.0/lib64/libamplxe_samplingmrte_clrprof_1.0.so
221 [140598093539200] INFO perfrun.launcher <> - set environment variable: INTEL_MRTE_PROFILER_MODE = mixed
221 [140598093539200] INFO perfrun.launcher <> - RpcServer: run RPC server to handle requests
227 [140598093539200] INFO perfrun.launcher <> - Launcher: command line to start before modification = ./cmake-build-relwithdebinfo-intel/Projekt_exec
227 [140598093539200] INFO perfrun.launcher <> - Launcher: command line to start after modification = /opt/intel/oneapi/vtune/2023.0.0/bin64/pin -error_file /tmp/amplxe-tmp-le34xoh/amplxe-res-469714-519652484767039/data.0/pinerr.tpsslog -detach_reattach -follow_execv -tool_load_option deepbind -t64 /opt/intel/oneapi/vtune/2023.0.0/lib64/libtpsstool.so -t /opt/intel/oneapi/vtune/2023.0.0/lib32/libtpsstool.so -server_name tpss_ipc.469714 -prd_dir /opt/intel/oneapi/vtune/2023.0.0 -- ./cmake-build-relwithdebinfo-intel/Projekt_exec
227 [140598093539200] INFO perfrun.launcher <> - ProcessCreator object was created
228 [140598093539200] INFO perfrun.launcher <> - Launcher: the process was started in suspend mode
229 [140597945952000] WARN perfrun.system <> - Could not do anything with /sys/kernel/debug/kvm: boost::filesystem::status: Permission denied: "/sys/kernel/debug/kvm", at file: vcs/perfrun1/plugins/system/src/trace_writer.cpp:787
229 [140597945952000] WARN perfrun.system <> - File "/var/run/libvirt/qemu/driver.xml" doesn't exist, at file: vcs/perfrun1/plugins/system/src/trace_writer.cpp:892
229 [140597945952000] WARN perfrun.sdk <> - Failed to find xl binary on any of the system paths: /bin, /sbin, /usr/bin, /usr/sbin., at file: vcs/perfrun1/sdk/src/utils.cpp:204
229 [140597945952000] WARN perfrun.system <> - Could not start ContainerMapping collector, at file: vcs/perfrun1/plugins/system/src/controller.cpp:448
317 [140597945952000] INFO perfrun.vdso <> - Helper runtool '/opt/intel/oneapi/vtune/2023.0.0/bin32/amplxe-runss -dump-vdso -r /tmp/amplxe-tmp-le34xoh/amplxe-res-469714-519652484767039 --tmp-dir /tmp/amplxe-tmp-le34xoh' returned 0
427 [140597945952000] INFO perfrun.vdso <> - Helper runtool '/opt/intel/oneapi/vtune/2023.0.0/bin64/amplxe-runss -dump-vdso -r /tmp/amplxe-tmp-le34xoh/amplxe-res-469714-519652484767039 --tmp-dir /tmp/amplxe-tmp-le34xoh' returned 0
427 [140597945952000] INFO perfrun.itt <> - start itt controller for pid #469738
427 [140597912381184] WARN perfrun.perfcollector <> - Perf stat trace pipe capacity: read = 1048576, write = 1048576, at file: vcs/perfrun1/plugins/perfcollector/src/profiler.cpp:765
428 [140597912381184] INFO perfrun.sdk <> - runCmd: /opt/intel/oneapi/vtune/2023.0.0/bin64/amplxe-perf stat -v --log-fd 22 --control=fd:23,26 --scale -x ; -p 469738 -e cpu/event=0x3c,name='CPU_CLK_UNHALTED.THREAD'/Duk,cpu/umask=0x3,name='CPU_CLK_UNHALTED.REF_TSC'/Duk,cpu/event=0xc0,name='INST_RETIRED.ANY'/Duk,cpu/event=0x3c,umask=0x1,name='CPU_CLK_UNHALTED.REF_XCLK'/uk,cpu/event=0x3c,umask=0x2,name='CPU_CLK_UNHALTED.ONE_THREAD_ACTIVE'/uk,cpu/event=0xc7,umask=0x2,name='FP_ARITH_INST_RETIRED.SCALAR_SINGLE'/uk,cpu/event=0xc7,umask=0x8,name='FP_ARITH_INST_RETIRED.128B_PACKED_SINGLE'/uk,cpu/event=0xc7,umask=0x20,name='FP_ARITH_INST_RETIRED.256B_PACKED_SINGLE'/uk,cpu/event=0xc7,umask=0x1,name='FP_ARITH_INST_RETIRED.SCALAR_DOUBLE'/uk,cpu/event=0xc7,umask=0x4,name='FP_ARITH_INST_RETIRED.128B_PACKED_DOUBLE'/uk,cpu/event=0xc7,umask=0x10,name='FP_ARITH_INST_RETIRED.256B_PACKED_DOUBLE'/uk,cpu/event=0xb1,umask=0x10,name='UOPS_EXECUTED.X87'/uk,cpu/event=0xc2,umask=0x2,name='UOPS_RETIRED.RETIRE_SLOTS'/uk,cpu/event=0xb1,umask=0x1,name='UOPS_EXECUTED.THREAD'/uk /opt/intel/oneapi/vtune/2023.0.0/bin64/amplxe-perf-sync sync tsc
428 [140597912381184] INFO perfrun.sdk <> - runCmd started PID 469747
452 [140597945952000] INFO perfrun.tpss <> - start tpss controller for pid #469738
503 [140598093539200] INFO perfrun.launcher <> - Launcher: all plugins were started
503 [140598093539200] INFO perfrun.launcher <> - DirectoryMonitor object was created
503 [140598093539200] INFO perfrun.launcher <> - DirectoryMonitor: a callback was added
503 [140598093539200] INFO perfrun.launcher <> - DirectoryMonitor was started with pingTime = 1000
503 [140598093539200] INFO perfrun.launcher <> - DeadlineTimer is going to be constructed
503 [140598093539200] INFO perfrun.launcher <> - DeadlineTimer: a callback was added
521 [140598093539200] INFO perfrun.launcher <> - Launcher: resume the profiled application and  wait its termination or stop command
3218 [140598093539200] INFO perfrun.launcher <> - Launcher: the profiled application was terminated  with exit code = 0
3228 [140597945952000] INFO perfrun.itt <> - detach itt controller
3228 [140597945952000] INFO perfrun.itt <> - detach itt controller done
3232 [140597912381184] INFO perfrun.perfcollector <> - Monitor: runCmd RC = true
3232 [140597945952000] INFO perfrun.perfcollector <> - Monitor: state = 3, error = 1
3232 [140597945952000] INFO perfrun.tpss <> - stop tpss controller
3232 [140597945952000] INFO perfrun.sdk <> - De-allocating TMU: /tmp/amplxe-tmp-le34xoh/amplxe-res-469714-519652484767039/data.0/systemcollector-469714-ppc806.sc
3232 [140597945952000] INFO perfrun.system <> - closed the system trace file: /tmp/amplxe-tmp-le34xoh/amplxe-res-469714-519652484767039/data.0/systemcollector-469714-ppc806.sc
3232 [140598093539200] INFO perfrun.launcher <> - Launcher: all plugins were stopped.
3232 [140598093539200] INFO perfrun.launcher <> - DeadlineTimer is going to be destroyed
3233 [140598093539200] INFO perfrun.launcher <> - DeadlineTimer was destroyed
3233 [140598093539200] INFO perfrun.launcher <> - DirectoryMonitor object was destroyed
3233 [140598093539200] WARN perfrun.launcher <> - Stop command is ignored because it is received when collection is already stopped, at file: vcs/perfrun1/launcher/src/command_handler.cpp:226
3505 [140598093539200] INFO perfrun.launcher <> - Application exit code: 0
3505 [140598093539200] INFO perfrun.launcher <> - Exit code: 0
