
373536 : 0x1bf55f075d185 : 1 : spill_jit_data :  Jit agent is not initialized
373517 : 0x1bf55f076900e : 2 : ittapi_config_mask_get :  --itt-config mask to be applied: 39
373517 : 0x1bf55f076f2da : 2 : ittapi_config_apply_per_lib :  ITTAPI function instrumented: __itt_domain_create
373517 : 0x1bf55f0770fb7 : 2 : ittapi_config_apply_per_lib :  ITTAPI function instrumented: __itt_module_load_with_sections
373517 : 0x1bf55f0772fef : 2 : ittapi_config_apply_per_lib :  ITTAPI function not implemented: __itt_module_unload_with_sections
373517 : 0x1bf55f0774d14 : 2 : ittapi_config_apply_per_lib :  ITTAPI function instrumented: __itt_string_handle_create
373517 : 0x1bf55f0776045 : 2 : ittapi_config_apply_per_lib :  ITTAPI function instrumented: __itt_counter_create
373517 : 0x1bf55f0777309 : 2 : ittapi_config_apply_per_lib :  ITTAPI function instrumented: __itt_counter_create_typed
373517 : 0x1bf55f0782617 : 2 : ittapi_config_apply_per_lib :  ITTAPI function instrumented: __itt_pause
373517 : 0x1bf55f07838f6 : 2 : ittapi_config_apply_per_lib :  ITTAPI function instrumented: __itt_resume
373517 : 0x1bf55f079d2e7 : 2 : ittapi_config_apply_per_lib :  ITTAPI function instrumented: __itt_thread_set_name
373517 : 0x1bf55f079e85e : 2 : ittapi_config_apply_per_lib :  ITTAPI function instrumented: __itt_thread_ignore
373517 : 0x1bf55f079fc93 : 2 : ittapi_config_apply_per_lib :  ITTAPI function instrumented: __itt_thr_name_set
373517 : 0x1bf55f07a16ab : 2 : ittapi_config_apply_per_lib :  ITTAPI function instrumented: __itt_thr_ignore
373517 : 0x1bf55f07a295d : 2 : ittapi_config_apply_per_lib :  ITTAPI function instrumented: __itt_histogram_create
373517 : 0x1bf55f07a4567 : 2 : ittapi_config_apply_per_lib :  ITTAPI function not implemented: __itt_enable_attach
373517 : 0x1bf55f07a5835 : 2 : ittapi_config_apply_per_lib :  ITTAPI function instrumented: __itt_detach
373517 : 0x1bf55f07a6838 : 2 : ittapi_config_apply_per_lib :  ITTAPI function NOT instrumented (not matched by --itt-config option): __itt_sync_create

373517 : 0x1bf55f07a838d : 2 : ittapi_config_apply_per_lib :  ITTAPI function NOT instrumented (not matched by --itt-config option): __itt_sync_rename

373517 : 0x1bf55f07ac282 : 2 : ittapi_config_apply_per_lib :  ITTAPI function NOT instrumented (not matched by --itt-config option): __itt_sync_destroy

373517 : 0x1bf55f07b3e9b : 2 : ittapi_config_apply_per_lib :  ITTAPI function NOT instrumented (not matched by --itt-config option): __itt_sync_prepare

373517 : 0x1bf55f07b4fcc : 2 : ittapi_config_apply_per_lib :  ITTAPI function NOT instrumented (not matched by --itt-config option): __itt_sync_cancel

373517 : 0x1bf55f07b5f1f : 2 : ittapi_config_apply_per_lib :  ITTAPI function NOT instrumented (not matched by --itt-config option): __itt_sync_acquired

373517 : 0x1bf55f07b6e69 : 2 : ittapi_config_apply_per_lib :  ITTAPI function NOT instrumented (not matched by --itt-config option): __itt_sync_releasing

373517 : 0x1bf55f07b84c6 : 2 : ittapi_config_apply_per_lib :  ITTAPI function not implemented: __itt_suppress_push
373517 : 0x1bf55f07b9baa : 2 : ittapi_config_apply_per_lib :  ITTAPI function not implemented: __itt_suppress_pop
373517 : 0x1bf55f07baedd : 2 : ittapi_config_apply_per_lib :  ITTAPI function not implemented: __itt_suppress_mark_range
373517 : 0x1bf55f07bc2af : 2 : ittapi_config_apply_per_lib :  ITTAPI function not implemented: __itt_suppress_clear_range
373517 : 0x1bf55f07bd1c4 : 2 : ittapi_config_apply_per_lib :  ITTAPI function NOT instrumented (not matched by --itt-config option): __itt_sync_prepare

373517 : 0x1bf55f07be0ef : 2 : ittapi_config_apply_per_lib :  ITTAPI function NOT instrumented (not matched by --itt-config option): __itt_sync_cancel

373517 : 0x1bf55f07c450c : 2 : ittapi_config_apply_per_lib :  ITTAPI function NOT instrumented (not matched by --itt-config option): __itt_sync_acquired

373517 : 0x1bf55f07c55d8 : 2 : ittapi_config_apply_per_lib :  ITTAPI function NOT instrumented (not matched by --itt-config option): __itt_sync_releasing

373517 : 0x1bf55f07c660f : 2 : ittapi_config_apply_per_lib :  ITTAPI function NOT instrumented (not matched by --itt-config option): __itt_model_site_begin

373517 : 0x1bf55f07c7610 : 2 : ittapi_config_apply_per_lib :  ITTAPI function NOT instrumented (not matched by --itt-config option): __itt_model_site_end

373517 : 0x1bf55f07c85e9 : 2 : ittapi_config_apply_per_lib :  ITTAPI function NOT instrumented (not matched by --itt-config option): __itt_model_task_begin

373517 : 0x1bf55f07c9522 : 2 : ittapi_config_apply_per_lib :  ITTAPI function NOT instrumented (not matched by --itt-config option): __itt_model_task_end

373517 : 0x1bf55f07ca480 : 2 : ittapi_config_apply_per_lib :  ITTAPI function NOT instrumented (not matched by --itt-config option): __itt_model_lock_acquire

373517 : 0x1bf55f07cb4f7 : 2 : ittapi_config_apply_per_lib :  ITTAPI function NOT instrumented (not matched by --itt-config option): __itt_model_lock_release

373517 : 0x1bf55f07cc3e4 : 2 : ittapi_config_apply_per_lib :  ITTAPI function NOT instrumented (not matched by --itt-config option): __itt_model_record_allocation

373517 : 0x1bf55f07cd2af : 2 : ittapi_config_apply_per_lib :  ITTAPI function NOT instrumented (not matched by --itt-config option): __itt_model_record_deallocation

373517 : 0x1bf55f07d737a : 2 : ittapi_config_apply_per_lib :  ITTAPI function NOT instrumented (not matched by --itt-config option): __itt_model_induction_uses

373517 : 0x1bf55f07d8624 : 2 : ittapi_config_apply_per_lib :  ITTAPI function NOT instrumented (not matched by --itt-config option): __itt_model_reduction_uses

373517 : 0x1bf55f07d9547 : 2 : ittapi_config_apply_per_lib :  ITTAPI function NOT instrumented (not matched by --itt-config option): __itt_model_observe_uses

373517 : 0x1bf55f07da4f9 : 2 : ittapi_config_apply_per_lib :  ITTAPI function NOT instrumented (not matched by --itt-config option): __itt_model_clear_uses

373517 : 0x1bf55f07db483 : 2 : ittapi_config_apply_per_lib :  ITTAPI function NOT instrumented (not matched by --itt-config option): __itt_model_site_beginA

373517 : 0x1bf55f07dc441 : 2 : ittapi_config_apply_per_lib :  ITTAPI function NOT instrumented (not matched by --itt-config option): __itt_model_site_beginAL

373517 : 0x1bf55f07dd33a : 2 : ittapi_config_apply_per_lib :  ITTAPI function NOT instrumented (not matched by --itt-config option): __itt_model_task_beginA

373517 : 0x1bf55f07de24b : 2 : ittapi_config_apply_per_lib :  ITTAPI function NOT instrumented (not matched by --itt-config option): __itt_model_task_beginAL

373517 : 0x1bf55f07df183 : 2 : ittapi_config_apply_per_lib :  ITTAPI function NOT instrumented (not matched by --itt-config option): __itt_model_iteration_taskA

373517 : 0x1bf55f07e0055 : 2 : ittapi_config_apply_per_lib :  ITTAPI function NOT instrumented (not matched by --itt-config option): __itt_model_iteration_taskAL

373517 : 0x1bf55f07e6509 : 2 : ittapi_config_apply_per_lib :  ITTAPI function NOT instrumented (not matched by --itt-config option): __itt_model_site_end_2

373517 : 0x1bf55f07e7581 : 2 : ittapi_config_apply_per_lib :  ITTAPI function NOT instrumented (not matched by --itt-config option): __itt_model_task_end_2

373517 : 0x1bf55f07e844d : 2 : ittapi_config_apply_per_lib :  ITTAPI function NOT instrumented (not matched by --itt-config option): __itt_model_lock_acquire_2

373517 : 0x1bf55f07e938f : 2 : ittapi_config_apply_per_lib :  ITTAPI function NOT instrumented (not matched by --itt-config option): __itt_model_lock_release_2

373517 : 0x1bf55f07ea2ac : 2 : ittapi_config_apply_per_lib :  ITTAPI function NOT instrumented (not matched by --itt-config option): __itt_model_aggregate_task

373517 : 0x1bf55f07eb205 : 2 : ittapi_config_apply_per_lib :  ITTAPI function NOT instrumented (not matched by --itt-config option): __itt_model_disable_push

373517 : 0x1bf55f07ec0de : 2 : ittapi_config_apply_per_lib :  ITTAPI function NOT instrumented (not matched by --itt-config option): __itt_model_disable_pop

373517 : 0x1bf55f07ed49a : 2 : ittapi_config_apply_per_lib :  ITTAPI function instrumented: __itt_heap_function_create
373517 : 0x1bf55f07ee79e : 2 : ittapi_config_apply_per_lib :  ITTAPI function instrumented: __itt_heap_allocate_begin
373517 : 0x1bf55f07ef98f : 2 : ittapi_config_apply_per_lib :  ITTAPI function instrumented: __itt_heap_allocate_end
373517 : 0x1bf55f07f832c : 2 : ittapi_config_apply_per_lib :  ITTAPI function instrumented: __itt_heap_free_begin
373517 : 0x1bf55f07f96f6 : 2 : ittapi_config_apply_per_lib :  ITTAPI function instrumented: __itt_heap_free_end
373517 : 0x1bf55f07fa96d : 2 : ittapi_config_apply_per_lib :  ITTAPI function instrumented: __itt_heap_reallocate_begin
373517 : 0x1bf55f07fd8bc : 2 : ittapi_config_apply_per_lib :  ITTAPI function instrumented: __itt_heap_reallocate_end
373517 : 0x1bf55f07fedcf : 2 : ittapi_config_apply_per_lib :  ITTAPI function not implemented: __itt_heap_internal_access_begin
373517 : 0x1bf55f08001de : 2 : ittapi_config_apply_per_lib :  ITTAPI function not implemented: __itt_heap_internal_access_end
373517 : 0x1bf55f0801519 : 2 : ittapi_config_apply_per_lib :  ITTAPI function not implemented: __itt_heap_record_memory_growth_begin
373517 : 0x1bf55f080281f : 2 : ittapi_config_apply_per_lib :  ITTAPI function not implemented: __itt_heap_record_memory_growth_end
373517 : 0x1bf55f0803bc9 : 2 : ittapi_config_apply_per_lib :  ITTAPI function not implemented: __itt_heap_reset_detection
373517 : 0x1bf55f08050d0 : 2 : ittapi_config_apply_per_lib :  ITTAPI function not implemented: __itt_heap_record
373517 : 0x1bf55f080bdf8 : 2 : ittapi_config_apply_per_lib :  ITTAPI function not implemented: __itt_id_create
373517 : 0x1bf55f080d2da : 2 : ittapi_config_apply_per_lib :  ITTAPI function not implemented: __itt_id_destroy
373517 : 0x1bf55f080e4d2 : 2 : ittapi_config_apply_per_lib :  ITTAPI function instrumented: __itt_get_timestamp
373517 : 0x1bf55f080f74e : 2 : ittapi_config_apply_per_lib :  ITTAPI function not implemented: __itt_region_begin
373517 : 0x1bf55f0810a51 : 2 : ittapi_config_apply_per_lib :  ITTAPI function not implemented: __itt_region_end
373517 : 0x1bf55f0811cca : 2 : ittapi_config_apply_per_lib :  ITTAPI function instrumented: __itt_frame_begin_v3
373517 : 0x1bf55f0813009 : 2 : ittapi_config_apply_per_lib :  ITTAPI function instrumented: __itt_frame_end_v3
373517 : 0x1bf55f081429d : 2 : ittapi_config_apply_per_lib :  ITTAPI function instrumented: __itt_frame_submit_v3
373517 : 0x1bf55f081571a : 2 : ittapi_config_apply_per_lib :  ITTAPI function not implemented: __itt_task_group
373517 : 0x1bf55f08169d2 : 2 : ittapi_config_apply_per_lib :  ITTAPI function instrumented: __itt_task_begin
373517 : 0x1bf55f081cfd1 : 2 : ittapi_config_apply_per_lib :  ITTAPI function instrumented: __itt_task_begin_fn
373517 : 0x1bf55f081e51a : 2 : ittapi_config_apply_per_lib :  ITTAPI function instrumented: __itt_task_end
373517 : 0x1bf55f081f820 : 2 : ittapi_config_apply_per_lib :  ITTAPI function not implemented: __itt_counter_inc_v3
373517 : 0x1bf55f0820ca6 : 2 : ittapi_config_apply_per_lib :  ITTAPI function not implemented: __itt_counter_inc_delta_v3
373517 : 0x1bf55f0822062 : 2 : ittapi_config_apply_per_lib :  ITTAPI function not implemented: __itt_counter_dec_v3
373517 : 0x1bf55f0823322 : 2 : ittapi_config_apply_per_lib :  ITTAPI function not implemented: __itt_counter_dec_delta_v3
373517 : 0x1bf55f082485b : 2 : ittapi_config_apply_per_lib :  ITTAPI function not implemented: __itt_marker
373517 : 0x1bf55f0825a09 : 2 : ittapi_config_apply_per_lib :  ITTAPI function instrumented: __itt_metadata_add
373517 : 0x1bf55f0826dc3 : 2 : ittapi_config_apply_per_lib :  ITTAPI function not implemented: __itt_metadata_str_add
373517 : 0x1bf55f0827fc3 : 2 : ittapi_config_apply_per_lib :  ITTAPI function not implemented: __itt_relation_add_to_current
373517 : 0x1bf55f082e671 : 2 : ittapi_config_apply_per_lib :  ITTAPI function not implemented: __itt_relation_add
373517 : 0x1bf55f082f9b2 : 2 : ittapi_config_apply_per_lib :  ITTAPI function instrumented: __itt_event_create
373517 : 0x1bf55f0832824 : 2 : ittapi_config_apply_per_lib :  ITTAPI function instrumented: __itt_event_start
373517 : 0x1bf55f0833aee : 2 : ittapi_config_apply_per_lib :  ITTAPI function instrumented: __itt_event_end
373517 : 0x1bf55f0834a65 : 2 : ittapi_config_apply_per_lib :  ITTAPI function NOT instrumented (not matched by --itt-config option): __itt_sync_set_name

373517 : 0x1bf55f0835c40 : 2 : ittapi_config_apply_per_lib :  ITTAPI function NOT instrumented (not matched by --itt-config option): __itt_notify_sync_name

373517 : 0x1bf55f0836b8d : 2 : ittapi_config_apply_per_lib :  ITTAPI function NOT instrumented (not matched by --itt-config option): __itt_notify_sync_prepare

373517 : 0x1bf55f0837b1b : 2 : ittapi_config_apply_per_lib :  ITTAPI function NOT instrumented (not matched by --itt-config option): __itt_notify_sync_cancel

373517 : 0x1bf55f0838a12 : 2 : ittapi_config_apply_per_lib :  ITTAPI function NOT instrumented (not matched by --itt-config option): __itt_notify_sync_acquired

373517 : 0x1bf55f083990d : 2 : ittapi_config_apply_per_lib :  ITTAPI function NOT instrumented (not matched by --itt-config option): __itt_notify_sync_releasing

373517 : 0x1bf55f0842722 : 2 : ittapi_config_apply_per_lib :  ITTAPI function not implemented: __itt_memory_read
373517 : 0x1bf55f0843de2 : 2 : ittapi_config_apply_per_lib :  ITTAPI function not implemented: __itt_memory_write
373517 : 0x1bf55f084504a : 2 : ittapi_config_apply_per_lib :  ITTAPI function not implemented: __itt_memory_update
373517 : 0x1bf55f0846430 : 2 : ittapi_config_apply_per_lib :  ITTAPI function not implemented: __itt_state_get
373517 : 0x1bf55f084769d : 2 : ittapi_config_apply_per_lib :  ITTAPI function not implemented: __itt_state_set
373517 : 0x1bf55f0848963 : 2 : ittapi_config_apply_per_lib :  ITTAPI function not implemented: __itt_obj_mode_set
373517 : 0x1bf55f0849c28 : 2 : ittapi_config_apply_per_lib :  ITTAPI function not implemented: __itt_thr_mode_set
373517 : 0x1bf55f084ad47 : 2 : ittapi_config_apply_per_lib :  ITTAPI function instrumented: __itt_frame_create
373517 : 0x1bf55f084be70 : 2 : ittapi_config_apply_per_lib :  ITTAPI function instrumented: __itt_pt_region_create
373517 : 0x1bf55f084d03c : 2 : ittapi_config_apply_per_lib :  ITTAPI function instrumented: __itt_frame_begin
373517 : 0x1bf55f0853bf5 : 2 : ittapi_config_apply_per_lib :  ITTAPI function instrumented: __itt_frame_end
373517 : 0x1bf55f08550a3 : 2 : ittapi_config_apply_per_lib :  ITTAPI function not implemented: __itt_counter_destroy
373517 : 0x1bf55f08562fe : 2 : ittapi_config_apply_per_lib :  ITTAPI function instrumented: __itt_counter_inc
373517 : 0x1bf55f08575be : 2 : ittapi_config_apply_per_lib :  ITTAPI function instrumented: __itt_counter_inc_delta
373517 : 0x1bf55f08586fa : 2 : ittapi_config_apply_per_lib :  ITTAPI function instrumented: __itt_counter_dec
373517 : 0x1bf55f085992d : 2 : ittapi_config_apply_per_lib :  ITTAPI function instrumented: __itt_counter_dec_delta
373517 : 0x1bf55f085aa8a : 2 : ittapi_config_apply_per_lib :  ITTAPI function instrumented: __itt_counter_set_value
373517 : 0x1bf55f085bd08 : 2 : ittapi_config_apply_per_lib :  ITTAPI function not implemented: __itt_counter_set_value_ex
373517 : 0x1bf55f085cf45 : 2 : ittapi_config_apply_per_lib :  ITTAPI function not implemented: __itt_mark_create
373517 : 0x1bf55f085e266 : 2 : ittapi_config_apply_per_lib :  ITTAPI function not implemented: __itt_mark
373517 : 0x1bf55f0864bf1 : 2 : ittapi_config_apply_per_lib :  ITTAPI function not implemented: __itt_mark_off
373517 : 0x1bf55f0865fc3 : 2 : ittapi_config_apply_per_lib :  ITTAPI function not implemented: __itt_mark_global
373517 : 0x1bf55f0867265 : 2 : ittapi_config_apply_per_lib :  ITTAPI function not implemented: __itt_mark_global_off
373517 : 0x1bf55f086828a : 2 : ittapi_config_apply_per_lib :  ITTAPI function NOT instrumented (not matched by --itt-config option): __itt_stack_caller_create

373517 : 0x1bf55f08692cd : 2 : ittapi_config_apply_per_lib :  ITTAPI function NOT instrumented (not matched by --itt-config option): __itt_stack_caller_destroy

373517 : 0x1bf55f086a263 : 2 : ittapi_config_apply_per_lib :  ITTAPI function NOT instrumented (not matched by --itt-config option): __itt_stack_callee_enter

373517 : 0x1bf55f086b186 : 2 : ittapi_config_apply_per_lib :  ITTAPI function NOT instrumented (not matched by --itt-config option): __itt_stack_callee_leave

373517 : 0x1bf55f086c4ad : 2 : ittapi_config_apply_per_lib :  ITTAPI function not implemented: __itt_clock_domain_create
373517 : 0x1bf55f086d82f : 2 : ittapi_config_apply_per_lib :  ITTAPI function not implemented: __itt_clock_domain_reset
373517 : 0x1bf55f086eaa8 : 2 : ittapi_config_apply_per_lib :  ITTAPI function not implemented: __itt_id_create_ex
373517 : 0x1bf55f0877704 : 2 : ittapi_config_apply_per_lib :  ITTAPI function not implemented: __itt_id_destroy_ex
373517 : 0x1bf55f0878cac : 2 : ittapi_config_apply_per_lib :  ITTAPI function not implemented: __itt_task_begin_ex
373517 : 0x1bf55f0879f48 : 2 : ittapi_config_apply_per_lib :  ITTAPI function not implemented: __itt_task_begin_fn_ex
373517 : 0x1bf55f087b269 : 2 : ittapi_config_apply_per_lib :  ITTAPI function not implemented: __itt_task_end_ex
373517 : 0x1bf55f087c484 : 2 : ittapi_config_apply_per_lib :  ITTAPI function instrumented: __itt_task_begin_overlapped
373517 : 0x1bf55f087d7ed : 2 : ittapi_config_apply_per_lib :  ITTAPI function not implemented: __itt_task_begin_overlapped_ex
373517 : 0x1bf55f087ea28 : 2 : ittapi_config_apply_per_lib :  ITTAPI function instrumented: __itt_task_end_overlapped
373517 : 0x1bf55f087fcea : 2 : ittapi_config_apply_per_lib :  ITTAPI function not implemented: __itt_task_end_overlapped_ex
373517 : 0x1bf55f0880f49 : 2 : ittapi_config_apply_per_lib :  ITTAPI function not implemented: __itt_marker_ex
373517 : 0x1bf55f088233a : 2 : ittapi_config_apply_per_lib :  ITTAPI function not implemented: __itt_metadata_add_with_scope
373517 : 0x1bf55f0888e3e : 2 : ittapi_config_apply_per_lib :  ITTAPI function not implemented: __itt_metadata_str_add_with_scope
373517 : 0x1bf55f088a265 : 2 : ittapi_config_apply_per_lib :  ITTAPI function not implemented: __itt_relation_add_to_current_ex
373517 : 0x1bf55f088b519 : 2 : ittapi_config_apply_per_lib :  ITTAPI function not implemented: __itt_relation_add_ex
373517 : 0x1bf55f088c77a : 2 : ittapi_config_apply_per_lib :  ITTAPI function not implemented: __itt_track_group_create
373517 : 0x1bf55f088d936 : 2 : ittapi_config_apply_per_lib :  ITTAPI function not implemented: __itt_track_create
373517 : 0x1bf55f088ebfe : 2 : ittapi_config_apply_per_lib :  ITTAPI function not implemented: __itt_set_track
373517 : 0x1bf55f088fe72 : 2 : ittapi_config_apply_per_lib :  ITTAPI function instrumented: __itt_api_version
373517 : 0x1bf55f08910e5 : 2 : ittapi_config_apply_per_lib :  ITTAPI function not implemented: __itt_av_save
373517 : 0x1bf55f0892320 : 2 : ittapi_config_apply_per_lib :  ITTAPI function instrumented: __itt_module_load
373517 : 0x1bf55f08935ed : 2 : ittapi_config_apply_per_lib :  ITTAPI function not implemented: __itt_module_unload
373517 : 0x1bf55f0899b05 : 2 : ittapi_config_apply_per_lib :  ITTAPI function NOT instrumented (not matched by --itt-config option): __itt_histogram_submit

373517 : 0x1bf55f09bd2d4 : 2 : ittapi_config_mask_get :  --itt-config mask to be applied: 39
373517 : 0x1bf55f09bf191 : 2 : ittapi_config_apply_per_lib :  ITTAPI function instrumented: __itt_domain_create
373517 : 0x1bf55f09c0675 : 2 : ittapi_config_apply_per_lib :  ITTAPI function instrumented: __itt_module_load_with_sections
373517 : 0x1bf55f09c1d80 : 2 : ittapi_config_apply_per_lib :  ITTAPI function not implemented: __itt_module_unload_with_sections
373517 : 0x1bf55f09c2fe9 : 2 : ittapi_config_apply_per_lib :  ITTAPI function instrumented: __itt_string_handle_create
373517 : 0x1bf55f09c4135 : 2 : ittapi_config_apply_per_lib :  ITTAPI function instrumented: __itt_counter_create
373517 : 0x1bf55f09c5272 : 2 : ittapi_config_apply_per_lib :  ITTAPI function instrumented: __itt_counter_create_typed
373517 : 0x1bf55f09c6483 : 2 : ittapi_config_apply_per_lib :  ITTAPI function instrumented: __itt_pause
373517 : 0x1bf55f09c7614 : 2 : ittapi_config_apply_per_lib :  ITTAPI function instrumented: __itt_resume
373517 : 0x1bf55f09cffbb : 2 : ittapi_config_apply_per_lib :  ITTAPI function instrumented: __itt_thread_set_name
373517 : 0x1bf55f09d138b : 2 : ittapi_config_apply_per_lib :  ITTAPI function instrumented: __itt_thread_ignore
373517 : 0x1bf55f09d2698 : 2 : ittapi_config_apply_per_lib :  ITTAPI function instrumented: __itt_thr_name_set
373517 : 0x1bf55f09d38c1 : 2 : ittapi_config_apply_per_lib :  ITTAPI function instrumented: __itt_thr_ignore
373517 : 0x1bf55f09d4ca1 : 2 : ittapi_config_apply_per_lib :  ITTAPI function not implemented: __itt_enable_attach
373517 : 0x1bf55f09d5db8 : 2 : ittapi_config_apply_per_lib :  ITTAPI function instrumented: __itt_detach
373517 : 0x1bf55f09d6de5 : 2 : ittapi_config_apply_per_lib :  ITTAPI function NOT instrumented (not matched by --itt-config option): __itt_sync_create

373517 : 0x1bf55f09d7dda : 2 : ittapi_config_apply_per_lib :  ITTAPI function NOT instrumented (not matched by --itt-config option): __itt_sync_rename

373517 : 0x1bf55f09d8d32 : 2 : ittapi_config_apply_per_lib :  ITTAPI function NOT instrumented (not matched by --itt-config option): __itt_sync_destroy

373517 : 0x1bf55f09d9d10 : 2 : ittapi_config_apply_per_lib :  ITTAPI function NOT instrumented (not matched by --itt-config option): __itt_sync_prepare

373517 : 0x1bf55f09e52c2 : 2 : ittapi_config_apply_per_lib :  ITTAPI function NOT instrumented (not matched by --itt-config option): __itt_sync_cancel

373517 : 0x1bf55f09e658a : 2 : ittapi_config_apply_per_lib :  ITTAPI function NOT instrumented (not matched by --itt-config option): __itt_sync_acquired

373517 : 0x1bf55f09e7489 : 2 : ittapi_config_apply_per_lib :  ITTAPI function NOT instrumented (not matched by --itt-config option): __itt_sync_releasing

373517 : 0x1bf55f09e8a83 : 2 : ittapi_config_apply_per_lib :  ITTAPI function not implemented: __itt_suppress_push
373517 : 0x1bf55f09e9fa0 : 2 : ittapi_config_apply_per_lib :  ITTAPI function not implemented: __itt_suppress_pop
373517 : 0x1bf55f09eb268 : 2 : ittapi_config_apply_per_lib :  ITTAPI function not implemented: __itt_suppress_mark_range
373517 : 0x1bf55f09ec585 : 2 : ittapi_config_apply_per_lib :  ITTAPI function not implemented: __itt_suppress_clear_range
373517 : 0x1bf55f09ed5e0 : 2 : ittapi_config_apply_per_lib :  ITTAPI function NOT instrumented (not matched by --itt-config option): __itt_sync_prepare

373517 : 0x1bf55f09ee518 : 2 : ittapi_config_apply_per_lib :  ITTAPI function NOT instrumented (not matched by --itt-config option): __itt_sync_cancel

373517 : 0x1bf55f09ef3fe : 2 : ittapi_config_apply_per_lib :  ITTAPI function NOT instrumented (not matched by --itt-config option): __itt_sync_acquired

373517 : 0x1bf55f09f593d : 2 : ittapi_config_apply_per_lib :  ITTAPI function NOT instrumented (not matched by --itt-config option): __itt_sync_releasing

373517 : 0x1bf55f09f6a40 : 2 : ittapi_config_apply_per_lib :  ITTAPI function NOT instrumented (not matched by --itt-config option): __itt_model_site_begin

373517 : 0x1bf55f09f79ab : 2 : ittapi_config_apply_per_lib :  ITTAPI function NOT instrumented (not matched by --itt-config option): __itt_model_site_end

373517 : 0x1bf55f09f88e7 : 2 : ittapi_config_apply_per_lib :  ITTAPI function NOT instrumented (not matched by --itt-config option): __itt_model_task_begin

373517 : 0x1bf55f09f97ee : 2 : ittapi_config_apply_per_lib :  ITTAPI function NOT instrumented (not matched by --itt-config option): __itt_model_task_end

373517 : 0x1bf55f09fa6fb : 2 : ittapi_config_apply_per_lib :  ITTAPI function NOT instrumented (not matched by --itt-config option): __itt_model_lock_acquire

373517 : 0x1bf55f09fb712 : 2 : ittapi_config_apply_per_lib :  ITTAPI function NOT instrumented (not matched by --itt-config option): __itt_model_lock_release

373517 : 0x1bf55f09fc641 : 2 : ittapi_config_apply_per_lib :  ITTAPI function NOT instrumented (not matched by --itt-config option): __itt_model_record_allocation

373517 : 0x1bf55f09fd544 : 2 : ittapi_config_apply_per_lib :  ITTAPI function NOT instrumented (not matched by --itt-config option): __itt_model_record_deallocation

373517 : 0x1bf55f09fe439 : 2 : ittapi_config_apply_per_lib :  ITTAPI function NOT instrumented (not matched by --itt-config option): __itt_model_induction_uses

373517 : 0x1bf55f0a069fe : 2 : ittapi_config_apply_per_lib :  ITTAPI function NOT instrumented (not matched by --itt-config option): __itt_model_reduction_uses

373517 : 0x1bf55f0a07bd2 : 2 : ittapi_config_apply_per_lib :  ITTAPI function NOT instrumented (not matched by --itt-config option): __itt_model_observe_uses

373517 : 0x1bf55f0a08b5a : 2 : ittapi_config_apply_per_lib :  ITTAPI function NOT instrumented (not matched by --itt-config option): __itt_model_clear_uses

373517 : 0x1bf55f0a09adc : 2 : ittapi_config_apply_per_lib :  ITTAPI function NOT instrumented (not matched by --itt-config option): __itt_model_site_beginA

373517 : 0x1bf55f0a0c35c : 2 : ittapi_config_apply_per_lib :  ITTAPI function NOT instrumented (not matched by --itt-config option): __itt_model_site_beginAL

373517 : 0x1bf55f0a0d22f : 2 : ittapi_config_apply_per_lib :  ITTAPI function NOT instrumented (not matched by --itt-config option): __itt_model_task_beginA

373517 : 0x1bf55f0a0e13e : 2 : ittapi_config_apply_per_lib :  ITTAPI function NOT instrumented (not matched by --itt-config option): __itt_model_task_beginAL

373517 : 0x1bf55f0a0f07d : 2 : ittapi_config_apply_per_lib :  ITTAPI function NOT instrumented (not matched by --itt-config option): __itt_model_iteration_taskA

373517 : 0x1bf55f0a0ff43 : 2 : ittapi_config_apply_per_lib :  ITTAPI function NOT instrumented (not matched by --itt-config option): __itt_model_iteration_taskAL

373517 : 0x1bf55f0a10e18 : 2 : ittapi_config_apply_per_lib :  ITTAPI function NOT instrumented (not matched by --itt-config option): __itt_model_site_end_2

373517 : 0x1bf55f0a173ea : 2 : ittapi_config_apply_per_lib :  ITTAPI function NOT instrumented (not matched by --itt-config option): __itt_model_task_end_2

373517 : 0x1bf55f0a18419 : 2 : ittapi_config_apply_per_lib :  ITTAPI function NOT instrumented (not matched by --itt-config option): __itt_model_lock_acquire_2

373517 : 0x1bf55f0a19375 : 2 : ittapi_config_apply_per_lib :  ITTAPI function NOT instrumented (not matched by --itt-config option): __itt_model_lock_release_2

373517 : 0x1bf55f0a1bed0 : 2 : ittapi_config_apply_per_lib :  ITTAPI function NOT instrumented (not matched by --itt-config option): __itt_model_aggregate_task

373517 : 0x1bf55f0a1ce36 : 2 : ittapi_config_apply_per_lib :  ITTAPI function NOT instrumented (not matched by --itt-config option): __itt_model_disable_push

373517 : 0x1bf55f0a1dd00 : 2 : ittapi_config_apply_per_lib :  ITTAPI function NOT instrumented (not matched by --itt-config option): __itt_model_disable_pop

373517 : 0x1bf55f0a1f09c : 2 : ittapi_config_apply_per_lib :  ITTAPI function instrumented: __itt_heap_function_create
373517 : 0x1bf55f0a20305 : 2 : ittapi_config_apply_per_lib :  ITTAPI function instrumented: __itt_heap_allocate_begin
373517 : 0x1bf55f0a2143d : 2 : ittapi_config_apply_per_lib :  ITTAPI function instrumented: __itt_heap_allocate_end
373517 : 0x1bf55f0a225b4 : 2 : ittapi_config_apply_per_lib :  ITTAPI function instrumented: __itt_heap_free_begin
373517 : 0x1bf55f0a28d0d : 2 : ittapi_config_apply_per_lib :  ITTAPI function instrumented: __itt_heap_free_end
373517 : 0x1bf55f0a2a032 : 2 : ittapi_config_apply_per_lib :  ITTAPI function instrumented: __itt_heap_reallocate_begin
373517 : 0x1bf55f0a2b151 : 2 : ittapi_config_apply_per_lib :  ITTAPI function instrumented: __itt_heap_reallocate_end
373517 : 0x1bf55f0a2c592 : 2 : ittapi_config_apply_per_lib :  ITTAPI function not implemented: __itt_heap_internal_access_begin
373517 : 0x1bf55f0a2d858 : 2 : ittapi_config_apply_per_lib :  ITTAPI function not implemented: __itt_heap_internal_access_end
373517 : 0x1bf55f0a2eb26 : 2 : ittapi_config_apply_per_lib :  ITTAPI function not implemented: __itt_heap_record_memory_growth_begin
373517 : 0x1bf55f0a2fe45 : 2 : ittapi_config_apply_per_lib :  ITTAPI function not implemented: __itt_heap_record_memory_growth_end
373517 : 0x1bf55f0a31103 : 2 : ittapi_config_apply_per_lib :  ITTAPI function not implemented: __itt_heap_reset_detection
373517 : 0x1bf55f0a32452 : 2 : ittapi_config_apply_per_lib :  ITTAPI function not implemented: __itt_heap_record
373517 : 0x1bf55f0a3371e : 2 : ittapi_config_apply_per_lib :  ITTAPI function not implemented: __itt_id_create
373517 : 0x1bf55f0a3e2a3 : 2 : ittapi_config_apply_per_lib :  ITTAPI function not implemented: __itt_id_destroy
373517 : 0x1bf55f0a3f69d : 2 : ittapi_config_apply_per_lib :  ITTAPI function instrumented: __itt_get_timestamp
373517 : 0x1bf55f0a40f6b : 2 : ittapi_config_apply_per_lib :  ITTAPI function not implemented: __itt_region_begin
373517 : 0x1bf55f0a4220b : 2 : ittapi_config_apply_per_lib :  ITTAPI function not implemented: __itt_region_end
373517 : 0x1bf55f0a43a4b : 2 : ittapi_config_apply_per_lib :  ITTAPI function instrumented: __itt_frame_begin_v3
373517 : 0x1bf55f0a44cf5 : 2 : ittapi_config_apply_per_lib :  ITTAPI function instrumented: __itt_frame_end_v3
373517 : 0x1bf55f0a463df : 2 : ittapi_config_apply_per_lib :  ITTAPI function instrumented: __itt_frame_submit_v3
373517 : 0x1bf55f0a476dc : 2 : ittapi_config_apply_per_lib :  ITTAPI function not implemented: __itt_task_group
373517 : 0x1bf55f0a4893b : 2 : ittapi_config_apply_per_lib :  ITTAPI function instrumented: __itt_task_begin
373517 : 0x1bf55f0a49ad7 : 2 : ittapi_config_apply_per_lib :  ITTAPI function instrumented: __itt_task_begin_fn
373517 : 0x1bf55f0a50ab4 : 2 : ittapi_config_apply_per_lib :  ITTAPI function instrumented: __itt_task_end
373517 : 0x1bf55f0a51fcd : 2 : ittapi_config_apply_per_lib :  ITTAPI function not implemented: __itt_counter_inc_v3
373517 : 0x1bf55f0a53461 : 2 : ittapi_config_apply_per_lib :  ITTAPI function not implemented: __itt_counter_inc_delta_v3
373517 : 0x1bf55f0a5475b : 2 : ittapi_config_apply_per_lib :  ITTAPI function not implemented: __itt_counter_dec_v3
373517 : 0x1bf55f0a55a13 : 2 : ittapi_config_apply_per_lib :  ITTAPI function not implemented: __itt_counter_dec_delta_v3
373517 : 0x1bf55f0a56cfe : 2 : ittapi_config_apply_per_lib :  ITTAPI function not implemented: __itt_marker
373517 : 0x1bf55f0a57e0c : 2 : ittapi_config_apply_per_lib :  ITTAPI function instrumented: __itt_metadata_add
373517 : 0x1bf55f0a59196 : 2 : ittapi_config_apply_per_lib :  ITTAPI function not implemented: __itt_metadata_str_add
373517 : 0x1bf55f0a5a3b9 : 2 : ittapi_config_apply_per_lib :  ITTAPI function not implemented: __itt_relation_add_to_current
373517 : 0x1bf55f0a5b61a : 2 : ittapi_config_apply_per_lib :  ITTAPI function not implemented: __itt_relation_add
373517 : 0x1bf55f0a61be2 : 2 : ittapi_config_apply_per_lib :  ITTAPI function instrumented: __itt_event_create
373517 : 0x1bf55f0a62f88 : 2 : ittapi_config_apply_per_lib :  ITTAPI function instrumented: __itt_event_start
373517 : 0x1bf55f0a64197 : 2 : ittapi_config_apply_per_lib :  ITTAPI function instrumented: __itt_event_end
373517 : 0x1bf55f0a65100 : 2 : ittapi_config_apply_per_lib :  ITTAPI function NOT instrumented (not matched by --itt-config option): __itt_sync_set_name

373517 : 0x1bf55f0a6614a : 2 : ittapi_config_apply_per_lib :  ITTAPI function NOT instrumented (not matched by --itt-config option): __itt_notify_sync_name

373517 : 0x1bf55f0a670a9 : 2 : ittapi_config_apply_per_lib :  ITTAPI function NOT instrumented (not matched by --itt-config option): __itt_notify_sync_prepare

373517 : 0x1bf55f0a68039 : 2 : ittapi_config_apply_per_lib :  ITTAPI function NOT instrumented (not matched by --itt-config option): __itt_notify_sync_cancel

373517 : 0x1bf55f0a68f06 : 2 : ittapi_config_apply_per_lib :  ITTAPI function NOT instrumented (not matched by --itt-config option): __itt_notify_sync_acquired

373517 : 0x1bf55f0a69e7e : 2 : ittapi_config_apply_per_lib :  ITTAPI function NOT instrumented (not matched by --itt-config option): __itt_notify_sync_releasing

373517 : 0x1bf55f0a6b16a : 2 : ittapi_config_apply_per_lib :  ITTAPI function not implemented: __itt_memory_read
373517 : 0x1bf55f0a71830 : 2 : ittapi_config_apply_per_lib :  ITTAPI function not implemented: __itt_memory_write
373517 : 0x1bf55f0a72c12 : 2 : ittapi_config_apply_per_lib :  ITTAPI function not implemented: __itt_memory_update
373517 : 0x1bf55f0a73f7c : 2 : ittapi_config_apply_per_lib :  ITTAPI function not implemented: __itt_state_get
373517 : 0x1bf55f0a75238 : 2 : ittapi_config_apply_per_lib :  ITTAPI function not implemented: __itt_state_set
373517 : 0x1bf55f0a764f2 : 2 : ittapi_config_apply_per_lib :  ITTAPI function not implemented: __itt_obj_mode_set
373517 : 0x1bf55f0a777c8 : 2 : ittapi_config_apply_per_lib :  ITTAPI function not implemented: __itt_thr_mode_set
373517 : 0x1bf55f0a78898 : 2 : ittapi_config_apply_per_lib :  ITTAPI function instrumented: __itt_frame_create
373517 : 0x1bf55f0a7997f : 2 : ittapi_config_apply_per_lib :  ITTAPI function instrumented: __itt_pt_region_create
373517 : 0x1bf55f0a7ab4d : 2 : ittapi_config_apply_per_lib :  ITTAPI function instrumented: __itt_frame_begin
373517 : 0x1bf55f0a7bd09 : 2 : ittapi_config_apply_per_lib :  ITTAPI function instrumented: __itt_frame_end
373517 : 0x1bf55f0a847e6 : 2 : ittapi_config_apply_per_lib :  ITTAPI function not implemented: __itt_counter_destroy
373517 : 0x1bf55f0a85ce9 : 2 : ittapi_config_apply_per_lib :  ITTAPI function instrumented: __itt_counter_inc
373517 : 0x1bf55f0a86f87 : 2 : ittapi_config_apply_per_lib :  ITTAPI function instrumented: __itt_counter_inc_delta
373517 : 0x1bf55f0a88115 : 2 : ittapi_config_apply_per_lib :  ITTAPI function instrumented: __itt_counter_dec
373517 : 0x1bf55f0a89321 : 2 : ittapi_config_apply_per_lib :  ITTAPI function instrumented: __itt_counter_dec_delta
373517 : 0x1bf55f0a8a4b7 : 2 : ittapi_config_apply_per_lib :  ITTAPI function instrumented: __itt_counter_set_value
373517 : 0x1bf55f0a8b751 : 2 : ittapi_config_apply_per_lib :  ITTAPI function not implemented: __itt_counter_set_value_ex
373517 : 0x1bf55f0a8c945 : 2 : ittapi_config_apply_per_lib :  ITTAPI function not implemented: __itt_mark_create
373517 : 0x1bf55f0a8dbcd : 2 : ittapi_config_apply_per_lib :  ITTAPI function not implemented: __itt_mark
373517 : 0x1bf55f0a8eecc : 2 : ittapi_config_apply_per_lib :  ITTAPI function not implemented: __itt_mark_off
373517 : 0x1bf55f0a95704 : 2 : ittapi_config_apply_per_lib :  ITTAPI function not implemented: __itt_mark_global
373517 : 0x1bf55f0a96af9 : 2 : ittapi_config_apply_per_lib :  ITTAPI function not implemented: __itt_mark_global_off
373517 : 0x1bf55f0a97b24 : 2 : ittapi_config_apply_per_lib :  ITTAPI function NOT instrumented (not matched by --itt-config option): __itt_stack_caller_create

373517 : 0x1bf55f0a98b2d : 2 : ittapi_config_apply_per_lib :  ITTAPI function NOT instrumented (not matched by --itt-config option): __itt_stack_caller_destroy

373517 : 0x1bf55f0a99acd : 2 : ittapi_config_apply_per_lib :  ITTAPI function NOT instrumented (not matched by --itt-config option): __itt_stack_callee_enter

373517 : 0x1bf55f0a9a9ca : 2 : ittapi_config_apply_per_lib :  ITTAPI function NOT instrumented (not matched by --itt-config option): __itt_stack_callee_leave

373517 : 0x1bf55f0a9bbbc : 2 : ittapi_config_apply_per_lib :  ITTAPI function not implemented: __itt_clock_domain_create
373517 : 0x1bf55f0a9cefd : 2 : ittapi_config_apply_per_lib :  ITTAPI function not implemented: __itt_clock_domain_reset
373517 : 0x1bf55f0a9e1cf : 2 : ittapi_config_apply_per_lib :  ITTAPI function not implemented: __itt_id_create_ex
373517 : 0x1bf55f0a9f5b2 : 2 : ittapi_config_apply_per_lib :  ITTAPI function not implemented: __itt_id_destroy_ex
373517 : 0x1bf55f0aa5c5b : 2 : ittapi_config_apply_per_lib :  ITTAPI function not implemented: __itt_task_begin_ex
373517 : 0x1bf55f0aa701b : 2 : ittapi_config_apply_per_lib :  ITTAPI function not implemented: __itt_task_begin_fn_ex
373517 : 0x1bf55f0aa8581 : 2 : ittapi_config_apply_per_lib :  ITTAPI function not implemented: __itt_task_end_ex
373517 : 0x1bf55f0aa977d : 2 : ittapi_config_apply_per_lib :  ITTAPI function instrumented: __itt_task_begin_overlapped
373517 : 0x1bf55f0aaaa35 : 2 : ittapi_config_apply_per_lib :  ITTAPI function not implemented: __itt_task_begin_overlapped_ex
373517 : 0x1bf55f0aabbf3 : 2 : ittapi_config_apply_per_lib :  ITTAPI function instrumented: __itt_task_end_overlapped
373517 : 0x1bf55f0aacfb5 : 2 : ittapi_config_apply_per_lib :  ITTAPI function not implemented: __itt_task_end_overlapped_ex
373517 : 0x1bf55f0aae1f9 : 2 : ittapi_config_apply_per_lib :  ITTAPI function not implemented: __itt_marker_ex
373517 : 0x1bf55f0aaf55e : 2 : ittapi_config_apply_per_lib :  ITTAPI function not implemented: __itt_metadata_add_with_scope
373517 : 0x1bf55f0ab094c : 2 : ittapi_config_apply_per_lib :  ITTAPI function not implemented: __itt_metadata_str_add_with_scope
373517 : 0x1bf55f0ab962f : 2 : ittapi_config_apply_per_lib :  ITTAPI function not implemented: __itt_relation_add_to_current_ex
373517 : 0x1bf55f0abaacb : 2 : ittapi_config_apply_per_lib :  ITTAPI function not implemented: __itt_relation_add_ex
373517 : 0x1bf55f0abbdf4 : 2 : ittapi_config_apply_per_lib :  ITTAPI function not implemented: __itt_track_group_create
373517 : 0x1bf55f0abcf6c : 2 : ittapi_config_apply_per_lib :  ITTAPI function not implemented: __itt_track_create
373517 : 0x1bf55f0abe209 : 2 : ittapi_config_apply_per_lib :  ITTAPI function not implemented: __itt_set_track
373517 : 0x1bf55f0abf477 : 2 : ittapi_config_apply_per_lib :  ITTAPI function instrumented: __itt_api_version
373517 : 0x1bf55f0ac06e4 : 2 : ittapi_config_apply_per_lib :  ITTAPI function not implemented: __itt_av_save
373517 : 0x1bf55f0ac18f7 : 2 : ittapi_config_apply_per_lib :  ITTAPI function instrumented: __itt_module_load
373517 : 0x1bf55f0ac2b6d : 2 : ittapi_config_apply_per_lib :  ITTAPI function not implemented: __itt_module_unload