10 [4130481920] INFO perfrun.launcher <> - Launcher main begin
22 [4130481920] INFO perfrun.launcher <> - MessageCatalogInit finished
22 [4130481920] INFO perfrun.launcher <> - Launcher instance created
22 [4130481920] INFO perfrun.launcher <> - argc = 6; cmdline = /opt/intel/oneapi/vtune/2023.0.0/bin32/amplxe-runss -dump-vdso -r /tmp/amplxe-tmp-le34xoh/amplxe-res-374839-492352943176585 --tmp-dir /tmp/amplxe-tmp-le34xoh 
28 [4130481920] INFO perfrun.launcher <> - create msngr2::ICliToolContext
28 [4130481920] INFO perfrun.launcher <> - create file finder object
28 [4129733440] INFO perfrun.launcher <> - plugin [remoteplug] was disabled because it doesn't support the given collection type.
28 [4129733440] INFO perfrun.launcher <> - plugin [] was disabled because it doesn't support the given collection type.
28 [4129733440] INFO perfrun.vdso <> - dumping [vdso] pseudomodule
32 [4129733440] INFO perfrun.launcher <> - plugin [] was disabled because it doesn't support the given collection type.
32 [4129733440] INFO perfrun.launcher <> - plugin [] was disabled because it doesn't support the given collection type.
32 [4129733440] INFO perfrun.launcher <> - plugin [] was disabled because it doesn't support the given collection type.
32 [4129733440] INFO perfrun.launcher <> - plugin [] was disabled because it doesn't support the given collection type.
32 [4129733440] INFO perfrun.launcher <> - plugin [] was disabled because it doesn't support the given collection type.
32 [4129733440] INFO perfrun.launcher <> - plugin [] was disabled because it doesn't support the given collection type.
32 [4129733440] INFO perfrun.launcher <> - plugin [] was disabled because it doesn't support the given collection type.
32 [4129733440] INFO perfrun.launcher <> - plugin [] was disabled because it doesn't support the given collection type.
32 [4129733440] INFO perfrun.launcher <> - plugin [] was disabled because it doesn't support the given collection type.
32 [4129733440] INFO perfrun.launcher <> - plugin [] was disabled because it doesn't support the given collection type.
32 [4129733440] INFO perfrun.launcher <> - plugin [] was disabled because it doesn't support the given collection type.
32 [4129733440] INFO perfrun.launcher <> - plugin [] was disabled because it doesn't support the given collection type.
32 [4129733440] INFO perfrun.launcher <> - plugin [] was disabled because it doesn't support the given collection type.
32 [4129733440] INFO perfrun.launcher <> - plugin [] was disabled because it doesn't support the given collection type.
32 [4129733440] INFO perfrun.launcher <> - plugin [] was disabled because it doesn't support the given collection type.
32 [4129733440] INFO perfrun.launcher <> - plugin [] was disabled because it doesn't support the given collection type.
32 [4129733440] INFO perfrun.launcher <> - plugin [] was disabled because it doesn't support the given collection type.
32 [4129733440] INFO perfrun.launcher <> - plugin [] was disabled because it doesn't support the given collection type.
32 [4129733440] INFO perfrun.launcher <> - plugin [] was disabled because it doesn't support the given collection type.
32 [4129733440] INFO perfrun.launcher <> - plugin [] was disabled because it doesn't support the given collection type.
32 [4129733440] INFO perfrun.launcher <> - plugin [] was disabled because it doesn't support the given collection type.
32 [4129733440] INFO perfrun.launcher <> - plugin [] was disabled because it doesn't support the given collection type.
32 [4129733440] INFO perfrun.launcher <> - plugin [] was disabled because it doesn't support the given collection type.
32 [4129733440] INFO perfrun.launcher <> - plugin [] was disabled because it doesn't support the given collection type.
32 [4130481920] INFO perfrun.launcher <> - Application exit code: 0
32 [4130481920] INFO perfrun.launcher <> - Exit code: 0
