13 [139980524607360] INFO perfrun.launcher <> - Launcher main begin
27 [139980524607360] INFO perfrun.launcher <> - MessageCatalogInit finished
27 [139980524607360] INFO perfrun.launcher <> - Launcher instance created
27 [139980524607360] INFO perfrun.launcher <> - argc = 6; cmdline = /opt/intel/oneapi/vtune/2023.0.0/bin64/amplxe-runss -dump-vdso -r /tmp/amplxe-tmp-le34xoh/amplxe-res-374839-492352943176585 --tmp-dir /tmp/amplxe-tmp-le34xoh 
56 [139980524607360] INFO perfrun.launcher <> - create msngr2::ICliToolContext
56 [139980524607360] INFO perfrun.launcher <> - create file finder object
57 [139980376631040] INFO perfrun.launcher <> - plugin [remoteplug] was disabled because it doesn't support the given collection type.
57 [139980376631040] INFO perfrun.launcher <> - plugin [system] was disabled because it doesn't support the given collection type.
57 [139980376631040] INFO perfrun.vdso <> - dumping [vdso] pseudomodule
66 [139980376631040] INFO perfrun.launcher <> - plugin [itt] was disabled because it doesn't support the given collection type.
66 [139980376631040] INFO perfrun.launcher <> - plugin [ptracecollector] was disabled because it doesn't support the given collection type.
66 [139980376631040] INFO perfrun.launcher <> - plugin [gpu] was disabled because it doesn't support the given collection type.
66 [139980376631040] INFO perfrun.launcher <> - plugin [] was disabled because it doesn't support the given collection type.
66 [139980376631040] INFO perfrun.launcher <> - plugin [] was disabled because it doesn't support the given collection type.
66 [139980376631040] INFO perfrun.launcher <> - plugin [] was disabled because it doesn't support the given collection type.
66 [139980376631040] INFO perfrun.launcher <> - plugin [mrte] was disabled because it doesn't support the given collection type.
66 [139980376631040] INFO perfrun.launcher <> - plugin [emon] was disabled because it doesn't support the given collection type.
66 [139980376631040] INFO perfrun.launcher <> - plugin [cuscol] was disabled because it doesn't support the given collection type.
66 [139980376631040] INFO perfrun.launcher <> - plugin [stdsrc] was disabled because it doesn't support the given collection type.
66 [139980376631040] INFO perfrun.launcher <> - plugin [sep] was disabled because it doesn't support the given collection type.
66 [139980376631040] INFO perfrun.launcher <> - plugin [vtsspp] was disabled because it doesn't support the given collection type.
66 [139980376631040] INFO perfrun.launcher <> - plugin [perf] was disabled because it doesn't support the given collection type.
66 [139980376631040] INFO perfrun.launcher <> - plugin [aoclprofile] was disabled because it doesn't support the given collection type.
66 [139980376631040] INFO perfrun.launcher <> - plugin [tpss] was disabled because it doesn't support the given collection type.
66 [139980376631040] INFO perfrun.launcher <> - plugin [media] was disabled because it doesn't support the given collection type.
66 [139980376631040] INFO perfrun.launcher <> - plugin [] was disabled because it doesn't support the given collection type.
66 [139980376631040] INFO perfrun.launcher <> - plugin [] was disabled because it doesn't support the given collection type.
66 [139980376631040] INFO perfrun.launcher <> - plugin [parallelfs] was disabled because it doesn't support the given collection type.
66 [139980376631040] INFO perfrun.launcher <> - plugin [power] was disabled because it doesn't support the given collection type.
66 [139980376631040] INFO perfrun.launcher <> - plugin [hwloc] was disabled because it doesn't support the given collection type.
66 [139980376631040] INFO perfrun.launcher <> - plugin [ipmwatch] was disabled because it doesn't support the given collection type.
66 [139980376631040] INFO perfrun.launcher <> - plugin [os_counters] was disabled because it doesn't support the given collection type.
66 [139980376631040] INFO perfrun.launcher <> - plugin [l0_metrics] was disabled because it doesn't support the given collection type.
66 [139980524607360] INFO perfrun.launcher <> - Application exit code: 0
66 [139980524607360] INFO perfrun.launcher <> - Exit code: 0
