The system is: Darwin - 18.7.0 - x86_64
Compiling the CXX compiler identification source file "CMakeCXXCompilerId.cpp" succeeded.
Compiler: /usr/local/bin/gcc-9 
Build flags: 
Id flags:  

The output was:
0


Compilation of the CXX compiler identification source "CMakeCXXCompilerId.cpp" produced "a.out"

The CXX compiler identification is GNU, found in "/Users/larissa/Desktop/Uni/Master/1.Sem_WS22:23/Algorithm Engineering/Algorithm-Engineering-Git/Projekt/cmake-build-debug-gcc/CMakeFiles/3.23.2/CompilerIdCXX/a.out"

Detecting CXX compiler ABI info compiled with the following output:
Change Dir: /Users/larissa/Desktop/Uni/Master/1.Sem_WS22:23/Algorithm Engineering/Algorithm-Engineering-Git/Projekt/cmake-build-debug-gcc/CMakeFiles/CMakeTmp

Run Build Command(s):/Applications/CLion.app/Contents/bin/ninja/mac/ninja cmTC_fe80f && [1/2] Building CXX object CMakeFiles/cmTC_fe80f.dir/CMakeCXXCompilerABI.cpp.o
Using built-in specs.
COLLECT_GCC=/usr/local/bin/gcc-9
Target: x86_64-apple-darwin18
Configured with: ../configure --prefix=/usr/local/Cellar/gcc@9/9.5.0 --libdir=/usr/local/Cellar/gcc@9/9.5.0/lib/gcc/9 --disable-nls --enable-checking=release --enable-languages=c,c++,objc,obj-c++,fortran --program-suffix=-9 --with-gmp=/usr/local/opt/gmp --with-mpfr=/usr/local/opt/mpfr --with-mpc=/usr/local/opt/libmpc --with-isl=/usr/local/opt/isl --with-pkgversion='Homebrew GCC 9.5.0' --with-bugurl=https://github.com/Homebrew/homebrew-core/issues --build=x86_64-apple-darwin18 --with-system-zlib --disable-multilib --with-native-system-header-dir=/usr/include --with-sysroot=/Library/Developer/CommandLineTools/SDKs/MacOSX10.14.sdk
Thread model: posix
gcc version 9.5.0 (Homebrew GCC 9.5.0) 
COLLECT_GCC_OPTIONS='-isysroot' '/Library/Developer/CommandLineTools/SDKs/MacOSX10.14.sdk' '-v' '-o' 'CMakeFiles/cmTC_fe80f.dir/CMakeCXXCompilerABI.cpp.o' '-c' '-mmacosx-version-min=10.14.0' '-asm_macosx_version_min=10.14' '-mtune=core2'
 /usr/local/Cellar/gcc@9/9.5.0/libexec/gcc/x86_64-apple-darwin18/9.5.0/cc1plus -quiet -v -D__DYNAMIC__ -isysroot /Library/Developer/CommandLineTools/SDKs/MacOSX10.14.sdk /Applications/CLion.app/Contents/bin/cmake/mac/share/cmake-3.23/Modules/CMakeCXXCompilerABI.cpp -fPIC -quiet -dumpbase CMakeCXXCompilerABI.cpp -mmacosx-version-min=10.14.0 -mtune=core2 -auxbase-strip CMakeFiles/cmTC_fe80f.dir/CMakeCXXCompilerABI.cpp.o -version -o /var/folders/j7/r_zbb92x5v9f6qrz3dm8ftdr0000gn/T//ccOlurA7.s
GNU C++14 (Homebrew GCC 9.5.0) version 9.5.0 (x86_64-apple-darwin18)
	compiled by GNU C version 9.5.0, GMP version 6.2.1, MPFR version 4.2.0, MPC version 1.3.1, isl version isl-0.25-GMP

GGC heuristics: --param ggc-min-expand=100 --param ggc-min-heapsize=131072
ignoring nonexistent directory "/Library/Developer/CommandLineTools/SDKs/MacOSX10.14.sdk/usr/local/include"
ignoring nonexistent directory "/usr/local/Cellar/gcc@9/9.5.0/lib/gcc/9/gcc/x86_64-apple-darwin18/9.5.0/../../../../../../x86_64-apple-darwin18/include"
ignoring nonexistent directory "/Library/Developer/CommandLineTools/SDKs/MacOSX10.14.sdk/Library/Frameworks"
#include "..." search starts here:
#include <...> search starts here:
 /usr/local/Cellar/gcc@9/9.5.0/lib/gcc/9/gcc/x86_64-apple-darwin18/9.5.0/../../../../../../include/c++/9.5.0
 /usr/local/Cellar/gcc@9/9.5.0/lib/gcc/9/gcc/x86_64-apple-darwin18/9.5.0/../../../../../../include/c++/9.5.0/x86_64-apple-darwin18
 /usr/local/Cellar/gcc@9/9.5.0/lib/gcc/9/gcc/x86_64-apple-darwin18/9.5.0/../../../../../../include/c++/9.5.0/backward
 /usr/local/Cellar/gcc@9/9.5.0/lib/gcc/9/gcc/x86_64-apple-darwin18/9.5.0/include
 /usr/local/Cellar/gcc@9/9.5.0/lib/gcc/9/gcc/x86_64-apple-darwin18/9.5.0/include-fixed
 /Library/Developer/CommandLineTools/SDKs/MacOSX10.14.sdk/usr/include
 /Library/Developer/CommandLineTools/SDKs/MacOSX10.14.sdk/System/Library/Frameworks
End of search list.
GNU C++14 (Homebrew GCC 9.5.0) version 9.5.0 (x86_64-apple-darwin18)
	compiled by GNU C version 9.5.0, GMP version 6.2.1, MPFR version 4.2.0, MPC version 1.3.1, isl version isl-0.25-GMP

GGC heuristics: --param ggc-min-expand=100 --param ggc-min-heapsize=131072
Compiler executable checksum: 9cc2c9356ddc53e040b080cecd29102c
COLLECT_GCC_OPTIONS='-isysroot' '/Library/Developer/CommandLineTools/SDKs/MacOSX10.14.sdk' '-v' '-o' 'CMakeFiles/cmTC_fe80f.dir/CMakeCXXCompilerABI.cpp.o' '-c' '-mmacosx-version-min=10.14.0'  '-mtune=core2'
 as -arch x86_64 -v -force_cpusubtype_ALL -mmacosx-version-min=10.14 -o CMakeFiles/cmTC_fe80f.dir/CMakeCXXCompilerABI.cpp.o /var/folders/j7/r_zbb92x5v9f6qrz3dm8ftdr0000gn/T//ccOlurA7.s
Apple LLVM version 10.0.1 (clang-1001.0.46.4)
Target: x86_64-apple-darwin18.7.0
Thread model: posix
InstalledDir: /Library/Developer/CommandLineTools/usr/bin
 "/Library/Developer/CommandLineTools/usr/bin/clang" -cc1as -triple x86_64-apple-macosx10.14.0 -filetype obj -main-file-name ccOlurA7.s -target-cpu penryn -fdebug-compilation-dir /Users/larissa/Desktop/Uni/Master/1.Sem_WS22:23/Algorithm Engineering/Algorithm-Engineering-Git/Projekt/cmake-build-debug-gcc/CMakeFiles/CMakeTmp -dwarf-debug-producer Apple LLVM version 10.0.1 (clang-1001.0.46.4) -dwarf-version=4 -mrelocation-model pic -o CMakeFiles/cmTC_fe80f.dir/CMakeCXXCompilerABI.cpp.o /var/folders/j7/r_zbb92x5v9f6qrz3dm8ftdr0000gn/T//ccOlurA7.s
COMPILER_PATH=/usr/local/Cellar/gcc@9/9.5.0/libexec/gcc/x86_64-apple-darwin18/9.5.0/:/usr/local/Cellar/gcc@9/9.5.0/libexec/gcc/x86_64-apple-darwin18/9.5.0/:/usr/local/Cellar/gcc@9/9.5.0/libexec/gcc/x86_64-apple-darwin18/:/usr/local/Cellar/gcc@9/9.5.0/lib/gcc/9/gcc/x86_64-apple-darwin18/9.5.0/:/usr/local/Cellar/gcc@9/9.5.0/lib/gcc/9/gcc/x86_64-apple-darwin18/
LIBRARY_PATH=/usr/local/Cellar/gcc@9/9.5.0/lib/gcc/9/gcc/x86_64-apple-darwin18/9.5.0/:/usr/local/Cellar/gcc@9/9.5.0/lib/gcc/9/gcc/x86_64-apple-darwin18/9.5.0/../../../
COLLECT_GCC_OPTIONS='-isysroot' '/Library/Developer/CommandLineTools/SDKs/MacOSX10.14.sdk' '-v' '-o' 'CMakeFiles/cmTC_fe80f.dir/CMakeCXXCompilerABI.cpp.o' '-c' '-mmacosx-version-min=10.14.0'  '-mtune=core2'
[2/2] Linking CXX executable cmTC_fe80f
Using built-in specs.
COLLECT_GCC=/usr/local/bin/gcc-9
COLLECT_LTO_WRAPPER=/usr/local/Cellar/gcc@9/9.5.0/libexec/gcc/x86_64-apple-darwin18/9.5.0/lto-wrapper
Target: x86_64-apple-darwin18
Configured with: ../configure --prefix=/usr/local/Cellar/gcc@9/9.5.0 --libdir=/usr/local/Cellar/gcc@9/9.5.0/lib/gcc/9 --disable-nls --enable-checking=release --enable-languages=c,c++,objc,obj-c++,fortran --program-suffix=-9 --with-gmp=/usr/local/opt/gmp --with-mpfr=/usr/local/opt/mpfr --with-mpc=/usr/local/opt/libmpc --with-isl=/usr/local/opt/isl --with-pkgversion='Homebrew GCC 9.5.0' --with-bugurl=https://github.com/Homebrew/homebrew-core/issues --build=x86_64-apple-darwin18 --with-system-zlib --disable-multilib --with-native-system-header-dir=/usr/include --with-sysroot=/Library/Developer/CommandLineTools/SDKs/MacOSX10.14.sdk
Thread model: posix
gcc version 9.5.0 (Homebrew GCC 9.5.0) 
COMPILER_PATH=/usr/local/Cellar/gcc@9/9.5.0/libexec/gcc/x86_64-apple-darwin18/9.5.0/:/usr/local/Cellar/gcc@9/9.5.0/libexec/gcc/x86_64-apple-darwin18/9.5.0/:/usr/local/Cellar/gcc@9/9.5.0/libexec/gcc/x86_64-apple-darwin18/:/usr/local/Cellar/gcc@9/9.5.0/lib/gcc/9/gcc/x86_64-apple-darwin18/9.5.0/:/usr/local/Cellar/gcc@9/9.5.0/lib/gcc/9/gcc/x86_64-apple-darwin18/
LIBRARY_PATH=/usr/local/Cellar/gcc@9/9.5.0/lib/gcc/9/gcc/x86_64-apple-darwin18/9.5.0/:/usr/local/Cellar/gcc@9/9.5.0/lib/gcc/9/gcc/x86_64-apple-darwin18/9.5.0/../../../
COLLECT_GCC_OPTIONS='-isysroot' '/Library/Developer/CommandLineTools/SDKs/MacOSX10.14.sdk' '-v' '-o' 'cmTC_fe80f' '-mmacosx-version-min=10.14.0' '-asm_macosx_version_min=10.14' '-mtune=core2'
 /usr/local/Cellar/gcc@9/9.5.0/libexec/gcc/x86_64-apple-darwin18/9.5.0/collect2 -dynamic -arch x86_64 -macosx_version_min 10.14.0 -syslibroot /Library/Developer/CommandLineTools/SDKs/MacOSX10.14.sdk -weak_reference_mismatches non-weak -o cmTC_fe80f -L/usr/local/Cellar/gcc@9/9.5.0/lib/gcc/9/gcc/x86_64-apple-darwin18/9.5.0 -L/usr/local/Cellar/gcc@9/9.5.0/lib/gcc/9/gcc/x86_64-apple-darwin18/9.5.0/../../.. -search_paths_first -headerpad_max_install_names -v CMakeFiles/cmTC_fe80f.dir/CMakeCXXCompilerABI.cpp.o -lSystem -lgcc_ext.10.5 -lgcc -lSystem -no_compact_unwind -v
collect2 version 9.5.0
/usr/bin/ld -dynamic -arch x86_64 -macosx_version_min 10.14.0 -syslibroot /Library/Developer/CommandLineTools/SDKs/MacOSX10.14.sdk -weak_reference_mismatches non-weak -o cmTC_fe80f -L/usr/local/Cellar/gcc@9/9.5.0/lib/gcc/9/gcc/x86_64-apple-darwin18/9.5.0 -L/usr/local/Cellar/gcc@9/9.5.0/lib/gcc/9/gcc/x86_64-apple-darwin18/9.5.0/../../.. -search_paths_first -headerpad_max_install_names -v CMakeFiles/cmTC_fe80f.dir/CMakeCXXCompilerABI.cpp.o -lSystem -lgcc_ext.10.5 -lgcc -lSystem -no_compact_unwind -v
@(#)PROGRAM:ld  PROJECT:ld64-450.3
BUILD 18:16:53 Apr  5 2019
configured to support archs: armv6 armv7 armv7s arm64 arm64e arm64_32 i386 x86_64 x86_64h armv6m armv7k armv7m armv7em
@(#)PROGRAM:ld  PROJECT:ld64-450.3
BUILD 18:16:53 Apr  5 2019
configured to support archs: armv6 armv7 armv7s arm64 arm64e arm64_32 i386 x86_64 x86_64h armv6m armv7k armv7m armv7em
Library search paths:
	/usr/local/Cellar/gcc@9/9.5.0/lib/gcc/9/gcc/x86_64-apple-darwin18/9.5.0
	/usr/local/Cellar/gcc@9/9.5.0/lib/gcc/9
	/Library/Developer/CommandLineTools/SDKs/MacOSX10.14.sdk/usr/lib
Framework search paths:
	/Library/Developer/CommandLineTools/SDKs/MacOSX10.14.sdk/System/Library/Frameworks/



Parsed CXX implicit include dir info from above output: rv=done
  found start of include info
  found start of implicit include info
    add: [/usr/local/Cellar/gcc@9/9.5.0/lib/gcc/9/gcc/x86_64-apple-darwin18/9.5.0/../../../../../../include/c++/9.5.0]
    add: [/usr/local/Cellar/gcc@9/9.5.0/lib/gcc/9/gcc/x86_64-apple-darwin18/9.5.0/../../../../../../include/c++/9.5.0/x86_64-apple-darwin18]
    add: [/usr/local/Cellar/gcc@9/9.5.0/lib/gcc/9/gcc/x86_64-apple-darwin18/9.5.0/../../../../../../include/c++/9.5.0/backward]
    add: [/usr/local/Cellar/gcc@9/9.5.0/lib/gcc/9/gcc/x86_64-apple-darwin18/9.5.0/include]
    add: [/usr/local/Cellar/gcc@9/9.5.0/lib/gcc/9/gcc/x86_64-apple-darwin18/9.5.0/include-fixed]
    add: [/Library/Developer/CommandLineTools/SDKs/MacOSX10.14.sdk/usr/include]
    add: [/Library/Developer/CommandLineTools/SDKs/MacOSX10.14.sdk/System/Library/Frameworks]
  end of search list found
  collapse include dir [/usr/local/Cellar/gcc@9/9.5.0/lib/gcc/9/gcc/x86_64-apple-darwin18/9.5.0/../../../../../../include/c++/9.5.0] ==> [/usr/local/Cellar/gcc@9/9.5.0/include/c++/9.5.0]
  collapse include dir [/usr/local/Cellar/gcc@9/9.5.0/lib/gcc/9/gcc/x86_64-apple-darwin18/9.5.0/../../../../../../include/c++/9.5.0/x86_64-apple-darwin18] ==> [/usr/local/Cellar/gcc@9/9.5.0/include/c++/9.5.0/x86_64-apple-darwin18]
  collapse include dir [/usr/local/Cellar/gcc@9/9.5.0/lib/gcc/9/gcc/x86_64-apple-darwin18/9.5.0/../../../../../../include/c++/9.5.0/backward] ==> [/usr/local/Cellar/gcc@9/9.5.0/include/c++/9.5.0/backward]
  collapse include dir [/usr/local/Cellar/gcc@9/9.5.0/lib/gcc/9/gcc/x86_64-apple-darwin18/9.5.0/include] ==> [/usr/local/Cellar/gcc@9/9.5.0/lib/gcc/9/gcc/x86_64-apple-darwin18/9.5.0/include]
  collapse include dir [/usr/local/Cellar/gcc@9/9.5.0/lib/gcc/9/gcc/x86_64-apple-darwin18/9.5.0/include-fixed] ==> [/usr/local/Cellar/gcc@9/9.5.0/lib/gcc/9/gcc/x86_64-apple-darwin18/9.5.0/include-fixed]
  collapse include dir [/Library/Developer/CommandLineTools/SDKs/MacOSX10.14.sdk/usr/include] ==> [/Library/Developer/CommandLineTools/SDKs/MacOSX10.14.sdk/usr/include]
  collapse include dir [/Library/Developer/CommandLineTools/SDKs/MacOSX10.14.sdk/System/Library/Frameworks] ==> [/Library/Developer/CommandLineTools/SDKs/MacOSX10.14.sdk/System/Library/Frameworks]
  implicit include dirs: [/usr/local/Cellar/gcc@9/9.5.0/include/c++/9.5.0;/usr/local/Cellar/gcc@9/9.5.0/include/c++/9.5.0/x86_64-apple-darwin18;/usr/local/Cellar/gcc@9/9.5.0/include/c++/9.5.0/backward;/usr/local/Cellar/gcc@9/9.5.0/lib/gcc/9/gcc/x86_64-apple-darwin18/9.5.0/include;/usr/local/Cellar/gcc@9/9.5.0/lib/gcc/9/gcc/x86_64-apple-darwin18/9.5.0/include-fixed;/Library/Developer/CommandLineTools/SDKs/MacOSX10.14.sdk/usr/include;/Library/Developer/CommandLineTools/SDKs/MacOSX10.14.sdk/System/Library/Frameworks]


Parsed CXX implicit link information from above output:
  link line regex: [^( *|.*[/\])(ld|CMAKE_LINK_STARTFILE-NOTFOUND|([^/\]+-)?ld|collect2)[^/\]*( |$)]
  ignore line: [Change Dir: /Users/larissa/Desktop/Uni/Master/1.Sem_WS22:23/Algorithm Engineering/Algorithm-Engineering-Git/Projekt/cmake-build-debug-gcc/CMakeFiles/CMakeTmp]
  ignore line: []
  ignore line: [Run Build Command(s):/Applications/CLion.app/Contents/bin/ninja/mac/ninja cmTC_fe80f && [1/2] Building CXX object CMakeFiles/cmTC_fe80f.dir/CMakeCXXCompilerABI.cpp.o]
  ignore line: [Using built-in specs.]
  ignore line: [COLLECT_GCC=/usr/local/bin/gcc-9]
  ignore line: [Target: x86_64-apple-darwin18]
  ignore line: [Configured with: ../configure --prefix=/usr/local/Cellar/gcc@9/9.5.0 --libdir=/usr/local/Cellar/gcc@9/9.5.0/lib/gcc/9 --disable-nls --enable-checking=release --enable-languages=c c++ objc obj-c++ fortran --program-suffix=-9 --with-gmp=/usr/local/opt/gmp --with-mpfr=/usr/local/opt/mpfr --with-mpc=/usr/local/opt/libmpc --with-isl=/usr/local/opt/isl --with-pkgversion='Homebrew GCC 9.5.0' --with-bugurl=https://github.com/Homebrew/homebrew-core/issues --build=x86_64-apple-darwin18 --with-system-zlib --disable-multilib --with-native-system-header-dir=/usr/include --with-sysroot=/Library/Developer/CommandLineTools/SDKs/MacOSX10.14.sdk]
  ignore line: [Thread model: posix]
  ignore line: [gcc version 9.5.0 (Homebrew GCC 9.5.0) ]
  ignore line: [COLLECT_GCC_OPTIONS='-isysroot' '/Library/Developer/CommandLineTools/SDKs/MacOSX10.14.sdk' '-v' '-o' 'CMakeFiles/cmTC_fe80f.dir/CMakeCXXCompilerABI.cpp.o' '-c' '-mmacosx-version-min=10.14.0' '-asm_macosx_version_min=10.14' '-mtune=core2']
  ignore line: [ /usr/local/Cellar/gcc@9/9.5.0/libexec/gcc/x86_64-apple-darwin18/9.5.0/cc1plus -quiet -v -D__DYNAMIC__ -isysroot /Library/Developer/CommandLineTools/SDKs/MacOSX10.14.sdk /Applications/CLion.app/Contents/bin/cmake/mac/share/cmake-3.23/Modules/CMakeCXXCompilerABI.cpp -fPIC -quiet -dumpbase CMakeCXXCompilerABI.cpp -mmacosx-version-min=10.14.0 -mtune=core2 -auxbase-strip CMakeFiles/cmTC_fe80f.dir/CMakeCXXCompilerABI.cpp.o -version -o /var/folders/j7/r_zbb92x5v9f6qrz3dm8ftdr0000gn/T//ccOlurA7.s]
  ignore line: [GNU C++14 (Homebrew GCC 9.5.0) version 9.5.0 (x86_64-apple-darwin18)]
  ignore line: [	compiled by GNU C version 9.5.0  GMP version 6.2.1  MPFR version 4.2.0  MPC version 1.3.1  isl version isl-0.25-GMP]
  ignore line: []
  ignore line: [GGC heuristics: --param ggc-min-expand=100 --param ggc-min-heapsize=131072]
  ignore line: [ignoring nonexistent directory "/Library/Developer/CommandLineTools/SDKs/MacOSX10.14.sdk/usr/local/include"]
  ignore line: [ignoring nonexistent directory "/usr/local/Cellar/gcc@9/9.5.0/lib/gcc/9/gcc/x86_64-apple-darwin18/9.5.0/../../../../../../x86_64-apple-darwin18/include"]
  ignore line: [ignoring nonexistent directory "/Library/Developer/CommandLineTools/SDKs/MacOSX10.14.sdk/Library/Frameworks"]
  ignore line: [#include "..." search starts here:]
  ignore line: [#include <...> search starts here:]
  ignore line: [ /usr/local/Cellar/gcc@9/9.5.0/lib/gcc/9/gcc/x86_64-apple-darwin18/9.5.0/../../../../../../include/c++/9.5.0]
  ignore line: [ /usr/local/Cellar/gcc@9/9.5.0/lib/gcc/9/gcc/x86_64-apple-darwin18/9.5.0/../../../../../../include/c++/9.5.0/x86_64-apple-darwin18]
  ignore line: [ /usr/local/Cellar/gcc@9/9.5.0/lib/gcc/9/gcc/x86_64-apple-darwin18/9.5.0/../../../../../../include/c++/9.5.0/backward]
  ignore line: [ /usr/local/Cellar/gcc@9/9.5.0/lib/gcc/9/gcc/x86_64-apple-darwin18/9.5.0/include]
  ignore line: [ /usr/local/Cellar/gcc@9/9.5.0/lib/gcc/9/gcc/x86_64-apple-darwin18/9.5.0/include-fixed]
  ignore line: [ /Library/Developer/CommandLineTools/SDKs/MacOSX10.14.sdk/usr/include]
  ignore line: [ /Library/Developer/CommandLineTools/SDKs/MacOSX10.14.sdk/System/Library/Frameworks]
  ignore line: [End of search list.]
  ignore line: [GNU C++14 (Homebrew GCC 9.5.0) version 9.5.0 (x86_64-apple-darwin18)]
  ignore line: [	compiled by GNU C version 9.5.0  GMP version 6.2.1  MPFR version 4.2.0  MPC version 1.3.1  isl version isl-0.25-GMP]
  ignore line: []
  ignore line: [GGC heuristics: --param ggc-min-expand=100 --param ggc-min-heapsize=131072]
  ignore line: [Compiler executable checksum: 9cc2c9356ddc53e040b080cecd29102c]
  ignore line: [COLLECT_GCC_OPTIONS='-isysroot' '/Library/Developer/CommandLineTools/SDKs/MacOSX10.14.sdk' '-v' '-o' 'CMakeFiles/cmTC_fe80f.dir/CMakeCXXCompilerABI.cpp.o' '-c' '-mmacosx-version-min=10.14.0'  '-mtune=core2']
  ignore line: [ as -arch x86_64 -v -force_cpusubtype_ALL -mmacosx-version-min=10.14 -o CMakeFiles/cmTC_fe80f.dir/CMakeCXXCompilerABI.cpp.o /var/folders/j7/r_zbb92x5v9f6qrz3dm8ftdr0000gn/T//ccOlurA7.s]
  ignore line: [Apple LLVM version 10.0.1 (clang-1001.0.46.4)]
  ignore line: [Target: x86_64-apple-darwin18.7.0]
  ignore line: [Thread model: posix]
  ignore line: [InstalledDir: /Library/Developer/CommandLineTools/usr/bin]
  ignore line: [ "/Library/Developer/CommandLineTools/usr/bin/clang" -cc1as -triple x86_64-apple-macosx10.14.0 -filetype obj -main-file-name ccOlurA7.s -target-cpu penryn -fdebug-compilation-dir /Users/larissa/Desktop/Uni/Master/1.Sem_WS22:23/Algorithm Engineering/Algorithm-Engineering-Git/Projekt/cmake-build-debug-gcc/CMakeFiles/CMakeTmp -dwarf-debug-producer Apple LLVM version 10.0.1 (clang-1001.0.46.4) -dwarf-version=4 -mrelocation-model pic -o CMakeFiles/cmTC_fe80f.dir/CMakeCXXCompilerABI.cpp.o /var/folders/j7/r_zbb92x5v9f6qrz3dm8ftdr0000gn/T//ccOlurA7.s]
  ignore line: [COMPILER_PATH=/usr/local/Cellar/gcc@9/9.5.0/libexec/gcc/x86_64-apple-darwin18/9.5.0/:/usr/local/Cellar/gcc@9/9.5.0/libexec/gcc/x86_64-apple-darwin18/9.5.0/:/usr/local/Cellar/gcc@9/9.5.0/libexec/gcc/x86_64-apple-darwin18/:/usr/local/Cellar/gcc@9/9.5.0/lib/gcc/9/gcc/x86_64-apple-darwin18/9.5.0/:/usr/local/Cellar/gcc@9/9.5.0/lib/gcc/9/gcc/x86_64-apple-darwin18/]
  ignore line: [LIBRARY_PATH=/usr/local/Cellar/gcc@9/9.5.0/lib/gcc/9/gcc/x86_64-apple-darwin18/9.5.0/:/usr/local/Cellar/gcc@9/9.5.0/lib/gcc/9/gcc/x86_64-apple-darwin18/9.5.0/../../../]
  ignore line: [COLLECT_GCC_OPTIONS='-isysroot' '/Library/Developer/CommandLineTools/SDKs/MacOSX10.14.sdk' '-v' '-o' 'CMakeFiles/cmTC_fe80f.dir/CMakeCXXCompilerABI.cpp.o' '-c' '-mmacosx-version-min=10.14.0'  '-mtune=core2']
  ignore line: [[2/2] Linking CXX executable cmTC_fe80f]
  ignore line: [Using built-in specs.]
  ignore line: [COLLECT_GCC=/usr/local/bin/gcc-9]
  ignore line: [COLLECT_LTO_WRAPPER=/usr/local/Cellar/gcc@9/9.5.0/libexec/gcc/x86_64-apple-darwin18/9.5.0/lto-wrapper]
  ignore line: [Target: x86_64-apple-darwin18]
  ignore line: [Configured with: ../configure --prefix=/usr/local/Cellar/gcc@9/9.5.0 --libdir=/usr/local/Cellar/gcc@9/9.5.0/lib/gcc/9 --disable-nls --enable-checking=release --enable-languages=c c++ objc obj-c++ fortran --program-suffix=-9 --with-gmp=/usr/local/opt/gmp --with-mpfr=/usr/local/opt/mpfr --with-mpc=/usr/local/opt/libmpc --with-isl=/usr/local/opt/isl --with-pkgversion='Homebrew GCC 9.5.0' --with-bugurl=https://github.com/Homebrew/homebrew-core/issues --build=x86_64-apple-darwin18 --with-system-zlib --disable-multilib --with-native-system-header-dir=/usr/include --with-sysroot=/Library/Developer/CommandLineTools/SDKs/MacOSX10.14.sdk]
  ignore line: [Thread model: posix]
  ignore line: [gcc version 9.5.0 (Homebrew GCC 9.5.0) ]
  ignore line: [COMPILER_PATH=/usr/local/Cellar/gcc@9/9.5.0/libexec/gcc/x86_64-apple-darwin18/9.5.0/:/usr/local/Cellar/gcc@9/9.5.0/libexec/gcc/x86_64-apple-darwin18/9.5.0/:/usr/local/Cellar/gcc@9/9.5.0/libexec/gcc/x86_64-apple-darwin18/:/usr/local/Cellar/gcc@9/9.5.0/lib/gcc/9/gcc/x86_64-apple-darwin18/9.5.0/:/usr/local/Cellar/gcc@9/9.5.0/lib/gcc/9/gcc/x86_64-apple-darwin18/]
  ignore line: [LIBRARY_PATH=/usr/local/Cellar/gcc@9/9.5.0/lib/gcc/9/gcc/x86_64-apple-darwin18/9.5.0/:/usr/local/Cellar/gcc@9/9.5.0/lib/gcc/9/gcc/x86_64-apple-darwin18/9.5.0/../../../]
  ignore line: [COLLECT_GCC_OPTIONS='-isysroot' '/Library/Developer/CommandLineTools/SDKs/MacOSX10.14.sdk' '-v' '-o' 'cmTC_fe80f' '-mmacosx-version-min=10.14.0' '-asm_macosx_version_min=10.14' '-mtune=core2']
  link line: [ /usr/local/Cellar/gcc@9/9.5.0/libexec/gcc/x86_64-apple-darwin18/9.5.0/collect2 -dynamic -arch x86_64 -macosx_version_min 10.14.0 -syslibroot /Library/Developer/CommandLineTools/SDKs/MacOSX10.14.sdk -weak_reference_mismatches non-weak -o cmTC_fe80f -L/usr/local/Cellar/gcc@9/9.5.0/lib/gcc/9/gcc/x86_64-apple-darwin18/9.5.0 -L/usr/local/Cellar/gcc@9/9.5.0/lib/gcc/9/gcc/x86_64-apple-darwin18/9.5.0/../../.. -search_paths_first -headerpad_max_install_names -v CMakeFiles/cmTC_fe80f.dir/CMakeCXXCompilerABI.cpp.o -lSystem -lgcc_ext.10.5 -lgcc -lSystem -no_compact_unwind -v]
    arg [/usr/local/Cellar/gcc@9/9.5.0/libexec/gcc/x86_64-apple-darwin18/9.5.0/collect2] ==> ignore
    arg [-dynamic] ==> ignore
    arg [-arch] ==> ignore
    arg [x86_64] ==> ignore
    arg [-macosx_version_min] ==> ignore
    arg [10.14.0] ==> ignore
    arg [-syslibroot] ==> ignore
    arg [/Library/Developer/CommandLineTools/SDKs/MacOSX10.14.sdk] ==> ignore
    arg [-weak_reference_mismatches] ==> ignore
    arg [non-weak] ==> ignore
    arg [-o] ==> ignore
    arg [cmTC_fe80f] ==> ignore
    arg [-L/usr/local/Cellar/gcc@9/9.5.0/lib/gcc/9/gcc/x86_64-apple-darwin18/9.5.0] ==> dir [/usr/local/Cellar/gcc@9/9.5.0/lib/gcc/9/gcc/x86_64-apple-darwin18/9.5.0]
    arg [-L/usr/local/Cellar/gcc@9/9.5.0/lib/gcc/9/gcc/x86_64-apple-darwin18/9.5.0/../../..] ==> dir [/usr/local/Cellar/gcc@9/9.5.0/lib/gcc/9/gcc/x86_64-apple-darwin18/9.5.0/../../..]
    arg [-search_paths_first] ==> ignore
    arg [-headerpad_max_install_names] ==> ignore
    arg [-v] ==> ignore
    arg [CMakeFiles/cmTC_fe80f.dir/CMakeCXXCompilerABI.cpp.o] ==> ignore
    arg [-lSystem] ==> lib [System]
    arg [-lgcc_ext.10.5] ==> lib [gcc_ext.10.5]
    arg [-lgcc] ==> lib [gcc]
    arg [-lSystem] ==> lib [System]
    arg [-no_compact_unwind] ==> ignore
    arg [-v] ==> ignore
  Library search paths: [;/usr/local/Cellar/gcc@9/9.5.0/lib/gcc/9/gcc/x86_64-apple-darwin18/9.5.0;/usr/local/Cellar/gcc@9/9.5.0/lib/gcc/9;/Library/Developer/CommandLineTools/SDKs/MacOSX10.14.sdk/usr/lib]
  Framework search paths: [;/Library/Developer/CommandLineTools/SDKs/MacOSX10.14.sdk/System/Library/Frameworks/]
  remove lib [System]
  remove lib [System]
  collapse library dir [/usr/local/Cellar/gcc@9/9.5.0/lib/gcc/9/gcc/x86_64-apple-darwin18/9.5.0] ==> [/usr/local/Cellar/gcc@9/9.5.0/lib/gcc/9/gcc/x86_64-apple-darwin18/9.5.0]
  collapse library dir [/usr/local/Cellar/gcc@9/9.5.0/lib/gcc/9/gcc/x86_64-apple-darwin18/9.5.0/../../..] ==> [/usr/local/Cellar/gcc@9/9.5.0/lib/gcc/9]
  collapse library dir [/usr/local/Cellar/gcc@9/9.5.0/lib/gcc/9/gcc/x86_64-apple-darwin18/9.5.0] ==> [/usr/local/Cellar/gcc@9/9.5.0/lib/gcc/9/gcc/x86_64-apple-darwin18/9.5.0]
  collapse library dir [/usr/local/Cellar/gcc@9/9.5.0/lib/gcc/9] ==> [/usr/local/Cellar/gcc@9/9.5.0/lib/gcc/9]
  collapse library dir [/Library/Developer/CommandLineTools/SDKs/MacOSX10.14.sdk/usr/lib] ==> [/Library/Developer/CommandLineTools/SDKs/MacOSX10.14.sdk/usr/lib]
  collapse framework dir [/Library/Developer/CommandLineTools/SDKs/MacOSX10.14.sdk/System/Library/Frameworks/] ==> [/Library/Developer/CommandLineTools/SDKs/MacOSX10.14.sdk/System/Library/Frameworks]
  implicit libs: [gcc_ext.10.5;gcc]
  implicit objs: []
  implicit dirs: [/usr/local/Cellar/gcc@9/9.5.0/lib/gcc/9/gcc/x86_64-apple-darwin18/9.5.0;/usr/local/Cellar/gcc@9/9.5.0/lib/gcc/9;/Library/Developer/CommandLineTools/SDKs/MacOSX10.14.sdk/usr/lib]
  implicit fwks: [/Library/Developer/CommandLineTools/SDKs/MacOSX10.14.sdk/System/Library/Frameworks]


Detecting CXX OpenMP compiler ABI info compiled with the following output:
Change Dir: /Users/larissa/Desktop/Uni/Master/1.Sem_WS22:23/Algorithm Engineering/Algorithm-Engineering-Git/Projekt/cmake-build-debug-gcc/CMakeFiles/CMakeTmp

Run Build Command(s):/Applications/CLion.app/Contents/bin/ninja/mac/ninja cmTC_52b65 && [1/2] Building CXX object CMakeFiles/cmTC_52b65.dir/OpenMPTryFlag.cpp.o
Using built-in specs.
COLLECT_GCC=/usr/local/bin/gcc-9
Target: x86_64-apple-darwin18
Configured with: ../configure --prefix=/usr/local/Cellar/gcc@9/9.5.0 --libdir=/usr/local/Cellar/gcc@9/9.5.0/lib/gcc/9 --disable-nls --enable-checking=release --enable-languages=c,c++,objc,obj-c++,fortran --program-suffix=-9 --with-gmp=/usr/local/opt/gmp --with-mpfr=/usr/local/opt/mpfr --with-mpc=/usr/local/opt/libmpc --with-isl=/usr/local/opt/isl --with-pkgversion='Homebrew GCC 9.5.0' --with-bugurl=https://github.com/Homebrew/homebrew-core/issues --build=x86_64-apple-darwin18 --with-system-zlib --disable-multilib --with-native-system-header-dir=/usr/include --with-sysroot=/Library/Developer/CommandLineTools/SDKs/MacOSX10.14.sdk
Thread model: posix
gcc version 9.5.0 (Homebrew GCC 9.5.0) 
COLLECT_GCC_OPTIONS='-march=native' '-fopenmp' '-v' '-isysroot' '/Library/Developer/CommandLineTools/SDKs/MacOSX10.14.sdk' '-std=c++11' '-o' 'CMakeFiles/cmTC_52b65.dir/OpenMPTryFlag.cpp.o' '-c' '-mmacosx-version-min=10.14.0' '-asm_macosx_version_min=10.14'
 /usr/local/Cellar/gcc@9/9.5.0/libexec/gcc/x86_64-apple-darwin18/9.5.0/cc1plus -quiet -v -D__DYNAMIC__ -isysroot /Library/Developer/CommandLineTools/SDKs/MacOSX10.14.sdk /Users/larissa/Desktop/Uni/Master/1.Sem_WS22:23/Algorithm Engineering/Algorithm-Engineering-Git/Projekt/cmake-build-debug-gcc/CMakeFiles/FindOpenMP/OpenMPTryFlag.cpp -march=skylake -mmmx -mno-3dnow -msse -msse2 -msse3 -mssse3 -mno-sse4a -mcx16 -msahf -mmovbe -maes -mno-sha -mpclmul -mpopcnt -mabm -mno-lwp -mfma -mno-fma4 -mno-xop -mbmi -msgx -mbmi2 -mno-pconfig -mno-wbnoinvd -mno-tbm -mavx -mavx2 -msse4.2 -msse4.1 -mlzcnt -mno-rtm -mno-hle -mrdrnd -mf16c -mfsgsbase -mrdseed -mprfchw -madx -mfxsr -mxsave -mxsaveopt -mno-avx512f -mno-avx512er -mno-avx512cd -mno-avx512pf -mno-prefetchwt1 -mclflushopt -mxsavec -mxsaves -mno-avx512dq -mno-avx512bw -mno-avx512vl -mno-avx512ifma -mno-avx512vbmi -mno-avx5124fmaps -mno-avx5124vnniw -mno-clwb -mno-mwaitx -mno-clzero -mno-pku -mno-rdpid -mno-gfni -mno-shstk -mno-avx512vbmi2 -mno-avx512vnni -mno-vaes -mno-vpclmulqdq -mno-avx512bitalg -mno-avx512vpopcntdq -mno-movdiri -mno-movdir64b -mno-waitpkg -mno-cldemote -mno-ptwrite --param l1-cache-size=32 --param l1-cache-line-size=64 --param l2-cache-size=6144 -mtune=skylake -fPIC -quiet -dumpbase OpenMPTryFlag.cpp -mmacosx-version-min=10.14.0 -auxbase-strip CMakeFiles/cmTC_52b65.dir/OpenMPTryFlag.cpp.o -std=c++11 -version -fopenmp -o /var/folders/j7/r_zbb92x5v9f6qrz3dm8ftdr0000gn/T//ccBGW7s9.s
GNU C++11 (Homebrew GCC 9.5.0) version 9.5.0 (x86_64-apple-darwin18)
	compiled by GNU C version 9.5.0, GMP version 6.2.1, MPFR version 4.2.0, MPC version 1.3.1, isl version isl-0.25-GMP

GGC heuristics: --param ggc-min-expand=100 --param ggc-min-heapsize=131072
ignoring nonexistent directory "/Library/Developer/CommandLineTools/SDKs/MacOSX10.14.sdk/usr/local/include"
ignoring nonexistent directory "/usr/local/Cellar/gcc@9/9.5.0/lib/gcc/9/gcc/x86_64-apple-darwin18/9.5.0/../../../../../../x86_64-apple-darwin18/include"
ignoring nonexistent directory "/Library/Developer/CommandLineTools/SDKs/MacOSX10.14.sdk/Library/Frameworks"
#include "..." search starts here:
#include <...> search starts here:
 /usr/local/Cellar/gcc@9/9.5.0/lib/gcc/9/gcc/x86_64-apple-darwin18/9.5.0/../../../../../../include/c++/9.5.0
 /usr/local/Cellar/gcc@9/9.5.0/lib/gcc/9/gcc/x86_64-apple-darwin18/9.5.0/../../../../../../include/c++/9.5.0/x86_64-apple-darwin18
 /usr/local/Cellar/gcc@9/9.5.0/lib/gcc/9/gcc/x86_64-apple-darwin18/9.5.0/../../../../../../include/c++/9.5.0/backward
 /usr/local/Cellar/gcc@9/9.5.0/lib/gcc/9/gcc/x86_64-apple-darwin18/9.5.0/include
 /usr/local/Cellar/gcc@9/9.5.0/lib/gcc/9/gcc/x86_64-apple-darwin18/9.5.0/include-fixed
 /Library/Developer/CommandLineTools/SDKs/MacOSX10.14.sdk/usr/include
 /Library/Developer/CommandLineTools/SDKs/MacOSX10.14.sdk/System/Library/Frameworks
End of search list.
GNU C++11 (Homebrew GCC 9.5.0) version 9.5.0 (x86_64-apple-darwin18)
	compiled by GNU C version 9.5.0, GMP version 6.2.1, MPFR version 4.2.0, MPC version 1.3.1, isl version isl-0.25-GMP

GGC heuristics: --param ggc-min-expand=100 --param ggc-min-heapsize=131072
Compiler executable checksum: 9cc2c9356ddc53e040b080cecd29102c
COLLECT_GCC_OPTIONS='-march=native' '-fopenmp' '-v' '-isysroot' '/Library/Developer/CommandLineTools/SDKs/MacOSX10.14.sdk' '-std=c++11' '-o' 'CMakeFiles/cmTC_52b65.dir/OpenMPTryFlag.cpp.o' '-c' '-mmacosx-version-min=10.14.0' 
 as -arch x86_64 -v -force_cpusubtype_ALL -mmacosx-version-min=10.14 -o CMakeFiles/cmTC_52b65.dir/OpenMPTryFlag.cpp.o /var/folders/j7/r_zbb92x5v9f6qrz3dm8ftdr0000gn/T//ccBGW7s9.s
Apple LLVM version 10.0.1 (clang-1001.0.46.4)
Target: x86_64-apple-darwin18.7.0
Thread model: posix
InstalledDir: /Library/Developer/CommandLineTools/usr/bin
 "/Library/Developer/CommandLineTools/usr/bin/clang" -cc1as -triple x86_64-apple-macosx10.14.0 -filetype obj -main-file-name ccBGW7s9.s -target-cpu penryn -fdebug-compilation-dir /Users/larissa/Desktop/Uni/Master/1.Sem_WS22:23/Algorithm Engineering/Algorithm-Engineering-Git/Projekt/cmake-build-debug-gcc/CMakeFiles/CMakeTmp -dwarf-debug-producer Apple LLVM version 10.0.1 (clang-1001.0.46.4) -dwarf-version=4 -mrelocation-model pic -o CMakeFiles/cmTC_52b65.dir/OpenMPTryFlag.cpp.o /var/folders/j7/r_zbb92x5v9f6qrz3dm8ftdr0000gn/T//ccBGW7s9.s
COMPILER_PATH=/usr/local/Cellar/gcc@9/9.5.0/libexec/gcc/x86_64-apple-darwin18/9.5.0/:/usr/local/Cellar/gcc@9/9.5.0/libexec/gcc/x86_64-apple-darwin18/9.5.0/:/usr/local/Cellar/gcc@9/9.5.0/libexec/gcc/x86_64-apple-darwin18/:/usr/local/Cellar/gcc@9/9.5.0/lib/gcc/9/gcc/x86_64-apple-darwin18/9.5.0/:/usr/local/Cellar/gcc@9/9.5.0/lib/gcc/9/gcc/x86_64-apple-darwin18/
LIBRARY_PATH=/usr/local/Cellar/gcc@9/9.5.0/lib/gcc/9/gcc/x86_64-apple-darwin18/9.5.0/:/usr/local/Cellar/gcc@9/9.5.0/lib/gcc/9/gcc/x86_64-apple-darwin18/9.5.0/../../../
COLLECT_GCC_OPTIONS='-march=native' '-fopenmp' '-v' '-isysroot' '/Library/Developer/CommandLineTools/SDKs/MacOSX10.14.sdk' '-std=c++11' '-o' 'CMakeFiles/cmTC_52b65.dir/OpenMPTryFlag.cpp.o' '-c' '-mmacosx-version-min=10.14.0' 
[2/2] Linking CXX executable cmTC_52b65
Using built-in specs.
COLLECT_GCC=/usr/local/bin/gcc-9
COLLECT_LTO_WRAPPER=/usr/local/Cellar/gcc@9/9.5.0/libexec/gcc/x86_64-apple-darwin18/9.5.0/lto-wrapper
Target: x86_64-apple-darwin18
Configured with: ../configure --prefix=/usr/local/Cellar/gcc@9/9.5.0 --libdir=/usr/local/Cellar/gcc@9/9.5.0/lib/gcc/9 --disable-nls --enable-checking=release --enable-languages=c,c++,objc,obj-c++,fortran --program-suffix=-9 --with-gmp=/usr/local/opt/gmp --with-mpfr=/usr/local/opt/mpfr --with-mpc=/usr/local/opt/libmpc --with-isl=/usr/local/opt/isl --with-pkgversion='Homebrew GCC 9.5.0' --with-bugurl=https://github.com/Homebrew/homebrew-core/issues --build=x86_64-apple-darwin18 --with-system-zlib --disable-multilib --with-native-system-header-dir=/usr/include --with-sysroot=/Library/Developer/CommandLineTools/SDKs/MacOSX10.14.sdk
Thread model: posix
gcc version 9.5.0 (Homebrew GCC 9.5.0) 
COMPILER_PATH=/usr/local/Cellar/gcc@9/9.5.0/libexec/gcc/x86_64-apple-darwin18/9.5.0/:/usr/local/Cellar/gcc@9/9.5.0/libexec/gcc/x86_64-apple-darwin18/9.5.0/:/usr/local/Cellar/gcc@9/9.5.0/libexec/gcc/x86_64-apple-darwin18/:/usr/local/Cellar/gcc@9/9.5.0/lib/gcc/9/gcc/x86_64-apple-darwin18/9.5.0/:/usr/local/Cellar/gcc@9/9.5.0/lib/gcc/9/gcc/x86_64-apple-darwin18/
LIBRARY_PATH=/usr/local/Cellar/gcc@9/9.5.0/lib/gcc/9/gcc/x86_64-apple-darwin18/9.5.0/:/usr/local/Cellar/gcc@9/9.5.0/lib/gcc/9/gcc/x86_64-apple-darwin18/9.5.0/../../../
COLLECT_GCC_OPTIONS='-march=native' '-fopenmp' '-v' '-isysroot' '/Library/Developer/CommandLineTools/SDKs/MacOSX10.14.sdk' '-o' 'cmTC_52b65' '-v' '-mmacosx-version-min=10.14.0' '-asm_macosx_version_min=10.14'
 /usr/local/Cellar/gcc@9/9.5.0/libexec/gcc/x86_64-apple-darwin18/9.5.0/collect2 -dynamic -arch x86_64 -macosx_version_min 10.14.0 -syslibroot /Library/Developer/CommandLineTools/SDKs/MacOSX10.14.sdk -weak_reference_mismatches non-weak -o cmTC_52b65 -L/usr/local/Cellar/gcc@9/9.5.0/lib/gcc/9/gcc/x86_64-apple-darwin18/9.5.0 -L/usr/local/Cellar/gcc@9/9.5.0/lib/gcc/9/gcc/x86_64-apple-darwin18/9.5.0/../../.. -search_paths_first -headerpad_max_install_names CMakeFiles/cmTC_52b65.dir/OpenMPTryFlag.cpp.o -v -lgomp -lSystem -lgcc_ext.10.5 -lgcc -lSystem -no_compact_unwind -v -v
collect2 version 9.5.0
/usr/bin/ld -dynamic -arch x86_64 -macosx_version_min 10.14.0 -syslibroot /Library/Developer/CommandLineTools/SDKs/MacOSX10.14.sdk -weak_reference_mismatches non-weak -o cmTC_52b65 -L/usr/local/Cellar/gcc@9/9.5.0/lib/gcc/9/gcc/x86_64-apple-darwin18/9.5.0 -L/usr/local/Cellar/gcc@9/9.5.0/lib/gcc/9/gcc/x86_64-apple-darwin18/9.5.0/../../.. -search_paths_first -headerpad_max_install_names CMakeFiles/cmTC_52b65.dir/OpenMPTryFlag.cpp.o -v -lgomp -lSystem -lgcc_ext.10.5 -lgcc -lSystem -no_compact_unwind -v -v
@(#)PROGRAM:ld  PROJECT:ld64-450.3
BUILD 18:16:53 Apr  5 2019
configured to support archs: armv6 armv7 armv7s arm64 arm64e arm64_32 i386 x86_64 x86_64h armv6m armv7k armv7m armv7em
@(#)PROGRAM:ld  PROJECT:ld64-450.3
BUILD 18:16:53 Apr  5 2019
configured to support archs: armv6 armv7 armv7s arm64 arm64e arm64_32 i386 x86_64 x86_64h armv6m armv7k armv7m armv7em
@(#)PROGRAM:ld  PROJECT:ld64-450.3
BUILD 18:16:53 Apr  5 2019
configured to support archs: armv6 armv7 armv7s arm64 arm64e arm64_32 i386 x86_64 x86_64h armv6m armv7k armv7m armv7em
Library search paths:
	/usr/local/Cellar/gcc@9/9.5.0/lib/gcc/9/gcc/x86_64-apple-darwin18/9.5.0
	/usr/local/Cellar/gcc@9/9.5.0/lib/gcc/9
	/Library/Developer/CommandLineTools/SDKs/MacOSX10.14.sdk/usr/lib
Framework search paths:
	/Library/Developer/CommandLineTools/SDKs/MacOSX10.14.sdk/System/Library/Frameworks/



Parsed CXX OpenMP implicit link information from above output:
  link line regex: [^( *|.*[/\])(ld|CMAKE_LINK_STARTFILE-NOTFOUND|([^/\]+-)?ld|collect2)[^/\]*( |$)]
  ignore line: [Change Dir: /Users/larissa/Desktop/Uni/Master/1.Sem_WS22:23/Algorithm Engineering/Algorithm-Engineering-Git/Projekt/cmake-build-debug-gcc/CMakeFiles/CMakeTmp]
  ignore line: []
  ignore line: [Run Build Command(s):/Applications/CLion.app/Contents/bin/ninja/mac/ninja cmTC_52b65 && [1/2] Building CXX object CMakeFiles/cmTC_52b65.dir/OpenMPTryFlag.cpp.o]
  ignore line: [Using built-in specs.]
  ignore line: [COLLECT_GCC=/usr/local/bin/gcc-9]
  ignore line: [Target: x86_64-apple-darwin18]
  ignore line: [Configured with: ../configure --prefix=/usr/local/Cellar/gcc@9/9.5.0 --libdir=/usr/local/Cellar/gcc@9/9.5.0/lib/gcc/9 --disable-nls --enable-checking=release --enable-languages=c c++ objc obj-c++ fortran --program-suffix=-9 --with-gmp=/usr/local/opt/gmp --with-mpfr=/usr/local/opt/mpfr --with-mpc=/usr/local/opt/libmpc --with-isl=/usr/local/opt/isl --with-pkgversion='Homebrew GCC 9.5.0' --with-bugurl=https://github.com/Homebrew/homebrew-core/issues --build=x86_64-apple-darwin18 --with-system-zlib --disable-multilib --with-native-system-header-dir=/usr/include --with-sysroot=/Library/Developer/CommandLineTools/SDKs/MacOSX10.14.sdk]
  ignore line: [Thread model: posix]
  ignore line: [gcc version 9.5.0 (Homebrew GCC 9.5.0) ]
  ignore line: [COLLECT_GCC_OPTIONS='-march=native' '-fopenmp' '-v' '-isysroot' '/Library/Developer/CommandLineTools/SDKs/MacOSX10.14.sdk' '-std=c++11' '-o' 'CMakeFiles/cmTC_52b65.dir/OpenMPTryFlag.cpp.o' '-c' '-mmacosx-version-min=10.14.0' '-asm_macosx_version_min=10.14']
  ignore line: [ /usr/local/Cellar/gcc@9/9.5.0/libexec/gcc/x86_64-apple-darwin18/9.5.0/cc1plus -quiet -v -D__DYNAMIC__ -isysroot /Library/Developer/CommandLineTools/SDKs/MacOSX10.14.sdk /Users/larissa/Desktop/Uni/Master/1.Sem_WS22:23/Algorithm Engineering/Algorithm-Engineering-Git/Projekt/cmake-build-debug-gcc/CMakeFiles/FindOpenMP/OpenMPTryFlag.cpp -march=skylake -mmmx -mno-3dnow -msse -msse2 -msse3 -mssse3 -mno-sse4a -mcx16 -msahf -mmovbe -maes -mno-sha -mpclmul -mpopcnt -mabm -mno-lwp -mfma -mno-fma4 -mno-xop -mbmi -msgx -mbmi2 -mno-pconfig -mno-wbnoinvd -mno-tbm -mavx -mavx2 -msse4.2 -msse4.1 -mlzcnt -mno-rtm -mno-hle -mrdrnd -mf16c -mfsgsbase -mrdseed -mprfchw -madx -mfxsr -mxsave -mxsaveopt -mno-avx512f -mno-avx512er -mno-avx512cd -mno-avx512pf -mno-prefetchwt1 -mclflushopt -mxsavec -mxsaves -mno-avx512dq -mno-avx512bw -mno-avx512vl -mno-avx512ifma -mno-avx512vbmi -mno-avx5124fmaps -mno-avx5124vnniw -mno-clwb -mno-mwaitx -mno-clzero -mno-pku -mno-rdpid -mno-gfni -mno-shstk -mno-avx512vbmi2 -mno-avx512vnni -mno-vaes -mno-vpclmulqdq -mno-avx512bitalg -mno-avx512vpopcntdq -mno-movdiri -mno-movdir64b -mno-waitpkg -mno-cldemote -mno-ptwrite --param l1-cache-size=32 --param l1-cache-line-size=64 --param l2-cache-size=6144 -mtune=skylake -fPIC -quiet -dumpbase OpenMPTryFlag.cpp -mmacosx-version-min=10.14.0 -auxbase-strip CMakeFiles/cmTC_52b65.dir/OpenMPTryFlag.cpp.o -std=c++11 -version -fopenmp -o /var/folders/j7/r_zbb92x5v9f6qrz3dm8ftdr0000gn/T//ccBGW7s9.s]
  ignore line: [GNU C++11 (Homebrew GCC 9.5.0) version 9.5.0 (x86_64-apple-darwin18)]
  ignore line: [	compiled by GNU C version 9.5.0  GMP version 6.2.1  MPFR version 4.2.0  MPC version 1.3.1  isl version isl-0.25-GMP]
  ignore line: []
  ignore line: [GGC heuristics: --param ggc-min-expand=100 --param ggc-min-heapsize=131072]
  ignore line: [ignoring nonexistent directory "/Library/Developer/CommandLineTools/SDKs/MacOSX10.14.sdk/usr/local/include"]
  ignore line: [ignoring nonexistent directory "/usr/local/Cellar/gcc@9/9.5.0/lib/gcc/9/gcc/x86_64-apple-darwin18/9.5.0/../../../../../../x86_64-apple-darwin18/include"]
  ignore line: [ignoring nonexistent directory "/Library/Developer/CommandLineTools/SDKs/MacOSX10.14.sdk/Library/Frameworks"]
  ignore line: [#include "..." search starts here:]
  ignore line: [#include <...> search starts here:]
  ignore line: [ /usr/local/Cellar/gcc@9/9.5.0/lib/gcc/9/gcc/x86_64-apple-darwin18/9.5.0/../../../../../../include/c++/9.5.0]
  ignore line: [ /usr/local/Cellar/gcc@9/9.5.0/lib/gcc/9/gcc/x86_64-apple-darwin18/9.5.0/../../../../../../include/c++/9.5.0/x86_64-apple-darwin18]
  ignore line: [ /usr/local/Cellar/gcc@9/9.5.0/lib/gcc/9/gcc/x86_64-apple-darwin18/9.5.0/../../../../../../include/c++/9.5.0/backward]
  ignore line: [ /usr/local/Cellar/gcc@9/9.5.0/lib/gcc/9/gcc/x86_64-apple-darwin18/9.5.0/include]
  ignore line: [ /usr/local/Cellar/gcc@9/9.5.0/lib/gcc/9/gcc/x86_64-apple-darwin18/9.5.0/include-fixed]
  ignore line: [ /Library/Developer/CommandLineTools/SDKs/MacOSX10.14.sdk/usr/include]
  ignore line: [ /Library/Developer/CommandLineTools/SDKs/MacOSX10.14.sdk/System/Library/Frameworks]
  ignore line: [End of search list.]
  ignore line: [GNU C++11 (Homebrew GCC 9.5.0) version 9.5.0 (x86_64-apple-darwin18)]
  ignore line: [	compiled by GNU C version 9.5.0  GMP version 6.2.1  MPFR version 4.2.0  MPC version 1.3.1  isl version isl-0.25-GMP]
  ignore line: []
  ignore line: [GGC heuristics: --param ggc-min-expand=100 --param ggc-min-heapsize=131072]
  ignore line: [Compiler executable checksum: 9cc2c9356ddc53e040b080cecd29102c]
  ignore line: [COLLECT_GCC_OPTIONS='-march=native' '-fopenmp' '-v' '-isysroot' '/Library/Developer/CommandLineTools/SDKs/MacOSX10.14.sdk' '-std=c++11' '-o' 'CMakeFiles/cmTC_52b65.dir/OpenMPTryFlag.cpp.o' '-c' '-mmacosx-version-min=10.14.0' ]
  ignore line: [ as -arch x86_64 -v -force_cpusubtype_ALL -mmacosx-version-min=10.14 -o CMakeFiles/cmTC_52b65.dir/OpenMPTryFlag.cpp.o /var/folders/j7/r_zbb92x5v9f6qrz3dm8ftdr0000gn/T//ccBGW7s9.s]
  ignore line: [Apple LLVM version 10.0.1 (clang-1001.0.46.4)]
  ignore line: [Target: x86_64-apple-darwin18.7.0]
  ignore line: [Thread model: posix]
  ignore line: [InstalledDir: /Library/Developer/CommandLineTools/usr/bin]
  ignore line: [ "/Library/Developer/CommandLineTools/usr/bin/clang" -cc1as -triple x86_64-apple-macosx10.14.0 -filetype obj -main-file-name ccBGW7s9.s -target-cpu penryn -fdebug-compilation-dir /Users/larissa/Desktop/Uni/Master/1.Sem_WS22:23/Algorithm Engineering/Algorithm-Engineering-Git/Projekt/cmake-build-debug-gcc/CMakeFiles/CMakeTmp -dwarf-debug-producer Apple LLVM version 10.0.1 (clang-1001.0.46.4) -dwarf-version=4 -mrelocation-model pic -o CMakeFiles/cmTC_52b65.dir/OpenMPTryFlag.cpp.o /var/folders/j7/r_zbb92x5v9f6qrz3dm8ftdr0000gn/T//ccBGW7s9.s]
  ignore line: [COMPILER_PATH=/usr/local/Cellar/gcc@9/9.5.0/libexec/gcc/x86_64-apple-darwin18/9.5.0/:/usr/local/Cellar/gcc@9/9.5.0/libexec/gcc/x86_64-apple-darwin18/9.5.0/:/usr/local/Cellar/gcc@9/9.5.0/libexec/gcc/x86_64-apple-darwin18/:/usr/local/Cellar/gcc@9/9.5.0/lib/gcc/9/gcc/x86_64-apple-darwin18/9.5.0/:/usr/local/Cellar/gcc@9/9.5.0/lib/gcc/9/gcc/x86_64-apple-darwin18/]
  ignore line: [LIBRARY_PATH=/usr/local/Cellar/gcc@9/9.5.0/lib/gcc/9/gcc/x86_64-apple-darwin18/9.5.0/:/usr/local/Cellar/gcc@9/9.5.0/lib/gcc/9/gcc/x86_64-apple-darwin18/9.5.0/../../../]
  ignore line: [COLLECT_GCC_OPTIONS='-march=native' '-fopenmp' '-v' '-isysroot' '/Library/Developer/CommandLineTools/SDKs/MacOSX10.14.sdk' '-std=c++11' '-o' 'CMakeFiles/cmTC_52b65.dir/OpenMPTryFlag.cpp.o' '-c' '-mmacosx-version-min=10.14.0' ]
  ignore line: [[2/2] Linking CXX executable cmTC_52b65]
  ignore line: [Using built-in specs.]
  ignore line: [COLLECT_GCC=/usr/local/bin/gcc-9]
  ignore line: [COLLECT_LTO_WRAPPER=/usr/local/Cellar/gcc@9/9.5.0/libexec/gcc/x86_64-apple-darwin18/9.5.0/lto-wrapper]
  ignore line: [Target: x86_64-apple-darwin18]
  ignore line: [Configured with: ../configure --prefix=/usr/local/Cellar/gcc@9/9.5.0 --libdir=/usr/local/Cellar/gcc@9/9.5.0/lib/gcc/9 --disable-nls --enable-checking=release --enable-languages=c c++ objc obj-c++ fortran --program-suffix=-9 --with-gmp=/usr/local/opt/gmp --with-mpfr=/usr/local/opt/mpfr --with-mpc=/usr/local/opt/libmpc --with-isl=/usr/local/opt/isl --with-pkgversion='Homebrew GCC 9.5.0' --with-bugurl=https://github.com/Homebrew/homebrew-core/issues --build=x86_64-apple-darwin18 --with-system-zlib --disable-multilib --with-native-system-header-dir=/usr/include --with-sysroot=/Library/Developer/CommandLineTools/SDKs/MacOSX10.14.sdk]
  ignore line: [Thread model: posix]
  ignore line: [gcc version 9.5.0 (Homebrew GCC 9.5.0) ]
  ignore line: [COMPILER_PATH=/usr/local/Cellar/gcc@9/9.5.0/libexec/gcc/x86_64-apple-darwin18/9.5.0/:/usr/local/Cellar/gcc@9/9.5.0/libexec/gcc/x86_64-apple-darwin18/9.5.0/:/usr/local/Cellar/gcc@9/9.5.0/libexec/gcc/x86_64-apple-darwin18/:/usr/local/Cellar/gcc@9/9.5.0/lib/gcc/9/gcc/x86_64-apple-darwin18/9.5.0/:/usr/local/Cellar/gcc@9/9.5.0/lib/gcc/9/gcc/x86_64-apple-darwin18/]
  ignore line: [LIBRARY_PATH=/usr/local/Cellar/gcc@9/9.5.0/lib/gcc/9/gcc/x86_64-apple-darwin18/9.5.0/:/usr/local/Cellar/gcc@9/9.5.0/lib/gcc/9/gcc/x86_64-apple-darwin18/9.5.0/../../../]
  ignore line: [COLLECT_GCC_OPTIONS='-march=native' '-fopenmp' '-v' '-isysroot' '/Library/Developer/CommandLineTools/SDKs/MacOSX10.14.sdk' '-o' 'cmTC_52b65' '-v' '-mmacosx-version-min=10.14.0' '-asm_macosx_version_min=10.14']
  link line: [ /usr/local/Cellar/gcc@9/9.5.0/libexec/gcc/x86_64-apple-darwin18/9.5.0/collect2 -dynamic -arch x86_64 -macosx_version_min 10.14.0 -syslibroot /Library/Developer/CommandLineTools/SDKs/MacOSX10.14.sdk -weak_reference_mismatches non-weak -o cmTC_52b65 -L/usr/local/Cellar/gcc@9/9.5.0/lib/gcc/9/gcc/x86_64-apple-darwin18/9.5.0 -L/usr/local/Cellar/gcc@9/9.5.0/lib/gcc/9/gcc/x86_64-apple-darwin18/9.5.0/../../.. -search_paths_first -headerpad_max_install_names CMakeFiles/cmTC_52b65.dir/OpenMPTryFlag.cpp.o -v -lgomp -lSystem -lgcc_ext.10.5 -lgcc -lSystem -no_compact_unwind -v -v]
    arg [/usr/local/Cellar/gcc@9/9.5.0/libexec/gcc/x86_64-apple-darwin18/9.5.0/collect2] ==> ignore
    arg [-dynamic] ==> ignore
    arg [-arch] ==> ignore
    arg [x86_64] ==> ignore
    arg [-macosx_version_min] ==> ignore
    arg [10.14.0] ==> ignore
    arg [-syslibroot] ==> ignore
    arg [/Library/Developer/CommandLineTools/SDKs/MacOSX10.14.sdk] ==> ignore
    arg [-weak_reference_mismatches] ==> ignore
    arg [non-weak] ==> ignore
    arg [-o] ==> ignore
    arg [cmTC_52b65] ==> ignore
    arg [-L/usr/local/Cellar/gcc@9/9.5.0/lib/gcc/9/gcc/x86_64-apple-darwin18/9.5.0] ==> dir [/usr/local/Cellar/gcc@9/9.5.0/lib/gcc/9/gcc/x86_64-apple-darwin18/9.5.0]
    arg [-L/usr/local/Cellar/gcc@9/9.5.0/lib/gcc/9/gcc/x86_64-apple-darwin18/9.5.0/../../..] ==> dir [/usr/local/Cellar/gcc@9/9.5.0/lib/gcc/9/gcc/x86_64-apple-darwin18/9.5.0/../../..]
    arg [-search_paths_first] ==> ignore
    arg [-headerpad_max_install_names] ==> ignore
    arg [CMakeFiles/cmTC_52b65.dir/OpenMPTryFlag.cpp.o] ==> ignore
    arg [-v] ==> ignore
    arg [-lgomp] ==> lib [gomp]
    arg [-lSystem] ==> lib [System]
    arg [-lgcc_ext.10.5] ==> lib [gcc_ext.10.5]
    arg [-lgcc] ==> lib [gcc]
    arg [-lSystem] ==> lib [System]
    arg [-no_compact_unwind] ==> ignore
    arg [-v] ==> ignore
    arg [-v] ==> ignore
  Library search paths: [;/usr/local/Cellar/gcc@9/9.5.0/lib/gcc/9/gcc/x86_64-apple-darwin18/9.5.0;/usr/local/Cellar/gcc@9/9.5.0/lib/gcc/9;/Library/Developer/CommandLineTools/SDKs/MacOSX10.14.sdk/usr/lib]
  Framework search paths: [;/Library/Developer/CommandLineTools/SDKs/MacOSX10.14.sdk/System/Library/Frameworks/]
  remove lib [System]
  remove lib [System]
  collapse library dir [/usr/local/Cellar/gcc@9/9.5.0/lib/gcc/9/gcc/x86_64-apple-darwin18/9.5.0] ==> [/usr/local/Cellar/gcc@9/9.5.0/lib/gcc/9/gcc/x86_64-apple-darwin18/9.5.0]
  collapse library dir [/usr/local/Cellar/gcc@9/9.5.0/lib/gcc/9/gcc/x86_64-apple-darwin18/9.5.0/../../..] ==> [/usr/local/Cellar/gcc@9/9.5.0/lib/gcc/9]
  collapse library dir [/usr/local/Cellar/gcc@9/9.5.0/lib/gcc/9/gcc/x86_64-apple-darwin18/9.5.0] ==> [/usr/local/Cellar/gcc@9/9.5.0/lib/gcc/9/gcc/x86_64-apple-darwin18/9.5.0]
  collapse library dir [/usr/local/Cellar/gcc@9/9.5.0/lib/gcc/9] ==> [/usr/local/Cellar/gcc@9/9.5.0/lib/gcc/9]
  collapse library dir [/Library/Developer/CommandLineTools/SDKs/MacOSX10.14.sdk/usr/lib] ==> [/Library/Developer/CommandLineTools/SDKs/MacOSX10.14.sdk/usr/lib]
  collapse framework dir [/Library/Developer/CommandLineTools/SDKs/MacOSX10.14.sdk/System/Library/Frameworks/] ==> [/Library/Developer/CommandLineTools/SDKs/MacOSX10.14.sdk/System/Library/Frameworks]
  implicit libs: [gomp;gcc_ext.10.5;gcc]
  implicit objs: []
  implicit dirs: [/usr/local/Cellar/gcc@9/9.5.0/lib/gcc/9/gcc/x86_64-apple-darwin18/9.5.0;/usr/local/Cellar/gcc@9/9.5.0/lib/gcc/9;/Library/Developer/CommandLineTools/SDKs/MacOSX10.14.sdk/usr/lib]
  implicit fwks: [/Library/Developer/CommandLineTools/SDKs/MacOSX10.14.sdk/System/Library/Frameworks]


