threads_spec: cpu
Using CPUID GenuineIntel-6-5E-3
DEBUGINFOD_URLS=
Compression enabled, disabling build id collection at the end of the session.
nr_threads: 4
thread_masks[0]: 0x555a36c972e0: maps mask[4]: 0
thread_masks[0]: 0x555a36c972f0: affinity mask[4]: 0
thread_masks[1]: 0x555a36c97300: maps mask[4]: 1
thread_masks[1]: 0x555a36c97310: affinity mask[4]: 1
thread_masks[2]: 0x555a36c97320: maps mask[4]: 2
thread_masks[2]: 0x555a36c97330: affinity mask[4]: 2
thread_masks[3]: 0x555a36c97340: maps mask[4]: 3
thread_masks[3]: 0x555a36c97350: affinity mask[4]: 3
nr_cblocks: 0
affinity: SYS
mmap flush: 1
comp level: 1
mmap size 528384B
couldn't open /proc/1/task/1/maps
couldn't open /proc/308/task/308/maps
couldn't open /proc/371/task/371/maps
couldn't open /proc/415/task/415/maps
couldn't open /proc/583/task/583/maps
couldn't open /proc/591/task/591/maps
couldn't open /proc/619/task/619/maps
couldn't open /proc/622/task/622/maps
couldn't open /proc/632/task/632/maps
couldn't open /proc/634/task/634/maps
couldn't open /proc/635/task/635/maps
couldn't open /proc/636/task/636/maps
couldn't open /proc/638/task/638/maps
couldn't open /proc/640/task/640/maps
couldn't open /proc/647/task/647/maps
couldn't open /proc/712/task/712/maps
couldn't open /proc/717/task/717/maps
couldn't open /proc/719/task/719/maps
couldn't open /proc/724/task/724/maps
couldn't open /proc/729/task/729/maps
couldn't open /proc/758/task/758/maps
couldn't open /proc/780/task/780/maps
couldn't open /proc/792/task/792/maps
couldn't open /proc/809/task/809/maps
couldn't open /proc/815/task/815/maps
couldn't open /proc/816/task/816/maps
couldn't open /proc/1147/task/1147/maps
couldn't open /proc/1151/task/1151/maps
couldn't open /proc/1162/task/1162/maps
couldn't open /proc/1200/task/1200/maps
couldn't open /proc/1207/task/1207/maps
couldn't open /proc/1208/task/1208/maps
couldn't open /proc/1269/task/1269/maps
couldn't open /proc/1270/task/1270/maps
couldn't open /proc/1524/task/1524/maps
couldn't open /proc/1589/task/1589/maps
couldn't open /proc/1798/task/1798/maps
couldn't open /proc/1868/task/1868/maps
couldn't open /proc/1913/task/1913/maps
couldn't open /proc/6214/task/6214/maps
couldn't open /proc/220986/task/220986/maps
couldn't open /proc/221001/task/221001/maps
couldn't open /proc/221021/task/221021/maps
couldn't open /proc/221080/task/221080/maps
couldn't open /proc/221237/task/221237/maps
couldn't open /proc/221244/task/221244/maps
couldn't open /proc/223304/task/223304/maps
couldn't open /proc/248192/task/248192/maps
couldn't open /proc/293229/task/293229/maps
threads[294016]: started on cpu1
threads[294017]: started on cpu2
threads[294004]: started on cpu0
threads[294018]: started on cpu3

294005:perf-sync:ready:TSC=319197567884916
[ perf record: Woken up 4 times to write data ]
threads[294004]: samples=4, wakes=2, transferred=485560, compressed=63567
threads[294016]: samples=1, wakes=2, transferred=198664, compressed=28633
threads[294017]: samples=4, wakes=3, transferred=300824, compressed=42201
threads[294018]: samples=4, wakes=3, transferred=306624, compressed=42736
failed to write feature HYBRID_TOPOLOGY
failed to write feature HYBRID_CPU_PMU_CAPS
[ perf record: Captured and wrote 9,026 MB /tmp/amplxe-tmp-le34xoh/amplxe-res-293975-319192796892333/data.0/system-wide.perf, compressed (original 1,232 MB, ratio is 7,292) ]
