
272177 : 0x11d7cd4991d8d : 1 : spill_jit_data :  Jit agent is not initialized
272155 : 0x11d7cd49bd74a : 2 : ittapi_config_mask_get :  --itt-config mask to be applied: 55
272155 : 0x11d7cd49c3bde : 2 : ittapi_config_apply_per_lib :  ITTAPI function instrumented: __itt_domain_create
272155 : 0x11d7cd49c5dd5 : 2 : ittapi_config_apply_per_lib :  ITTAPI function instrumented: __itt_module_load_with_sections
272155 : 0x11d7cd49c8a24 : 2 : ittapi_config_apply_per_lib :  ITTAPI function not implemented: __itt_module_unload_with_sections
272155 : 0x11d7cd49cb869 : 2 : ittapi_config_apply_per_lib :  ITTAPI function instrumented: __itt_string_handle_create
272155 : 0x11d7cd49ccf11 : 2 : ittapi_config_apply_per_lib :  ITTAPI function instrumented: __itt_counter_create
272155 : 0x11d7cd49ce4d3 : 2 : ittapi_config_apply_per_lib :  ITTAPI function instrumented: __itt_counter_create_typed
272155 : 0x11d7cd49cfd9b : 2 : ittapi_config_apply_per_lib :  ITTAPI function instrumented: __itt_pause
272155 : 0x11d7cd49d1481 : 2 : ittapi_config_apply_per_lib :  ITTAPI function instrumented: __itt_resume
272155 : 0x11d7cd4a02341 : 2 : ittapi_config_apply_per_lib :  ITTAPI function instrumented: __itt_thread_set_name
272155 : 0x11d7cd4a03ed6 : 2 : ittapi_config_apply_per_lib :  ITTAPI function instrumented: __itt_thread_ignore
272155 : 0x11d7cd4a056f7 : 2 : ittapi_config_apply_per_lib :  ITTAPI function instrumented: __itt_thr_name_set
272155 : 0x11d7cd4a06d9e : 2 : ittapi_config_apply_per_lib :  ITTAPI function instrumented: __itt_thr_ignore
272155 : 0x11d7cd4a0845a : 2 : ittapi_config_apply_per_lib :  ITTAPI function instrumented: __itt_histogram_create
272155 : 0x11d7cd4a0a2b7 : 2 : ittapi_config_apply_per_lib :  ITTAPI function not implemented: __itt_enable_attach
272155 : 0x11d7cd4a0b912 : 2 : ittapi_config_apply_per_lib :  ITTAPI function instrumented: __itt_detach
272155 : 0x11d7cd4a0caa7 : 2 : ittapi_config_apply_per_lib :  ITTAPI function NOT instrumented (not matched by --itt-config option): __itt_sync_create

272155 : 0x11d7cd4a0de4b : 2 : ittapi_config_apply_per_lib :  ITTAPI function NOT instrumented (not matched by --itt-config option): __itt_sync_rename

272155 : 0x11d7cd4a0ef2e : 2 : ittapi_config_apply_per_lib :  ITTAPI function NOT instrumented (not matched by --itt-config option): __itt_sync_destroy

272155 : 0x11d7cd4a174db : 2 : ittapi_config_apply_per_lib :  ITTAPI function NOT instrumented (not matched by --itt-config option): __itt_sync_prepare

272155 : 0x11d7cd4a18838 : 2 : ittapi_config_apply_per_lib :  ITTAPI function NOT instrumented (not matched by --itt-config option): __itt_sync_cancel

272155 : 0x11d7cd4a19905 : 2 : ittapi_config_apply_per_lib :  ITTAPI function NOT instrumented (not matched by --itt-config option): __itt_sync_acquired

272155 : 0x11d7cd4a1a9a3 : 2 : ittapi_config_apply_per_lib :  ITTAPI function NOT instrumented (not matched by --itt-config option): __itt_sync_releasing

272155 : 0x11d7cd4a1c534 : 2 : ittapi_config_apply_per_lib :  ITTAPI function not implemented: __itt_suppress_push
272155 : 0x11d7cd4a1e06a : 2 : ittapi_config_apply_per_lib :  ITTAPI function not implemented: __itt_suppress_pop
272155 : 0x11d7cd4a1f772 : 2 : ittapi_config_apply_per_lib :  ITTAPI function not implemented: __itt_suppress_mark_range
272155 : 0x11d7cd4a20fc9 : 2 : ittapi_config_apply_per_lib :  ITTAPI function not implemented: __itt_suppress_clear_range
272155 : 0x11d7cd4a22084 : 2 : ittapi_config_apply_per_lib :  ITTAPI function NOT instrumented (not matched by --itt-config option): __itt_sync_prepare

272155 : 0x11d7cd4a23152 : 2 : ittapi_config_apply_per_lib :  ITTAPI function NOT instrumented (not matched by --itt-config option): __itt_sync_cancel

272155 : 0x11d7cd4a2a861 : 2 : ittapi_config_apply_per_lib :  ITTAPI function NOT instrumented (not matched by --itt-config option): __itt_sync_acquired

272155 : 0x11d7cd4a2bae1 : 2 : ittapi_config_apply_per_lib :  ITTAPI function NOT instrumented (not matched by --itt-config option): __itt_sync_releasing

272155 : 0x11d7cd4a2cd28 : 2 : ittapi_config_apply_per_lib :  ITTAPI function NOT instrumented (not matched by --itt-config option): __itt_model_site_begin

272155 : 0x11d7cd4a2de4b : 2 : ittapi_config_apply_per_lib :  ITTAPI function NOT instrumented (not matched by --itt-config option): __itt_model_site_end

272155 : 0x11d7cd4a2ef56 : 2 : ittapi_config_apply_per_lib :  ITTAPI function NOT instrumented (not matched by --itt-config option): __itt_model_task_begin

272155 : 0x11d7cd4a2fffa : 2 : ittapi_config_apply_per_lib :  ITTAPI function NOT instrumented (not matched by --itt-config option): __itt_model_task_end

272155 : 0x11d7cd4a310ba : 2 : ittapi_config_apply_per_lib :  ITTAPI function NOT instrumented (not matched by --itt-config option): __itt_model_lock_acquire

272155 : 0x11d7cd4a32282 : 2 : ittapi_config_apply_per_lib :  ITTAPI function NOT instrumented (not matched by --itt-config option): __itt_model_lock_release

272155 : 0x11d7cd4a33326 : 2 : ittapi_config_apply_per_lib :  ITTAPI function NOT instrumented (not matched by --itt-config option): __itt_model_record_allocation

272155 : 0x11d7cd4a344ea : 2 : ittapi_config_apply_per_lib :  ITTAPI function NOT instrumented (not matched by --itt-config option): __itt_model_record_deallocation

272155 : 0x11d7cd4a3ef0e : 2 : ittapi_config_apply_per_lib :  ITTAPI function NOT instrumented (not matched by --itt-config option): __itt_model_induction_uses

272155 : 0x11d7cd4a4033b : 2 : ittapi_config_apply_per_lib :  ITTAPI function NOT instrumented (not matched by --itt-config option): __itt_model_reduction_uses

272155 : 0x11d7cd4a4142d : 2 : ittapi_config_apply_per_lib :  ITTAPI function NOT instrumented (not matched by --itt-config option): __itt_model_observe_uses

272155 : 0x11d7cd4a4253c : 2 : ittapi_config_apply_per_lib :  ITTAPI function NOT instrumented (not matched by --itt-config option): __itt_model_clear_uses

272155 : 0x11d7cd4a43655 : 2 : ittapi_config_apply_per_lib :  ITTAPI function NOT instrumented (not matched by --itt-config option): __itt_model_site_beginA

272155 : 0x11d7cd4a44723 : 2 : ittapi_config_apply_per_lib :  ITTAPI function NOT instrumented (not matched by --itt-config option): __itt_model_site_beginAL

272155 : 0x11d7cd4a4575f : 2 : ittapi_config_apply_per_lib :  ITTAPI function NOT instrumented (not matched by --itt-config option): __itt_model_task_beginA

272155 : 0x11d7cd4a46817 : 2 : ittapi_config_apply_per_lib :  ITTAPI function NOT instrumented (not matched by --itt-config option): __itt_model_task_beginAL

272155 : 0x11d7cd4a478c9 : 2 : ittapi_config_apply_per_lib :  ITTAPI function NOT instrumented (not matched by --itt-config option): __itt_model_iteration_taskA

272155 : 0x11d7cd4a4891c : 2 : ittapi_config_apply_per_lib :  ITTAPI function NOT instrumented (not matched by --itt-config option): __itt_model_iteration_taskAL

272155 : 0x11d7cd4a4fe56 : 2 : ittapi_config_apply_per_lib :  ITTAPI function NOT instrumented (not matched by --itt-config option): __itt_model_site_end_2

272155 : 0x11d7cd4a5107f : 2 : ittapi_config_apply_per_lib :  ITTAPI function NOT instrumented (not matched by --itt-config option): __itt_model_task_end_2

272155 : 0x11d7cd4a520d4 : 2 : ittapi_config_apply_per_lib :  ITTAPI function NOT instrumented (not matched by --itt-config option): __itt_model_lock_acquire_2

272155 : 0x11d7cd4a5669d : 2 : ittapi_config_apply_per_lib :  ITTAPI function NOT instrumented (not matched by --itt-config option): __itt_model_lock_release_2

272155 : 0x11d7cd4a577a1 : 2 : ittapi_config_apply_per_lib :  ITTAPI function NOT instrumented (not matched by --itt-config option): __itt_model_aggregate_task

272155 : 0x11d7cd4a5886e : 2 : ittapi_config_apply_per_lib :  ITTAPI function NOT instrumented (not matched by --itt-config option): __itt_model_disable_push

272155 : 0x11d7cd4a598cf : 2 : ittapi_config_apply_per_lib :  ITTAPI function NOT instrumented (not matched by --itt-config option): __itt_model_disable_pop

272155 : 0x11d7cd4a5b206 : 2 : ittapi_config_apply_per_lib :  ITTAPI function instrumented: __itt_heap_function_create
272155 : 0x11d7cd4a5c879 : 2 : ittapi_config_apply_per_lib :  ITTAPI function instrumented: __itt_heap_allocate_begin
272155 : 0x11d7cd4a5dfe4 : 2 : ittapi_config_apply_per_lib :  ITTAPI function instrumented: __itt_heap_allocate_end
272155 : 0x11d7cd4a76462 : 2 : ittapi_config_apply_per_lib :  ITTAPI function instrumented: __itt_heap_free_begin
272155 : 0x11d7cd4a77cfd : 2 : ittapi_config_apply_per_lib :  ITTAPI function instrumented: __itt_heap_free_end
272155 : 0x11d7cd4a79436 : 2 : ittapi_config_apply_per_lib :  ITTAPI function instrumented: __itt_heap_reallocate_begin
272155 : 0x11d7cd4a7a8c2 : 2 : ittapi_config_apply_per_lib :  ITTAPI function instrumented: __itt_heap_reallocate_end
272155 : 0x11d7cd4a7c3ce : 2 : ittapi_config_apply_per_lib :  ITTAPI function not implemented: __itt_heap_internal_access_begin
272155 : 0x11d7cd4a7db6d : 2 : ittapi_config_apply_per_lib :  ITTAPI function not implemented: __itt_heap_internal_access_end
272155 : 0x11d7cd4a7f2c0 : 2 : ittapi_config_apply_per_lib :  ITTAPI function not implemented: __itt_heap_record_memory_growth_begin
272155 : 0x11d7cd4a8dd82 : 2 : ittapi_config_apply_per_lib :  ITTAPI function not implemented: __itt_heap_record_memory_growth_end
272155 : 0x11d7cd4a8f5cf : 2 : ittapi_config_apply_per_lib :  ITTAPI function not implemented: __itt_heap_reset_detection
272155 : 0x11d7cd4a90fa4 : 2 : ittapi_config_apply_per_lib :  ITTAPI function not implemented: __itt_heap_record
272155 : 0x11d7cd4a99650 : 2 : ittapi_config_apply_per_lib :  ITTAPI function not implemented: __itt_id_create
272155 : 0x11d7cd4a9b039 : 2 : ittapi_config_apply_per_lib :  ITTAPI function not implemented: __itt_id_destroy
272155 : 0x11d7cd4a9c68c : 2 : ittapi_config_apply_per_lib :  ITTAPI function instrumented: __itt_get_timestamp
272155 : 0x11d7cd4a9de1e : 2 : ittapi_config_apply_per_lib :  ITTAPI function not implemented: __itt_region_begin
272155 : 0x11d7cd4a9f51a : 2 : ittapi_config_apply_per_lib :  ITTAPI function not implemented: __itt_region_end
272155 : 0x11d7cd4aa0d24 : 2 : ittapi_config_apply_per_lib :  ITTAPI function instrumented: __itt_frame_begin_v3
272155 : 0x11d7cd4aa2453 : 2 : ittapi_config_apply_per_lib :  ITTAPI function instrumented: __itt_frame_end_v3
272155 : 0x11d7cd4aa3a94 : 2 : ittapi_config_apply_per_lib :  ITTAPI function instrumented: __itt_frame_submit_v3
272155 : 0x11d7cd4aa53be : 2 : ittapi_config_apply_per_lib :  ITTAPI function not implemented: __itt_task_group
272155 : 0x11d7cd4aa6a9c : 2 : ittapi_config_apply_per_lib :  ITTAPI function instrumented: __itt_task_begin
272155 : 0x11d7cd4aae6d1 : 2 : ittapi_config_apply_per_lib :  ITTAPI function instrumented: __itt_task_begin_fn
272155 : 0x11d7cd4aaffbb : 2 : ittapi_config_apply_per_lib :  ITTAPI function instrumented: __itt_task_end
272155 : 0x11d7cd4ab1bbd : 2 : ittapi_config_apply_per_lib :  ITTAPI function not implemented: __itt_counter_inc_v3
272155 : 0x11d7cd4ab3660 : 2 : ittapi_config_apply_per_lib :  ITTAPI function not implemented: __itt_counter_inc_delta_v3
272155 : 0x11d7cd4ab4d18 : 2 : ittapi_config_apply_per_lib :  ITTAPI function not implemented: __itt_counter_dec_v3
272155 : 0x11d7cd4ac28bd : 2 : ittapi_config_apply_per_lib :  ITTAPI function not implemented: __itt_counter_dec_delta_v3
272155 : 0x11d7cd4ac4272 : 2 : ittapi_config_apply_per_lib :  ITTAPI function not implemented: __itt_marker
272155 : 0x11d7cd4ac592c : 2 : ittapi_config_apply_per_lib :  ITTAPI function instrumented: __itt_metadata_add
272155 : 0x11d7cd4ac70a3 : 2 : ittapi_config_apply_per_lib :  ITTAPI function not implemented: __itt_metadata_str_add
272155 : 0x11d7cd4ac8767 : 2 : ittapi_config_apply_per_lib :  ITTAPI function not implemented: __itt_relation_add_to_current
272155 : 0x11d7cd4aeac2b : 2 : ittapi_config_apply_per_lib :  ITTAPI function not implemented: __itt_relation_add
272155 : 0x11d7cd4aec5ef : 2 : ittapi_config_apply_per_lib :  ITTAPI function instrumented: __itt_event_create
272155 : 0x11d7cd4aedbc3 : 2 : ittapi_config_apply_per_lib :  ITTAPI function instrumented: __itt_event_start
272155 : 0x11d7cd4aef26d : 2 : ittapi_config_apply_per_lib :  ITTAPI function instrumented: __itt_event_end
272155 : 0x11d7cd4af041b : 2 : ittapi_config_apply_per_lib :  ITTAPI function NOT instrumented (not matched by --itt-config option): __itt_sync_set_name

272155 : 0x11d7cd4af1874 : 2 : ittapi_config_apply_per_lib :  ITTAPI function NOT instrumented (not matched by --itt-config option): __itt_notify_sync_name

272155 : 0x11d7cd4af29d1 : 2 : ittapi_config_apply_per_lib :  ITTAPI function NOT instrumented (not matched by --itt-config option): __itt_notify_sync_prepare

272155 : 0x11d7cd4af3b5b : 2 : ittapi_config_apply_per_lib :  ITTAPI function NOT instrumented (not matched by --itt-config option): __itt_notify_sync_cancel

272155 : 0x11d7cd4af4ddb : 2 : ittapi_config_apply_per_lib :  ITTAPI function NOT instrumented (not matched by --itt-config option): __itt_notify_sync_acquired

272155 : 0x11d7cd4af5fb7 : 2 : ittapi_config_apply_per_lib :  ITTAPI function NOT instrumented (not matched by --itt-config option): __itt_notify_sync_releasing

272155 : 0x11d7cd4b0172e : 2 : ittapi_config_apply_per_lib :  ITTAPI function not implemented: __itt_memory_read
272155 : 0x11d7cd4b0349b : 2 : ittapi_config_apply_per_lib :  ITTAPI function not implemented: __itt_memory_write
272155 : 0x11d7cd4b04d85 : 2 : ittapi_config_apply_per_lib :  ITTAPI function not implemented: __itt_memory_update
272155 : 0x11d7cd4b067a1 : 2 : ittapi_config_apply_per_lib :  ITTAPI function not implemented: __itt_state_get
272155 : 0x11d7cd4b07f12 : 2 : ittapi_config_apply_per_lib :  ITTAPI function not implemented: __itt_state_set
272155 : 0x11d7cd4b097d6 : 2 : ittapi_config_apply_per_lib :  ITTAPI function not implemented: __itt_obj_mode_set
272155 : 0x11d7cd4b0b097 : 2 : ittapi_config_apply_per_lib :  ITTAPI function not implemented: __itt_thr_mode_set
272155 : 0x11d7cd4b0c57a : 2 : ittapi_config_apply_per_lib :  ITTAPI function instrumented: __itt_frame_create
272155 : 0x11d7cd4b0dab6 : 2 : ittapi_config_apply_per_lib :  ITTAPI function instrumented: __itt_pt_region_create
272155 : 0x11d7cd4b0f598 : 2 : ittapi_config_apply_per_lib :  ITTAPI function instrumented: __itt_frame_begin
272155 : 0x11d7cd4b1825d : 2 : ittapi_config_apply_per_lib :  ITTAPI function instrumented: __itt_frame_end
272155 : 0x11d7cd4b1a051 : 2 : ittapi_config_apply_per_lib :  ITTAPI function not implemented: __itt_counter_destroy
272155 : 0x11d7cd4b1b629 : 2 : ittapi_config_apply_per_lib :  ITTAPI function instrumented: __itt_counter_inc
272155 : 0x11d7cd4b1cd7e : 2 : ittapi_config_apply_per_lib :  ITTAPI function instrumented: __itt_counter_inc_delta
272155 : 0x11d7cd4b1e2d7 : 2 : ittapi_config_apply_per_lib :  ITTAPI function instrumented: __itt_counter_dec
272155 : 0x11d7cd4b1fa38 : 2 : ittapi_config_apply_per_lib :  ITTAPI function instrumented: __itt_counter_dec_delta
272155 : 0x11d7cd4b213a3 : 2 : ittapi_config_apply_per_lib :  ITTAPI function instrumented: __itt_counter_set_value
272155 : 0x11d7cd4b23450 : 2 : ittapi_config_apply_per_lib :  ITTAPI function not implemented: __itt_counter_set_value_ex
272155 : 0x11d7cd4b24e01 : 2 : ittapi_config_apply_per_lib :  ITTAPI function not implemented: __itt_mark_create
272155 : 0x11d7cd4b269b4 : 2 : ittapi_config_apply_per_lib :  ITTAPI function not implemented: __itt_mark
272155 : 0x11d7cd4b2f7c2 : 2 : ittapi_config_apply_per_lib :  ITTAPI function not implemented: __itt_mark_off
272155 : 0x11d7cd4b311ce : 2 : ittapi_config_apply_per_lib :  ITTAPI function not implemented: __itt_mark_global
272155 : 0x11d7cd4b328f3 : 2 : ittapi_config_apply_per_lib :  ITTAPI function not implemented: __itt_mark_global_off
272155 : 0x11d7cd4b343a0 : 2 : ittapi_config_apply_per_lib :  ITTAPI function instrumented: __itt_stack_caller_create
272155 : 0x11d7cd4b35bc4 : 2 : ittapi_config_apply_per_lib :  ITTAPI function instrumented: __itt_stack_caller_destroy
272155 : 0x11d7cd4b37331 : 2 : ittapi_config_apply_per_lib :  ITTAPI function instrumented: __itt_stack_callee_enter
272155 : 0x11d7cd4b38a07 : 2 : ittapi_config_apply_per_lib :  ITTAPI function instrumented: __itt_stack_callee_leave
272155 : 0x11d7cd4b3a2b3 : 2 : ittapi_config_apply_per_lib :  ITTAPI function not implemented: __itt_clock_domain_create
272155 : 0x11d7cd4b3bae1 : 2 : ittapi_config_apply_per_lib :  ITTAPI function not implemented: __itt_clock_domain_reset
272155 : 0x11d7cd4b3d1b1 : 2 : ittapi_config_apply_per_lib :  ITTAPI function not implemented: __itt_id_create_ex
272155 : 0x11d7cd4b482ea : 2 : ittapi_config_apply_per_lib :  ITTAPI function not implemented: __itt_id_destroy_ex
272155 : 0x11d7cd4b49e33 : 2 : ittapi_config_apply_per_lib :  ITTAPI function not implemented: __itt_task_begin_ex
272155 : 0x11d7cd4b4b557 : 2 : ittapi_config_apply_per_lib :  ITTAPI function not implemented: __itt_task_begin_fn_ex
272155 : 0x11d7cd4b4cca8 : 2 : ittapi_config_apply_per_lib :  ITTAPI function not implemented: __itt_task_end_ex
272155 : 0x11d7cd4b4e615 : 2 : ittapi_config_apply_per_lib :  ITTAPI function instrumented: __itt_task_begin_overlapped
272155 : 0x11d7cd4b4fe7a : 2 : ittapi_config_apply_per_lib :  ITTAPI function not implemented: __itt_task_begin_overlapped_ex
272155 : 0x11d7cd4b517c5 : 2 : ittapi_config_apply_per_lib :  ITTAPI function instrumented: __itt_task_end_overlapped
272155 : 0x11d7cd4b52f1e : 2 : ittapi_config_apply_per_lib :  ITTAPI function not implemented: __itt_task_end_overlapped_ex
272155 : 0x11d7cd4b5465d : 2 : ittapi_config_apply_per_lib :  ITTAPI function not implemented: __itt_marker_ex
272155 : 0x11d7cd4b55fb3 : 2 : ittapi_config_apply_per_lib :  ITTAPI function not implemented: __itt_metadata_add_with_scope
272155 : 0x11d7cd4b6ac86 : 2 : ittapi_config_apply_per_lib :  ITTAPI function not implemented: __itt_metadata_str_add_with_scope
272155 : 0x11d7cd4b6c7fd : 2 : ittapi_config_apply_per_lib :  ITTAPI function not implemented: __itt_relation_add_to_current_ex
272155 : 0x11d7cd4b6dfbf : 2 : ittapi_config_apply_per_lib :  ITTAPI function not implemented: __itt_relation_add_ex
272155 : 0x11d7cd4b6f7a5 : 2 : ittapi_config_apply_per_lib :  ITTAPI function not implemented: __itt_track_group_create
272155 : 0x11d7cd4b70c63 : 2 : ittapi_config_apply_per_lib :  ITTAPI function not implemented: __itt_track_create
272155 : 0x11d7cd4b72359 : 2 : ittapi_config_apply_per_lib :  ITTAPI function not implemented: __itt_set_track
272155 : 0x11d7cd4b73a35 : 2 : ittapi_config_apply_per_lib :  ITTAPI function instrumented: __itt_api_version
272155 : 0x11d7cd4b750d2 : 2 : ittapi_config_apply_per_lib :  ITTAPI function not implemented: __itt_av_save
272155 : 0x11d7cd4b83cef : 2 : ittapi_config_apply_per_lib :  ITTAPI function instrumented: __itt_module_load
272155 : 0x11d7cd4b8558a : 2 : ittapi_config_apply_per_lib :  ITTAPI function not implemented: __itt_module_unload
272155 : 0x11d7cd4b8d7a5 : 2 : ittapi_config_apply_per_lib :  ITTAPI function NOT instrumented (not matched by --itt-config option): __itt_histogram_submit

272155 : 0x11d7cd4c98822 : 2 : ittapi_config_mask_get :  --itt-config mask to be applied: 55
272155 : 0x11d7cd4c9bfcf : 2 : ittapi_config_apply_per_lib :  ITTAPI function instrumented: __itt_domain_create
272155 : 0x11d7cd4ca9f6a : 2 : ittapi_config_apply_per_lib :  ITTAPI function instrumented: __itt_module_load_with_sections
272155 : 0x11d7cd4cabe61 : 2 : ittapi_config_apply_per_lib :  ITTAPI function not implemented: __itt_module_unload_with_sections
272155 : 0x11d7cd4cad8e0 : 2 : ittapi_config_apply_per_lib :  ITTAPI function instrumented: __itt_string_handle_create
272155 : 0x11d7cd4caf0f1 : 2 : ittapi_config_apply_per_lib :  ITTAPI function instrumented: __itt_counter_create
272155 : 0x11d7cd4cb07d5 : 2 : ittapi_config_apply_per_lib :  ITTAPI function instrumented: __itt_counter_create_typed
272155 : 0x11d7cd4cbf422 : 2 : ittapi_config_apply_per_lib :  ITTAPI function instrumented: __itt_pause
272155 : 0x11d7cd4cc0ac5 : 2 : ittapi_config_apply_per_lib :  ITTAPI function instrumented: __itt_resume
272155 : 0x11d7cd4cefb29 : 2 : ittapi_config_apply_per_lib :  ITTAPI function instrumented: __itt_thread_set_name
272155 : 0x11d7cd4cfe5e3 : 2 : ittapi_config_apply_per_lib :  ITTAPI function instrumented: __itt_thread_ignore
272155 : 0x11d7cd4cffbf8 : 2 : ittapi_config_apply_per_lib :  ITTAPI function instrumented: __itt_thr_name_set
272155 : 0x11d7cd4d01363 : 2 : ittapi_config_apply_per_lib :  ITTAPI function instrumented: __itt_thr_ignore
272155 : 0x11d7cd4d02fdc : 2 : ittapi_config_apply_per_lib :  ITTAPI function not implemented: __itt_enable_attach
272155 : 0x11d7cd4d0451d : 2 : ittapi_config_apply_per_lib :  ITTAPI function instrumented: __itt_detach
272155 : 0x11d7cd4d056f3 : 2 : ittapi_config_apply_per_lib :  ITTAPI function NOT instrumented (not matched by --itt-config option): __itt_sync_create

272155 : 0x11d7cd4d06cf7 : 2 : ittapi_config_apply_per_lib :  ITTAPI function NOT instrumented (not matched by --itt-config option): __itt_sync_rename

272155 : 0x11d7cd4d07dd6 : 2 : ittapi_config_apply_per_lib :  ITTAPI function NOT instrumented (not matched by --itt-config option): __itt_sync_destroy

272155 : 0x11d7cd4d08f4f : 2 : ittapi_config_apply_per_lib :  ITTAPI function NOT instrumented (not matched by --itt-config option): __itt_sync_prepare

272155 : 0x11d7cd4d17fa2 : 2 : ittapi_config_apply_per_lib :  ITTAPI function NOT instrumented (not matched by --itt-config option): __itt_sync_cancel

272155 : 0x11d7cd4d193bd : 2 : ittapi_config_apply_per_lib :  ITTAPI function NOT instrumented (not matched by --itt-config option): __itt_sync_acquired

272155 : 0x11d7cd4d1a46b : 2 : ittapi_config_apply_per_lib :  ITTAPI function NOT instrumented (not matched by --itt-config option): __itt_sync_releasing

272155 : 0x11d7cd4d1c36c : 2 : ittapi_config_apply_per_lib :  ITTAPI function not implemented: __itt_suppress_push
272155 : 0x11d7cd4d1df4c : 2 : ittapi_config_apply_per_lib :  ITTAPI function not implemented: __itt_suppress_pop
272155 : 0x11d7cd4d2ed86 : 2 : ittapi_config_apply_per_lib :  ITTAPI function not implemented: __itt_suppress_mark_range
272155 : 0x11d7cd4d3092f : 2 : ittapi_config_apply_per_lib :  ITTAPI function not implemented: __itt_suppress_clear_range
272155 : 0x11d7cd4d31abb : 2 : ittapi_config_apply_per_lib :  ITTAPI function NOT instrumented (not matched by --itt-config option): __itt_sync_prepare

272155 : 0x11d7cd4d32c07 : 2 : ittapi_config_apply_per_lib :  ITTAPI function NOT instrumented (not matched by --itt-config option): __itt_sync_cancel

272155 : 0x11d7cd4d33d0d : 2 : ittapi_config_apply_per_lib :  ITTAPI function NOT instrumented (not matched by --itt-config option): __itt_sync_acquired

272155 : 0x11d7cd4d47eba : 2 : ittapi_config_apply_per_lib :  ITTAPI function NOT instrumented (not matched by --itt-config option): __itt_sync_releasing

272155 : 0x11d7cd4d493a7 : 2 : ittapi_config_apply_per_lib :  ITTAPI function NOT instrumented (not matched by --itt-config option): __itt_model_site_begin

272155 : 0x11d7cd4d4a5c4 : 2 : ittapi_config_apply_per_lib :  ITTAPI function NOT instrumented (not matched by --itt-config option): __itt_model_site_end

272155 : 0x11d7cd4d57fd9 : 2 : ittapi_config_apply_per_lib :  ITTAPI function NOT instrumented (not matched by --itt-config option): __itt_model_task_begin

272155 : 0x11d7cd4d59085 : 2 : ittapi_config_apply_per_lib :  ITTAPI function NOT instrumented (not matched by --itt-config option): __itt_model_task_end

272155 : 0x11d7cd4d5a18a : 2 : ittapi_config_apply_per_lib :  ITTAPI function NOT instrumented (not matched by --itt-config option): __itt_model_lock_acquire

272155 : 0x11d7cd4d5b2e6 : 2 : ittapi_config_apply_per_lib :  ITTAPI function NOT instrumented (not matched by --itt-config option): __itt_model_lock_release

272155 : 0x11d7cd4d5c341 : 2 : ittapi_config_apply_per_lib :  ITTAPI function NOT instrumented (not matched by --itt-config option): __itt_model_record_allocation

272155 : 0x11d7cd4d5d39f : 2 : ittapi_config_apply_per_lib :  ITTAPI function NOT instrumented (not matched by --itt-config option): __itt_model_record_deallocation

272155 : 0x11d7cd4d5e3cc : 2 : ittapi_config_apply_per_lib :  ITTAPI function NOT instrumented (not matched by --itt-config option): __itt_model_induction_uses

272155 : 0x11d7cd4d65b27 : 2 : ittapi_config_apply_per_lib :  ITTAPI function NOT instrumented (not matched by --itt-config option): __itt_model_reduction_uses

272155 : 0x11d7cd4d66d9f : 2 : ittapi_config_apply_per_lib :  ITTAPI function NOT instrumented (not matched by --itt-config option): __itt_model_observe_uses

272155 : 0x11d7cd4d67ea6 : 2 : ittapi_config_apply_per_lib :  ITTAPI function NOT instrumented (not matched by --itt-config option): __itt_model_clear_uses

272155 : 0x11d7cd4d68f7c : 2 : ittapi_config_apply_per_lib :  ITTAPI function NOT instrumented (not matched by --itt-config option): __itt_model_site_beginA

272155 : 0x11d7cd4d6a057 : 2 : ittapi_config_apply_per_lib :  ITTAPI function NOT instrumented (not matched by --itt-config option): __itt_model_site_beginAL

272155 : 0x11d7cd4d6b08c : 2 : ittapi_config_apply_per_lib :  ITTAPI function NOT instrumented (not matched by --itt-config option): __itt_model_task_beginA

272155 : 0x11d7cd4d6c144 : 2 : ittapi_config_apply_per_lib :  ITTAPI function NOT instrumented (not matched by --itt-config option): __itt_model_task_beginAL

272155 : 0x11d7cd4d6d220 : 2 : ittapi_config_apply_per_lib :  ITTAPI function NOT instrumented (not matched by --itt-config option): __itt_model_iteration_taskA

272155 : 0x11d7cd4d6e2e7 : 2 : ittapi_config_apply_per_lib :  ITTAPI function NOT instrumented (not matched by --itt-config option): __itt_model_iteration_taskAL

272155 : 0x11d7cd4d6f5e5 : 2 : ittapi_config_apply_per_lib :  ITTAPI function NOT instrumented (not matched by --itt-config option): __itt_model_site_end_2

272155 : 0x11d7cd4d875dc : 2 : ittapi_config_apply_per_lib :  ITTAPI function NOT instrumented (not matched by --itt-config option): __itt_model_task_end_2

272155 : 0x11d7cd4d88944 : 2 : ittapi_config_apply_per_lib :  ITTAPI function NOT instrumented (not matched by --itt-config option): __itt_model_lock_acquire_2

272155 : 0x11d7cd4d89a6b : 2 : ittapi_config_apply_per_lib :  ITTAPI function NOT instrumented (not matched by --itt-config option): __itt_model_lock_release_2

272155 : 0x11d7cd4d8acae : 2 : ittapi_config_apply_per_lib :  ITTAPI function NOT instrumented (not matched by --itt-config option): __itt_model_aggregate_task

272155 : 0x11d7cd4d8bdfd : 2 : ittapi_config_apply_per_lib :  ITTAPI function NOT instrumented (not matched by --itt-config option): __itt_model_disable_push

272155 : 0x11d7cd4d8d1e4 : 2 : ittapi_config_apply_per_lib :  ITTAPI function NOT instrumented (not matched by --itt-config option): __itt_model_disable_pop

272155 : 0x11d7cd4d8ea1a : 2 : ittapi_config_apply_per_lib :  ITTAPI function instrumented: __itt_heap_function_create
272155 : 0x11d7cd4d9cb90 : 2 : ittapi_config_apply_per_lib :  ITTAPI function instrumented: __itt_heap_allocate_begin
272155 : 0x11d7cd4d9e0fd : 2 : ittapi_config_apply_per_lib :  ITTAPI function instrumented: __itt_heap_allocate_end
272155 : 0x11d7cd4d9f972 : 2 : ittapi_config_apply_per_lib :  ITTAPI function instrumented: __itt_heap_free_begin
272155 : 0x11d7cd4da729c : 2 : ittapi_config_apply_per_lib :  ITTAPI function instrumented: __itt_heap_free_end
272155 : 0x11d7cd4da8a78 : 2 : ittapi_config_apply_per_lib :  ITTAPI function instrumented: __itt_heap_reallocate_begin
272155 : 0x11d7cd4da9f15 : 2 : ittapi_config_apply_per_lib :  ITTAPI function instrumented: __itt_heap_reallocate_end
272155 : 0x11d7cd4dab7b5 : 2 : ittapi_config_apply_per_lib :  ITTAPI function not implemented: __itt_heap_internal_access_begin
272155 : 0x11d7cd4dad751 : 2 : ittapi_config_apply_per_lib :  ITTAPI function not implemented: __itt_heap_internal_access_end
272155 : 0x11d7cd4daef60 : 2 : ittapi_config_apply_per_lib :  ITTAPI function not implemented: __itt_heap_record_memory_growth_begin
272155 : 0x11d7cd4db085c : 2 : ittapi_config_apply_per_lib :  ITTAPI function not implemented: __itt_heap_record_memory_growth_end
272155 : 0x11d7cd4db1ff1 : 2 : ittapi_config_apply_per_lib :  ITTAPI function not implemented: __itt_heap_reset_detection
272155 : 0x11d7cd4db3822 : 2 : ittapi_config_apply_per_lib :  ITTAPI function not implemented: __itt_heap_record
272155 : 0x11d7cd4db4e73 : 2 : ittapi_config_apply_per_lib :  ITTAPI function not implemented: __itt_id_create
272155 : 0x11d7cd4dbef3a : 2 : ittapi_config_apply_per_lib :  ITTAPI function not implemented: __itt_id_destroy
272155 : 0x11d7cd4dc0812 : 2 : ittapi_config_apply_per_lib :  ITTAPI function instrumented: __itt_get_timestamp
272155 : 0x11d7cd4dc1fa3 : 2 : ittapi_config_apply_per_lib :  ITTAPI function not implemented: __itt_region_begin
272155 : 0x11d7cd4dc3657 : 2 : ittapi_config_apply_per_lib :  ITTAPI function not implemented: __itt_region_end
272155 : 0x11d7cd4dc4ca8 : 2 : ittapi_config_apply_per_lib :  ITTAPI function instrumented: __itt_frame_begin_v3
272155 : 0x11d7cd4dc62cf : 2 : ittapi_config_apply_per_lib :  ITTAPI function instrumented: __itt_frame_end_v3
272155 : 0x11d7cd4dc78a3 : 2 : ittapi_config_apply_per_lib :  ITTAPI function instrumented: __itt_frame_submit_v3
272155 : 0x11d7cd4dc907b : 2 : ittapi_config_apply_per_lib :  ITTAPI function not implemented: __itt_task_group
272155 : 0x11d7cd4dca789 : 2 : ittapi_config_apply_per_lib :  ITTAPI function instrumented: __itt_task_begin
272155 : 0x11d7cd4dcbd06 : 2 : ittapi_config_apply_per_lib :  ITTAPI function instrumented: __itt_task_begin_fn
272155 : 0x11d7cd4dd45f4 : 2 : ittapi_config_apply_per_lib :  ITTAPI function instrumented: __itt_task_end
272155 : 0x11d7cd4de2176 : 2 : ittapi_config_apply_per_lib :  ITTAPI function not implemented: __itt_counter_inc_v3
272155 : 0x11d7cd4de38e6 : 2 : ittapi_config_apply_per_lib :  ITTAPI function not implemented: __itt_counter_inc_delta_v3
272155 : 0x11d7cd4de4ec8 : 2 : ittapi_config_apply_per_lib :  ITTAPI function not implemented: __itt_counter_dec_v3
272155 : 0x11d7cd4de6488 : 2 : ittapi_config_apply_per_lib :  ITTAPI function not implemented: __itt_counter_dec_delta_v3
272155 : 0x11d7cd4de7c6e : 2 : ittapi_config_apply_per_lib :  ITTAPI function not implemented: __itt_marker
272155 : 0x11d7cd4de910f : 2 : ittapi_config_apply_per_lib :  ITTAPI function instrumented: __itt_metadata_add
272155 : 0x11d7cd4dea768 : 2 : ittapi_config_apply_per_lib :  ITTAPI function not implemented: __itt_metadata_str_add
272155 : 0x11d7cd4debd3a : 2 : ittapi_config_apply_per_lib :  ITTAPI function not implemented: __itt_relation_add_to_current
272155 : 0x11d7cd4ded355 : 2 : ittapi_config_apply_per_lib :  ITTAPI function not implemented: __itt_relation_add
272155 : 0x11d7cd4df46e7 : 2 : ittapi_config_apply_per_lib :  ITTAPI function instrumented: __itt_event_create
272155 : 0x11d7cd4df5e79 : 2 : ittapi_config_apply_per_lib :  ITTAPI function instrumented: __itt_event_start
272155 : 0x11d7cd4df7314 : 2 : ittapi_config_apply_per_lib :  ITTAPI function instrumented: __itt_event_end
272155 : 0x11d7cd4df83aa : 2 : ittapi_config_apply_per_lib :  ITTAPI function NOT instrumented (not matched by --itt-config option): __itt_sync_set_name

272155 : 0x11d7cd4df9674 : 2 : ittapi_config_apply_per_lib :  ITTAPI function NOT instrumented (not matched by --itt-config option): __itt_notify_sync_name

272155 : 0x11d7cd4dfa6ca : 2 : ittapi_config_apply_per_lib :  ITTAPI function NOT instrumented (not matched by --itt-config option): __itt_notify_sync_prepare

272155 : 0x11d7cd4dfb76c : 2 : ittapi_config_apply_per_lib :  ITTAPI function NOT instrumented (not matched by --itt-config option): __itt_notify_sync_cancel

272155 : 0x11d7cd4dfc7bb : 2 : ittapi_config_apply_per_lib :  ITTAPI function NOT instrumented (not matched by --itt-config option): __itt_notify_sync_acquired

272155 : 0x11d7cd4dfd805 : 2 : ittapi_config_apply_per_lib :  ITTAPI function NOT instrumented (not matched by --itt-config option): __itt_notify_sync_releasing

272155 : 0x11d7cd4dfedf1 : 2 : ittapi_config_apply_per_lib :  ITTAPI function not implemented: __itt_memory_read
272155 : 0x11d7cd4e0668f : 2 : ittapi_config_apply_per_lib :  ITTAPI function not implemented: __itt_memory_write
272155 : 0x11d7cd4e07d99 : 2 : ittapi_config_apply_per_lib :  ITTAPI function not implemented: __itt_memory_update
272155 : 0x11d7cd4e093b0 : 2 : ittapi_config_apply_per_lib :  ITTAPI function not implemented: __itt_state_get
272155 : 0x11d7cd4e0a91d : 2 : ittapi_config_apply_per_lib :  ITTAPI function not implemented: __itt_state_set
272155 : 0x11d7cd4e0bfb1 : 2 : ittapi_config_apply_per_lib :  ITTAPI function not implemented: __itt_obj_mode_set
272155 : 0x11d7cd4e0d589 : 2 : ittapi_config_apply_per_lib :  ITTAPI function not implemented: __itt_thr_mode_set
272155 : 0x11d7cd4e0e96d : 2 : ittapi_config_apply_per_lib :  ITTAPI function instrumented: __itt_frame_create
272155 : 0x11d7cd4e0fd59 : 2 : ittapi_config_apply_per_lib :  ITTAPI function instrumented: __itt_pt_region_create
272155 : 0x11d7cd4e11241 : 2 : ittapi_config_apply_per_lib :  ITTAPI function instrumented: __itt_frame_begin
272155 : 0x11d7cd4e1269b : 2 : ittapi_config_apply_per_lib :  ITTAPI function instrumented: __itt_frame_end
272155 : 0x11d7cd4e1c695 : 2 : ittapi_config_apply_per_lib :  ITTAPI function not implemented: __itt_counter_destroy
272155 : 0x11d7cd4e1de02 : 2 : ittapi_config_apply_per_lib :  ITTAPI function instrumented: __itt_counter_inc
272155 : 0x11d7cd4e1f77f : 2 : ittapi_config_apply_per_lib :  ITTAPI function instrumented: __itt_counter_inc_delta
272155 : 0x11d7cd4e20b9d : 2 : ittapi_config_apply_per_lib :  ITTAPI function instrumented: __itt_counter_dec
272155 : 0x11d7cd4e22179 : 2 : ittapi_config_apply_per_lib :  ITTAPI function instrumented: __itt_counter_dec_delta
272155 : 0x11d7cd4e235dd : 2 : ittapi_config_apply_per_lib :  ITTAPI function instrumented: __itt_counter_set_value
272155 : 0x11d7cd4e24b88 : 2 : ittapi_config_apply_per_lib :  ITTAPI function not implemented: __itt_counter_set_value_ex
272155 : 0x11d7cd4e260ab : 2 : ittapi_config_apply_per_lib :  ITTAPI function not implemented: __itt_mark_create
272155 : 0x11d7cd4e2763b : 2 : ittapi_config_apply_per_lib :  ITTAPI function not implemented: __itt_mark
272155 : 0x11d7cd4e28df2 : 2 : ittapi_config_apply_per_lib :  ITTAPI function not implemented: __itt_mark_off
272155 : 0x11d7cd4e306f9 : 2 : ittapi_config_apply_per_lib :  ITTAPI function not implemented: __itt_mark_global
272155 : 0x11d7cd4e31ec1 : 2 : ittapi_config_apply_per_lib :  ITTAPI function not implemented: __itt_mark_global_off
272155 : 0x11d7cd4e334d3 : 2 : ittapi_config_apply_per_lib :  ITTAPI function instrumented: __itt_stack_caller_create
272155 : 0x11d7cd4e34a7d : 2 : ittapi_config_apply_per_lib :  ITTAPI function instrumented: __itt_stack_caller_destroy
272155 : 0x11d7cd4e35fe6 : 2 : ittapi_config_apply_per_lib :  ITTAPI function instrumented: __itt_stack_callee_enter
272155 : 0x11d7cd4e37388 : 2 : ittapi_config_apply_per_lib :  ITTAPI function instrumented: __itt_stack_callee_leave
272155 : 0x11d7cd4e388a1 : 2 : ittapi_config_apply_per_lib :  ITTAPI function not implemented: __itt_clock_domain_create
272155 : 0x11d7cd4e3b15d : 2 : ittapi_config_apply_per_lib :  ITTAPI function not implemented: __itt_clock_domain_reset
272155 : 0x11d7cd4e3df05 : 2 : ittapi_config_apply_per_lib :  ITTAPI function not implemented: __itt_id_create_ex
272155 : 0x11d7cd4e401a0 : 2 : ittapi_config_apply_per_lib :  ITTAPI function not implemented: __itt_id_destroy_ex
272155 : 0x11d7cd4e4dab1 : 2 : ittapi_config_apply_per_lib :  ITTAPI function not implemented: __itt_task_begin_ex
272155 : 0x11d7cd4e4f241 : 2 : ittapi_config_apply_per_lib :  ITTAPI function not implemented: __itt_task_begin_fn_ex
272155 : 0x11d7cd4e508c6 : 2 : ittapi_config_apply_per_lib :  ITTAPI function not implemented: __itt_task_end_ex
272155 : 0x11d7cd4e51ffd : 2 : ittapi_config_apply_per_lib :  ITTAPI function instrumented: __itt_task_begin_overlapped
272155 : 0x11d7cd4e5354e : 2 : ittapi_config_apply_per_lib :  ITTAPI function not implemented: __itt_task_begin_overlapped_ex
272155 : 0x11d7cd4e549e4 : 2 : ittapi_config_apply_per_lib :  ITTAPI function instrumented: __itt_task_end_overlapped
272155 : 0x11d7cd4e5600c : 2 : ittapi_config_apply_per_lib :  ITTAPI function not implemented: __itt_task_end_overlapped_ex
272155 : 0x11d7cd4e574fa : 2 : ittapi_config_apply_per_lib :  ITTAPI function not implemented: __itt_marker_ex
272155 : 0x11d7cd4e5904d : 2 : ittapi_config_apply_per_lib :  ITTAPI function not implemented: __itt_metadata_add_with_scope
272155 : 0x11d7cd4e5a77e : 2 : ittapi_config_apply_per_lib :  ITTAPI function not implemented: __itt_metadata_str_add_with_scope
272155 : 0x11d7cd4e643ed : 2 : ittapi_config_apply_per_lib :  ITTAPI function not implemented: __itt_relation_add_to_current_ex
272155 : 0x11d7cd4e65cf3 : 2 : ittapi_config_apply_per_lib :  ITTAPI function not implemented: __itt_relation_add_ex
272155 : 0x11d7cd4e6737a : 2 : ittapi_config_apply_per_lib :  ITTAPI function not implemented: __itt_track_group_create
272155 : 0x11d7cd4e687c3 : 2 : ittapi_config_apply_per_lib :  ITTAPI function not implemented: __itt_track_create
272155 : 0x11d7cd4e69d23 : 2 : ittapi_config_apply_per_lib :  ITTAPI function not implemented: __itt_set_track
272155 : 0x11d7cd4e6b28c : 2 : ittapi_config_apply_per_lib :  ITTAPI function instrumented: __itt_api_version
272155 : 0x11d7cd4e6c7e5 : 2 : ittapi_config_apply_per_lib :  ITTAPI function not implemented: __itt_av_save
272155 : 0x11d7cd4e6de84 : 2 : ittapi_config_apply_per_lib :  ITTAPI function instrumented: __itt_module_load
272155 : 0x11d7cd4e6f4c9 : 2 : ittapi_config_apply_per_lib :  ITTAPI function not implemented: __itt_module_unload