
378012 : 0x1c0f3eae9b743 : 1 : spill_jit_data :  Jit agent is not initialized
377992 : 0x1c0f3eaea74d1 : 2 : ittapi_config_mask_get :  --itt-config mask to be applied: 39
377992 : 0x1c0f3eaeae4df : 2 : ittapi_config_apply_per_lib :  ITTAPI function instrumented: __itt_domain_create
377992 : 0x1c0f3eaeb033e : 2 : ittapi_config_apply_per_lib :  ITTAPI function instrumented: __itt_module_load_with_sections
377992 : 0x1c0f3eaeb25f2 : 2 : ittapi_config_apply_per_lib :  ITTAPI function not implemented: __itt_module_unload_with_sections
377992 : 0x1c0f3eaeb4710 : 2 : ittapi_config_apply_per_lib :  ITTAPI function instrumented: __itt_string_handle_create
377992 : 0x1c0f3eaeb5bd6 : 2 : ittapi_config_apply_per_lib :  ITTAPI function instrumented: __itt_counter_create
377992 : 0x1c0f3eaeb6f23 : 2 : ittapi_config_apply_per_lib :  ITTAPI function instrumented: __itt_counter_create_typed
377992 : 0x1c0f3eaeb84b5 : 2 : ittapi_config_apply_per_lib :  ITTAPI function instrumented: __itt_pause
377992 : 0x1c0f3eaeb98b7 : 2 : ittapi_config_apply_per_lib :  ITTAPI function instrumented: __itt_resume
377992 : 0x1c0f3eaecd81c : 2 : ittapi_config_apply_per_lib :  ITTAPI function instrumented: __itt_thread_set_name
377992 : 0x1c0f3eaecf0de : 2 : ittapi_config_apply_per_lib :  ITTAPI function instrumented: __itt_thread_ignore
377992 : 0x1c0f3eaed072d : 2 : ittapi_config_apply_per_lib :  ITTAPI function instrumented: __itt_thr_name_set
377992 : 0x1c0f3eaed1b19 : 2 : ittapi_config_apply_per_lib :  ITTAPI function instrumented: __itt_thr_ignore
377992 : 0x1c0f3eaed2db9 : 2 : ittapi_config_apply_per_lib :  ITTAPI function instrumented: __itt_histogram_create
377992 : 0x1c0f3eaed4868 : 2 : ittapi_config_apply_per_lib :  ITTAPI function not implemented: __itt_enable_attach
377992 : 0x1c0f3eaed5d48 : 2 : ittapi_config_apply_per_lib :  ITTAPI function instrumented: __itt_detach
377992 : 0x1c0f3eaed6edc : 2 : ittapi_config_apply_per_lib :  ITTAPI function NOT instrumented (not matched by --itt-config option): __itt_sync_create

377992 : 0x1c0f3eaed82b6 : 2 : ittapi_config_apply_per_lib :  ITTAPI function NOT instrumented (not matched by --itt-config option): __itt_sync_rename

377992 : 0x1c0f3eaed9361 : 2 : ittapi_config_apply_per_lib :  ITTAPI function NOT instrumented (not matched by --itt-config option): __itt_sync_destroy

377992 : 0x1c0f3eaee1441 : 2 : ittapi_config_apply_per_lib :  ITTAPI function NOT instrumented (not matched by --itt-config option): __itt_sync_prepare

377992 : 0x1c0f3eaee265d : 2 : ittapi_config_apply_per_lib :  ITTAPI function NOT instrumented (not matched by --itt-config option): __itt_sync_cancel

377992 : 0x1c0f3eaee36bf : 2 : ittapi_config_apply_per_lib :  ITTAPI function NOT instrumented (not matched by --itt-config option): __itt_sync_acquired

377992 : 0x1c0f3eaee46f6 : 2 : ittapi_config_apply_per_lib :  ITTAPI function NOT instrumented (not matched by --itt-config option): __itt_sync_releasing

377992 : 0x1c0f3eaee5e4b : 2 : ittapi_config_apply_per_lib :  ITTAPI function not implemented: __itt_suppress_push
377992 : 0x1c0f3eaee7690 : 2 : ittapi_config_apply_per_lib :  ITTAPI function not implemented: __itt_suppress_pop
377992 : 0x1c0f3eaee8c2d : 2 : ittapi_config_apply_per_lib :  ITTAPI function not implemented: __itt_suppress_mark_range
377992 : 0x1c0f3eaeea1bd : 2 : ittapi_config_apply_per_lib :  ITTAPI function not implemented: __itt_suppress_clear_range
377992 : 0x1c0f3eaeeb251 : 2 : ittapi_config_apply_per_lib :  ITTAPI function NOT instrumented (not matched by --itt-config option): __itt_sync_prepare

377992 : 0x1c0f3eaeec2a6 : 2 : ittapi_config_apply_per_lib :  ITTAPI function NOT instrumented (not matched by --itt-config option): __itt_sync_cancel

377992 : 0x1c0f3eaef2ef1 : 2 : ittapi_config_apply_per_lib :  ITTAPI function NOT instrumented (not matched by --itt-config option): __itt_sync_acquired

377992 : 0x1c0f3eaef4128 : 2 : ittapi_config_apply_per_lib :  ITTAPI function NOT instrumented (not matched by --itt-config option): __itt_sync_releasing

377992 : 0x1c0f3eaef5273 : 2 : ittapi_config_apply_per_lib :  ITTAPI function NOT instrumented (not matched by --itt-config option): __itt_model_site_begin

377992 : 0x1c0f3eaef6360 : 2 : ittapi_config_apply_per_lib :  ITTAPI function NOT instrumented (not matched by --itt-config option): __itt_model_site_end

377992 : 0x1c0f3eaef7416 : 2 : ittapi_config_apply_per_lib :  ITTAPI function NOT instrumented (not matched by --itt-config option): __itt_model_task_begin

377992 : 0x1c0f3eaef8455 : 2 : ittapi_config_apply_per_lib :  ITTAPI function NOT instrumented (not matched by --itt-config option): __itt_model_task_end

377992 : 0x1c0f3eaef94f7 : 2 : ittapi_config_apply_per_lib :  ITTAPI function NOT instrumented (not matched by --itt-config option): __itt_model_lock_acquire

377992 : 0x1c0f3eaefa6c9 : 2 : ittapi_config_apply_per_lib :  ITTAPI function NOT instrumented (not matched by --itt-config option): __itt_model_lock_release

377992 : 0x1c0f3eaefb71b : 2 : ittapi_config_apply_per_lib :  ITTAPI function NOT instrumented (not matched by --itt-config option): __itt_model_record_allocation

377992 : 0x1c0f3eaefc71a : 2 : ittapi_config_apply_per_lib :  ITTAPI function NOT instrumented (not matched by --itt-config option): __itt_model_record_deallocation

377992 : 0x1c0f3eaf07149 : 2 : ittapi_config_apply_per_lib :  ITTAPI function NOT instrumented (not matched by --itt-config option): __itt_model_induction_uses

377992 : 0x1c0f3eaf08532 : 2 : ittapi_config_apply_per_lib :  ITTAPI function NOT instrumented (not matched by --itt-config option): __itt_model_reduction_uses

377992 : 0x1c0f3eaf095cd : 2 : ittapi_config_apply_per_lib :  ITTAPI function NOT instrumented (not matched by --itt-config option): __itt_model_observe_uses

377992 : 0x1c0f3eaf0a6e2 : 2 : ittapi_config_apply_per_lib :  ITTAPI function NOT instrumented (not matched by --itt-config option): __itt_model_clear_uses

377992 : 0x1c0f3eaf0b7c3 : 2 : ittapi_config_apply_per_lib :  ITTAPI function NOT instrumented (not matched by --itt-config option): __itt_model_site_beginA

377992 : 0x1c0f3eaf0c885 : 2 : ittapi_config_apply_per_lib :  ITTAPI function NOT instrumented (not matched by --itt-config option): __itt_model_site_beginAL

377992 : 0x1c0f3eaf0d8d9 : 2 : ittapi_config_apply_per_lib :  ITTAPI function NOT instrumented (not matched by --itt-config option): __itt_model_task_beginA

377992 : 0x1c0f3eaf0e966 : 2 : ittapi_config_apply_per_lib :  ITTAPI function NOT instrumented (not matched by --itt-config option): __itt_model_task_beginAL

377992 : 0x1c0f3eaf0f9bc : 2 : ittapi_config_apply_per_lib :  ITTAPI function NOT instrumented (not matched by --itt-config option): __itt_model_iteration_taskA

377992 : 0x1c0f3eaf10998 : 2 : ittapi_config_apply_per_lib :  ITTAPI function NOT instrumented (not matched by --itt-config option): __itt_model_iteration_taskAL

377992 : 0x1c0f3eaf17ad6 : 2 : ittapi_config_apply_per_lib :  ITTAPI function NOT instrumented (not matched by --itt-config option): __itt_model_site_end_2

377992 : 0x1c0f3eaf18c70 : 2 : ittapi_config_apply_per_lib :  ITTAPI function NOT instrumented (not matched by --itt-config option): __itt_model_task_end_2

377992 : 0x1c0f3eaf19c79 : 2 : ittapi_config_apply_per_lib :  ITTAPI function NOT instrumented (not matched by --itt-config option): __itt_model_lock_acquire_2

377992 : 0x1c0f3eaf1ad39 : 2 : ittapi_config_apply_per_lib :  ITTAPI function NOT instrumented (not matched by --itt-config option): __itt_model_lock_release_2

377992 : 0x1c0f3eaf1bdab : 2 : ittapi_config_apply_per_lib :  ITTAPI function NOT instrumented (not matched by --itt-config option): __itt_model_aggregate_task

377992 : 0x1c0f3eaf1ce3d : 2 : ittapi_config_apply_per_lib :  ITTAPI function NOT instrumented (not matched by --itt-config option): __itt_model_disable_push

377992 : 0x1c0f3eaf1de25 : 2 : ittapi_config_apply_per_lib :  ITTAPI function NOT instrumented (not matched by --itt-config option): __itt_model_disable_pop

377992 : 0x1c0f3eaf1f312 : 2 : ittapi_config_apply_per_lib :  ITTAPI function instrumented: __itt_heap_function_create
377992 : 0x1c0f3eaf20789 : 2 : ittapi_config_apply_per_lib :  ITTAPI function instrumented: __itt_heap_allocate_begin
377992 : 0x1c0f3eaf21a98 : 2 : ittapi_config_apply_per_lib :  ITTAPI function instrumented: __itt_heap_allocate_end
377992 : 0x1c0f3eaf2afb7 : 2 : ittapi_config_apply_per_lib :  ITTAPI function instrumented: __itt_heap_free_begin
377992 : 0x1c0f3eaf2c457 : 2 : ittapi_config_apply_per_lib :  ITTAPI function instrumented: __itt_heap_free_end
377992 : 0x1c0f3eaf2d86d : 2 : ittapi_config_apply_per_lib :  ITTAPI function instrumented: __itt_heap_reallocate_begin
377992 : 0x1c0f3eaf2eb0d : 2 : ittapi_config_apply_per_lib :  ITTAPI function instrumented: __itt_heap_reallocate_end
377992 : 0x1c0f3eaf301ab : 2 : ittapi_config_apply_per_lib :  ITTAPI function not implemented: __itt_heap_internal_access_begin
377992 : 0x1c0f3eaf31667 : 2 : ittapi_config_apply_per_lib :  ITTAPI function not implemented: __itt_heap_internal_access_end
377992 : 0x1c0f3eaf32b08 : 2 : ittapi_config_apply_per_lib :  ITTAPI function not implemented: __itt_heap_record_memory_growth_begin
377992 : 0x1c0f3eaf33fbc : 2 : ittapi_config_apply_per_lib :  ITTAPI function not implemented: __itt_heap_record_memory_growth_end
377992 : 0x1c0f3eaf354e1 : 2 : ittapi_config_apply_per_lib :  ITTAPI function not implemented: __itt_heap_reset_detection
377992 : 0x1c0f3eaf36aed : 2 : ittapi_config_apply_per_lib :  ITTAPI function not implemented: __itt_heap_record
377992 : 0x1c0f3eaf3ddb4 : 2 : ittapi_config_apply_per_lib :  ITTAPI function not implemented: __itt_id_create
377992 : 0x1c0f3eaf3f44a : 2 : ittapi_config_apply_per_lib :  ITTAPI function not implemented: __itt_id_destroy
377992 : 0x1c0f3eaf4086c : 2 : ittapi_config_apply_per_lib :  ITTAPI function instrumented: __itt_get_timestamp
377992 : 0x1c0f3eaf41cda : 2 : ittapi_config_apply_per_lib :  ITTAPI function not implemented: __itt_region_begin
377992 : 0x1c0f3eaf43175 : 2 : ittapi_config_apply_per_lib :  ITTAPI function not implemented: __itt_region_end
377992 : 0x1c0f3eaf445c0 : 2 : ittapi_config_apply_per_lib :  ITTAPI function instrumented: __itt_frame_begin_v3
377992 : 0x1c0f3eaf45a76 : 2 : ittapi_config_apply_per_lib :  ITTAPI function instrumented: __itt_frame_end_v3
377992 : 0x1c0f3eaf46e3a : 2 : ittapi_config_apply_per_lib :  ITTAPI function instrumented: __itt_frame_submit_v3
377992 : 0x1c0f3eaf482e0 : 2 : ittapi_config_apply_per_lib :  ITTAPI function not implemented: __itt_task_group
377992 : 0x1c0f3eaf496e3 : 2 : ittapi_config_apply_per_lib :  ITTAPI function instrumented: __itt_task_begin
377992 : 0x1c0f3eaf505ac : 2 : ittapi_config_apply_per_lib :  ITTAPI function instrumented: __itt_task_begin_fn
377992 : 0x1c0f3eaf51b62 : 2 : ittapi_config_apply_per_lib :  ITTAPI function instrumented: __itt_task_end
377992 : 0x1c0f3eaf53078 : 2 : ittapi_config_apply_per_lib :  ITTAPI function not implemented: __itt_counter_inc_v3
377992 : 0x1c0f3eaf54708 : 2 : ittapi_config_apply_per_lib :  ITTAPI function not implemented: __itt_counter_inc_delta_v3
377992 : 0x1c0f3eaf55b93 : 2 : ittapi_config_apply_per_lib :  ITTAPI function not implemented: __itt_counter_dec_v3
377992 : 0x1c0f3eaf56fee : 2 : ittapi_config_apply_per_lib :  ITTAPI function not implemented: __itt_counter_dec_delta_v3
377992 : 0x1c0f3eaf5869c : 2 : ittapi_config_apply_per_lib :  ITTAPI function not implemented: __itt_marker
377992 : 0x1c0f3eaf5996e : 2 : ittapi_config_apply_per_lib :  ITTAPI function instrumented: __itt_metadata_add
377992 : 0x1c0f3eaf5af48 : 2 : ittapi_config_apply_per_lib :  ITTAPI function not implemented: __itt_metadata_str_add
377992 : 0x1c0f3eaf5c339 : 2 : ittapi_config_apply_per_lib :  ITTAPI function not implemented: __itt_relation_add_to_current
377992 : 0x1c0f3eaf65656 : 2 : ittapi_config_apply_per_lib :  ITTAPI function not implemented: __itt_relation_add
377992 : 0x1c0f3eaf66c66 : 2 : ittapi_config_apply_per_lib :  ITTAPI function instrumented: __itt_event_create
377992 : 0x1c0f3eaf6804f : 2 : ittapi_config_apply_per_lib :  ITTAPI function instrumented: __itt_event_start
377992 : 0x1c0f3eaf69405 : 2 : ittapi_config_apply_per_lib :  ITTAPI function instrumented: __itt_event_end
377992 : 0x1c0f3eaf6a48c : 2 : ittapi_config_apply_per_lib :  ITTAPI function NOT instrumented (not matched by --itt-config option): __itt_sync_set_name

377992 : 0x1c0f3eaf6b7a5 : 2 : ittapi_config_apply_per_lib :  ITTAPI function NOT instrumented (not matched by --itt-config option): __itt_notify_sync_name

377992 : 0x1c0f3eaf6c90b : 2 : ittapi_config_apply_per_lib :  ITTAPI function NOT instrumented (not matched by --itt-config option): __itt_notify_sync_prepare

377992 : 0x1c0f3eaf6d96c : 2 : ittapi_config_apply_per_lib :  ITTAPI function NOT instrumented (not matched by --itt-config option): __itt_notify_sync_cancel

377992 : 0x1c0f3eaf6e95b : 2 : ittapi_config_apply_per_lib :  ITTAPI function NOT instrumented (not matched by --itt-config option): __itt_notify_sync_acquired

377992 : 0x1c0f3eaf6f99e : 2 : ittapi_config_apply_per_lib :  ITTAPI function NOT instrumented (not matched by --itt-config option): __itt_notify_sync_releasing

377992 : 0x1c0f3eaf795cd : 2 : ittapi_config_apply_per_lib :  ITTAPI function not implemented: __itt_memory_read
377992 : 0x1c0f3eaf7ac76 : 2 : ittapi_config_apply_per_lib :  ITTAPI function not implemented: __itt_memory_write
377992 : 0x1c0f3eaf7c09d : 2 : ittapi_config_apply_per_lib :  ITTAPI function not implemented: __itt_memory_update
377992 : 0x1c0f3eaf7d596 : 2 : ittapi_config_apply_per_lib :  ITTAPI function not implemented: __itt_state_get
377992 : 0x1c0f3eaf7e921 : 2 : ittapi_config_apply_per_lib :  ITTAPI function not implemented: __itt_state_set
377992 : 0x1c0f3eaf8008a : 2 : ittapi_config_apply_per_lib :  ITTAPI function not implemented: __itt_obj_mode_set
377992 : 0x1c0f3eaf814bd : 2 : ittapi_config_apply_per_lib :  ITTAPI function not implemented: __itt_thr_mode_set
377992 : 0x1c0f3eaf82a14 : 2 : ittapi_config_apply_per_lib :  ITTAPI function instrumented: __itt_frame_create
377992 : 0x1c0f3eaf83c8e : 2 : ittapi_config_apply_per_lib :  ITTAPI function instrumented: __itt_pt_region_create
377992 : 0x1c0f3eaf84f96 : 2 : ittapi_config_apply_per_lib :  ITTAPI function instrumented: __itt_frame_begin
377992 : 0x1c0f3eaf8c23f : 2 : ittapi_config_apply_per_lib :  ITTAPI function instrumented: __itt_frame_end
377992 : 0x1c0f3eaf8d8f7 : 2 : ittapi_config_apply_per_lib :  ITTAPI function not implemented: __itt_counter_destroy
377992 : 0x1c0f3eaf8ed1a : 2 : ittapi_config_apply_per_lib :  ITTAPI function instrumented: __itt_counter_inc
377992 : 0x1c0f3eaf90240 : 2 : ittapi_config_apply_per_lib :  ITTAPI function instrumented: __itt_counter_inc_delta
377992 : 0x1c0f3eaf9151d : 2 : ittapi_config_apply_per_lib :  ITTAPI function instrumented: __itt_counter_dec
377992 : 0x1c0f3eaf928ff : 2 : ittapi_config_apply_per_lib :  ITTAPI function instrumented: __itt_counter_dec_delta
377992 : 0x1c0f3eaf93c5c : 2 : ittapi_config_apply_per_lib :  ITTAPI function instrumented: __itt_counter_set_value
377992 : 0x1c0f3eaf95106 : 2 : ittapi_config_apply_per_lib :  ITTAPI function not implemented: __itt_counter_set_value_ex
377992 : 0x1c0f3eaf96483 : 2 : ittapi_config_apply_per_lib :  ITTAPI function not implemented: __itt_mark_create
377992 : 0x1c0f3eaf97925 : 2 : ittapi_config_apply_per_lib :  ITTAPI function not implemented: __itt_mark
377992 : 0x1c0f3eafa097f : 2 : ittapi_config_apply_per_lib :  ITTAPI function not implemented: __itt_mark_off
377992 : 0x1c0f3eafa1f8b : 2 : ittapi_config_apply_per_lib :  ITTAPI function not implemented: __itt_mark_global
377992 : 0x1c0f3eafa3407 : 2 : ittapi_config_apply_per_lib :  ITTAPI function not implemented: __itt_mark_global_off
377992 : 0x1c0f3eafa45e3 : 2 : ittapi_config_apply_per_lib :  ITTAPI function NOT instrumented (not matched by --itt-config option): __itt_stack_caller_create

377992 : 0x1c0f3eafa5763 : 2 : ittapi_config_apply_per_lib :  ITTAPI function NOT instrumented (not matched by --itt-config option): __itt_stack_caller_destroy

377992 : 0x1c0f3eafa6866 : 2 : ittapi_config_apply_per_lib :  ITTAPI function NOT instrumented (not matched by --itt-config option): __itt_stack_callee_enter

377992 : 0x1c0f3eafa78bd : 2 : ittapi_config_apply_per_lib :  ITTAPI function NOT instrumented (not matched by --itt-config option): __itt_stack_callee_leave

377992 : 0x1c0f3eafa8cbe : 2 : ittapi_config_apply_per_lib :  ITTAPI function not implemented: __itt_clock_domain_create
377992 : 0x1c0f3eafaa159 : 2 : ittapi_config_apply_per_lib :  ITTAPI function not implemented: __itt_clock_domain_reset
377992 : 0x1c0f3eafab570 : 2 : ittapi_config_apply_per_lib :  ITTAPI function not implemented: __itt_id_create_ex
377992 : 0x1c0f3eafb7582 : 2 : ittapi_config_apply_per_lib :  ITTAPI function not implemented: __itt_id_destroy_ex
377992 : 0x1c0f3eafb8e15 : 2 : ittapi_config_apply_per_lib :  ITTAPI function not implemented: __itt_task_begin_ex
377992 : 0x1c0f3eafba1a5 : 2 : ittapi_config_apply_per_lib :  ITTAPI function not implemented: __itt_task_begin_fn_ex
377992 : 0x1c0f3eafbb5ab : 2 : ittapi_config_apply_per_lib :  ITTAPI function not implemented: __itt_task_end_ex
377992 : 0x1c0f3eafbc9ee : 2 : ittapi_config_apply_per_lib :  ITTAPI function instrumented: __itt_task_begin_overlapped
377992 : 0x1c0f3eafbde4f : 2 : ittapi_config_apply_per_lib :  ITTAPI function not implemented: __itt_task_begin_overlapped_ex
377992 : 0x1c0f3eafbf1c5 : 2 : ittapi_config_apply_per_lib :  ITTAPI function instrumented: __itt_task_end_overlapped
377992 : 0x1c0f3eafc06a9 : 2 : ittapi_config_apply_per_lib :  ITTAPI function not implemented: __itt_task_end_overlapped_ex
377992 : 0x1c0f3eafc1aa9 : 2 : ittapi_config_apply_per_lib :  ITTAPI function not implemented: __itt_marker_ex
377992 : 0x1c0f3eafc2fc0 : 2 : ittapi_config_apply_per_lib :  ITTAPI function not implemented: __itt_metadata_add_with_scope
377992 : 0x1c0f3eafca966 : 2 : ittapi_config_apply_per_lib :  ITTAPI function not implemented: __itt_metadata_str_add_with_scope
377992 : 0x1c0f3eafcbfec : 2 : ittapi_config_apply_per_lib :  ITTAPI function not implemented: __itt_relation_add_to_current_ex
377992 : 0x1c0f3eafcd453 : 2 : ittapi_config_apply_per_lib :  ITTAPI function not implemented: __itt_relation_add_ex
377992 : 0x1c0f3eafce867 : 2 : ittapi_config_apply_per_lib :  ITTAPI function not implemented: __itt_track_group_create
377992 : 0x1c0f3eafcfb78 : 2 : ittapi_config_apply_per_lib :  ITTAPI function not implemented: __itt_track_create
377992 : 0x1c0f3eafd0fa3 : 2 : ittapi_config_apply_per_lib :  ITTAPI function not implemented: __itt_set_track
377992 : 0x1c0f3eafd236f : 2 : ittapi_config_apply_per_lib :  ITTAPI function instrumented: __itt_api_version
377992 : 0x1c0f3eafd37ca : 2 : ittapi_config_apply_per_lib :  ITTAPI function not implemented: __itt_av_save
377992 : 0x1c0f3eafd4b94 : 2 : ittapi_config_apply_per_lib :  ITTAPI function instrumented: __itt_module_load
377992 : 0x1c0f3eafd600e : 2 : ittapi_config_apply_per_lib :  ITTAPI function not implemented: __itt_module_unload
377992 : 0x1c0f3eafdebc3 : 2 : ittapi_config_apply_per_lib :  ITTAPI function NOT instrumented (not matched by --itt-config option): __itt_histogram_submit

377992 : 0x1c0f3eb11b679 : 2 : ittapi_config_mask_get :  --itt-config mask to be applied: 39
377992 : 0x1c0f3eb11d8fc : 2 : ittapi_config_apply_per_lib :  ITTAPI function instrumented: __itt_domain_create
377992 : 0x1c0f3eb11ee95 : 2 : ittapi_config_apply_per_lib :  ITTAPI function instrumented: __itt_module_load_with_sections
377992 : 0x1c0f3eb12077b : 2 : ittapi_config_apply_per_lib :  ITTAPI function not implemented: __itt_module_unload_with_sections
377992 : 0x1c0f3eb121bc8 : 2 : ittapi_config_apply_per_lib :  ITTAPI function instrumented: __itt_string_handle_create
377992 : 0x1c0f3eb122fc3 : 2 : ittapi_config_apply_per_lib :  ITTAPI function instrumented: __itt_counter_create
377992 : 0x1c0f3eb12423a : 2 : ittapi_config_apply_per_lib :  ITTAPI function instrumented: __itt_counter_create_typed
377992 : 0x1c0f3eb125673 : 2 : ittapi_config_apply_per_lib :  ITTAPI function instrumented: __itt_pause
377992 : 0x1c0f3eb1269f3 : 2 : ittapi_config_apply_per_lib :  ITTAPI function instrumented: __itt_resume
377992 : 0x1c0f3eb130118 : 2 : ittapi_config_apply_per_lib :  ITTAPI function instrumented: __itt_thread_set_name
377992 : 0x1c0f3eb131646 : 2 : ittapi_config_apply_per_lib :  ITTAPI function instrumented: __itt_thread_ignore
377992 : 0x1c0f3eb132a2f : 2 : ittapi_config_apply_per_lib :  ITTAPI function instrumented: __itt_thr_name_set
377992 : 0x1c0f3eb133da4 : 2 : ittapi_config_apply_per_lib :  ITTAPI function instrumented: __itt_thr_ignore
377992 : 0x1c0f3eb13535c : 2 : ittapi_config_apply_per_lib :  ITTAPI function not implemented: __itt_enable_attach
377992 : 0x1c0f3eb13675a : 2 : ittapi_config_apply_per_lib :  ITTAPI function instrumented: __itt_detach
377992 : 0x1c0f3eb13791b : 2 : ittapi_config_apply_per_lib :  ITTAPI function NOT instrumented (not matched by --itt-config option): __itt_sync_create

377992 : 0x1c0f3eb138b0d : 2 : ittapi_config_apply_per_lib :  ITTAPI function NOT instrumented (not matched by --itt-config option): __itt_sync_rename

377992 : 0x1c0f3eb139bdd : 2 : ittapi_config_apply_per_lib :  ITTAPI function NOT instrumented (not matched by --itt-config option): __itt_sync_destroy

377992 : 0x1c0f3eb13ad75 : 2 : ittapi_config_apply_per_lib :  ITTAPI function NOT instrumented (not matched by --itt-config option): __itt_sync_prepare

377992 : 0x1c0f3eb145210 : 2 : ittapi_config_apply_per_lib :  ITTAPI function NOT instrumented (not matched by --itt-config option): __itt_sync_cancel

377992 : 0x1c0f3eb1464a2 : 2 : ittapi_config_apply_per_lib :  ITTAPI function NOT instrumented (not matched by --itt-config option): __itt_sync_acquired

377992 : 0x1c0f3eb1474d5 : 2 : ittapi_config_apply_per_lib :  ITTAPI function NOT instrumented (not matched by --itt-config option): __itt_sync_releasing

377992 : 0x1c0f3eb148b30 : 2 : ittapi_config_apply_per_lib :  ITTAPI function not implemented: __itt_suppress_push
377992 : 0x1c0f3eb14a230 : 2 : ittapi_config_apply_per_lib :  ITTAPI function not implemented: __itt_suppress_pop
377992 : 0x1c0f3eb14b6b2 : 2 : ittapi_config_apply_per_lib :  ITTAPI function not implemented: __itt_suppress_mark_range
377992 : 0x1c0f3eb14cc33 : 2 : ittapi_config_apply_per_lib :  ITTAPI function not implemented: __itt_suppress_clear_range
377992 : 0x1c0f3eb14dd18 : 2 : ittapi_config_apply_per_lib :  ITTAPI function NOT instrumented (not matched by --itt-config option): __itt_sync_prepare

377992 : 0x1c0f3eb14edd8 : 2 : ittapi_config_apply_per_lib :  ITTAPI function NOT instrumented (not matched by --itt-config option): __itt_sync_cancel

377992 : 0x1c0f3eb14fe01 : 2 : ittapi_config_apply_per_lib :  ITTAPI function NOT instrumented (not matched by --itt-config option): __itt_sync_acquired

377992 : 0x1c0f3eb156c62 : 2 : ittapi_config_apply_per_lib :  ITTAPI function NOT instrumented (not matched by --itt-config option): __itt_sync_releasing

377992 : 0x1c0f3eb157f32 : 2 : ittapi_config_apply_per_lib :  ITTAPI function NOT instrumented (not matched by --itt-config option): __itt_model_site_begin

377992 : 0x1c0f3eb158ff2 : 2 : ittapi_config_apply_per_lib :  ITTAPI function NOT instrumented (not matched by --itt-config option): __itt_model_site_end

377992 : 0x1c0f3eb15a078 : 2 : ittapi_config_apply_per_lib :  ITTAPI function NOT instrumented (not matched by --itt-config option): __itt_model_task_begin

377992 : 0x1c0f3eb15b0bf : 2 : ittapi_config_apply_per_lib :  ITTAPI function NOT instrumented (not matched by --itt-config option): __itt_model_task_end

377992 : 0x1c0f3eb15c117 : 2 : ittapi_config_apply_per_lib :  ITTAPI function NOT instrumented (not matched by --itt-config option): __itt_model_lock_acquire

377992 : 0x1c0f3eb15d272 : 2 : ittapi_config_apply_per_lib :  ITTAPI function NOT instrumented (not matched by --itt-config option): __itt_model_lock_release

377992 : 0x1c0f3eb15e295 : 2 : ittapi_config_apply_per_lib :  ITTAPI function NOT instrumented (not matched by --itt-config option): __itt_model_record_allocation

377992 : 0x1c0f3eb15f2b0 : 2 : ittapi_config_apply_per_lib :  ITTAPI function NOT instrumented (not matched by --itt-config option): __itt_model_record_deallocation

377992 : 0x1c0f3eb1602a7 : 2 : ittapi_config_apply_per_lib :  ITTAPI function NOT instrumented (not matched by --itt-config option): __itt_model_induction_uses

377992 : 0x1c0f3eb16bdc7 : 2 : ittapi_config_apply_per_lib :  ITTAPI function NOT instrumented (not matched by --itt-config option): __itt_model_reduction_uses

377992 : 0x1c0f3eb16d1ee : 2 : ittapi_config_apply_per_lib :  ITTAPI function NOT instrumented (not matched by --itt-config option): __itt_model_observe_uses

377992 : 0x1c0f3eb16e2e8 : 2 : ittapi_config_apply_per_lib :  ITTAPI function NOT instrumented (not matched by --itt-config option): __itt_model_clear_uses

377992 : 0x1c0f3eb16f3a9 : 2 : ittapi_config_apply_per_lib :  ITTAPI function NOT instrumented (not matched by --itt-config option): __itt_model_site_beginA

377992 : 0x1c0f3eb170416 : 2 : ittapi_config_apply_per_lib :  ITTAPI function NOT instrumented (not matched by --itt-config option): __itt_model_site_beginAL

377992 : 0x1c0f3eb17142d : 2 : ittapi_config_apply_per_lib :  ITTAPI function NOT instrumented (not matched by --itt-config option): __itt_model_task_beginA

377992 : 0x1c0f3eb17248d : 2 : ittapi_config_apply_per_lib :  ITTAPI function NOT instrumented (not matched by --itt-config option): __itt_model_task_beginAL

377992 : 0x1c0f3eb173507 : 2 : ittapi_config_apply_per_lib :  ITTAPI function NOT instrumented (not matched by --itt-config option): __itt_model_iteration_taskA

377992 : 0x1c0f3eb17450f : 2 : ittapi_config_apply_per_lib :  ITTAPI function NOT instrumented (not matched by --itt-config option): __itt_model_iteration_taskAL

377992 : 0x1c0f3eb17550a : 2 : ittapi_config_apply_per_lib :  ITTAPI function NOT instrumented (not matched by --itt-config option): __itt_model_site_end_2

377992 : 0x1c0f3eb17cb80 : 2 : ittapi_config_apply_per_lib :  ITTAPI function NOT instrumented (not matched by --itt-config option): __itt_model_task_end_2

377992 : 0x1c0f3eb17dcee : 2 : ittapi_config_apply_per_lib :  ITTAPI function NOT instrumented (not matched by --itt-config option): __itt_model_lock_acquire_2

377992 : 0x1c0f3eb17ed71 : 2 : ittapi_config_apply_per_lib :  ITTAPI function NOT instrumented (not matched by --itt-config option): __itt_model_lock_release_2

377992 : 0x1c0f3eb17fdd7 : 2 : ittapi_config_apply_per_lib :  ITTAPI function NOT instrumented (not matched by --itt-config option): __itt_model_aggregate_task

377992 : 0x1c0f3eb180e67 : 2 : ittapi_config_apply_per_lib :  ITTAPI function NOT instrumented (not matched by --itt-config option): __itt_model_disable_push

377992 : 0x1c0f3eb181e5e : 2 : ittapi_config_apply_per_lib :  ITTAPI function NOT instrumented (not matched by --itt-config option): __itt_model_disable_pop

377992 : 0x1c0f3eb1833d5 : 2 : ittapi_config_apply_per_lib :  ITTAPI function instrumented: __itt_heap_function_create
377992 : 0x1c0f3eb18687c : 2 : ittapi_config_apply_per_lib :  ITTAPI function instrumented: __itt_heap_allocate_begin
377992 : 0x1c0f3eb187b67 : 2 : ittapi_config_apply_per_lib :  ITTAPI function instrumented: __itt_heap_allocate_end
377992 : 0x1c0f3eb188ea8 : 2 : ittapi_config_apply_per_lib :  ITTAPI function instrumented: __itt_heap_free_begin
377992 : 0x1c0f3eb18ff67 : 2 : ittapi_config_apply_per_lib :  ITTAPI function instrumented: __itt_heap_free_end
377992 : 0x1c0f3eb191465 : 2 : ittapi_config_apply_per_lib :  ITTAPI function instrumented: __itt_heap_reallocate_begin
377992 : 0x1c0f3eb1926d3 : 2 : ittapi_config_apply_per_lib :  ITTAPI function instrumented: __itt_heap_reallocate_end
377992 : 0x1c0f3eb195b4c : 2 : ittapi_config_apply_per_lib :  ITTAPI function not implemented: __itt_heap_internal_access_begin
377992 : 0x1c0f3eb197070 : 2 : ittapi_config_apply_per_lib :  ITTAPI function not implemented: __itt_heap_internal_access_end
377992 : 0x1c0f3eb198591 : 2 : ittapi_config_apply_per_lib :  ITTAPI function not implemented: __itt_heap_record_memory_growth_begin
377992 : 0x1c0f3eb199a98 : 2 : ittapi_config_apply_per_lib :  ITTAPI function not implemented: __itt_heap_record_memory_growth_end
377992 : 0x1c0f3eb19af7a : 2 : ittapi_config_apply_per_lib :  ITTAPI function not implemented: __itt_heap_reset_detection
377992 : 0x1c0f3eb19c5d7 : 2 : ittapi_config_apply_per_lib :  ITTAPI function not implemented: __itt_heap_record
377992 : 0x1c0f3eb19da18 : 2 : ittapi_config_apply_per_lib :  ITTAPI function not implemented: __itt_id_create
377992 : 0x1c0f3eb1a7673 : 2 : ittapi_config_apply_per_lib :  ITTAPI function not implemented: __itt_id_destroy
377992 : 0x1c0f3eb1a8ba3 : 2 : ittapi_config_apply_per_lib :  ITTAPI function instrumented: __itt_get_timestamp
377992 : 0x1c0f3eb1a9fb4 : 2 : ittapi_config_apply_per_lib :  ITTAPI function not implemented: __itt_region_begin
377992 : 0x1c0f3eb1ab3ab : 2 : ittapi_config_apply_per_lib :  ITTAPI function not implemented: __itt_region_end
377992 : 0x1c0f3eb1ac6e4 : 2 : ittapi_config_apply_per_lib :  ITTAPI function instrumented: __itt_frame_begin_v3
377992 : 0x1c0f3eb1adaa6 : 2 : ittapi_config_apply_per_lib :  ITTAPI function instrumented: __itt_frame_end_v3
377992 : 0x1c0f3eb1aedd0 : 2 : ittapi_config_apply_per_lib :  ITTAPI function instrumented: __itt_frame_submit_v3
377992 : 0x1c0f3eb1b0274 : 2 : ittapi_config_apply_per_lib :  ITTAPI function not implemented: __itt_task_group
377992 : 0x1c0f3eb1b1700 : 2 : ittapi_config_apply_per_lib :  ITTAPI function instrumented: __itt_task_begin
377992 : 0x1c0f3eb1b2b00 : 2 : ittapi_config_apply_per_lib :  ITTAPI function instrumented: __itt_task_begin_fn
377992 : 0x1c0f3eb1ba1dd : 2 : ittapi_config_apply_per_lib :  ITTAPI function instrumented: __itt_task_end
377992 : 0x1c0f3eb1bb82e : 2 : ittapi_config_apply_per_lib :  ITTAPI function not implemented: __itt_counter_inc_v3
377992 : 0x1c0f3eb1bce40 : 2 : ittapi_config_apply_per_lib :  ITTAPI function not implemented: __itt_counter_inc_delta_v3
377992 : 0x1c0f3eb1be2aa : 2 : ittapi_config_apply_per_lib :  ITTAPI function not implemented: __itt_counter_dec_v3
377992 : 0x1c0f3eb1bf719 : 2 : ittapi_config_apply_per_lib :  ITTAPI function not implemented: __itt_counter_dec_delta_v3
377992 : 0x1c0f3eb1c0b80 : 2 : ittapi_config_apply_per_lib :  ITTAPI function not implemented: __itt_marker
377992 : 0x1c0f3eb1c1e49 : 2 : ittapi_config_apply_per_lib :  ITTAPI function instrumented: __itt_metadata_add
377992 : 0x1c0f3eb1c33c2 : 2 : ittapi_config_apply_per_lib :  ITTAPI function not implemented: __itt_metadata_str_add
377992 : 0x1c0f3eb1c4739 : 2 : ittapi_config_apply_per_lib :  ITTAPI function not implemented: __itt_relation_add_to_current
377992 : 0x1c0f3eb1c5ac3 : 2 : ittapi_config_apply_per_lib :  ITTAPI function not implemented: __itt_relation_add
377992 : 0x1c0f3eb1ccc4b : 2 : ittapi_config_apply_per_lib :  ITTAPI function instrumented: __itt_event_create
377992 : 0x1c0f3eb1ce1a1 : 2 : ittapi_config_apply_per_lib :  ITTAPI function instrumented: __itt_event_start
377992 : 0x1c0f3eb1cf4e4 : 2 : ittapi_config_apply_per_lib :  ITTAPI function instrumented: __itt_event_end
377992 : 0x1c0f3eb1d055d : 2 : ittapi_config_apply_per_lib :  ITTAPI function NOT instrumented (not matched by --itt-config option): __itt_sync_set_name

377992 : 0x1c0f3eb1d1801 : 2 : ittapi_config_apply_per_lib :  ITTAPI function NOT instrumented (not matched by --itt-config option): __itt_notify_sync_name

377992 : 0x1c0f3eb1d2893 : 2 : ittapi_config_apply_per_lib :  ITTAPI function NOT instrumented (not matched by --itt-config option): __itt_notify_sync_prepare

377992 : 0x1c0f3eb1d3939 : 2 : ittapi_config_apply_per_lib :  ITTAPI function NOT instrumented (not matched by --itt-config option): __itt_notify_sync_cancel

377992 : 0x1c0f3eb1d499d : 2 : ittapi_config_apply_per_lib :  ITTAPI function NOT instrumented (not matched by --itt-config option): __itt_notify_sync_acquired

377992 : 0x1c0f3eb1d59e0 : 2 : ittapi_config_apply_per_lib :  ITTAPI function NOT instrumented (not matched by --itt-config option): __itt_notify_sync_releasing

377992 : 0x1c0f3eb1d6ea4 : 2 : ittapi_config_apply_per_lib :  ITTAPI function not implemented: __itt_memory_read
377992 : 0x1c0f3eb1de1ca : 2 : ittapi_config_apply_per_lib :  ITTAPI function not implemented: __itt_memory_write
377992 : 0x1c0f3eb1df706 : 2 : ittapi_config_apply_per_lib :  ITTAPI function not implemented: __itt_memory_update
377992 : 0x1c0f3eb1e0bd7 : 2 : ittapi_config_apply_per_lib :  ITTAPI function not implemented: __itt_state_get
377992 : 0x1c0f3eb1e207a : 2 : ittapi_config_apply_per_lib :  ITTAPI function not implemented: __itt_state_set
377992 : 0x1c0f3eb1e353e : 2 : ittapi_config_apply_per_lib :  ITTAPI function not implemented: __itt_obj_mode_set
377992 : 0x1c0f3eb1e49f0 : 2 : ittapi_config_apply_per_lib :  ITTAPI function not implemented: __itt_thr_mode_set
377992 : 0x1c0f3eb1e5c70 : 2 : ittapi_config_apply_per_lib :  ITTAPI function instrumented: __itt_frame_create
377992 : 0x1c0f3eb1e6ea5 : 2 : ittapi_config_apply_per_lib :  ITTAPI function instrumented: __itt_pt_region_create
377992 : 0x1c0f3eb1e8293 : 2 : ittapi_config_apply_per_lib :  ITTAPI function instrumented: __itt_frame_begin
377992 : 0x1c0f3eb1e9661 : 2 : ittapi_config_apply_per_lib :  ITTAPI function instrumented: __itt_frame_end
377992 : 0x1c0f3eb1f2e66 : 2 : ittapi_config_apply_per_lib :  ITTAPI function not implemented: __itt_counter_destroy
377992 : 0x1c0f3eb1f43d7 : 2 : ittapi_config_apply_per_lib :  ITTAPI function instrumented: __itt_counter_inc
377992 : 0x1c0f3eb1f5779 : 2 : ittapi_config_apply_per_lib :  ITTAPI function instrumented: __itt_counter_inc_delta
377992 : 0x1c0f3eb1f6a1d : 2 : ittapi_config_apply_per_lib :  ITTAPI function instrumented: __itt_counter_dec
377992 : 0x1c0f3eb1f7dac : 2 : ittapi_config_apply_per_lib :  ITTAPI function instrumented: __itt_counter_dec_delta
377992 : 0x1c0f3eb1f8ffe : 2 : ittapi_config_apply_per_lib :  ITTAPI function instrumented: __itt_counter_set_value
377992 : 0x1c0f3eb1fa487 : 2 : ittapi_config_apply_per_lib :  ITTAPI function not implemented: __itt_counter_set_value_ex
377992 : 0x1c0f3eb1fb7fd : 2 : ittapi_config_apply_per_lib :  ITTAPI function not implemented: __itt_mark_create
377992 : 0x1c0f3eb1fccdf : 2 : ittapi_config_apply_per_lib :  ITTAPI function not implemented: __itt_mark
377992 : 0x1c0f3eb1fe120 : 2 : ittapi_config_apply_per_lib :  ITTAPI function not implemented: __itt_mark_off
377992 : 0x1c0f3eb207a18 : 2 : ittapi_config_apply_per_lib :  ITTAPI function not implemented: __itt_mark_global
377992 : 0x1c0f3eb2091b4 : 2 : ittapi_config_apply_per_lib :  ITTAPI function not implemented: __itt_mark_global_off
377992 : 0x1c0f3eb20a339 : 2 : ittapi_config_apply_per_lib :  ITTAPI function NOT instrumented (not matched by --itt-config option): __itt_stack_caller_create

377992 : 0x1c0f3eb20b440 : 2 : ittapi_config_apply_per_lib :  ITTAPI function NOT instrumented (not matched by --itt-config option): __itt_stack_caller_destroy

377992 : 0x1c0f3eb20c511 : 2 : ittapi_config_apply_per_lib :  ITTAPI function NOT instrumented (not matched by --itt-config option): __itt_stack_callee_enter

377992 : 0x1c0f3eb20d55e : 2 : ittapi_config_apply_per_lib :  ITTAPI function NOT instrumented (not matched by --itt-config option): __itt_stack_callee_leave

377992 : 0x1c0f3eb20e966 : 2 : ittapi_config_apply_per_lib :  ITTAPI function not implemented: __itt_clock_domain_create
377992 : 0x1c0f3eb20fe55 : 2 : ittapi_config_apply_per_lib :  ITTAPI function not implemented: __itt_clock_domain_reset
377992 : 0x1c0f3eb2118de : 2 : ittapi_config_apply_per_lib :  ITTAPI function not implemented: __itt_id_create_ex
377992 : 0x1c0f3eb212dea : 2 : ittapi_config_apply_per_lib :  ITTAPI function not implemented: __itt_id_destroy_ex
377992 : 0x1c0f3eb21a79b : 2 : ittapi_config_apply_per_lib :  ITTAPI function not implemented: __itt_task_begin_ex
377992 : 0x1c0f3eb21c380 : 2 : ittapi_config_apply_per_lib :  ITTAPI function not implemented: __itt_task_begin_fn_ex
377992 : 0x1c0f3eb21d83c : 2 : ittapi_config_apply_per_lib :  ITTAPI function not implemented: __itt_task_end_ex
377992 : 0x1c0f3eb21ecb4 : 2 : ittapi_config_apply_per_lib :  ITTAPI function instrumented: __itt_task_begin_overlapped
377992 : 0x1c0f3eb2200ef : 2 : ittapi_config_apply_per_lib :  ITTAPI function not implemented: __itt_task_begin_overlapped_ex
377992 : 0x1c0f3eb22145c : 2 : ittapi_config_apply_per_lib :  ITTAPI function instrumented: __itt_task_end_overlapped
377992 : 0x1c0f3eb2228b3 : 2 : ittapi_config_apply_per_lib :  ITTAPI function not implemented: __itt_task_end_overlapped_ex
377992 : 0x1c0f3eb223ca3 : 2 : ittapi_config_apply_per_lib :  ITTAPI function not implemented: __itt_marker_ex
377992 : 0x1c0f3eb2251bc : 2 : ittapi_config_apply_per_lib :  ITTAPI function not implemented: __itt_metadata_add_with_scope
377992 : 0x1c0f3eb2267d9 : 2 : ittapi_config_apply_per_lib :  ITTAPI function not implemented: __itt_metadata_str_add_with_scope
377992 : 0x1c0f3eb22fedf : 2 : ittapi_config_apply_per_lib :  ITTAPI function not implemented: __itt_relation_add_to_current_ex
377992 : 0x1c0f3eb231530 : 2 : ittapi_config_apply_per_lib :  ITTAPI function not implemented: __itt_relation_add_ex
377992 : 0x1c0f3eb2329e2 : 2 : ittapi_config_apply_per_lib :  ITTAPI function not implemented: __itt_track_group_create
377992 : 0x1c0f3eb233d52 : 2 : ittapi_config_apply_per_lib :  ITTAPI function not implemented: __itt_track_create
377992 : 0x1c0f3eb235228 : 2 : ittapi_config_apply_per_lib :  ITTAPI function not implemented: __itt_set_track
377992 : 0x1c0f3eb2365b7 : 2 : ittapi_config_apply_per_lib :  ITTAPI function instrumented: __itt_api_version
377992 : 0x1c0f3eb2379ba : 2 : ittapi_config_apply_per_lib :  ITTAPI function not implemented: __itt_av_save
377992 : 0x1c0f3eb238d56 : 2 : ittapi_config_apply_per_lib :  ITTAPI function instrumented: __itt_module_load
377992 : 0x1c0f3eb23a199 : 2 : ittapi_config_apply_per_lib :  ITTAPI function not implemented: __itt_module_unload