
433866 : 0x1d037b4f284ef : 1 : spill_jit_data :  Jit agent is not initialized
433838 : 0x1d037b4f337b9 : 2 : ittapi_config_mask_get :  --itt-config mask to be applied: 39
433838 : 0x1d037b4f39696 : 2 : ittapi_config_apply_per_lib :  ITTAPI function instrumented: __itt_domain_create
433838 : 0x1d037b4f3b121 : 2 : ittapi_config_apply_per_lib :  ITTAPI function instrumented: __itt_module_load_with_sections
433838 : 0x1d037b4f3d0da : 2 : ittapi_config_apply_per_lib :  ITTAPI function not implemented: __itt_module_unload_with_sections
433838 : 0x1d037b4f3ee87 : 2 : ittapi_config_apply_per_lib :  ITTAPI function instrumented: __itt_string_handle_create
433838 : 0x1d037b4f40186 : 2 : ittapi_config_apply_per_lib :  ITTAPI function instrumented: __itt_counter_create
433838 : 0x1d037b4f413c3 : 2 : ittapi_config_apply_per_lib :  ITTAPI function instrumented: __itt_counter_create_typed
433838 : 0x1d037b4f42787 : 2 : ittapi_config_apply_per_lib :  ITTAPI function instrumented: __itt_pause
433838 : 0x1d037b4f43a85 : 2 : ittapi_config_apply_per_lib :  ITTAPI function instrumented: __itt_resume
433838 : 0x1d037b4f53e9c : 2 : ittapi_config_apply_per_lib :  ITTAPI function instrumented: __itt_thread_set_name
433838 : 0x1d037b4f55515 : 2 : ittapi_config_apply_per_lib :  ITTAPI function instrumented: __itt_thread_ignore
433838 : 0x1d037b4f5699b : 2 : ittapi_config_apply_per_lib :  ITTAPI function instrumented: __itt_thr_name_set
433838 : 0x1d037b4f57c89 : 2 : ittapi_config_apply_per_lib :  ITTAPI function instrumented: __itt_thr_ignore
433838 : 0x1d037b4f58e57 : 2 : ittapi_config_apply_per_lib :  ITTAPI function instrumented: __itt_histogram_create
433838 : 0x1d037b4f5a88a : 2 : ittapi_config_apply_per_lib :  ITTAPI function not implemented: __itt_enable_attach
433838 : 0x1d037b4f5bc44 : 2 : ittapi_config_apply_per_lib :  ITTAPI function instrumented: __itt_detach
433838 : 0x1d037b4f5ccda : 2 : ittapi_config_apply_per_lib :  ITTAPI function NOT instrumented (not matched by --itt-config option): __itt_sync_create

433838 : 0x1d037b4f5def5 : 2 : ittapi_config_apply_per_lib :  ITTAPI function NOT instrumented (not matched by --itt-config option): __itt_sync_rename

433838 : 0x1d037b4f5ef10 : 2 : ittapi_config_apply_per_lib :  ITTAPI function NOT instrumented (not matched by --itt-config option): __itt_sync_destroy

433838 : 0x1d037b4f66703 : 2 : ittapi_config_apply_per_lib :  ITTAPI function NOT instrumented (not matched by --itt-config option): __itt_sync_prepare

433838 : 0x1d037b4f67860 : 2 : ittapi_config_apply_per_lib :  ITTAPI function NOT instrumented (not matched by --itt-config option): __itt_sync_cancel

433838 : 0x1d037b4f687fe : 2 : ittapi_config_apply_per_lib :  ITTAPI function NOT instrumented (not matched by --itt-config option): __itt_sync_acquired

433838 : 0x1d037b4f6974b : 2 : ittapi_config_apply_per_lib :  ITTAPI function NOT instrumented (not matched by --itt-config option): __itt_sync_releasing

433838 : 0x1d037b4f6ad4c : 2 : ittapi_config_apply_per_lib :  ITTAPI function not implemented: __itt_suppress_push
433838 : 0x1d037b4f6c4ab : 2 : ittapi_config_apply_per_lib :  ITTAPI function not implemented: __itt_suppress_pop
433838 : 0x1d037b4f6d916 : 2 : ittapi_config_apply_per_lib :  ITTAPI function not implemented: __itt_suppress_mark_range
433838 : 0x1d037b4f6ed85 : 2 : ittapi_config_apply_per_lib :  ITTAPI function not implemented: __itt_suppress_clear_range
433838 : 0x1d037b4f6fd4e : 2 : ittapi_config_apply_per_lib :  ITTAPI function NOT instrumented (not matched by --itt-config option): __itt_sync_prepare

433838 : 0x1d037b4f70d6d : 2 : ittapi_config_apply_per_lib :  ITTAPI function NOT instrumented (not matched by --itt-config option): __itt_sync_cancel

433838 : 0x1d037b4f77477 : 2 : ittapi_config_apply_per_lib :  ITTAPI function NOT instrumented (not matched by --itt-config option): __itt_sync_acquired

433838 : 0x1d037b4f785cf : 2 : ittapi_config_apply_per_lib :  ITTAPI function NOT instrumented (not matched by --itt-config option): __itt_sync_releasing

433838 : 0x1d037b4f796af : 2 : ittapi_config_apply_per_lib :  ITTAPI function NOT instrumented (not matched by --itt-config option): __itt_model_site_begin

433838 : 0x1d037b4f7a6e6 : 2 : ittapi_config_apply_per_lib :  ITTAPI function NOT instrumented (not matched by --itt-config option): __itt_model_site_end

433838 : 0x1d037b4f7b6d7 : 2 : ittapi_config_apply_per_lib :  ITTAPI function NOT instrumented (not matched by --itt-config option): __itt_model_task_begin

433838 : 0x1d037b4f7c622 : 2 : ittapi_config_apply_per_lib :  ITTAPI function NOT instrumented (not matched by --itt-config option): __itt_model_task_end

433838 : 0x1d037b4f7d5ba : 2 : ittapi_config_apply_per_lib :  ITTAPI function NOT instrumented (not matched by --itt-config option): __itt_model_lock_acquire

433838 : 0x1d037b4f7e679 : 2 : ittapi_config_apply_per_lib :  ITTAPI function NOT instrumented (not matched by --itt-config option): __itt_model_lock_release

433838 : 0x1d037b4f7f5a4 : 2 : ittapi_config_apply_per_lib :  ITTAPI function NOT instrumented (not matched by --itt-config option): __itt_model_record_allocation

433838 : 0x1d037b4f804b1 : 2 : ittapi_config_apply_per_lib :  ITTAPI function NOT instrumented (not matched by --itt-config option): __itt_model_record_deallocation

433838 : 0x1d037b4f8a268 : 2 : ittapi_config_apply_per_lib :  ITTAPI function NOT instrumented (not matched by --itt-config option): __itt_model_induction_uses

433838 : 0x1d037b4f8b54d : 2 : ittapi_config_apply_per_lib :  ITTAPI function NOT instrumented (not matched by --itt-config option): __itt_model_reduction_uses

433838 : 0x1d037b4f8c505 : 2 : ittapi_config_apply_per_lib :  ITTAPI function NOT instrumented (not matched by --itt-config option): __itt_model_observe_uses

433838 : 0x1d037b4f8d4d3 : 2 : ittapi_config_apply_per_lib :  ITTAPI function NOT instrumented (not matched by --itt-config option): __itt_model_clear_uses

433838 : 0x1d037b4f8e4d0 : 2 : ittapi_config_apply_per_lib :  ITTAPI function NOT instrumented (not matched by --itt-config option): __itt_model_site_beginA

433838 : 0x1d037b4f8f474 : 2 : ittapi_config_apply_per_lib :  ITTAPI function NOT instrumented (not matched by --itt-config option): __itt_model_site_beginAL

433838 : 0x1d037b4f90399 : 2 : ittapi_config_apply_per_lib :  ITTAPI function NOT instrumented (not matched by --itt-config option): __itt_model_task_beginA

433838 : 0x1d037b4f91303 : 2 : ittapi_config_apply_per_lib :  ITTAPI function NOT instrumented (not matched by --itt-config option): __itt_model_task_beginAL

433838 : 0x1d037b4f9229b : 2 : ittapi_config_apply_per_lib :  ITTAPI function NOT instrumented (not matched by --itt-config option): __itt_model_iteration_taskA

433838 : 0x1d037b4f931ae : 2 : ittapi_config_apply_per_lib :  ITTAPI function NOT instrumented (not matched by --itt-config option): __itt_model_iteration_taskAL

433838 : 0x1d037b4f9981b : 2 : ittapi_config_apply_per_lib :  ITTAPI function NOT instrumented (not matched by --itt-config option): __itt_model_site_end_2

433838 : 0x1d037b4f9a8f4 : 2 : ittapi_config_apply_per_lib :  ITTAPI function NOT instrumented (not matched by --itt-config option): __itt_model_task_end_2

433838 : 0x1d037b4f9b819 : 2 : ittapi_config_apply_per_lib :  ITTAPI function NOT instrumented (not matched by --itt-config option): __itt_model_lock_acquire_2

433838 : 0x1d037b4f9c79b : 2 : ittapi_config_apply_per_lib :  ITTAPI function NOT instrumented (not matched by --itt-config option): __itt_model_lock_release_2

433838 : 0x1d037b4f9d6f4 : 2 : ittapi_config_apply_per_lib :  ITTAPI function NOT instrumented (not matched by --itt-config option): __itt_model_aggregate_task

433838 : 0x1d037b4f9e674 : 2 : ittapi_config_apply_per_lib :  ITTAPI function NOT instrumented (not matched by --itt-config option): __itt_model_disable_push

433838 : 0x1d037b4f9f589 : 2 : ittapi_config_apply_per_lib :  ITTAPI function NOT instrumented (not matched by --itt-config option): __itt_model_disable_pop

433838 : 0x1d037b4fa0980 : 2 : ittapi_config_apply_per_lib :  ITTAPI function instrumented: __itt_heap_function_create
433838 : 0x1d037b4fa1c52 : 2 : ittapi_config_apply_per_lib :  ITTAPI function instrumented: __itt_heap_allocate_begin
433838 : 0x1d037b4fa2dea : 2 : ittapi_config_apply_per_lib :  ITTAPI function instrumented: __itt_heap_allocate_end
433838 : 0x1d037b4fac0e3 : 2 : ittapi_config_apply_per_lib :  ITTAPI function instrumented: __itt_heap_free_begin
433838 : 0x1d037b4fad49e : 2 : ittapi_config_apply_per_lib :  ITTAPI function instrumented: __itt_heap_free_end
433838 : 0x1d037b4fae6f2 : 2 : ittapi_config_apply_per_lib :  ITTAPI function instrumented: __itt_heap_reallocate_begin
433838 : 0x1d037b4faf835 : 2 : ittapi_config_apply_per_lib :  ITTAPI function instrumented: __itt_heap_reallocate_end
433838 : 0x1d037b4fb0cff : 2 : ittapi_config_apply_per_lib :  ITTAPI function not implemented: __itt_heap_internal_access_begin
433838 : 0x1d037b4fb20bb : 2 : ittapi_config_apply_per_lib :  ITTAPI function not implemented: __itt_heap_internal_access_end
433838 : 0x1d037b4fb347b : 2 : ittapi_config_apply_per_lib :  ITTAPI function not implemented: __itt_heap_record_memory_growth_begin
433838 : 0x1d037b4fb484d : 2 : ittapi_config_apply_per_lib :  ITTAPI function not implemented: __itt_heap_record_memory_growth_end
433838 : 0x1d037b4fb5cae : 2 : ittapi_config_apply_per_lib :  ITTAPI function not implemented: __itt_heap_reset_detection
433838 : 0x1d037b4fb70f9 : 2 : ittapi_config_apply_per_lib :  ITTAPI function not implemented: __itt_heap_record
433838 : 0x1d037b4fbdf46 : 2 : ittapi_config_apply_per_lib :  ITTAPI function not implemented: __itt_id_create
433838 : 0x1d037b4fbf48d : 2 : ittapi_config_apply_per_lib :  ITTAPI function not implemented: __itt_id_destroy
433838 : 0x1d037b4fc0745 : 2 : ittapi_config_apply_per_lib :  ITTAPI function instrumented: __itt_get_timestamp
433838 : 0x1d037b4fc1a11 : 2 : ittapi_config_apply_per_lib :  ITTAPI function not implemented: __itt_region_begin
433838 : 0x1d037b4fc2d12 : 2 : ittapi_config_apply_per_lib :  ITTAPI function not implemented: __itt_region_end
433838 : 0x1d037b4fc4008 : 2 : ittapi_config_apply_per_lib :  ITTAPI function instrumented: __itt_frame_begin_v3
433838 : 0x1d037b4fc5317 : 2 : ittapi_config_apply_per_lib :  ITTAPI function instrumented: __itt_frame_end_v3
433838 : 0x1d037b4fc6578 : 2 : ittapi_config_apply_per_lib :  ITTAPI function instrumented: __itt_frame_submit_v3
433838 : 0x1d037b4fc793a : 2 : ittapi_config_apply_per_lib :  ITTAPI function not implemented: __itt_task_group
433838 : 0x1d037b4fc8c16 : 2 : ittapi_config_apply_per_lib :  ITTAPI function instrumented: __itt_task_begin
433838 : 0x1d037b4fcf785 : 2 : ittapi_config_apply_per_lib :  ITTAPI function instrumented: __itt_task_begin_fn
433838 : 0x1d037b4fd0b7e : 2 : ittapi_config_apply_per_lib :  ITTAPI function instrumented: __itt_task_end
433838 : 0x1d037b4fd1fc1 : 2 : ittapi_config_apply_per_lib :  ITTAPI function not implemented: __itt_counter_inc_v3
433838 : 0x1d037b4fd55c1 : 2 : ittapi_config_apply_per_lib :  ITTAPI function not implemented: __itt_counter_inc_delta_v3
433838 : 0x1d037b4fd6a16 : 2 : ittapi_config_apply_per_lib :  ITTAPI function not implemented: __itt_counter_dec_v3
433838 : 0x1d037b4fd7d7f : 2 : ittapi_config_apply_per_lib :  ITTAPI function not implemented: __itt_counter_dec_delta_v3
433838 : 0x1d037b4fd92d0 : 2 : ittapi_config_apply_per_lib :  ITTAPI function not implemented: __itt_marker
433838 : 0x1d037b4fda527 : 2 : ittapi_config_apply_per_lib :  ITTAPI function instrumented: __itt_metadata_add
433838 : 0x1d037b4fdb9d7 : 2 : ittapi_config_apply_per_lib :  ITTAPI function not implemented: __itt_metadata_str_add
433838 : 0x1d037b4fdccad : 2 : ittapi_config_apply_per_lib :  ITTAPI function not implemented: __itt_relation_add_to_current
433838 : 0x1d037b4fe3a81 : 2 : ittapi_config_apply_per_lib :  ITTAPI function not implemented: __itt_relation_add
433838 : 0x1d037b4fe4dec : 2 : ittapi_config_apply_per_lib :  ITTAPI function instrumented: __itt_event_create
433838 : 0x1d037b4fe60ae : 2 : ittapi_config_apply_per_lib :  ITTAPI function instrumented: __itt_event_start
433838 : 0x1d037b4fe7334 : 2 : ittapi_config_apply_per_lib :  ITTAPI function instrumented: __itt_event_end
433838 : 0x1d037b4fe82e8 : 2 : ittapi_config_apply_per_lib :  ITTAPI function NOT instrumented (not matched by --itt-config option): __itt_sync_set_name

433838 : 0x1d037b4fe9523 : 2 : ittapi_config_apply_per_lib :  ITTAPI function NOT instrumented (not matched by --itt-config option): __itt_notify_sync_name

433838 : 0x1d037b4fea5ad : 2 : ittapi_config_apply_per_lib :  ITTAPI function NOT instrumented (not matched by --itt-config option): __itt_notify_sync_prepare

433838 : 0x1d037b4feb553 : 2 : ittapi_config_apply_per_lib :  ITTAPI function NOT instrumented (not matched by --itt-config option): __itt_notify_sync_cancel

433838 : 0x1d037b4fec48b : 2 : ittapi_config_apply_per_lib :  ITTAPI function NOT instrumented (not matched by --itt-config option): __itt_notify_sync_acquired

433838 : 0x1d037b4fed3e2 : 2 : ittapi_config_apply_per_lib :  ITTAPI function NOT instrumented (not matched by --itt-config option): __itt_notify_sync_releasing

433838 : 0x1d037b4ff6314 : 2 : ittapi_config_apply_per_lib :  ITTAPI function not implemented: __itt_memory_read
433838 : 0x1d037b4ff7857 : 2 : ittapi_config_apply_per_lib :  ITTAPI function not implemented: __itt_memory_write
433838 : 0x1d037b4ff8b21 : 2 : ittapi_config_apply_per_lib :  ITTAPI function not implemented: __itt_memory_update
433838 : 0x1d037b4ff9faa : 2 : ittapi_config_apply_per_lib :  ITTAPI function not implemented: __itt_state_get
433838 : 0x1d037b4ffb24e : 2 : ittapi_config_apply_per_lib :  ITTAPI function not implemented: __itt_state_set
433838 : 0x1d037b4ffc557 : 2 : ittapi_config_apply_per_lib :  ITTAPI function not implemented: __itt_obj_mode_set
433838 : 0x1d037b4ffd894 : 2 : ittapi_config_apply_per_lib :  ITTAPI function not implemented: __itt_thr_mode_set
433838 : 0x1d037b4ffea4e : 2 : ittapi_config_apply_per_lib :  ITTAPI function instrumented: __itt_frame_create
433838 : 0x1d037b4fffbdc : 2 : ittapi_config_apply_per_lib :  ITTAPI function instrumented: __itt_pt_region_create
433838 : 0x1d037b5000e47 : 2 : ittapi_config_apply_per_lib :  ITTAPI function instrumented: __itt_frame_begin
433838 : 0x1d037b50078da : 2 : ittapi_config_apply_per_lib :  ITTAPI function instrumented: __itt_frame_end
433838 : 0x1d037b5008e6c : 2 : ittapi_config_apply_per_lib :  ITTAPI function not implemented: __itt_counter_destroy
433838 : 0x1d037b500a0fc : 2 : ittapi_config_apply_per_lib :  ITTAPI function instrumented: __itt_counter_inc
433838 : 0x1d037b500b42b : 2 : ittapi_config_apply_per_lib :  ITTAPI function instrumented: __itt_counter_inc_delta
433838 : 0x1d037b500c607 : 2 : ittapi_config_apply_per_lib :  ITTAPI function instrumented: __itt_counter_dec
433838 : 0x1d037b500d870 : 2 : ittapi_config_apply_per_lib :  ITTAPI function instrumented: __itt_counter_dec_delta
433838 : 0x1d037b500ea08 : 2 : ittapi_config_apply_per_lib :  ITTAPI function instrumented: __itt_counter_set_value
433838 : 0x1d037b500fdac : 2 : ittapi_config_apply_per_lib :  ITTAPI function not implemented: __itt_counter_set_value_ex
433838 : 0x1d037b5011013 : 2 : ittapi_config_apply_per_lib :  ITTAPI function not implemented: __itt_mark_create
433838 : 0x1d037b501237f : 2 : ittapi_config_apply_per_lib :  ITTAPI function not implemented: __itt_mark
433838 : 0x1d037b5018e18 : 2 : ittapi_config_apply_per_lib :  ITTAPI function not implemented: __itt_mark_off
433838 : 0x1d037b501a208 : 2 : ittapi_config_apply_per_lib :  ITTAPI function not implemented: __itt_mark_global
433838 : 0x1d037b501b4e5 : 2 : ittapi_config_apply_per_lib :  ITTAPI function not implemented: __itt_mark_global_off
433838 : 0x1d037b501c556 : 2 : ittapi_config_apply_per_lib :  ITTAPI function NOT instrumented (not matched by --itt-config option): __itt_stack_caller_create

433838 : 0x1d037b501d590 : 2 : ittapi_config_apply_per_lib :  ITTAPI function NOT instrumented (not matched by --itt-config option): __itt_stack_caller_destroy

433838 : 0x1d037b501e5a1 : 2 : ittapi_config_apply_per_lib :  ITTAPI function NOT instrumented (not matched by --itt-config option): __itt_stack_callee_enter

433838 : 0x1d037b501f50a : 2 : ittapi_config_apply_per_lib :  ITTAPI function NOT instrumented (not matched by --itt-config option): __itt_stack_callee_leave

433838 : 0x1d037b5020853 : 2 : ittapi_config_apply_per_lib :  ITTAPI function not implemented: __itt_clock_domain_create
433838 : 0x1d037b5021c40 : 2 : ittapi_config_apply_per_lib :  ITTAPI function not implemented: __itt_clock_domain_reset
433838 : 0x1d037b5022f38 : 2 : ittapi_config_apply_per_lib :  ITTAPI function not implemented: __itt_id_create_ex
433838 : 0x1d037b502dae9 : 2 : ittapi_config_apply_per_lib :  ITTAPI function not implemented: __itt_id_destroy_ex
433838 : 0x1d037b502f11f : 2 : ittapi_config_apply_per_lib :  ITTAPI function not implemented: __itt_task_begin_ex
433838 : 0x1d037b503042e : 2 : ittapi_config_apply_per_lib :  ITTAPI function not implemented: __itt_task_begin_fn_ex
433838 : 0x1d037b50332d8 : 2 : ittapi_config_apply_per_lib :  ITTAPI function not implemented: __itt_task_end_ex
433838 : 0x1d037b5034586 : 2 : ittapi_config_apply_per_lib :  ITTAPI function instrumented: __itt_task_begin_overlapped
433838 : 0x1d037b50358e3 : 2 : ittapi_config_apply_per_lib :  ITTAPI function not implemented: __itt_task_begin_overlapped_ex
433838 : 0x1d037b5036bb5 : 2 : ittapi_config_apply_per_lib :  ITTAPI function instrumented: __itt_task_end_overlapped
433838 : 0x1d037b5037eee : 2 : ittapi_config_apply_per_lib :  ITTAPI function not implemented: __itt_task_end_overlapped_ex
433838 : 0x1d037b5042806 : 2 : ittapi_config_apply_per_lib :  ITTAPI function not implemented: __itt_marker_ex
433838 : 0x1d037b5043d45 : 2 : ittapi_config_apply_per_lib :  ITTAPI function not implemented: __itt_metadata_add_with_scope
433838 : 0x1d037b505c064 : 2 : ittapi_config_apply_per_lib :  ITTAPI function not implemented: __itt_metadata_str_add_with_scope
433838 : 0x1d037b505d6a3 : 2 : ittapi_config_apply_per_lib :  ITTAPI function not implemented: __itt_relation_add_to_current_ex
433838 : 0x1d037b505eafa : 2 : ittapi_config_apply_per_lib :  ITTAPI function not implemented: __itt_relation_add_ex
433838 : 0x1d037b505ffde : 2 : ittapi_config_apply_per_lib :  ITTAPI function not implemented: __itt_track_group_create
433838 : 0x1d037b50612b2 : 2 : ittapi_config_apply_per_lib :  ITTAPI function not implemented: __itt_track_create
433838 : 0x1d037b506d5f2 : 2 : ittapi_config_apply_per_lib :  ITTAPI function not implemented: __itt_set_track
433838 : 0x1d037b506eab0 : 2 : ittapi_config_apply_per_lib :  ITTAPI function instrumented: __itt_api_version
433838 : 0x1d037b506fef3 : 2 : ittapi_config_apply_per_lib :  ITTAPI function not implemented: __itt_av_save
433838 : 0x1d037b50712af : 2 : ittapi_config_apply_per_lib :  ITTAPI function instrumented: __itt_module_load
433838 : 0x1d037b507276d : 2 : ittapi_config_apply_per_lib :  ITTAPI function not implemented: __itt_module_unload
433838 : 0x1d037b5082e21 : 2 : ittapi_config_apply_per_lib :  ITTAPI function NOT instrumented (not matched by --itt-config option): __itt_histogram_submit

433838 : 0x1d037b51edcdd : 2 : ittapi_config_mask_get :  --itt-config mask to be applied: 39
433838 : 0x1d037b51efd19 : 2 : ittapi_config_apply_per_lib :  ITTAPI function instrumented: __itt_domain_create
433838 : 0x1d037b51f1428 : 2 : ittapi_config_apply_per_lib :  ITTAPI function instrumented: __itt_module_load_with_sections
433838 : 0x1d037b51f2b22 : 2 : ittapi_config_apply_per_lib :  ITTAPI function not implemented: __itt_module_unload_with_sections
433838 : 0x1d037b51f3e94 : 2 : ittapi_config_apply_per_lib :  ITTAPI function instrumented: __itt_string_handle_create
433838 : 0x1d037b51f506a : 2 : ittapi_config_apply_per_lib :  ITTAPI function instrumented: __itt_counter_create
433838 : 0x1d037b51f621a : 2 : ittapi_config_apply_per_lib :  ITTAPI function instrumented: __itt_counter_create_typed
433838 : 0x1d037b51f74c2 : 2 : ittapi_config_apply_per_lib :  ITTAPI function instrumented: __itt_pause
433838 : 0x1d037b51f8770 : 2 : ittapi_config_apply_per_lib :  ITTAPI function instrumented: __itt_resume
433838 : 0x1d037b5203a7a : 2 : ittapi_config_apply_per_lib :  ITTAPI function instrumented: __itt_thread_set_name
433838 : 0x1d037b5204eea : 2 : ittapi_config_apply_per_lib :  ITTAPI function instrumented: __itt_thread_ignore
433838 : 0x1d037b52062e6 : 2 : ittapi_config_apply_per_lib :  ITTAPI function instrumented: __itt_thr_name_set
433838 : 0x1d037b5207562 : 2 : ittapi_config_apply_per_lib :  ITTAPI function instrumented: __itt_thr_ignore
433838 : 0x1d037b5208ad7 : 2 : ittapi_config_apply_per_lib :  ITTAPI function not implemented: __itt_enable_attach
433838 : 0x1d037b5209d10 : 2 : ittapi_config_apply_per_lib :  ITTAPI function instrumented: __itt_detach
433838 : 0x1d037b520adbc : 2 : ittapi_config_apply_per_lib :  ITTAPI function NOT instrumented (not matched by --itt-config option): __itt_sync_create

433838 : 0x1d037b520be68 : 2 : ittapi_config_apply_per_lib :  ITTAPI function NOT instrumented (not matched by --itt-config option): __itt_sync_rename

433838 : 0x1d037b520ce0c : 2 : ittapi_config_apply_per_lib :  ITTAPI function NOT instrumented (not matched by --itt-config option): __itt_sync_destroy

433838 : 0x1d037b520de52 : 2 : ittapi_config_apply_per_lib :  ITTAPI function NOT instrumented (not matched by --itt-config option): __itt_sync_prepare

433838 : 0x1d037b5217fbe : 2 : ittapi_config_apply_per_lib :  ITTAPI function NOT instrumented (not matched by --itt-config option): __itt_sync_cancel

433838 : 0x1d037b52191ad : 2 : ittapi_config_apply_per_lib :  ITTAPI function NOT instrumented (not matched by --itt-config option): __itt_sync_acquired

433838 : 0x1d037b521a11b : 2 : ittapi_config_apply_per_lib :  ITTAPI function NOT instrumented (not matched by --itt-config option): __itt_sync_releasing

433838 : 0x1d037b521b715 : 2 : ittapi_config_apply_per_lib :  ITTAPI function not implemented: __itt_suppress_push
433838 : 0x1d037b521cbf1 : 2 : ittapi_config_apply_per_lib :  ITTAPI function not implemented: __itt_suppress_pop
433838 : 0x1d037b521def8 : 2 : ittapi_config_apply_per_lib :  ITTAPI function not implemented: __itt_suppress_mark_range
433838 : 0x1d037b521f2bc : 2 : ittapi_config_apply_per_lib :  ITTAPI function not implemented: __itt_suppress_clear_range
433838 : 0x1d037b52202bb : 2 : ittapi_config_apply_per_lib :  ITTAPI function NOT instrumented (not matched by --itt-config option): __itt_sync_prepare

433838 : 0x1d037b522122e : 2 : ittapi_config_apply_per_lib :  ITTAPI function NOT instrumented (not matched by --itt-config option): __itt_sync_cancel

433838 : 0x1d037b5222170 : 2 : ittapi_config_apply_per_lib :  ITTAPI function NOT instrumented (not matched by --itt-config option): __itt_sync_acquired

433838 : 0x1d037b52289a0 : 2 : ittapi_config_apply_per_lib :  ITTAPI function NOT instrumented (not matched by --itt-config option): __itt_sync_releasing

433838 : 0x1d037b5229b3c : 2 : ittapi_config_apply_per_lib :  ITTAPI function NOT instrumented (not matched by --itt-config option): __itt_model_site_begin

433838 : 0x1d037b522ab83 : 2 : ittapi_config_apply_per_lib :  ITTAPI function NOT instrumented (not matched by --itt-config option): __itt_model_site_end

433838 : 0x1d037b522bb11 : 2 : ittapi_config_apply_per_lib :  ITTAPI function NOT instrumented (not matched by --itt-config option): __itt_model_task_begin

433838 : 0x1d037b522ca93 : 2 : ittapi_config_apply_per_lib :  ITTAPI function NOT instrumented (not matched by --itt-config option): __itt_model_task_end

433838 : 0x1d037b522d9fb : 2 : ittapi_config_apply_per_lib :  ITTAPI function NOT instrumented (not matched by --itt-config option): __itt_model_lock_acquire

433838 : 0x1d037b522ea20 : 2 : ittapi_config_apply_per_lib :  ITTAPI function NOT instrumented (not matched by --itt-config option): __itt_model_lock_release

433838 : 0x1d037b522f98a : 2 : ittapi_config_apply_per_lib :  ITTAPI function NOT instrumented (not matched by --itt-config option): __itt_model_record_allocation

433838 : 0x1d037b52308d1 : 2 : ittapi_config_apply_per_lib :  ITTAPI function NOT instrumented (not matched by --itt-config option): __itt_model_record_deallocation

433838 : 0x1d037b523180a : 2 : ittapi_config_apply_per_lib :  ITTAPI function NOT instrumented (not matched by --itt-config option): __itt_model_induction_uses

433838 : 0x1d037b523a36b : 2 : ittapi_config_apply_per_lib :  ITTAPI function NOT instrumented (not matched by --itt-config option): __itt_model_reduction_uses

433838 : 0x1d037b523b555 : 2 : ittapi_config_apply_per_lib :  ITTAPI function NOT instrumented (not matched by --itt-config option): __itt_model_observe_uses

433838 : 0x1d037b523c50f : 2 : ittapi_config_apply_per_lib :  ITTAPI function NOT instrumented (not matched by --itt-config option): __itt_model_clear_uses

433838 : 0x1d037b523d4ec : 2 : ittapi_config_apply_per_lib :  ITTAPI function NOT instrumented (not matched by --itt-config option): __itt_model_site_beginA

433838 : 0x1d037b523e46a : 2 : ittapi_config_apply_per_lib :  ITTAPI function NOT instrumented (not matched by --itt-config option): __itt_model_site_beginAL

433838 : 0x1d037b523f3d9 : 2 : ittapi_config_apply_per_lib :  ITTAPI function NOT instrumented (not matched by --itt-config option): __itt_model_task_beginA

433838 : 0x1d037b5240353 : 2 : ittapi_config_apply_per_lib :  ITTAPI function NOT instrumented (not matched by --itt-config option): __itt_model_task_beginAL

433838 : 0x1d037b52412bb : 2 : ittapi_config_apply_per_lib :  ITTAPI function NOT instrumented (not matched by --itt-config option): __itt_model_iteration_taskA

433838 : 0x1d037b52421da : 2 : ittapi_config_apply_per_lib :  ITTAPI function NOT instrumented (not matched by --itt-config option): __itt_model_iteration_taskAL

433838 : 0x1d037b52430fb : 2 : ittapi_config_apply_per_lib :  ITTAPI function NOT instrumented (not matched by --itt-config option): __itt_model_site_end_2

433838 : 0x1d037b524b5c5 : 2 : ittapi_config_apply_per_lib :  ITTAPI function NOT instrumented (not matched by --itt-config option): __itt_model_task_end_2

433838 : 0x1d037b524c64b : 2 : ittapi_config_apply_per_lib :  ITTAPI function NOT instrumented (not matched by --itt-config option): __itt_model_lock_acquire_2

433838 : 0x1d037b524d5f1 : 2 : ittapi_config_apply_per_lib :  ITTAPI function NOT instrumented (not matched by --itt-config option): __itt_model_lock_release_2

433838 : 0x1d037b524e558 : 2 : ittapi_config_apply_per_lib :  ITTAPI function NOT instrumented (not matched by --itt-config option): __itt_model_aggregate_task

433838 : 0x1d037b524f4fa : 2 : ittapi_config_apply_per_lib :  ITTAPI function NOT instrumented (not matched by --itt-config option): __itt_model_disable_push

433838 : 0x1d037b5250409 : 2 : ittapi_config_apply_per_lib :  ITTAPI function NOT instrumented (not matched by --itt-config option): __itt_model_disable_pop

433838 : 0x1d037b52517cb : 2 : ittapi_config_apply_per_lib :  ITTAPI function instrumented: __itt_heap_function_create
433838 : 0x1d037b5252b04 : 2 : ittapi_config_apply_per_lib :  ITTAPI function instrumented: __itt_heap_allocate_begin
433838 : 0x1d037b5253c9e : 2 : ittapi_config_apply_per_lib :  ITTAPI function instrumented: __itt_heap_allocate_end
433838 : 0x1d037b5254ec3 : 2 : ittapi_config_apply_per_lib :  ITTAPI function instrumented: __itt_heap_free_begin
433838 : 0x1d037b525b640 : 2 : ittapi_config_apply_per_lib :  ITTAPI function instrumented: __itt_heap_free_end
433838 : 0x1d037b525c947 : 2 : ittapi_config_apply_per_lib :  ITTAPI function instrumented: __itt_heap_reallocate_begin
433838 : 0x1d037b525dab1 : 2 : ittapi_config_apply_per_lib :  ITTAPI function instrumented: __itt_heap_reallocate_end
433838 : 0x1d037b525efb3 : 2 : ittapi_config_apply_per_lib :  ITTAPI function not implemented: __itt_heap_internal_access_begin
433838 : 0x1d037b5260324 : 2 : ittapi_config_apply_per_lib :  ITTAPI function not implemented: __itt_heap_internal_access_end
433838 : 0x1d037b5261670 : 2 : ittapi_config_apply_per_lib :  ITTAPI function not implemented: __itt_heap_record_memory_growth_begin
433838 : 0x1d037b5262a19 : 2 : ittapi_config_apply_per_lib :  ITTAPI function not implemented: __itt_heap_record_memory_growth_end
433838 : 0x1d037b5263d42 : 2 : ittapi_config_apply_per_lib :  ITTAPI function not implemented: __itt_heap_reset_detection
433838 : 0x1d037b5265149 : 2 : ittapi_config_apply_per_lib :  ITTAPI function not implemented: __itt_heap_record
433838 : 0x1d037b52663f3 : 2 : ittapi_config_apply_per_lib :  ITTAPI function not implemented: __itt_id_create
433838 : 0x1d037b526f38f : 2 : ittapi_config_apply_per_lib :  ITTAPI function not implemented: __itt_id_destroy
433838 : 0x1d037b5270847 : 2 : ittapi_config_apply_per_lib :  ITTAPI function instrumented: __itt_get_timestamp
433838 : 0x1d037b5271b3c : 2 : ittapi_config_apply_per_lib :  ITTAPI function not implemented: __itt_region_begin
433838 : 0x1d037b5272e26 : 2 : ittapi_config_apply_per_lib :  ITTAPI function not implemented: __itt_region_end
433838 : 0x1d037b52740b0 : 2 : ittapi_config_apply_per_lib :  ITTAPI function instrumented: __itt_frame_begin_v3
433838 : 0x1d037b52753b0 : 2 : ittapi_config_apply_per_lib :  ITTAPI function instrumented: __itt_frame_end_v3
433838 : 0x1d037b52766a1 : 2 : ittapi_config_apply_per_lib :  ITTAPI function instrumented: __itt_frame_submit_v3
433838 : 0x1d037b52779ee : 2 : ittapi_config_apply_per_lib :  ITTAPI function not implemented: __itt_task_group
433838 : 0x1d037b5278cce : 2 : ittapi_config_apply_per_lib :  ITTAPI function instrumented: __itt_task_begin
433838 : 0x1d037b5279f42 : 2 : ittapi_config_apply_per_lib :  ITTAPI function instrumented: __itt_task_begin_fn
433838 : 0x1d037b5280a6a : 2 : ittapi_config_apply_per_lib :  ITTAPI function instrumented: __itt_task_end
433838 : 0x1d037b5281ee9 : 2 : ittapi_config_apply_per_lib :  ITTAPI function not implemented: __itt_counter_inc_v3
433838 : 0x1d037b528345f : 2 : ittapi_config_apply_per_lib :  ITTAPI function not implemented: __itt_counter_inc_delta_v3
433838 : 0x1d037b52847a0 : 2 : ittapi_config_apply_per_lib :  ITTAPI function not implemented: __itt_counter_dec_v3
433838 : 0x1d037b5285aed : 2 : ittapi_config_apply_per_lib :  ITTAPI function not implemented: __itt_counter_dec_delta_v3
433838 : 0x1d037b5286e1c : 2 : ittapi_config_apply_per_lib :  ITTAPI function not implemented: __itt_marker
433838 : 0x1d037b5288116 : 2 : ittapi_config_apply_per_lib :  ITTAPI function instrumented: __itt_metadata_add
433838 : 0x1d037b5289569 : 2 : ittapi_config_apply_per_lib :  ITTAPI function not implemented: __itt_metadata_str_add
433838 : 0x1d037b528a807 : 2 : ittapi_config_apply_per_lib :  ITTAPI function not implemented: __itt_relation_add_to_current
433838 : 0x1d037b528ba93 : 2 : ittapi_config_apply_per_lib :  ITTAPI function not implemented: __itt_relation_add
433838 : 0x1d037b5293041 : 2 : ittapi_config_apply_per_lib :  ITTAPI function instrumented: __itt_event_create
433838 : 0x1d037b52944c5 : 2 : ittapi_config_apply_per_lib :  ITTAPI function instrumented: __itt_event_start
433838 : 0x1d037b529570c : 2 : ittapi_config_apply_per_lib :  ITTAPI function instrumented: __itt_event_end
433838 : 0x1d037b529669a : 2 : ittapi_config_apply_per_lib :  ITTAPI function NOT instrumented (not matched by --itt-config option): __itt_sync_set_name

433838 : 0x1d037b5297722 : 2 : ittapi_config_apply_per_lib :  ITTAPI function NOT instrumented (not matched by --itt-config option): __itt_notify_sync_name

433838 : 0x1d037b52986c8 : 2 : ittapi_config_apply_per_lib :  ITTAPI function NOT instrumented (not matched by --itt-config option): __itt_notify_sync_prepare

433838 : 0x1d037b5299662 : 2 : ittapi_config_apply_per_lib :  ITTAPI function NOT instrumented (not matched by --itt-config option): __itt_notify_sync_cancel

433838 : 0x1d037b529a599 : 2 : ittapi_config_apply_per_lib :  ITTAPI function NOT instrumented (not matched by --itt-config option): __itt_notify_sync_acquired

433838 : 0x1d037b529b4eb : 2 : ittapi_config_apply_per_lib :  ITTAPI function NOT instrumented (not matched by --itt-config option): __itt_notify_sync_releasing

433838 : 0x1d037b529c88f : 2 : ittapi_config_apply_per_lib :  ITTAPI function not implemented: __itt_memory_read
433838 : 0x1d037b52a5747 : 2 : ittapi_config_apply_per_lib :  ITTAPI function not implemented: __itt_memory_write
433838 : 0x1d037b52a6c88 : 2 : ittapi_config_apply_per_lib :  ITTAPI function not implemented: __itt_memory_update
433838 : 0x1d037b52a80cb : 2 : ittapi_config_apply_per_lib :  ITTAPI function not implemented: __itt_state_get
433838 : 0x1d037b52a938b : 2 : ittapi_config_apply_per_lib :  ITTAPI function not implemented: __itt_state_set
433838 : 0x1d037b52aa6d6 : 2 : ittapi_config_apply_per_lib :  ITTAPI function not implemented: __itt_obj_mode_set
433838 : 0x1d037b52ab9d1 : 2 : ittapi_config_apply_per_lib :  ITTAPI function not implemented: __itt_thr_mode_set
433838 : 0x1d037b52acb5b : 2 : ittapi_config_apply_per_lib :  ITTAPI function instrumented: __itt_frame_create
433838 : 0x1d037b52adcf5 : 2 : ittapi_config_apply_per_lib :  ITTAPI function instrumented: __itt_pt_region_create
433838 : 0x1d037b52aeec5 : 2 : ittapi_config_apply_per_lib :  ITTAPI function instrumented: __itt_frame_begin
433838 : 0x1d037b52b011a : 2 : ittapi_config_apply_per_lib :  ITTAPI function instrumented: __itt_frame_end
433838 : 0x1d037b52b9794 : 2 : ittapi_config_apply_per_lib :  ITTAPI function not implemented: __itt_counter_destroy
433838 : 0x1d037b52bacd5 : 2 : ittapi_config_apply_per_lib :  ITTAPI function instrumented: __itt_counter_inc
433838 : 0x1d037b52bbf30 : 2 : ittapi_config_apply_per_lib :  ITTAPI function instrumented: __itt_counter_inc_delta
433838 : 0x1d037b52bd0e4 : 2 : ittapi_config_apply_per_lib :  ITTAPI function instrumented: __itt_counter_dec
433838 : 0x1d037b52be3e9 : 2 : ittapi_config_apply_per_lib :  ITTAPI function instrumented: __itt_counter_dec_delta
433838 : 0x1d037b52bf60c : 2 : ittapi_config_apply_per_lib :  ITTAPI function instrumented: __itt_counter_set_value
433838 : 0x1d037b52c08ec : 2 : ittapi_config_apply_per_lib :  ITTAPI function not implemented: __itt_counter_set_value_ex
433838 : 0x1d037b52c1b5c : 2 : ittapi_config_apply_per_lib :  ITTAPI function not implemented: __itt_mark_create
433838 : 0x1d037b52c2ee7 : 2 : ittapi_config_apply_per_lib :  ITTAPI function not implemented: __itt_mark
433838 : 0x1d037b52c436b : 2 : ittapi_config_apply_per_lib :  ITTAPI function not implemented: __itt_mark_off
433838 : 0x1d037b52cafaf : 2 : ittapi_config_apply_per_lib :  ITTAPI function not implemented: __itt_mark_global
433838 : 0x1d037b52cc3a7 : 2 : ittapi_config_apply_per_lib :  ITTAPI function not implemented: __itt_mark_global_off
433838 : 0x1d037b52cd41d : 2 : ittapi_config_apply_per_lib :  ITTAPI function NOT instrumented (not matched by --itt-config option): __itt_stack_caller_create

433838 : 0x1d037b52ce493 : 2 : ittapi_config_apply_per_lib :  ITTAPI function NOT instrumented (not matched by --itt-config option): __itt_stack_caller_destroy

433838 : 0x1d037b52cf494 : 2 : ittapi_config_apply_per_lib :  ITTAPI function NOT instrumented (not matched by --itt-config option): __itt_stack_callee_enter

433838 : 0x1d037b52d03ef : 2 : ittapi_config_apply_per_lib :  ITTAPI function NOT instrumented (not matched by --itt-config option): __itt_stack_callee_leave

433838 : 0x1d037b52d17de : 2 : ittapi_config_apply_per_lib :  ITTAPI function not implemented: __itt_clock_domain_create
433838 : 0x1d037b52d2be8 : 2 : ittapi_config_apply_per_lib :  ITTAPI function not implemented: __itt_clock_domain_reset
433838 : 0x1d037b52d3e76 : 2 : ittapi_config_apply_per_lib :  ITTAPI function not implemented: __itt_id_create_ex
433838 : 0x1d037b52d5174 : 2 : ittapi_config_apply_per_lib :  ITTAPI function not implemented: __itt_id_destroy_ex
433838 : 0x1d037b52dbad1 : 2 : ittapi_config_apply_per_lib :  ITTAPI function not implemented: __itt_task_begin_ex
433838 : 0x1d037b52dce93 : 2 : ittapi_config_apply_per_lib :  ITTAPI function not implemented: __itt_task_begin_fn_ex
433838 : 0x1d037b52de1f0 : 2 : ittapi_config_apply_per_lib :  ITTAPI function not implemented: __itt_task_end_ex
433838 : 0x1d037b52df4d7 : 2 : ittapi_config_apply_per_lib :  ITTAPI function instrumented: __itt_task_begin_overlapped
433838 : 0x1d037b52e07d9 : 2 : ittapi_config_apply_per_lib :  ITTAPI function not implemented: __itt_task_begin_overlapped_ex
433838 : 0x1d037b52e19e8 : 2 : ittapi_config_apply_per_lib :  ITTAPI function instrumented: __itt_task_end_overlapped
433838 : 0x1d037b52e2d41 : 2 : ittapi_config_apply_per_lib :  ITTAPI function not implemented: __itt_task_end_overlapped_ex
433838 : 0x1d037b52e3fd9 : 2 : ittapi_config_apply_per_lib :  ITTAPI function not implemented: __itt_marker_ex
433838 : 0x1d037b52e5357 : 2 : ittapi_config_apply_per_lib :  ITTAPI function not implemented: __itt_metadata_add_with_scope
433838 : 0x1d037b52e67d6 : 2 : ittapi_config_apply_per_lib :  ITTAPI function not implemented: __itt_metadata_str_add_with_scope
433838 : 0x1d037b52ef97f : 2 : ittapi_config_apply_per_lib :  ITTAPI function not implemented: __itt_relation_add_to_current_ex
433838 : 0x1d037b52f0e0c : 2 : ittapi_config_apply_per_lib :  ITTAPI function not implemented: __itt_relation_add_ex
433838 : 0x1d037b52f221f : 2 : ittapi_config_apply_per_lib :  ITTAPI function not implemented: __itt_track_group_create
433838 : 0x1d037b52f3401 : 2 : ittapi_config_apply_per_lib :  ITTAPI function not implemented: __itt_track_create
433838 : 0x1d037b52f474e : 2 : ittapi_config_apply_per_lib :  ITTAPI function not implemented: __itt_set_track
433838 : 0x1d037b52f5a73 : 2 : ittapi_config_apply_per_lib :  ITTAPI function instrumented: __itt_api_version
433838 : 0x1d037b52f6da2 : 2 : ittapi_config_apply_per_lib :  ITTAPI function not implemented: __itt_av_save
433838 : 0x1d037b52f80a1 : 2 : ittapi_config_apply_per_lib :  ITTAPI function instrumented: __itt_module_load
433838 : 0x1d037b52f93d0 : 2 : ittapi_config_apply_per_lib :  ITTAPI function not implemented: __itt_module_unload