threads_spec: cpu
Using CPUID GenuineIntel-6-5E-3
DEBUGINFOD_URLS=
Compression enabled, disabling build id collection at the end of the session.
nr_threads: 4
thread_masks[0]: 0x5649ca3032e0: maps mask[4]: 0
thread_masks[0]: 0x5649ca3032f0: affinity mask[4]: 0
thread_masks[1]: 0x5649ca303300: maps mask[4]: 1
thread_masks[1]: 0x5649ca303310: affinity mask[4]: 1
thread_masks[2]: 0x5649ca303320: maps mask[4]: 2
thread_masks[2]: 0x5649ca303330: affinity mask[4]: 2
thread_masks[3]: 0x5649ca303340: maps mask[4]: 3
thread_masks[3]: 0x5649ca303350: affinity mask[4]: 3
nr_cblocks: 0
affinity: SYS
mmap flush: 1
comp level: 1
mmap size 528384B
couldn't open /proc/1/task/1/maps
couldn't open /proc/307/task/307/maps
couldn't open /proc/350/task/350/maps
couldn't open /proc/430/task/430/maps
couldn't open /proc/589/task/589/maps
couldn't open /proc/596/task/596/maps
couldn't open /proc/621/task/621/maps
couldn't open /proc/625/task/625/maps
couldn't open /proc/641/task/641/maps
couldn't open /proc/642/task/642/maps
couldn't open /proc/643/task/643/maps
couldn't open /proc/645/task/645/maps
couldn't open /proc/646/task/646/maps
couldn't open /proc/647/task/647/maps
couldn't open /proc/714/task/714/maps
couldn't open /proc/715/task/715/maps
couldn't open /proc/719/task/719/maps
couldn't open /proc/722/task/722/maps
couldn't open /proc/724/task/724/maps
couldn't open /proc/757/task/757/maps
couldn't open /proc/794/task/794/maps
couldn't open /proc/807/task/807/maps
couldn't open /proc/816/task/816/maps
couldn't open /proc/818/task/818/maps
couldn't open /proc/820/task/820/maps
couldn't open /proc/1113/task/1113/maps
couldn't open /proc/1118/task/1118/maps
couldn't open /proc/1124/task/1124/maps
couldn't open /proc/1136/task/1136/maps
couldn't open /proc/1178/task/1178/maps
couldn't open /proc/1186/task/1186/maps
couldn't open /proc/1190/task/1190/maps
couldn't open /proc/1191/task/1191/maps
couldn't open /proc/1362/task/1362/maps
couldn't open /proc/1567/task/1567/maps
couldn't open /proc/1770/task/1770/maps
couldn't open /proc/2408/task/2408/maps
couldn't open /proc/2460/task/2460/maps
couldn't open /proc/5800/task/5800/maps
couldn't open /proc/366282/task/366282/maps
couldn't open /proc/366299/task/366299/maps
couldn't open /proc/366319/task/366319/maps
couldn't open /proc/366379/task/366379/maps
couldn't open /proc/366514/task/366514/maps
couldn't open /proc/366566/task/366566/maps
couldn't open /proc/368778/task/368778/maps
couldn't open /proc/462002/task/462002/maps
couldn't open /proc/476939/task/476939/maps
threads[477301]: started on cpu1
threads[477302]: started on cpu2
threads[477303]: started on cpu3
threads[477299]: started on cpu0

477300:perf-sync:ready:TSC=521553603089835
[ perf record: Woken up 10 times to write data ]
threads[477299]: samples=8, wakes=3, transferred=787216, compressed=98688
threads[477301]: samples=6, wakes=4, transferred=765728, compressed=92273
threads[477302]: samples=9, wakes=5, transferred=793888, compressed=96422
threads[477303]: samples=7, wakes=4, transferred=776312, compressed=98673
failed to write feature HYBRID_TOPOLOGY
failed to write feature HYBRID_CPU_PMU_CAPS
[ perf record: Captured and wrote 7,197 MB /tmp/amplxe-tmp-le34xoh/amplxe-res-477264-521549296154293/data.0/system-wide.perf, compressed (original 2,978 MB, ratio is 8,090) ]
