
461770 : 0x1d6b12654e013 : 1 : spill_jit_data :  Jit agent is not initialized
461742 : 0x1d6b12656f913 : 2 : ittapi_config_mask_get :  --itt-config mask to be applied: 39
461742 : 0x1d6b126580ace : 2 : ittapi_config_apply_per_lib :  ITTAPI function instrumented: __itt_domain_create
461742 : 0x1d6b126585c08 : 2 : ittapi_config_apply_per_lib :  ITTAPI function instrumented: __itt_module_load_with_sections
461742 : 0x1d6b12658b5cf : 2 : ittapi_config_apply_per_lib :  ITTAPI function not implemented: __itt_module_unload_with_sections
461742 : 0x1d6b126590b1d : 2 : ittapi_config_apply_per_lib :  ITTAPI function instrumented: __itt_string_handle_create
461742 : 0x1d6b1265940dc : 2 : ittapi_config_apply_per_lib :  ITTAPI function instrumented: __itt_counter_create
461742 : 0x1d6b1265976ac : 2 : ittapi_config_apply_per_lib :  ITTAPI function instrumented: __itt_counter_create_typed
461742 : 0x1d6b12659b49b : 2 : ittapi_config_apply_per_lib :  ITTAPI function instrumented: __itt_pause
461742 : 0x1d6b12659ec8b : 2 : ittapi_config_apply_per_lib :  ITTAPI function instrumented: __itt_resume
461742 : 0x1d6b126608d2b : 2 : ittapi_config_apply_per_lib :  ITTAPI function instrumented: __itt_thread_set_name
461742 : 0x1d6b12660d6fd : 2 : ittapi_config_apply_per_lib :  ITTAPI function instrumented: __itt_thread_ignore
461742 : 0x1d6b126611485 : 2 : ittapi_config_apply_per_lib :  ITTAPI function instrumented: __itt_thr_name_set
461742 : 0x1d6b126614abd : 2 : ittapi_config_apply_per_lib :  ITTAPI function instrumented: __itt_thr_ignore
461742 : 0x1d6b12661806b : 2 : ittapi_config_apply_per_lib :  ITTAPI function instrumented: __itt_histogram_create
461742 : 0x1d6b12661cfd4 : 2 : ittapi_config_apply_per_lib :  ITTAPI function not implemented: __itt_enable_attach
461742 : 0x1d6b12662082a : 2 : ittapi_config_apply_per_lib :  ITTAPI function instrumented: __itt_detach
461742 : 0x1d6b126623806 : 2 : ittapi_config_apply_per_lib :  ITTAPI function NOT instrumented (not matched by --itt-config option): __itt_sync_create

461742 : 0x1d6b126626d69 : 2 : ittapi_config_apply_per_lib :  ITTAPI function NOT instrumented (not matched by --itt-config option): __itt_sync_rename

461742 : 0x1d6b126629d3d : 2 : ittapi_config_apply_per_lib :  ITTAPI function NOT instrumented (not matched by --itt-config option): __itt_sync_destroy

461742 : 0x1d6b12664b429 : 2 : ittapi_config_apply_per_lib :  ITTAPI function NOT instrumented (not matched by --itt-config option): __itt_sync_prepare

461742 : 0x1d6b12664e91f : 2 : ittapi_config_apply_per_lib :  ITTAPI function NOT instrumented (not matched by --itt-config option): __itt_sync_cancel

461742 : 0x1d6b1266516c8 : 2 : ittapi_config_apply_per_lib :  ITTAPI function NOT instrumented (not matched by --itt-config option): __itt_sync_acquired

461742 : 0x1d6b126654385 : 2 : ittapi_config_apply_per_lib :  ITTAPI function NOT instrumented (not matched by --itt-config option): __itt_sync_releasing

461742 : 0x1d6b126658bbc : 2 : ittapi_config_apply_per_lib :  ITTAPI function not implemented: __itt_suppress_push
461742 : 0x1d6b12665ea94 : 2 : ittapi_config_apply_per_lib :  ITTAPI function not implemented: __itt_suppress_pop
461742 : 0x1d6b126663c92 : 2 : ittapi_config_apply_per_lib :  ITTAPI function not implemented: __itt_suppress_mark_range
461742 : 0x1d6b126667b0e : 2 : ittapi_config_apply_per_lib :  ITTAPI function not implemented: __itt_suppress_clear_range
461742 : 0x1d6b12666bc03 : 2 : ittapi_config_apply_per_lib :  ITTAPI function NOT instrumented (not matched by --itt-config option): __itt_sync_prepare

461742 : 0x1d6b12666ea95 : 2 : ittapi_config_apply_per_lib :  ITTAPI function NOT instrumented (not matched by --itt-config option): __itt_sync_cancel

461742 : 0x1d6b126681f1d : 2 : ittapi_config_apply_per_lib :  ITTAPI function NOT instrumented (not matched by --itt-config option): __itt_sync_acquired

461742 : 0x1d6b126685060 : 2 : ittapi_config_apply_per_lib :  ITTAPI function NOT instrumented (not matched by --itt-config option): __itt_sync_releasing

461742 : 0x1d6b126688056 : 2 : ittapi_config_apply_per_lib :  ITTAPI function NOT instrumented (not matched by --itt-config option): __itt_model_site_begin

461742 : 0x1d6b12668b008 : 2 : ittapi_config_apply_per_lib :  ITTAPI function NOT instrumented (not matched by --itt-config option): __itt_model_site_end

461742 : 0x1d6b12668de8b : 2 : ittapi_config_apply_per_lib :  ITTAPI function NOT instrumented (not matched by --itt-config option): __itt_model_task_begin

461742 : 0x1d6b126690c1f : 2 : ittapi_config_apply_per_lib :  ITTAPI function NOT instrumented (not matched by --itt-config option): __itt_model_task_end

461742 : 0x1d6b126693a3a : 2 : ittapi_config_apply_per_lib :  ITTAPI function NOT instrumented (not matched by --itt-config option): __itt_model_lock_acquire

461742 : 0x1d6b126696acd : 2 : ittapi_config_apply_per_lib :  ITTAPI function NOT instrumented (not matched by --itt-config option): __itt_model_lock_release

461742 : 0x1d6b126699869 : 2 : ittapi_config_apply_per_lib :  ITTAPI function NOT instrumented (not matched by --itt-config option): __itt_model_record_allocation

461742 : 0x1d6b12669c4be : 2 : ittapi_config_apply_per_lib :  ITTAPI function NOT instrumented (not matched by --itt-config option): __itt_model_record_deallocation

461742 : 0x1d6b1266bae91 : 2 : ittapi_config_apply_per_lib :  ITTAPI function NOT instrumented (not matched by --itt-config option): __itt_model_induction_uses

461742 : 0x1d6b1266be80e : 2 : ittapi_config_apply_per_lib :  ITTAPI function NOT instrumented (not matched by --itt-config option): __itt_model_reduction_uses

461742 : 0x1d6b1266c16ea : 2 : ittapi_config_apply_per_lib :  ITTAPI function NOT instrumented (not matched by --itt-config option): __itt_model_observe_uses

461742 : 0x1d6b1266c45e8 : 2 : ittapi_config_apply_per_lib :  ITTAPI function NOT instrumented (not matched by --itt-config option): __itt_model_clear_uses

461742 : 0x1d6b1266c749e : 2 : ittapi_config_apply_per_lib :  ITTAPI function NOT instrumented (not matched by --itt-config option): __itt_model_site_beginA

461742 : 0x1d6b1266ca256 : 2 : ittapi_config_apply_per_lib :  ITTAPI function NOT instrumented (not matched by --itt-config option): __itt_model_site_beginAL

461742 : 0x1d6b1266ccf23 : 2 : ittapi_config_apply_per_lib :  ITTAPI function NOT instrumented (not matched by --itt-config option): __itt_model_task_beginA

461742 : 0x1d6b1266cfc76 : 2 : ittapi_config_apply_per_lib :  ITTAPI function NOT instrumented (not matched by --itt-config option): __itt_model_task_beginAL

461742 : 0x1d6b1266d2a0e : 2 : ittapi_config_apply_per_lib :  ITTAPI function NOT instrumented (not matched by --itt-config option): __itt_model_iteration_taskA

461742 : 0x1d6b1266d5637 : 2 : ittapi_config_apply_per_lib :  ITTAPI function NOT instrumented (not matched by --itt-config option): __itt_model_iteration_taskAL

461742 : 0x1d6b1266e853a : 2 : ittapi_config_apply_per_lib :  ITTAPI function NOT instrumented (not matched by --itt-config option): __itt_model_site_end_2

461742 : 0x1d6b1266eb695 : 2 : ittapi_config_apply_per_lib :  ITTAPI function NOT instrumented (not matched by --itt-config option): __itt_model_task_end_2

461742 : 0x1d6b1266ee359 : 2 : ittapi_config_apply_per_lib :  ITTAPI function NOT instrumented (not matched by --itt-config option): __itt_model_lock_acquire_2

461742 : 0x1d6b1266f1196 : 2 : ittapi_config_apply_per_lib :  ITTAPI function NOT instrumented (not matched by --itt-config option): __itt_model_lock_release_2

461742 : 0x1d6b1266f3f05 : 2 : ittapi_config_apply_per_lib :  ITTAPI function NOT instrumented (not matched by --itt-config option): __itt_model_aggregate_task

461742 : 0x1d6b1266f6c8d : 2 : ittapi_config_apply_per_lib :  ITTAPI function NOT instrumented (not matched by --itt-config option): __itt_model_disable_push

461742 : 0x1d6b1266f9915 : 2 : ittapi_config_apply_per_lib :  ITTAPI function NOT instrumented (not matched by --itt-config option): __itt_model_disable_pop

461742 : 0x1d6b1266fd593 : 2 : ittapi_config_apply_per_lib :  ITTAPI function instrumented: __itt_heap_function_create
461742 : 0x1d6b126700dde : 2 : ittapi_config_apply_per_lib :  ITTAPI function instrumented: __itt_heap_allocate_begin
461742 : 0x1d6b12670440e : 2 : ittapi_config_apply_per_lib :  ITTAPI function instrumented: __itt_heap_allocate_end
461742 : 0x1d6b12671e8b8 : 2 : ittapi_config_apply_per_lib :  ITTAPI function instrumented: __itt_heap_free_begin
461742 : 0x1d6b126722448 : 2 : ittapi_config_apply_per_lib :  ITTAPI function instrumented: __itt_heap_free_end
461742 : 0x1d6b126725c0e : 2 : ittapi_config_apply_per_lib :  ITTAPI function instrumented: __itt_heap_reallocate_begin
461742 : 0x1d6b126728f3e : 2 : ittapi_config_apply_per_lib :  ITTAPI function instrumented: __itt_heap_reallocate_end
461742 : 0x1d6b12672cfda : 2 : ittapi_config_apply_per_lib :  ITTAPI function not implemented: __itt_heap_internal_access_begin
461742 : 0x1d6b126730b10 : 2 : ittapi_config_apply_per_lib :  ITTAPI function not implemented: __itt_heap_internal_access_end
461742 : 0x1d6b126734518 : 2 : ittapi_config_apply_per_lib :  ITTAPI function not implemented: __itt_heap_record_memory_growth_begin
461742 : 0x1d6b126737f93 : 2 : ittapi_config_apply_per_lib :  ITTAPI function not implemented: __itt_heap_record_memory_growth_end
461742 : 0x1d6b12673b9ed : 2 : ittapi_config_apply_per_lib :  ITTAPI function not implemented: __itt_heap_reset_detection
461742 : 0x1d6b12673f64d : 2 : ittapi_config_apply_per_lib :  ITTAPI function not implemented: __itt_heap_record
461742 : 0x1d6b126754cac : 2 : ittapi_config_apply_per_lib :  ITTAPI function not implemented: __itt_id_create
461742 : 0x1d6b126758c65 : 2 : ittapi_config_apply_per_lib :  ITTAPI function not implemented: __itt_id_destroy
461742 : 0x1d6b12675c2c5 : 2 : ittapi_config_apply_per_lib :  ITTAPI function instrumented: __itt_get_timestamp
461742 : 0x1d6b12675fb4c : 2 : ittapi_config_apply_per_lib :  ITTAPI function not implemented: __itt_region_begin
461742 : 0x1d6b126763358 : 2 : ittapi_config_apply_per_lib :  ITTAPI function not implemented: __itt_region_end
461742 : 0x1d6b126766d52 : 2 : ittapi_config_apply_per_lib :  ITTAPI function instrumented: __itt_frame_begin_v3
461742 : 0x1d6b12676a69a : 2 : ittapi_config_apply_per_lib :  ITTAPI function instrumented: __itt_frame_end_v3
461742 : 0x1d6b12676dd6a : 2 : ittapi_config_apply_per_lib :  ITTAPI function instrumented: __itt_frame_submit_v3
461742 : 0x1d6b126771865 : 2 : ittapi_config_apply_per_lib :  ITTAPI function not implemented: __itt_task_group
461742 : 0x1d6b126774ebc : 2 : ittapi_config_apply_per_lib :  ITTAPI function instrumented: __itt_task_begin
461742 : 0x1d6b126792c37 : 2 : ittapi_config_apply_per_lib :  ITTAPI function instrumented: __itt_task_begin_fn
461742 : 0x1d6b126796614 : 2 : ittapi_config_apply_per_lib :  ITTAPI function instrumented: __itt_task_end
461742 : 0x1d6b12679a1b3 : 2 : ittapi_config_apply_per_lib :  ITTAPI function not implemented: __itt_counter_inc_v3
461742 : 0x1d6b12679e135 : 2 : ittapi_config_apply_per_lib :  ITTAPI function not implemented: __itt_counter_inc_delta_v3
461742 : 0x1d6b1267a1a9e : 2 : ittapi_config_apply_per_lib :  ITTAPI function not implemented: __itt_counter_dec_v3
461742 : 0x1d6b1267a5318 : 2 : ittapi_config_apply_per_lib :  ITTAPI function not implemented: __itt_counter_dec_delta_v3
461742 : 0x1d6b1267a91f9 : 2 : ittapi_config_apply_per_lib :  ITTAPI function not implemented: __itt_marker
461742 : 0x1d6b1267ac6bf : 2 : ittapi_config_apply_per_lib :  ITTAPI function instrumented: __itt_metadata_add
461742 : 0x1d6b1267b043d : 2 : ittapi_config_apply_per_lib :  ITTAPI function not implemented: __itt_metadata_str_add
461742 : 0x1d6b1267b3b7a : 2 : ittapi_config_apply_per_lib :  ITTAPI function not implemented: __itt_relation_add_to_current
461742 : 0x1d6b1267c7c90 : 2 : ittapi_config_apply_per_lib :  ITTAPI function not implemented: __itt_relation_add
461742 : 0x1d6b1267cb9c7 : 2 : ittapi_config_apply_per_lib :  ITTAPI function instrumented: __itt_event_create
461742 : 0x1d6b1267cf218 : 2 : ittapi_config_apply_per_lib :  ITTAPI function instrumented: __itt_event_start
461742 : 0x1d6b1267d2a2e : 2 : ittapi_config_apply_per_lib :  ITTAPI function instrumented: __itt_event_end
461742 : 0x1d6b1267d579f : 2 : ittapi_config_apply_per_lib :  ITTAPI function NOT instrumented (not matched by --itt-config option): __itt_sync_set_name

461742 : 0x1d6b1267d8bab : 2 : ittapi_config_apply_per_lib :  ITTAPI function NOT instrumented (not matched by --itt-config option): __itt_notify_sync_name

461742 : 0x1d6b1267dbb92 : 2 : ittapi_config_apply_per_lib :  ITTAPI function NOT instrumented (not matched by --itt-config option): __itt_notify_sync_prepare

461742 : 0x1d6b1267dea09 : 2 : ittapi_config_apply_per_lib :  ITTAPI function NOT instrumented (not matched by --itt-config option): __itt_notify_sync_cancel

461742 : 0x1d6b1267e164a : 2 : ittapi_config_apply_per_lib :  ITTAPI function NOT instrumented (not matched by --itt-config option): __itt_notify_sync_acquired

461742 : 0x1d6b1267e4365 : 2 : ittapi_config_apply_per_lib :  ITTAPI function NOT instrumented (not matched by --itt-config option): __itt_notify_sync_releasing

461742 : 0x1d6b1267fe913 : 2 : ittapi_config_apply_per_lib :  ITTAPI function not implemented: __itt_memory_read
461742 : 0x1d6b12680267f : 2 : ittapi_config_apply_per_lib :  ITTAPI function not implemented: __itt_memory_write
461742 : 0x1d6b126805e81 : 2 : ittapi_config_apply_per_lib :  ITTAPI function not implemented: __itt_memory_update
461742 : 0x1d6b126809a4a : 2 : ittapi_config_apply_per_lib :  ITTAPI function not implemented: __itt_state_get
461742 : 0x1d6b12680d05e : 2 : ittapi_config_apply_per_lib :  ITTAPI function not implemented: __itt_state_set
461742 : 0x1d6b126810844 : 2 : ittapi_config_apply_per_lib :  ITTAPI function not implemented: __itt_obj_mode_set
461742 : 0x1d6b126813ff7 : 2 : ittapi_config_apply_per_lib :  ITTAPI function not implemented: __itt_thr_mode_set
461742 : 0x1d6b1268172dd : 2 : ittapi_config_apply_per_lib :  ITTAPI function instrumented: __itt_frame_create
461742 : 0x1d6b12681a5bb : 2 : ittapi_config_apply_per_lib :  ITTAPI function instrumented: __itt_pt_region_create
461742 : 0x1d6b12681dcc1 : 2 : ittapi_config_apply_per_lib :  ITTAPI function instrumented: __itt_frame_begin
461742 : 0x1d6b12683176c : 2 : ittapi_config_apply_per_lib :  ITTAPI function instrumented: __itt_frame_end
461742 : 0x1d6b1268358ba : 2 : ittapi_config_apply_per_lib :  ITTAPI function not implemented: __itt_counter_destroy
461742 : 0x1d6b126839312 : 2 : ittapi_config_apply_per_lib :  ITTAPI function instrumented: __itt_counter_inc
461742 : 0x1d6b12683cae0 : 2 : ittapi_config_apply_per_lib :  ITTAPI function instrumented: __itt_counter_inc_delta
461742 : 0x1d6b12683ff75 : 2 : ittapi_config_apply_per_lib :  ITTAPI function instrumented: __itt_counter_dec
461742 : 0x1d6b1268436b9 : 2 : ittapi_config_apply_per_lib :  ITTAPI function instrumented: __itt_counter_dec_delta
461742 : 0x1d6b126846ab5 : 2 : ittapi_config_apply_per_lib :  ITTAPI function instrumented: __itt_counter_set_value
461742 : 0x1d6b12684a464 : 2 : ittapi_config_apply_per_lib :  ITTAPI function not implemented: __itt_counter_set_value_ex
461742 : 0x1d6b12684da9b : 2 : ittapi_config_apply_per_lib :  ITTAPI function not implemented: __itt_mark_create
461742 : 0x1d6b126851480 : 2 : ittapi_config_apply_per_lib :  ITTAPI function not implemented: __itt_mark
461742 : 0x1d6b126865070 : 2 : ittapi_config_apply_per_lib :  ITTAPI function not implemented: __itt_mark_off
461742 : 0x1d6b126868ad7 : 2 : ittapi_config_apply_per_lib :  ITTAPI function not implemented: __itt_mark_global
461742 : 0x1d6b12686c2a8 : 2 : ittapi_config_apply_per_lib :  ITTAPI function not implemented: __itt_mark_global_off
461742 : 0x1d6b12686f407 : 2 : ittapi_config_apply_per_lib :  ITTAPI function NOT instrumented (not matched by --itt-config option): __itt_stack_caller_create

461742 : 0x1d6b12687234a : 2 : ittapi_config_apply_per_lib :  ITTAPI function NOT instrumented (not matched by --itt-config option): __itt_stack_caller_destroy

461742 : 0x1d6b126875208 : 2 : ittapi_config_apply_per_lib :  ITTAPI function NOT instrumented (not matched by --itt-config option): __itt_stack_callee_enter

461742 : 0x1d6b126877f5b : 2 : ittapi_config_apply_per_lib :  ITTAPI function NOT instrumented (not matched by --itt-config option): __itt_stack_callee_leave

461742 : 0x1d6b12687b9ae : 2 : ittapi_config_apply_per_lib :  ITTAPI function not implemented: __itt_clock_domain_create
461742 : 0x1d6b12687f440 : 2 : ittapi_config_apply_per_lib :  ITTAPI function not implemented: __itt_clock_domain_reset
461742 : 0x1d6b126882c1a : 2 : ittapi_config_apply_per_lib :  ITTAPI function not implemented: __itt_id_create_ex
461742 : 0x1d6b12689ca3d : 2 : ittapi_config_apply_per_lib :  ITTAPI function not implemented: __itt_id_destroy_ex
461742 : 0x1d6b1268a08b5 : 2 : ittapi_config_apply_per_lib :  ITTAPI function not implemented: __itt_task_begin_ex
461742 : 0x1d6b1268a40b5 : 2 : ittapi_config_apply_per_lib :  ITTAPI function not implemented: __itt_task_begin_fn_ex
461742 : 0x1d6b1268a78c3 : 2 : ittapi_config_apply_per_lib :  ITTAPI function not implemented: __itt_task_end_ex
461742 : 0x1d6b1268aaf9a : 2 : ittapi_config_apply_per_lib :  ITTAPI function instrumented: __itt_task_begin_overlapped
461742 : 0x1d6b1268aea4f : 2 : ittapi_config_apply_per_lib :  ITTAPI function not implemented: __itt_task_begin_overlapped_ex
461742 : 0x1d6b1268b219c : 2 : ittapi_config_apply_per_lib :  ITTAPI function instrumented: __itt_task_end_overlapped
461742 : 0x1d6b1268b5b79 : 2 : ittapi_config_apply_per_lib :  ITTAPI function not implemented: __itt_task_end_overlapped_ex
461742 : 0x1d6b1268b93c0 : 2 : ittapi_config_apply_per_lib :  ITTAPI function not implemented: __itt_marker_ex
461742 : 0x1d6b1268bcf7f : 2 : ittapi_config_apply_per_lib :  ITTAPI function not implemented: __itt_metadata_add_with_scope
461742 : 0x1d6b1268d111e : 2 : ittapi_config_apply_per_lib :  ITTAPI function not implemented: __itt_metadata_str_add_with_scope
461742 : 0x1d6b1268d4cd5 : 2 : ittapi_config_apply_per_lib :  ITTAPI function not implemented: __itt_relation_add_to_current_ex
461742 : 0x1d6b1268d8488 : 2 : ittapi_config_apply_per_lib :  ITTAPI function not implemented: __itt_relation_add_ex
461742 : 0x1d6b1268dbd0d : 2 : ittapi_config_apply_per_lib :  ITTAPI function not implemented: __itt_track_group_create
461742 : 0x1d6b1268df233 : 2 : ittapi_config_apply_per_lib :  ITTAPI function not implemented: __itt_track_create
461742 : 0x1d6b1268e2aa1 : 2 : ittapi_config_apply_per_lib :  ITTAPI function not implemented: __itt_set_track
461742 : 0x1d6b1268e61f4 : 2 : ittapi_config_apply_per_lib :  ITTAPI function instrumented: __itt_api_version
461742 : 0x1d6b1268e992a : 2 : ittapi_config_apply_per_lib :  ITTAPI function not implemented: __itt_av_save
461742 : 0x1d6b1268ed06f : 2 : ittapi_config_apply_per_lib :  ITTAPI function instrumented: __itt_module_load
461742 : 0x1d6b1268f0840 : 2 : ittapi_config_apply_per_lib :  ITTAPI function not implemented: __itt_module_unload
461742 : 0x1d6b126906923 : 2 : ittapi_config_apply_per_lib :  ITTAPI function NOT instrumented (not matched by --itt-config option): __itt_histogram_submit

461742 : 0x1d6b126c65264 : 2 : ittapi_config_mask_get :  --itt-config mask to be applied: 39
461742 : 0x1d6b126c6b67b : 2 : ittapi_config_apply_per_lib :  ITTAPI function instrumented: __itt_domain_create
461742 : 0x1d6b126c6f328 : 2 : ittapi_config_apply_per_lib :  ITTAPI function instrumented: __itt_module_load_with_sections
461742 : 0x1d6b126c73b54 : 2 : ittapi_config_apply_per_lib :  ITTAPI function not implemented: __itt_module_unload_with_sections
461742 : 0x1d6b126c77624 : 2 : ittapi_config_apply_per_lib :  ITTAPI function instrumented: __itt_string_handle_create
461742 : 0x1d6b126c7ab1e : 2 : ittapi_config_apply_per_lib :  ITTAPI function instrumented: __itt_counter_create
461742 : 0x1d6b126c7e0fb : 2 : ittapi_config_apply_per_lib :  ITTAPI function instrumented: __itt_counter_create_typed
461742 : 0x1d6b126c818e7 : 2 : ittapi_config_apply_per_lib :  ITTAPI function instrumented: __itt_pause
461742 : 0x1d6b126c850aa : 2 : ittapi_config_apply_per_lib :  ITTAPI function instrumented: __itt_resume
461742 : 0x1d6b126ca1da0 : 2 : ittapi_config_apply_per_lib :  ITTAPI function instrumented: __itt_thread_set_name
461742 : 0x1d6b126ca57ad : 2 : ittapi_config_apply_per_lib :  ITTAPI function instrumented: __itt_thread_ignore
461742 : 0x1d6b126ca8f6f : 2 : ittapi_config_apply_per_lib :  ITTAPI function instrumented: __itt_thr_name_set
461742 : 0x1d6b126cac530 : 2 : ittapi_config_apply_per_lib :  ITTAPI function instrumented: __itt_thr_ignore
461742 : 0x1d6b126cb01a8 : 2 : ittapi_config_apply_per_lib :  ITTAPI function not implemented: __itt_enable_attach
461742 : 0x1d6b126cb38a6 : 2 : ittapi_config_apply_per_lib :  ITTAPI function instrumented: __itt_detach
461742 : 0x1d6b126cb69d1 : 2 : ittapi_config_apply_per_lib :  ITTAPI function NOT instrumented (not matched by --itt-config option): __itt_sync_create

461742 : 0x1d6b126cb9e20 : 2 : ittapi_config_apply_per_lib :  ITTAPI function NOT instrumented (not matched by --itt-config option): __itt_sync_rename

461742 : 0x1d6b126cbcd83 : 2 : ittapi_config_apply_per_lib :  ITTAPI function NOT instrumented (not matched by --itt-config option): __itt_sync_destroy

461742 : 0x1d6b126cbfd43 : 2 : ittapi_config_apply_per_lib :  ITTAPI function NOT instrumented (not matched by --itt-config option): __itt_sync_prepare

461742 : 0x1d6b126cdd53d : 2 : ittapi_config_apply_per_lib :  ITTAPI function NOT instrumented (not matched by --itt-config option): __itt_sync_cancel

461742 : 0x1d6b126ce07cd : 2 : ittapi_config_apply_per_lib :  ITTAPI function NOT instrumented (not matched by --itt-config option): __itt_sync_acquired

461742 : 0x1d6b126ce35cf : 2 : ittapi_config_apply_per_lib :  ITTAPI function NOT instrumented (not matched by --itt-config option): __itt_sync_releasing

461742 : 0x1d6b126ce75de : 2 : ittapi_config_apply_per_lib :  ITTAPI function not implemented: __itt_suppress_push
461742 : 0x1d6b126ceb7ec : 2 : ittapi_config_apply_per_lib :  ITTAPI function not implemented: __itt_suppress_pop
461742 : 0x1d6b126cef368 : 2 : ittapi_config_apply_per_lib :  ITTAPI function not implemented: __itt_suppress_mark_range
461742 : 0x1d6b126cf2d07 : 2 : ittapi_config_apply_per_lib :  ITTAPI function not implemented: __itt_suppress_clear_range
461742 : 0x1d6b126cf5ae3 : 2 : ittapi_config_apply_per_lib :  ITTAPI function NOT instrumented (not matched by --itt-config option): __itt_sync_prepare

461742 : 0x1d6b126cf88c6 : 2 : ittapi_config_apply_per_lib :  ITTAPI function NOT instrumented (not matched by --itt-config option): __itt_sync_cancel

461742 : 0x1d6b126cfb545 : 2 : ittapi_config_apply_per_lib :  ITTAPI function NOT instrumented (not matched by --itt-config option): __itt_sync_acquired

461742 : 0x1d6b126d0e693 : 2 : ittapi_config_apply_per_lib :  ITTAPI function NOT instrumented (not matched by --itt-config option): __itt_sync_releasing

461742 : 0x1d6b126d11a50 : 2 : ittapi_config_apply_per_lib :  ITTAPI function NOT instrumented (not matched by --itt-config option): __itt_model_site_begin

461742 : 0x1d6b126d148f2 : 2 : ittapi_config_apply_per_lib :  ITTAPI function NOT instrumented (not matched by --itt-config option): __itt_model_site_end

461742 : 0x1d6b126d176f1 : 2 : ittapi_config_apply_per_lib :  ITTAPI function NOT instrumented (not matched by --itt-config option): __itt_model_task_begin

461742 : 0x1d6b126d1a407 : 2 : ittapi_config_apply_per_lib :  ITTAPI function NOT instrumented (not matched by --itt-config option): __itt_model_task_end

461742 : 0x1d6b126d1d195 : 2 : ittapi_config_apply_per_lib :  ITTAPI function NOT instrumented (not matched by --itt-config option): __itt_model_lock_acquire

461742 : 0x1d6b126d2019c : 2 : ittapi_config_apply_per_lib :  ITTAPI function NOT instrumented (not matched by --itt-config option): __itt_model_lock_release

461742 : 0x1d6b126d22ee3 : 2 : ittapi_config_apply_per_lib :  ITTAPI function NOT instrumented (not matched by --itt-config option): __itt_model_record_allocation

461742 : 0x1d6b126d25c2c : 2 : ittapi_config_apply_per_lib :  ITTAPI function NOT instrumented (not matched by --itt-config option): __itt_model_record_deallocation

461742 : 0x1d6b126d288ea : 2 : ittapi_config_apply_per_lib :  ITTAPI function NOT instrumented (not matched by --itt-config option): __itt_model_induction_uses

461742 : 0x1d6b126d42095 : 2 : ittapi_config_apply_per_lib :  ITTAPI function NOT instrumented (not matched by --itt-config option): __itt_model_reduction_uses

461742 : 0x1d6b126d454c3 : 2 : ittapi_config_apply_per_lib :  ITTAPI function NOT instrumented (not matched by --itt-config option): __itt_model_observe_uses

461742 : 0x1d6b126d483bc : 2 : ittapi_config_apply_per_lib :  ITTAPI function NOT instrumented (not matched by --itt-config option): __itt_model_clear_uses

461742 : 0x1d6b126d4b282 : 2 : ittapi_config_apply_per_lib :  ITTAPI function NOT instrumented (not matched by --itt-config option): __itt_model_site_beginA

461742 : 0x1d6b126d4e0b3 : 2 : ittapi_config_apply_per_lib :  ITTAPI function NOT instrumented (not matched by --itt-config option): __itt_model_site_beginAL

461742 : 0x1d6b126d50d4e : 2 : ittapi_config_apply_per_lib :  ITTAPI function NOT instrumented (not matched by --itt-config option): __itt_model_task_beginA

461742 : 0x1d6b126d53a94 : 2 : ittapi_config_apply_per_lib :  ITTAPI function NOT instrumented (not matched by --itt-config option): __itt_model_task_beginAL

461742 : 0x1d6b126d5682d : 2 : ittapi_config_apply_per_lib :  ITTAPI function NOT instrumented (not matched by --itt-config option): __itt_model_iteration_taskA

461742 : 0x1d6b126d59456 : 2 : ittapi_config_apply_per_lib :  ITTAPI function NOT instrumented (not matched by --itt-config option): __itt_model_iteration_taskAL

461742 : 0x1d6b126d5c0e8 : 2 : ittapi_config_apply_per_lib :  ITTAPI function NOT instrumented (not matched by --itt-config option): __itt_model_site_end_2

461742 : 0x1d6b126d6fb45 : 2 : ittapi_config_apply_per_lib :  ITTAPI function NOT instrumented (not matched by --itt-config option): __itt_model_task_end_2

461742 : 0x1d6b126d72b40 : 2 : ittapi_config_apply_per_lib :  ITTAPI function NOT instrumented (not matched by --itt-config option): __itt_model_lock_acquire_2

461742 : 0x1d6b126d75999 : 2 : ittapi_config_apply_per_lib :  ITTAPI function NOT instrumented (not matched by --itt-config option): __itt_model_lock_release_2

461742 : 0x1d6b126d786fa : 2 : ittapi_config_apply_per_lib :  ITTAPI function NOT instrumented (not matched by --itt-config option): __itt_model_aggregate_task

461742 : 0x1d6b126d7b4fd : 2 : ittapi_config_apply_per_lib :  ITTAPI function NOT instrumented (not matched by --itt-config option): __itt_model_disable_push

461742 : 0x1d6b126d7e168 : 2 : ittapi_config_apply_per_lib :  ITTAPI function NOT instrumented (not matched by --itt-config option): __itt_model_disable_pop

461742 : 0x1d6b126d81af3 : 2 : ittapi_config_apply_per_lib :  ITTAPI function instrumented: __itt_heap_function_create
461742 : 0x1d6b126d85372 : 2 : ittapi_config_apply_per_lib :  ITTAPI function instrumented: __itt_heap_allocate_begin
461742 : 0x1d6b126d886c2 : 2 : ittapi_config_apply_per_lib :  ITTAPI function instrumented: __itt_heap_allocate_end
461742 : 0x1d6b126d8bc09 : 2 : ittapi_config_apply_per_lib :  ITTAPI function instrumented: __itt_heap_free_begin
461742 : 0x1d6b126d9eddc : 2 : ittapi_config_apply_per_lib :  ITTAPI function instrumented: __itt_heap_free_end
461742 : 0x1d6b126da2728 : 2 : ittapi_config_apply_per_lib :  ITTAPI function instrumented: __itt_heap_reallocate_begin
461742 : 0x1d6b126da5b60 : 2 : ittapi_config_apply_per_lib :  ITTAPI function instrumented: __itt_heap_reallocate_end
461742 : 0x1d6b126da97bb : 2 : ittapi_config_apply_per_lib :  ITTAPI function not implemented: __itt_heap_internal_access_begin
461742 : 0x1d6b126db2ebf : 2 : ittapi_config_apply_per_lib :  ITTAPI function not implemented: __itt_heap_internal_access_end
461742 : 0x1d6b126db67f5 : 2 : ittapi_config_apply_per_lib :  ITTAPI function not implemented: __itt_heap_record_memory_growth_begin
461742 : 0x1d6b126dba2c9 : 2 : ittapi_config_apply_per_lib :  ITTAPI function not implemented: __itt_heap_record_memory_growth_end
461742 : 0x1d6b126dbdba0 : 2 : ittapi_config_apply_per_lib :  ITTAPI function not implemented: __itt_heap_reset_detection
461742 : 0x1d6b126dc186d : 2 : ittapi_config_apply_per_lib :  ITTAPI function not implemented: __itt_heap_record
461742 : 0x1d6b126dc4ff8 : 2 : ittapi_config_apply_per_lib :  ITTAPI function not implemented: __itt_id_create
461742 : 0x1d6b126de4cc3 : 2 : ittapi_config_apply_per_lib :  ITTAPI function not implemented: __itt_id_destroy
461742 : 0x1d6b126de88b1 : 2 : ittapi_config_apply_per_lib :  ITTAPI function instrumented: __itt_get_timestamp
461742 : 0x1d6b126dec184 : 2 : ittapi_config_apply_per_lib :  ITTAPI function not implemented: __itt_region_begin
461742 : 0x1d6b126def933 : 2 : ittapi_config_apply_per_lib :  ITTAPI function not implemented: __itt_region_end
461742 : 0x1d6b126df2fe0 : 2 : ittapi_config_apply_per_lib :  ITTAPI function instrumented: __itt_frame_begin_v3
461742 : 0x1d6b126df6763 : 2 : ittapi_config_apply_per_lib :  ITTAPI function instrumented: __itt_frame_end_v3
461742 : 0x1d6b126df9c5d : 2 : ittapi_config_apply_per_lib :  ITTAPI function instrumented: __itt_frame_submit_v3
461742 : 0x1d6b126dfd722 : 2 : ittapi_config_apply_per_lib :  ITTAPI function not implemented: __itt_task_group
461742 : 0x1d6b126e00e67 : 2 : ittapi_config_apply_per_lib :  ITTAPI function instrumented: __itt_task_begin
461742 : 0x1d6b126e042ad : 2 : ittapi_config_apply_per_lib :  ITTAPI function instrumented: __itt_task_begin_fn
461742 : 0x1d6b126e18467 : 2 : ittapi_config_apply_per_lib :  ITTAPI function instrumented: __itt_task_end
461742 : 0x1d6b126e1c2d9 : 2 : ittapi_config_apply_per_lib :  ITTAPI function not implemented: __itt_counter_inc_v3
461742 : 0x1d6b126e200ec : 2 : ittapi_config_apply_per_lib :  ITTAPI function not implemented: __itt_counter_inc_delta_v3
461742 : 0x1d6b126e237f6 : 2 : ittapi_config_apply_per_lib :  ITTAPI function not implemented: __itt_counter_dec_v3
461742 : 0x1d6b126e271a5 : 2 : ittapi_config_apply_per_lib :  ITTAPI function not implemented: __itt_counter_dec_delta_v3
461742 : 0x1d6b126e2ac46 : 2 : ittapi_config_apply_per_lib :  ITTAPI function not implemented: __itt_marker
461742 : 0x1d6b126e2e1a9 : 2 : ittapi_config_apply_per_lib :  ITTAPI function instrumented: __itt_metadata_add
461742 : 0x1d6b126e31f1f : 2 : ittapi_config_apply_per_lib :  ITTAPI function not implemented: __itt_metadata_str_add
461742 : 0x1d6b126e3551f : 2 : ittapi_config_apply_per_lib :  ITTAPI function not implemented: __itt_relation_add_to_current
461742 : 0x1d6b126e38c9e : 2 : ittapi_config_apply_per_lib :  ITTAPI function not implemented: __itt_relation_add
461742 : 0x1d6b126e4bf64 : 2 : ittapi_config_apply_per_lib :  ITTAPI function instrumented: __itt_event_create
461742 : 0x1d6b126e4f990 : 2 : ittapi_config_apply_per_lib :  ITTAPI function instrumented: __itt_event_start
461742 : 0x1d6b126e52e38 : 2 : ittapi_config_apply_per_lib :  ITTAPI function instrumented: __itt_event_end
461742 : 0x1d6b126e55b40 : 2 : ittapi_config_apply_per_lib :  ITTAPI function NOT instrumented (not matched by --itt-config option): __itt_sync_set_name

461742 : 0x1d6b126e58d20 : 2 : ittapi_config_apply_per_lib :  ITTAPI function NOT instrumented (not matched by --itt-config option): __itt_notify_sync_name

461742 : 0x1d6b126e5bc0d : 2 : ittapi_config_apply_per_lib :  ITTAPI function NOT instrumented (not matched by --itt-config option): __itt_notify_sync_prepare

461742 : 0x1d6b126e5ead7 : 2 : ittapi_config_apply_per_lib :  ITTAPI function NOT instrumented (not matched by --itt-config option): __itt_notify_sync_cancel

461742 : 0x1d6b126e6175d : 2 : ittapi_config_apply_per_lib :  ITTAPI function NOT instrumented (not matched by --itt-config option): __itt_notify_sync_acquired

461742 : 0x1d6b126e6454b : 2 : ittapi_config_apply_per_lib :  ITTAPI function NOT instrumented (not matched by --itt-config option): __itt_notify_sync_releasing

461742 : 0x1d6b126e6d618 : 2 : ittapi_config_apply_per_lib :  ITTAPI function not implemented: __itt_memory_read
461742 : 0x1d6b126e818e3 : 2 : ittapi_config_apply_per_lib :  ITTAPI function not implemented: __itt_memory_write
461742 : 0x1d6b126e85468 : 2 : ittapi_config_apply_per_lib :  ITTAPI function not implemented: __itt_memory_update
461742 : 0x1d6b126e89047 : 2 : ittapi_config_apply_per_lib :  ITTAPI function not implemented: __itt_state_get
461742 : 0x1d6b126e8c7ab : 2 : ittapi_config_apply_per_lib :  ITTAPI function not implemented: __itt_state_set
461742 : 0x1d6b126e8ff2a : 2 : ittapi_config_apply_per_lib :  ITTAPI function not implemented: __itt_obj_mode_set
461742 : 0x1d6b126e936a9 : 2 : ittapi_config_apply_per_lib :  ITTAPI function not implemented: __itt_thr_mode_set
461742 : 0x1d6b126e96af8 : 2 : ittapi_config_apply_per_lib :  ITTAPI function instrumented: __itt_frame_create
461742 : 0x1d6b126e99dca : 2 : ittapi_config_apply_per_lib :  ITTAPI function instrumented: __itt_pt_region_create
461742 : 0x1d6b126e9d397 : 2 : ittapi_config_apply_per_lib :  ITTAPI function instrumented: __itt_frame_begin
461742 : 0x1d6b126ea08a5 : 2 : ittapi_config_apply_per_lib :  ITTAPI function instrumented: __itt_frame_end
461742 : 0x1d6b126ebb11e : 2 : ittapi_config_apply_per_lib :  ITTAPI function not implemented: __itt_counter_destroy
461742 : 0x1d6b126ebee2e : 2 : ittapi_config_apply_per_lib :  ITTAPI function instrumented: __itt_counter_inc
461742 : 0x1d6b126ec2432 : 2 : ittapi_config_apply_per_lib :  ITTAPI function instrumented: __itt_counter_inc_delta
461742 : 0x1d6b126ec5816 : 2 : ittapi_config_apply_per_lib :  ITTAPI function instrumented: __itt_counter_dec
461742 : 0x1d6b126ec8ef1 : 2 : ittapi_config_apply_per_lib :  ITTAPI function instrumented: __itt_counter_dec_delta
461742 : 0x1d6b126ecc464 : 2 : ittapi_config_apply_per_lib :  ITTAPI function instrumented: __itt_counter_set_value
461742 : 0x1d6b126ecfca0 : 2 : ittapi_config_apply_per_lib :  ITTAPI function not implemented: __itt_counter_set_value_ex
461742 : 0x1d6b126ed32a0 : 2 : ittapi_config_apply_per_lib :  ITTAPI function not implemented: __itt_mark_create
461742 : 0x1d6b126ed6c13 : 2 : ittapi_config_apply_per_lib :  ITTAPI function not implemented: __itt_mark
461742 : 0x1d6b126eda863 : 2 : ittapi_config_apply_per_lib :  ITTAPI function not implemented: __itt_mark_off
461742 : 0x1d6b126eee2c4 : 2 : ittapi_config_apply_per_lib :  ITTAPI function not implemented: __itt_mark_global
461742 : 0x1d6b126ef1e32 : 2 : ittapi_config_apply_per_lib :  ITTAPI function not implemented: __itt_mark_global_off
461742 : 0x1d6b126ef4eb6 : 2 : ittapi_config_apply_per_lib :  ITTAPI function NOT instrumented (not matched by --itt-config option): __itt_stack_caller_create

461742 : 0x1d6b126ef7e2f : 2 : ittapi_config_apply_per_lib :  ITTAPI function NOT instrumented (not matched by --itt-config option): __itt_stack_caller_destroy

461742 : 0x1d6b126efaca7 : 2 : ittapi_config_apply_per_lib :  ITTAPI function NOT instrumented (not matched by --itt-config option): __itt_stack_callee_enter

461742 : 0x1d6b126efda44 : 2 : ittapi_config_apply_per_lib :  ITTAPI function NOT instrumented (not matched by --itt-config option): __itt_stack_callee_leave

461742 : 0x1d6b126f01300 : 2 : ittapi_config_apply_per_lib :  ITTAPI function not implemented: __itt_clock_domain_create
461742 : 0x1d6b126f04cb7 : 2 : ittapi_config_apply_per_lib :  ITTAPI function not implemented: __itt_clock_domain_reset
461742 : 0x1d6b126f08354 : 2 : ittapi_config_apply_per_lib :  ITTAPI function not implemented: __itt_id_create_ex
461742 : 0x1d6b126f0bb6e : 2 : ittapi_config_apply_per_lib :  ITTAPI function not implemented: __itt_id_destroy_ex
461742 : 0x1d6b126f1f3e3 : 2 : ittapi_config_apply_per_lib :  ITTAPI function not implemented: __itt_task_begin_ex
461742 : 0x1d6b126f23080 : 2 : ittapi_config_apply_per_lib :  ITTAPI function not implemented: __itt_task_begin_fn_ex
461742 : 0x1d6b126f26935 : 2 : ittapi_config_apply_per_lib :  ITTAPI function not implemented: __itt_task_end_ex
461742 : 0x1d6b126f2a019 : 2 : ittapi_config_apply_per_lib :  ITTAPI function instrumented: __itt_task_begin_overlapped
461742 : 0x1d6b126f2d989 : 2 : ittapi_config_apply_per_lib :  ITTAPI function not implemented: __itt_task_begin_overlapped_ex
461742 : 0x1d6b126f30f75 : 2 : ittapi_config_apply_per_lib :  ITTAPI function instrumented: __itt_task_end_overlapped
461742 : 0x1d6b126f347ec : 2 : ittapi_config_apply_per_lib :  ITTAPI function not implemented: __itt_task_end_overlapped_ex
461742 : 0x1d6b126f37ed3 : 2 : ittapi_config_apply_per_lib :  ITTAPI function not implemented: __itt_marker_ex
461742 : 0x1d6b126f3b8e3 : 2 : ittapi_config_apply_per_lib :  ITTAPI function not implemented: __itt_metadata_add_with_scope
461742 : 0x1d6b126f3f49a : 2 : ittapi_config_apply_per_lib :  ITTAPI function not implemented: __itt_metadata_str_add_with_scope
461742 : 0x1d6b126f597f5 : 2 : ittapi_config_apply_per_lib :  ITTAPI function not implemented: __itt_relation_add_to_current_ex
461742 : 0x1d6b126f5d619 : 2 : ittapi_config_apply_per_lib :  ITTAPI function not implemented: __itt_relation_add_ex
461742 : 0x1d6b126f60f73 : 2 : ittapi_config_apply_per_lib :  ITTAPI function not implemented: __itt_track_group_create
461742 : 0x1d6b126f64481 : 2 : ittapi_config_apply_per_lib :  ITTAPI function not implemented: __itt_track_create
461742 : 0x1d6b126f67d73 : 2 : ittapi_config_apply_per_lib :  ITTAPI function not implemented: __itt_set_track
461742 : 0x1d6b126f6b53a : 2 : ittapi_config_apply_per_lib :  ITTAPI function instrumented: __itt_api_version
461742 : 0x1d6b126f6ed6d : 2 : ittapi_config_apply_per_lib :  ITTAPI function not implemented: __itt_av_save
461742 : 0x1d6b126f72448 : 2 : ittapi_config_apply_per_lib :  ITTAPI function instrumented: __itt_module_load
461742 : 0x1d6b126f75c9f : 2 : ittapi_config_apply_per_lib :  ITTAPI function not implemented: __itt_module_unload