
373993 : 0x1bf6eaa08f1b3 : 1 : spill_jit_data :  Jit agent is not initialized
373979 : 0x1bf6eaa0a7431 : 2 : ittapi_config_mask_get :  --itt-config mask to be applied: 39
373979 : 0x1bf6eaa0b4456 : 2 : ittapi_config_apply_per_lib :  ITTAPI function instrumented: __itt_domain_create
373979 : 0x1bf6eaa0b7d21 : 2 : ittapi_config_apply_per_lib :  ITTAPI function instrumented: __itt_module_load_with_sections
373979 : 0x1bf6eaa0bfb3e : 2 : ittapi_config_apply_per_lib :  ITTAPI function not implemented: __itt_module_unload_with_sections
373979 : 0x1bf6eaa0c3a17 : 2 : ittapi_config_apply_per_lib :  ITTAPI function instrumented: __itt_string_handle_create
373979 : 0x1bf6eaa0c61df : 2 : ittapi_config_apply_per_lib :  ITTAPI function instrumented: __itt_counter_create
373979 : 0x1bf6eaa0c8a51 : 2 : ittapi_config_apply_per_lib :  ITTAPI function instrumented: __itt_counter_create_typed
373979 : 0x1bf6eaa0cc471 : 2 : ittapi_config_apply_per_lib :  ITTAPI function instrumented: __itt_pause
373979 : 0x1bf6eaa0cebbd : 2 : ittapi_config_apply_per_lib :  ITTAPI function instrumented: __itt_resume
373979 : 0x1bf6eaa0f24fc : 2 : ittapi_config_apply_per_lib :  ITTAPI function instrumented: __itt_thread_set_name
373979 : 0x1bf6eaa0f529c : 2 : ittapi_config_apply_per_lib :  ITTAPI function instrumented: __itt_thread_ignore
373979 : 0x1bf6eaa0f7d30 : 2 : ittapi_config_apply_per_lib :  ITTAPI function instrumented: __itt_thr_name_set
373979 : 0x1bf6eaa0fa3bc : 2 : ittapi_config_apply_per_lib :  ITTAPI function instrumented: __itt_thr_ignore
373979 : 0x1bf6eaa0fcacd : 2 : ittapi_config_apply_per_lib :  ITTAPI function instrumented: __itt_histogram_create
373979 : 0x1bf6eaa0ffee4 : 2 : ittapi_config_apply_per_lib :  ITTAPI function not implemented: __itt_enable_attach
373979 : 0x1bf6eaa10264c : 2 : ittapi_config_apply_per_lib :  ITTAPI function instrumented: __itt_detach
373979 : 0x1bf6eaa104896 : 2 : ittapi_config_apply_per_lib :  ITTAPI function NOT instrumented (not matched by --itt-config option): __itt_sync_create

373979 : 0x1bf6eaa106d79 : 2 : ittapi_config_apply_per_lib :  ITTAPI function NOT instrumented (not matched by --itt-config option): __itt_sync_rename

373979 : 0x1bf6eaa108e52 : 2 : ittapi_config_apply_per_lib :  ITTAPI function NOT instrumented (not matched by --itt-config option): __itt_sync_destroy

373979 : 0x1bf6eaa118056 : 2 : ittapi_config_apply_per_lib :  ITTAPI function NOT instrumented (not matched by --itt-config option): __itt_sync_prepare

373979 : 0x1bf6eaa11a4ca : 2 : ittapi_config_apply_per_lib :  ITTAPI function NOT instrumented (not matched by --itt-config option): __itt_sync_cancel

373979 : 0x1bf6eaa11c589 : 2 : ittapi_config_apply_per_lib :  ITTAPI function NOT instrumented (not matched by --itt-config option): __itt_sync_acquired

373979 : 0x1bf6eaa11e580 : 2 : ittapi_config_apply_per_lib :  ITTAPI function NOT instrumented (not matched by --itt-config option): __itt_sync_releasing

373979 : 0x1bf6eaa1213e2 : 2 : ittapi_config_apply_per_lib :  ITTAPI function not implemented: __itt_suppress_push
373979 : 0x1bf6eaa1244f4 : 2 : ittapi_config_apply_per_lib :  ITTAPI function not implemented: __itt_suppress_pop
373979 : 0x1bf6eaa126d58 : 2 : ittapi_config_apply_per_lib :  ITTAPI function not implemented: __itt_suppress_mark_range
373979 : 0x1bf6eaa1296ca : 2 : ittapi_config_apply_per_lib :  ITTAPI function not implemented: __itt_suppress_clear_range
373979 : 0x1bf6eaa12b6df : 2 : ittapi_config_apply_per_lib :  ITTAPI function NOT instrumented (not matched by --itt-config option): __itt_sync_prepare

373979 : 0x1bf6eaa12d758 : 2 : ittapi_config_apply_per_lib :  ITTAPI function NOT instrumented (not matched by --itt-config option): __itt_sync_cancel

373979 : 0x1bf6eaa13a9c1 : 2 : ittapi_config_apply_per_lib :  ITTAPI function NOT instrumented (not matched by --itt-config option): __itt_sync_acquired

373979 : 0x1bf6eaa13cc57 : 2 : ittapi_config_apply_per_lib :  ITTAPI function NOT instrumented (not matched by --itt-config option): __itt_sync_releasing

373979 : 0x1bf6eaa13ef7b : 2 : ittapi_config_apply_per_lib :  ITTAPI function NOT instrumented (not matched by --itt-config option): __itt_model_site_begin

373979 : 0x1bf6eaa1410c1 : 2 : ittapi_config_apply_per_lib :  ITTAPI function NOT instrumented (not matched by --itt-config option): __itt_model_site_end

373979 : 0x1bf6eaa1431ae : 2 : ittapi_config_apply_per_lib :  ITTAPI function NOT instrumented (not matched by --itt-config option): __itt_model_task_begin

373979 : 0x1bf6eaa1451ce : 2 : ittapi_config_apply_per_lib :  ITTAPI function NOT instrumented (not matched by --itt-config option): __itt_model_task_end

373979 : 0x1bf6eaa147208 : 2 : ittapi_config_apply_per_lib :  ITTAPI function NOT instrumented (not matched by --itt-config option): __itt_model_lock_acquire

373979 : 0x1bf6eaa14956a : 2 : ittapi_config_apply_per_lib :  ITTAPI function NOT instrumented (not matched by --itt-config option): __itt_model_lock_release

373979 : 0x1bf6eaa14b501 : 2 : ittapi_config_apply_per_lib :  ITTAPI function NOT instrumented (not matched by --itt-config option): __itt_model_record_allocation

373979 : 0x1bf6eaa14d42d : 2 : ittapi_config_apply_per_lib :  ITTAPI function NOT instrumented (not matched by --itt-config option): __itt_model_record_deallocation

373979 : 0x1bf6eaa161086 : 2 : ittapi_config_apply_per_lib :  ITTAPI function NOT instrumented (not matched by --itt-config option): __itt_model_induction_uses

373979 : 0x1bf6eaa1636b8 : 2 : ittapi_config_apply_per_lib :  ITTAPI function NOT instrumented (not matched by --itt-config option): __itt_model_reduction_uses

373979 : 0x1bf6eaa16579f : 2 : ittapi_config_apply_per_lib :  ITTAPI function NOT instrumented (not matched by --itt-config option): __itt_model_observe_uses

373979 : 0x1bf6eaa1678fb : 2 : ittapi_config_apply_per_lib :  ITTAPI function NOT instrumented (not matched by --itt-config option): __itt_model_clear_uses

373979 : 0x1bf6eaa16995b : 2 : ittapi_config_apply_per_lib :  ITTAPI function NOT instrumented (not matched by --itt-config option): __itt_model_site_beginA

373979 : 0x1bf6eaa16ba3f : 2 : ittapi_config_apply_per_lib :  ITTAPI function NOT instrumented (not matched by --itt-config option): __itt_model_site_beginAL

373979 : 0x1bf6eaa16da1a : 2 : ittapi_config_apply_per_lib :  ITTAPI function NOT instrumented (not matched by --itt-config option): __itt_model_task_beginA

373979 : 0x1bf6eaa16fa0c : 2 : ittapi_config_apply_per_lib :  ITTAPI function NOT instrumented (not matched by --itt-config option): __itt_model_task_beginAL

373979 : 0x1bf6eaa171a19 : 2 : ittapi_config_apply_per_lib :  ITTAPI function NOT instrumented (not matched by --itt-config option): __itt_model_iteration_taskA

373979 : 0x1bf6eaa17396a : 2 : ittapi_config_apply_per_lib :  ITTAPI function NOT instrumented (not matched by --itt-config option): __itt_model_iteration_taskAL

373979 : 0x1bf6eaa1813a6 : 2 : ittapi_config_apply_per_lib :  ITTAPI function NOT instrumented (not matched by --itt-config option): __itt_model_site_end_2

373979 : 0x1bf6eaa183612 : 2 : ittapi_config_apply_per_lib :  ITTAPI function NOT instrumented (not matched by --itt-config option): __itt_model_task_end_2

373979 : 0x1bf6eaa18991b : 2 : ittapi_config_apply_per_lib :  ITTAPI function NOT instrumented (not matched by --itt-config option): __itt_model_lock_acquire_2

373979 : 0x1bf6eaa18b9e8 : 2 : ittapi_config_apply_per_lib :  ITTAPI function NOT instrumented (not matched by --itt-config option): __itt_model_lock_release_2

373979 : 0x1bf6eaa18da05 : 2 : ittapi_config_apply_per_lib :  ITTAPI function NOT instrumented (not matched by --itt-config option): __itt_model_aggregate_task

373979 : 0x1bf6eaa18fa90 : 2 : ittapi_config_apply_per_lib :  ITTAPI function NOT instrumented (not matched by --itt-config option): __itt_model_disable_push

373979 : 0x1bf6eaa1919f7 : 2 : ittapi_config_apply_per_lib :  ITTAPI function NOT instrumented (not matched by --itt-config option): __itt_model_disable_pop

373979 : 0x1bf6eaa1942cd : 2 : ittapi_config_apply_per_lib :  ITTAPI function instrumented: __itt_heap_function_create
373979 : 0x1bf6eaa196b13 : 2 : ittapi_config_apply_per_lib :  ITTAPI function instrumented: __itt_heap_allocate_begin
373979 : 0x1bf6eaa199240 : 2 : ittapi_config_apply_per_lib :  ITTAPI function instrumented: __itt_heap_allocate_end
373979 : 0x1bf6eaa1ac484 : 2 : ittapi_config_apply_per_lib :  ITTAPI function instrumented: __itt_heap_free_begin
373979 : 0x1bf6eaa1aedad : 2 : ittapi_config_apply_per_lib :  ITTAPI function instrumented: __itt_heap_free_end
373979 : 0x1bf6eaa1b14ba : 2 : ittapi_config_apply_per_lib :  ITTAPI function instrumented: __itt_heap_reallocate_begin
373979 : 0x1bf6eaa1b3961 : 2 : ittapi_config_apply_per_lib :  ITTAPI function instrumented: __itt_heap_reallocate_end
373979 : 0x1bf6eaa1b65b4 : 2 : ittapi_config_apply_per_lib :  ITTAPI function not implemented: __itt_heap_internal_access_begin
373979 : 0x1bf6eaa1b8ead : 2 : ittapi_config_apply_per_lib :  ITTAPI function not implemented: __itt_heap_internal_access_end
373979 : 0x1bf6eaa1bb843 : 2 : ittapi_config_apply_per_lib :  ITTAPI function not implemented: __itt_heap_record_memory_growth_begin
373979 : 0x1bf6eaa1be06a : 2 : ittapi_config_apply_per_lib :  ITTAPI function not implemented: __itt_heap_record_memory_growth_end
373979 : 0x1bf6eaa1c08ea : 2 : ittapi_config_apply_per_lib :  ITTAPI function not implemented: __itt_heap_reset_detection
373979 : 0x1bf6eaa1c3329 : 2 : ittapi_config_apply_per_lib :  ITTAPI function not implemented: __itt_heap_record
373979 : 0x1bf6eaa1d1783 : 2 : ittapi_config_apply_per_lib :  ITTAPI function not implemented: __itt_id_create
373979 : 0x1bf6eaa1d43c6 : 2 : ittapi_config_apply_per_lib :  ITTAPI function not implemented: __itt_id_destroy
373979 : 0x1bf6eaa1d6952 : 2 : ittapi_config_apply_per_lib :  ITTAPI function instrumented: __itt_get_timestamp
373979 : 0x1bf6eaa1d923b : 2 : ittapi_config_apply_per_lib :  ITTAPI function not implemented: __itt_region_begin
373979 : 0x1bf6eaa1db94c : 2 : ittapi_config_apply_per_lib :  ITTAPI function not implemented: __itt_region_end
373979 : 0x1bf6eaa1de084 : 2 : ittapi_config_apply_per_lib :  ITTAPI function instrumented: __itt_frame_begin_v3
373979 : 0x1bf6eaa1e08bb : 2 : ittapi_config_apply_per_lib :  ITTAPI function instrumented: __itt_frame_end_v3
373979 : 0x1bf6eaa1e2fc8 : 2 : ittapi_config_apply_per_lib :  ITTAPI function instrumented: __itt_frame_submit_v3
373979 : 0x1bf6eaa1e5912 : 2 : ittapi_config_apply_per_lib :  ITTAPI function not implemented: __itt_task_group
373979 : 0x1bf6eaa1e816b : 2 : ittapi_config_apply_per_lib :  ITTAPI function instrumented: __itt_task_begin
373979 : 0x1bf6eaa1f5a5d : 2 : ittapi_config_apply_per_lib :  ITTAPI function instrumented: __itt_task_begin_fn
373979 : 0x1bf6eaa1f8354 : 2 : ittapi_config_apply_per_lib :  ITTAPI function instrumented: __itt_task_end
373979 : 0x1bf6eaa1fad1a : 2 : ittapi_config_apply_per_lib :  ITTAPI function not implemented: __itt_counter_inc_v3
373979 : 0x1bf6eaa1fd919 : 2 : ittapi_config_apply_per_lib :  ITTAPI function not implemented: __itt_counter_inc_delta_v3
373979 : 0x1bf6eaa200171 : 2 : ittapi_config_apply_per_lib :  ITTAPI function not implemented: __itt_counter_dec_v3
373979 : 0x1bf6eaa2029a8 : 2 : ittapi_config_apply_per_lib :  ITTAPI function not implemented: __itt_counter_dec_delta_v3
373979 : 0x1bf6eaa205512 : 2 : ittapi_config_apply_per_lib :  ITTAPI function not implemented: __itt_marker
373979 : 0x1bf6eaa207ade : 2 : ittapi_config_apply_per_lib :  ITTAPI function instrumented: __itt_metadata_add
373979 : 0x1bf6eaa20a4d5 : 2 : ittapi_config_apply_per_lib :  ITTAPI function not implemented: __itt_metadata_str_add
373979 : 0x1bf6eaa20cb55 : 2 : ittapi_config_apply_per_lib :  ITTAPI function not implemented: __itt_relation_add_to_current
373979 : 0x1bf6eaa21aad9 : 2 : ittapi_config_apply_per_lib :  ITTAPI function not implemented: __itt_relation_add
373979 : 0x1bf6eaa21d36a : 2 : ittapi_config_apply_per_lib :  ITTAPI function instrumented: __itt_event_create
373979 : 0x1bf6eaa21fbe5 : 2 : ittapi_config_apply_per_lib :  ITTAPI function instrumented: __itt_event_start
373979 : 0x1bf6eaa22236c : 2 : ittapi_config_apply_per_lib :  ITTAPI function instrumented: __itt_event_end
373979 : 0x1bf6eaa224375 : 2 : ittapi_config_apply_per_lib :  ITTAPI function NOT instrumented (not matched by --itt-config option): __itt_sync_set_name

373979 : 0x1bf6eaa226928 : 2 : ittapi_config_apply_per_lib :  ITTAPI function NOT instrumented (not matched by --itt-config option): __itt_notify_sync_name

373979 : 0x1bf6eaa228aa4 : 2 : ittapi_config_apply_per_lib :  ITTAPI function NOT instrumented (not matched by --itt-config option): __itt_notify_sync_prepare

373979 : 0x1bf6eaa22ab8a : 2 : ittapi_config_apply_per_lib :  ITTAPI function NOT instrumented (not matched by --itt-config option): __itt_notify_sync_cancel

373979 : 0x1bf6eaa22cb12 : 2 : ittapi_config_apply_per_lib :  ITTAPI function NOT instrumented (not matched by --itt-config option): __itt_notify_sync_acquired

373979 : 0x1bf6eaa22eaec : 2 : ittapi_config_apply_per_lib :  ITTAPI function NOT instrumented (not matched by --itt-config option): __itt_notify_sync_releasing

373979 : 0x1bf6eaa244b70 : 2 : ittapi_config_apply_per_lib :  ITTAPI function not implemented: __itt_memory_read
373979 : 0x1bf6eaa247985 : 2 : ittapi_config_apply_per_lib :  ITTAPI function not implemented: __itt_memory_write
373979 : 0x1bf6eaa24a0d0 : 2 : ittapi_config_apply_per_lib :  ITTAPI function not implemented: __itt_memory_update
373979 : 0x1bf6eaa24cafc : 2 : ittapi_config_apply_per_lib :  ITTAPI function not implemented: __itt_state_get
373979 : 0x1bf6eaa24f139 : 2 : ittapi_config_apply_per_lib :  ITTAPI function not implemented: __itt_state_set
373979 : 0x1bf6eaa251960 : 2 : ittapi_config_apply_per_lib :  ITTAPI function not implemented: __itt_obj_mode_set
373979 : 0x1bf6eaa2541b8 : 2 : ittapi_config_apply_per_lib :  ITTAPI function not implemented: __itt_thr_mode_set
373979 : 0x1bf6eaa256653 : 2 : ittapi_config_apply_per_lib :  ITTAPI function instrumented: __itt_frame_create
373979 : 0x1bf6eaa258a66 : 2 : ittapi_config_apply_per_lib :  ITTAPI function instrumented: __itt_pt_region_create
373979 : 0x1bf6eaa25aff4 : 2 : ittapi_config_apply_per_lib :  ITTAPI function instrumented: __itt_frame_begin
373979 : 0x1bf6eaa268ed5 : 2 : ittapi_config_apply_per_lib :  ITTAPI function instrumented: __itt_frame_end
373979 : 0x1bf6eaa26bcfa : 2 : ittapi_config_apply_per_lib :  ITTAPI function not implemented: __itt_counter_destroy
373979 : 0x1bf6eaa26e4c7 : 2 : ittapi_config_apply_per_lib :  ITTAPI function instrumented: __itt_counter_inc
373979 : 0x1bf6eaa270c87 : 2 : ittapi_config_apply_per_lib :  ITTAPI function instrumented: __itt_counter_inc_delta
373979 : 0x1bf6eaa2731cd : 2 : ittapi_config_apply_per_lib :  ITTAPI function instrumented: __itt_counter_dec
373979 : 0x1bf6eaa2757d0 : 2 : ittapi_config_apply_per_lib :  ITTAPI function instrumented: __itt_counter_dec_delta
373979 : 0x1bf6eaa277cb3 : 2 : ittapi_config_apply_per_lib :  ITTAPI function instrumented: __itt_counter_set_value
373979 : 0x1bf6eaa27a563 : 2 : ittapi_config_apply_per_lib :  ITTAPI function not implemented: __itt_counter_set_value_ex
373979 : 0x1bf6eaa27cb91 : 2 : ittapi_config_apply_per_lib :  ITTAPI function not implemented: __itt_mark_create
373979 : 0x1bf6eaa27f31f : 2 : ittapi_config_apply_per_lib :  ITTAPI function not implemented: __itt_mark
373979 : 0x1bf6eaa28cbe0 : 2 : ittapi_config_apply_per_lib :  ITTAPI function not implemented: __itt_mark_off
373979 : 0x1bf6eaa28f4ef : 2 : ittapi_config_apply_per_lib :  ITTAPI function not implemented: __itt_mark_global
373979 : 0x1bf6eaa291c1b : 2 : ittapi_config_apply_per_lib :  ITTAPI function not implemented: __itt_mark_global_off
373979 : 0x1bf6eaa293e83 : 2 : ittapi_config_apply_per_lib :  ITTAPI function NOT instrumented (not matched by --itt-config option): __itt_stack_caller_create

373979 : 0x1bf6eaa296012 : 2 : ittapi_config_apply_per_lib :  ITTAPI function NOT instrumented (not matched by --itt-config option): __itt_stack_caller_destroy

373979 : 0x1bf6eaa2981ba : 2 : ittapi_config_apply_per_lib :  ITTAPI function NOT instrumented (not matched by --itt-config option): __itt_stack_callee_enter

373979 : 0x1bf6eaa29a188 : 2 : ittapi_config_apply_per_lib :  ITTAPI function NOT instrumented (not matched by --itt-config option): __itt_stack_callee_leave

373979 : 0x1bf6eaa29c972 : 2 : ittapi_config_apply_per_lib :  ITTAPI function not implemented: __itt_clock_domain_create
373979 : 0x1bf6eaa29f285 : 2 : ittapi_config_apply_per_lib :  ITTAPI function not implemented: __itt_clock_domain_reset
373979 : 0x1bf6eaa2a1a7e : 2 : ittapi_config_apply_per_lib :  ITTAPI function not implemented: __itt_id_create_ex
373979 : 0x1bf6eaa2b3e58 : 2 : ittapi_config_apply_per_lib :  ITTAPI function not implemented: __itt_id_destroy_ex
373979 : 0x1bf6eaa2b6ada : 2 : ittapi_config_apply_per_lib :  ITTAPI function not implemented: __itt_task_begin_ex
373979 : 0x1bf6eaa2b9288 : 2 : ittapi_config_apply_per_lib :  ITTAPI function not implemented: __itt_task_begin_fn_ex
373979 : 0x1bf6eaa2bba2a : 2 : ittapi_config_apply_per_lib :  ITTAPI function not implemented: __itt_task_end_ex
373979 : 0x1bf6eaa2be0a0 : 2 : ittapi_config_apply_per_lib :  ITTAPI function instrumented: __itt_task_begin_overlapped
373979 : 0x1bf6eaa2c0957 : 2 : ittapi_config_apply_per_lib :  ITTAPI function not implemented: __itt_task_begin_overlapped_ex
373979 : 0x1bf6eaa2c2fef : 2 : ittapi_config_apply_per_lib :  ITTAPI function instrumented: __itt_task_end_overlapped
373979 : 0x1bf6eaa2c5912 : 2 : ittapi_config_apply_per_lib :  ITTAPI function not implemented: __itt_task_end_overlapped_ex
373979 : 0x1bf6eaa2c7fc3 : 2 : ittapi_config_apply_per_lib :  ITTAPI function not implemented: __itt_marker_ex
373979 : 0x1bf6eaa2ca931 : 2 : ittapi_config_apply_per_lib :  ITTAPI function not implemented: __itt_metadata_add_with_scope
373979 : 0x1bf6eaa2d8c4e : 2 : ittapi_config_apply_per_lib :  ITTAPI function not implemented: __itt_metadata_str_add_with_scope
373979 : 0x1bf6eaa2db71c : 2 : ittapi_config_apply_per_lib :  ITTAPI function not implemented: __itt_relation_add_to_current_ex
373979 : 0x1bf6eaa2ddf8a : 2 : ittapi_config_apply_per_lib :  ITTAPI function not implemented: __itt_relation_add_ex
373979 : 0x1bf6eaa2e06ec : 2 : ittapi_config_apply_per_lib :  ITTAPI function not implemented: __itt_track_group_create
373979 : 0x1bf6eaa2e2c90 : 2 : ittapi_config_apply_per_lib :  ITTAPI function not implemented: __itt_track_create
373979 : 0x1bf6eaa2e550c : 2 : ittapi_config_apply_per_lib :  ITTAPI function not implemented: __itt_set_track
373979 : 0x1bf6eaa2eb82b : 2 : ittapi_config_apply_per_lib :  ITTAPI function instrumented: __itt_api_version
373979 : 0x1bf6eaa2ee05c : 2 : ittapi_config_apply_per_lib :  ITTAPI function not implemented: __itt_av_save
373979 : 0x1bf6eaa2f0682 : 2 : ittapi_config_apply_per_lib :  ITTAPI function instrumented: __itt_module_load
373979 : 0x1bf6eaa2f2e18 : 2 : ittapi_config_apply_per_lib :  ITTAPI function not implemented: __itt_module_unload
373979 : 0x1bf6eaa3008a0 : 2 : ittapi_config_apply_per_lib :  ITTAPI function NOT instrumented (not matched by --itt-config option): __itt_histogram_submit

373979 : 0x1bf6eaa55df9a : 2 : ittapi_config_mask_get :  --itt-config mask to be applied: 39
373979 : 0x1bf6eaa5622a7 : 2 : ittapi_config_apply_per_lib :  ITTAPI function instrumented: __itt_domain_create
373979 : 0x1bf6eaa564c7a : 2 : ittapi_config_apply_per_lib :  ITTAPI function instrumented: __itt_module_load_with_sections
373979 : 0x1bf6eaa567a34 : 2 : ittapi_config_apply_per_lib :  ITTAPI function not implemented: __itt_module_unload_with_sections
373979 : 0x1bf6eaa56a0e8 : 2 : ittapi_config_apply_per_lib :  ITTAPI function instrumented: __itt_string_handle_create
373979 : 0x1bf6eaa56c5c7 : 2 : ittapi_config_apply_per_lib :  ITTAPI function instrumented: __itt_counter_create
373979 : 0x1bf6eaa56e9f3 : 2 : ittapi_config_apply_per_lib :  ITTAPI function instrumented: __itt_counter_create_typed
373979 : 0x1bf6eaa5710cc : 2 : ittapi_config_apply_per_lib :  ITTAPI function instrumented: __itt_pause
373979 : 0x1bf6eaa57373e : 2 : ittapi_config_apply_per_lib :  ITTAPI function instrumented: __itt_resume
373979 : 0x1bf6eaa585ecc : 2 : ittapi_config_apply_per_lib :  ITTAPI function instrumented: __itt_thread_set_name
373979 : 0x1bf6eaa5887ea : 2 : ittapi_config_apply_per_lib :  ITTAPI function instrumented: __itt_thread_ignore
373979 : 0x1bf6eaa58af6e : 2 : ittapi_config_apply_per_lib :  ITTAPI function instrumented: __itt_thr_name_set
373979 : 0x1bf6eaa58d493 : 2 : ittapi_config_apply_per_lib :  ITTAPI function instrumented: __itt_thr_ignore
373979 : 0x1bf6eaa58ffa6 : 2 : ittapi_config_apply_per_lib :  ITTAPI function not implemented: __itt_enable_attach
373979 : 0x1bf6eaa5926f8 : 2 : ittapi_config_apply_per_lib :  ITTAPI function instrumented: __itt_detach
373979 : 0x1bf6eaa594811 : 2 : ittapi_config_apply_per_lib :  ITTAPI function NOT instrumented (not matched by --itt-config option): __itt_sync_create

373979 : 0x1bf6eaa596b07 : 2 : ittapi_config_apply_per_lib :  ITTAPI function NOT instrumented (not matched by --itt-config option): __itt_sync_rename

373979 : 0x1bf6eaa598bfe : 2 : ittapi_config_apply_per_lib :  ITTAPI function NOT instrumented (not matched by --itt-config option): __itt_sync_destroy

373979 : 0x1bf6eaa59fb02 : 2 : ittapi_config_apply_per_lib :  ITTAPI function NOT instrumented (not matched by --itt-config option): __itt_sync_prepare

373979 : 0x1bf6eaa5b3e02 : 2 : ittapi_config_apply_per_lib :  ITTAPI function NOT instrumented (not matched by --itt-config option): __itt_sync_cancel

373979 : 0x1bf6eaa5b62cc : 2 : ittapi_config_apply_per_lib :  ITTAPI function NOT instrumented (not matched by --itt-config option): __itt_sync_acquired

373979 : 0x1bf6eaa5b82c8 : 2 : ittapi_config_apply_per_lib :  ITTAPI function NOT instrumented (not matched by --itt-config option): __itt_sync_releasing

373979 : 0x1bf6eaa5bb12b : 2 : ittapi_config_apply_per_lib :  ITTAPI function not implemented: __itt_suppress_push
373979 : 0x1bf6eaa5bded9 : 2 : ittapi_config_apply_per_lib :  ITTAPI function not implemented: __itt_suppress_pop
373979 : 0x1bf6eaa5c086b : 2 : ittapi_config_apply_per_lib :  ITTAPI function not implemented: __itt_suppress_mark_range
373979 : 0x1bf6eaa5c327e : 2 : ittapi_config_apply_per_lib :  ITTAPI function not implemented: __itt_suppress_clear_range
373979 : 0x1bf6eaa5c52e0 : 2 : ittapi_config_apply_per_lib :  ITTAPI function NOT instrumented (not matched by --itt-config option): __itt_sync_prepare

373979 : 0x1bf6eaa5c7427 : 2 : ittapi_config_apply_per_lib :  ITTAPI function NOT instrumented (not matched by --itt-config option): __itt_sync_cancel

373979 : 0x1bf6eaa5c9404 : 2 : ittapi_config_apply_per_lib :  ITTAPI function NOT instrumented (not matched by --itt-config option): __itt_sync_acquired

373979 : 0x1bf6eaa5dd6b3 : 2 : ittapi_config_apply_per_lib :  ITTAPI function NOT instrumented (not matched by --itt-config option): __itt_sync_releasing

373979 : 0x1bf6eaa5dfbcc : 2 : ittapi_config_apply_per_lib :  ITTAPI function NOT instrumented (not matched by --itt-config option): __itt_model_site_begin

373979 : 0x1bf6eaa5e1d75 : 2 : ittapi_config_apply_per_lib :  ITTAPI function NOT instrumented (not matched by --itt-config option): __itt_model_site_end

373979 : 0x1bf6eaa5e3db7 : 2 : ittapi_config_apply_per_lib :  ITTAPI function NOT instrumented (not matched by --itt-config option): __itt_model_task_begin

373979 : 0x1bf6eaa5e5da1 : 2 : ittapi_config_apply_per_lib :  ITTAPI function NOT instrumented (not matched by --itt-config option): __itt_model_task_end

373979 : 0x1bf6eaa5e7d9e : 2 : ittapi_config_apply_per_lib :  ITTAPI function NOT instrumented (not matched by --itt-config option): __itt_model_lock_acquire

373979 : 0x1bf6eaa5e9f9e : 2 : ittapi_config_apply_per_lib :  ITTAPI function NOT instrumented (not matched by --itt-config option): __itt_model_lock_release

373979 : 0x1bf6eaa5ebf67 : 2 : ittapi_config_apply_per_lib :  ITTAPI function NOT instrumented (not matched by --itt-config option): __itt_model_record_allocation

373979 : 0x1bf6eaa5eded1 : 2 : ittapi_config_apply_per_lib :  ITTAPI function NOT instrumented (not matched by --itt-config option): __itt_model_record_deallocation

373979 : 0x1bf6eaa5efe32 : 2 : ittapi_config_apply_per_lib :  ITTAPI function NOT instrumented (not matched by --itt-config option): __itt_model_induction_uses

373979 : 0x1bf6eaa606cb1 : 2 : ittapi_config_apply_per_lib :  ITTAPI function NOT instrumented (not matched by --itt-config option): __itt_model_reduction_uses

373979 : 0x1bf6eaa6092c2 : 2 : ittapi_config_apply_per_lib :  ITTAPI function NOT instrumented (not matched by --itt-config option): __itt_model_observe_uses

373979 : 0x1bf6eaa60b343 : 2 : ittapi_config_apply_per_lib :  ITTAPI function NOT instrumented (not matched by --itt-config option): __itt_model_clear_uses

373979 : 0x1bf6eaa60d3f4 : 2 : ittapi_config_apply_per_lib :  ITTAPI function NOT instrumented (not matched by --itt-config option): __itt_model_site_beginA

373979 : 0x1bf6eaa60f493 : 2 : ittapi_config_apply_per_lib :  ITTAPI function NOT instrumented (not matched by --itt-config option): __itt_model_site_beginAL

373979 : 0x1bf6eaa6113e9 : 2 : ittapi_config_apply_per_lib :  ITTAPI function NOT instrumented (not matched by --itt-config option): __itt_model_task_beginA

373979 : 0x1bf6eaa6133db : 2 : ittapi_config_apply_per_lib :  ITTAPI function NOT instrumented (not matched by --itt-config option): __itt_model_task_beginAL

373979 : 0x1bf6eaa6153f6 : 2 : ittapi_config_apply_per_lib :  ITTAPI function NOT instrumented (not matched by --itt-config option): __itt_model_iteration_taskA

373979 : 0x1bf6eaa617363 : 2 : ittapi_config_apply_per_lib :  ITTAPI function NOT instrumented (not matched by --itt-config option): __itt_model_iteration_taskAL

373979 : 0x1bf6eaa6192bf : 2 : ittapi_config_apply_per_lib :  ITTAPI function NOT instrumented (not matched by --itt-config option): __itt_model_site_end_2

373979 : 0x1bf6eaa629818 : 2 : ittapi_config_apply_per_lib :  ITTAPI function NOT instrumented (not matched by --itt-config option): __itt_model_task_end_2

373979 : 0x1bf6eaa62bac1 : 2 : ittapi_config_apply_per_lib :  ITTAPI function NOT instrumented (not matched by --itt-config option): __itt_model_lock_acquire_2

373979 : 0x1bf6eaa62db96 : 2 : ittapi_config_apply_per_lib :  ITTAPI function NOT instrumented (not matched by --itt-config option): __itt_model_lock_release_2

373979 : 0x1bf6eaa62fb98 : 2 : ittapi_config_apply_per_lib :  ITTAPI function NOT instrumented (not matched by --itt-config option): __itt_model_aggregate_task

373979 : 0x1bf6eaa631be8 : 2 : ittapi_config_apply_per_lib :  ITTAPI function NOT instrumented (not matched by --itt-config option): __itt_model_disable_push

373979 : 0x1bf6eaa633b34 : 2 : ittapi_config_apply_per_lib :  ITTAPI function NOT instrumented (not matched by --itt-config option): __itt_model_disable_pop

373979 : 0x1bf6eaa63653f : 2 : ittapi_config_apply_per_lib :  ITTAPI function instrumented: __itt_heap_function_create
373979 : 0x1bf6eaa638c77 : 2 : ittapi_config_apply_per_lib :  ITTAPI function instrumented: __itt_heap_allocate_begin
373979 : 0x1bf6eaa63b111 : 2 : ittapi_config_apply_per_lib :  ITTAPI function instrumented: __itt_heap_allocate_end
373979 : 0x1bf6eaa63d691 : 2 : ittapi_config_apply_per_lib :  ITTAPI function instrumented: __itt_heap_free_begin
373979 : 0x1bf6eaa64b350 : 2 : ittapi_config_apply_per_lib :  ITTAPI function instrumented: __itt_heap_free_end
373979 : 0x1bf6eaa64dc7f : 2 : ittapi_config_apply_per_lib :  ITTAPI function instrumented: __itt_heap_reallocate_begin
373979 : 0x1bf6eaa650138 : 2 : ittapi_config_apply_per_lib :  ITTAPI function instrumented: __itt_heap_reallocate_end
373979 : 0x1bf6eaa652bc0 : 2 : ittapi_config_apply_per_lib :  ITTAPI function not implemented: __itt_heap_internal_access_begin
373979 : 0x1bf6eaa655366 : 2 : ittapi_config_apply_per_lib :  ITTAPI function not implemented: __itt_heap_internal_access_end
373979 : 0x1bf6eaa657b9c : 2 : ittapi_config_apply_per_lib :  ITTAPI function not implemented: __itt_heap_record_memory_growth_begin
373979 : 0x1bf6eaa65a46c : 2 : ittapi_config_apply_per_lib :  ITTAPI function not implemented: __itt_heap_record_memory_growth_end
373979 : 0x1bf6eaa65cc08 : 2 : ittapi_config_apply_per_lib :  ITTAPI function not implemented: __itt_heap_reset_detection
373979 : 0x1bf6eaa65f4f3 : 2 : ittapi_config_apply_per_lib :  ITTAPI function not implemented: __itt_heap_record
373979 : 0x1bf6eaa661c69 : 2 : ittapi_config_apply_per_lib :  ITTAPI function not implemented: __itt_id_create
373979 : 0x1bf6eaa67481c : 2 : ittapi_config_apply_per_lib :  ITTAPI function not implemented: __itt_id_destroy
373979 : 0x1bf6eaa6773b8 : 2 : ittapi_config_apply_per_lib :  ITTAPI function instrumented: __itt_get_timestamp
373979 : 0x1bf6eaa679b97 : 2 : ittapi_config_apply_per_lib :  ITTAPI function not implemented: __itt_region_begin
373979 : 0x1bf6eaa67c375 : 2 : ittapi_config_apply_per_lib :  ITTAPI function not implemented: __itt_region_end
373979 : 0x1bf6eaa67ea36 : 2 : ittapi_config_apply_per_lib :  ITTAPI function instrumented: __itt_frame_begin_v3
373979 : 0x1bf6eaa6810f5 : 2 : ittapi_config_apply_per_lib :  ITTAPI function instrumented: __itt_frame_end_v3
373979 : 0x1bf6eaa6836f2 : 2 : ittapi_config_apply_per_lib :  ITTAPI function instrumented: __itt_frame_submit_v3
373979 : 0x1bf6eaa685f41 : 2 : ittapi_config_apply_per_lib :  ITTAPI function not implemented: __itt_task_group
373979 : 0x1bf6eaa6886af : 2 : ittapi_config_apply_per_lib :  ITTAPI function instrumented: __itt_task_begin
373979 : 0x1bf6eaa68ac1f : 2 : ittapi_config_apply_per_lib :  ITTAPI function instrumented: __itt_task_begin_fn
373979 : 0x1bf6eaa698da3 : 2 : ittapi_config_apply_per_lib :  ITTAPI function instrumented: __itt_task_end
373979 : 0x1bf6eaa69bc90 : 2 : ittapi_config_apply_per_lib :  ITTAPI function not implemented: __itt_counter_inc_v3
373979 : 0x1bf6eaa69e67a : 2 : ittapi_config_apply_per_lib :  ITTAPI function not implemented: __itt_counter_inc_delta_v3
373979 : 0x1bf6eaa6a0dec : 2 : ittapi_config_apply_per_lib :  ITTAPI function not implemented: __itt_counter_dec_v3
373979 : 0x1bf6eaa6a360e : 2 : ittapi_config_apply_per_lib :  ITTAPI function not implemented: __itt_counter_dec_delta_v3
373979 : 0x1bf6eaa6a5dee : 2 : ittapi_config_apply_per_lib :  ITTAPI function not implemented: __itt_marker
373979 : 0x1bf6eaa6a83b5 : 2 : ittapi_config_apply_per_lib :  ITTAPI function instrumented: __itt_metadata_add
373979 : 0x1bf6eaa6aabe6 : 2 : ittapi_config_apply_per_lib :  ITTAPI function not implemented: __itt_metadata_str_add
373979 : 0x1bf6eaa6ad214 : 2 : ittapi_config_apply_per_lib :  ITTAPI function not implemented: __itt_relation_add_to_current
373979 : 0x1bf6eaa6af8e1 : 2 : ittapi_config_apply_per_lib :  ITTAPI function not implemented: __itt_relation_add
373979 : 0x1bf6eaa6bcfc6 : 2 : ittapi_config_apply_per_lib :  ITTAPI function instrumented: __itt_event_create
373979 : 0x1bf6eaa6bf902 : 2 : ittapi_config_apply_per_lib :  ITTAPI function instrumented: __itt_event_start
373979 : 0x1bf6eaa6c1fc6 : 2 : ittapi_config_apply_per_lib :  ITTAPI function instrumented: __itt_event_end
373979 : 0x1bf6eaa6c4024 : 2 : ittapi_config_apply_per_lib :  ITTAPI function NOT instrumented (not matched by --itt-config option): __itt_sync_set_name

373979 : 0x1bf6eaa6c63a1 : 2 : ittapi_config_apply_per_lib :  ITTAPI function NOT instrumented (not matched by --itt-config option): __itt_notify_sync_name

373979 : 0x1bf6eaa6c84c7 : 2 : ittapi_config_apply_per_lib :  ITTAPI function NOT instrumented (not matched by --itt-config option): __itt_notify_sync_prepare

373979 : 0x1bf6eaa6ca517 : 2 : ittapi_config_apply_per_lib :  ITTAPI function NOT instrumented (not matched by --itt-config option): __itt_notify_sync_cancel

373979 : 0x1bf6eaa6cc467 : 2 : ittapi_config_apply_per_lib :  ITTAPI function NOT instrumented (not matched by --itt-config option): __itt_notify_sync_acquired

373979 : 0x1bf6eaa6ce4a7 : 2 : ittapi_config_apply_per_lib :  ITTAPI function NOT instrumented (not matched by --itt-config option): __itt_notify_sync_releasing

373979 : 0x1bf6eaa6d0cfb : 2 : ittapi_config_apply_per_lib :  ITTAPI function not implemented: __itt_memory_read
373979 : 0x1bf6eaa6de6ac : 2 : ittapi_config_apply_per_lib :  ITTAPI function not implemented: __itt_memory_write
373979 : 0x1bf6eaa6e116a : 2 : ittapi_config_apply_per_lib :  ITTAPI function not implemented: __itt_memory_update
373979 : 0x1bf6eaa6e3a2a : 2 : ittapi_config_apply_per_lib :  ITTAPI function not implemented: __itt_state_get
373979 : 0x1bf6eaa6e6207 : 2 : ittapi_config_apply_per_lib :  ITTAPI function not implemented: __itt_state_set
373979 : 0x1bf6eaa6e89ba : 2 : ittapi_config_apply_per_lib :  ITTAPI function not implemented: __itt_obj_mode_set
373979 : 0x1bf6eaa6eb1bf : 2 : ittapi_config_apply_per_lib :  ITTAPI function not implemented: __itt_thr_mode_set
373979 : 0x1bf6eaa6ed5a4 : 2 : ittapi_config_apply_per_lib :  ITTAPI function instrumented: __itt_frame_create
373979 : 0x1bf6eaa6ef997 : 2 : ittapi_config_apply_per_lib :  ITTAPI function instrumented: __itt_pt_region_create
373979 : 0x1bf6eaa6f2021 : 2 : ittapi_config_apply_per_lib :  ITTAPI function instrumented: __itt_frame_begin
373979 : 0x1bf6eaa6f4583 : 2 : ittapi_config_apply_per_lib :  ITTAPI function instrumented: __itt_frame_end
373979 : 0x1bf6eaa70682c : 2 : ittapi_config_apply_per_lib :  ITTAPI function not implemented: __itt_counter_destroy
373979 : 0x1bf6eaa709258 : 2 : ittapi_config_apply_per_lib :  ITTAPI function instrumented: __itt_counter_inc
373979 : 0x1bf6eaa70b916 : 2 : ittapi_config_apply_per_lib :  ITTAPI function instrumented: __itt_counter_inc_delta
373979 : 0x1bf6eaa70dcc9 : 2 : ittapi_config_apply_per_lib :  ITTAPI function instrumented: __itt_counter_dec
373979 : 0x1bf6eaa710339 : 2 : ittapi_config_apply_per_lib :  ITTAPI function instrumented: __itt_counter_dec_delta
373979 : 0x1bf6eaa71286d : 2 : ittapi_config_apply_per_lib :  ITTAPI function instrumented: __itt_counter_set_value
373979 : 0x1bf6eaa714f55 : 2 : ittapi_config_apply_per_lib :  ITTAPI function not implemented: __itt_counter_set_value_ex
373979 : 0x1bf6eaa71756f : 2 : ittapi_config_apply_per_lib :  ITTAPI function not implemented: __itt_mark_create
373979 : 0x1bf6eaa719e8a : 2 : ittapi_config_apply_per_lib :  ITTAPI function not implemented: __itt_mark
373979 : 0x1bf6eaa71c6fa : 2 : ittapi_config_apply_per_lib :  ITTAPI function not implemented: __itt_mark_off
373979 : 0x1bf6eaa72a7f9 : 2 : ittapi_config_apply_per_lib :  ITTAPI function not implemented: __itt_mark_global
373979 : 0x1bf6eaa72d1dd : 2 : ittapi_config_apply_per_lib :  ITTAPI function not implemented: __itt_mark_global_off
373979 : 0x1bf6eaa72f474 : 2 : ittapi_config_apply_per_lib :  ITTAPI function NOT instrumented (not matched by --itt-config option): __itt_stack_caller_create

373979 : 0x1bf6eaa7316a8 : 2 : ittapi_config_apply_per_lib :  ITTAPI function NOT instrumented (not matched by --itt-config option): __itt_stack_caller_destroy

373979 : 0x1bf6eaa7337d8 : 2 : ittapi_config_apply_per_lib :  ITTAPI function NOT instrumented (not matched by --itt-config option): __itt_stack_callee_enter

373979 : 0x1bf6eaa73581c : 2 : ittapi_config_apply_per_lib :  ITTAPI function NOT instrumented (not matched by --itt-config option): __itt_stack_callee_leave

373979 : 0x1bf6eaa737f67 : 2 : ittapi_config_apply_per_lib :  ITTAPI function not implemented: __itt_clock_domain_create
373979 : 0x1bf6eaa73a83a : 2 : ittapi_config_apply_per_lib :  ITTAPI function not implemented: __itt_clock_domain_reset
373979 : 0x1bf6eaa73cfcc : 2 : ittapi_config_apply_per_lib :  ITTAPI function not implemented: __itt_id_create_ex
373979 : 0x1bf6eaa73f8cf : 2 : ittapi_config_apply_per_lib :  ITTAPI function not implemented: __itt_id_destroy_ex
373979 : 0x1bf6eaa74d4cb : 2 : ittapi_config_apply_per_lib :  ITTAPI function not implemented: __itt_task_begin_ex
373979 : 0x1bf6eaa74fe79 : 2 : ittapi_config_apply_per_lib :  ITTAPI function not implemented: __itt_task_begin_fn_ex
373979 : 0x1bf6eaa752788 : 2 : ittapi_config_apply_per_lib :  ITTAPI function not implemented: __itt_task_end_ex
373979 : 0x1bf6eaa754d75 : 2 : ittapi_config_apply_per_lib :  ITTAPI function instrumented: __itt_task_begin_overlapped
373979 : 0x1bf6eaa7575a4 : 2 : ittapi_config_apply_per_lib :  ITTAPI function not implemented: __itt_task_begin_overlapped_ex
373979 : 0x1bf6eaa759b77 : 2 : ittapi_config_apply_per_lib :  ITTAPI function instrumented: __itt_task_end_overlapped
373979 : 0x1bf6eaa75c574 : 2 : ittapi_config_apply_per_lib :  ITTAPI function not implemented: __itt_task_end_overlapped_ex
373979 : 0x1bf6eaa75ec20 : 2 : ittapi_config_apply_per_lib :  ITTAPI function not implemented: __itt_marker_ex
373979 : 0x1bf6eaa76148a : 2 : ittapi_config_apply_per_lib :  ITTAPI function not implemented: __itt_metadata_add_with_scope
373979 : 0x1bf6eaa763e50 : 2 : ittapi_config_apply_per_lib :  ITTAPI function not implemented: __itt_metadata_str_add_with_scope
373979 : 0x1bf6eaa776024 : 2 : ittapi_config_apply_per_lib :  ITTAPI function not implemented: __itt_relation_add_to_current_ex
373979 : 0x1bf6eaa778bc0 : 2 : ittapi_config_apply_per_lib :  ITTAPI function not implemented: __itt_relation_add_ex
373979 : 0x1bf6eaa77b33c : 2 : ittapi_config_apply_per_lib :  ITTAPI function not implemented: __itt_track_group_create
373979 : 0x1bf6eaa77d87c : 2 : ittapi_config_apply_per_lib :  ITTAPI function not implemented: __itt_track_create
373979 : 0x1bf6eaa7800b7 : 2 : ittapi_config_apply_per_lib :  ITTAPI function not implemented: __itt_set_track
373979 : 0x1bf6eaa782780 : 2 : ittapi_config_apply_per_lib :  ITTAPI function instrumented: __itt_api_version
373979 : 0x1bf6eaa784f63 : 2 : ittapi_config_apply_per_lib :  ITTAPI function not implemented: __itt_av_save
373979 : 0x1bf6eaa7875ed : 2 : ittapi_config_apply_per_lib :  ITTAPI function instrumented: __itt_module_load
373979 : 0x1bf6eaa789d2b : 2 : ittapi_config_apply_per_lib :  ITTAPI function not implemented: __itt_module_unload