11 [4130658048] INFO perfrun.launcher <> - Launcher main begin
24 [4130658048] INFO perfrun.launcher <> - MessageCatalogInit finished
24 [4130658048] INFO perfrun.launcher <> - Launcher instance created
24 [4130658048] INFO perfrun.launcher <> - argc = 6; cmdline = /opt/intel/oneapi/vtune/2023.0.0/bin32/amplxe-runss -dump-vdso -r /tmp/amplxe-tmp-le34xoh/amplxe-res-477899-521684642227060 --tmp-dir /tmp/amplxe-tmp-le34xoh 
31 [4130658048] INFO perfrun.launcher <> - create msngr2::ICliToolContext
32 [4130658048] INFO perfrun.launcher <> - create file finder object
32 [4129909568] INFO perfrun.launcher <> - plugin [remoteplug] was disabled because it doesn't support the given collection type.
32 [4129909568] INFO perfrun.launcher <> - plugin [] was disabled because it doesn't support the given collection type.
32 [4129909568] INFO perfrun.vdso <> - dumping [vdso] pseudomodule
40 [4129909568] INFO perfrun.launcher <> - plugin [] was disabled because it doesn't support the given collection type.
40 [4129909568] INFO perfrun.launcher <> - plugin [] was disabled because it doesn't support the given collection type.
40 [4129909568] INFO perfrun.launcher <> - plugin [] was disabled because it doesn't support the given collection type.
40 [4129909568] INFO perfrun.launcher <> - plugin [] was disabled because it doesn't support the given collection type.
40 [4129909568] INFO perfrun.launcher <> - plugin [] was disabled because it doesn't support the given collection type.
40 [4129909568] INFO perfrun.launcher <> - plugin [] was disabled because it doesn't support the given collection type.
40 [4129909568] INFO perfrun.launcher <> - plugin [] was disabled because it doesn't support the given collection type.
40 [4129909568] INFO perfrun.launcher <> - plugin [] was disabled because it doesn't support the given collection type.
40 [4129909568] INFO perfrun.launcher <> - plugin [] was disabled because it doesn't support the given collection type.
40 [4129909568] INFO perfrun.launcher <> - plugin [] was disabled because it doesn't support the given collection type.
40 [4129909568] INFO perfrun.launcher <> - plugin [] was disabled because it doesn't support the given collection type.
40 [4129909568] INFO perfrun.launcher <> - plugin [] was disabled because it doesn't support the given collection type.
40 [4129909568] INFO perfrun.launcher <> - plugin [] was disabled because it doesn't support the given collection type.
40 [4129909568] INFO perfrun.launcher <> - plugin [] was disabled because it doesn't support the given collection type.
40 [4129909568] INFO perfrun.launcher <> - plugin [] was disabled because it doesn't support the given collection type.
40 [4129909568] INFO perfrun.launcher <> - plugin [] was disabled because it doesn't support the given collection type.
40 [4129909568] INFO perfrun.launcher <> - plugin [] was disabled because it doesn't support the given collection type.
40 [4129909568] INFO perfrun.launcher <> - plugin [] was disabled because it doesn't support the given collection type.
41 [4129909568] INFO perfrun.launcher <> - plugin [] was disabled because it doesn't support the given collection type.
41 [4129909568] INFO perfrun.launcher <> - plugin [] was disabled because it doesn't support the given collection type.
41 [4129909568] INFO perfrun.launcher <> - plugin [] was disabled because it doesn't support the given collection type.
41 [4129909568] INFO perfrun.launcher <> - plugin [] was disabled because it doesn't support the given collection type.
41 [4129909568] INFO perfrun.launcher <> - plugin [] was disabled because it doesn't support the given collection type.
41 [4129909568] INFO perfrun.launcher <> - plugin [] was disabled because it doesn't support the given collection type.
41 [4130658048] INFO perfrun.launcher <> - Application exit code: 0
41 [4130658048] INFO perfrun.launcher <> - Exit code: 0
