13 [4130531072] INFO perfrun.launcher <> - Launcher main begin
25 [4130531072] INFO perfrun.launcher <> - MessageCatalogInit finished
25 [4130531072] INFO perfrun.launcher <> - Launcher instance created
25 [4130531072] INFO perfrun.launcher <> - argc = 6; cmdline = /opt/intel/oneapi/vtune/2023.0.0/bin32/amplxe-runss -dump-vdso -r /tmp/amplxe-tmp-le34xoh/amplxe-res-272150-313894312223003 --tmp-dir /tmp/amplxe-tmp-le34xoh 
41 [4130531072] INFO perfrun.launcher <> - create msngr2::ICliToolContext
42 [4130531072] INFO perfrun.launcher <> - create file finder object
42 [4129782592] INFO perfrun.launcher <> - plugin [remoteplug] was disabled because it doesn't support the given collection type.
42 [4129782592] INFO perfrun.launcher <> - plugin [] was disabled because it doesn't support the given collection type.
42 [4129782592] INFO perfrun.vdso <> - dumping [vdso] pseudomodule
47 [4129782592] INFO perfrun.launcher <> - plugin [] was disabled because it doesn't support the given collection type.
47 [4129782592] INFO perfrun.launcher <> - plugin [] was disabled because it doesn't support the given collection type.
47 [4129782592] INFO perfrun.launcher <> - plugin [] was disabled because it doesn't support the given collection type.
47 [4129782592] INFO perfrun.launcher <> - plugin [] was disabled because it doesn't support the given collection type.
47 [4129782592] INFO perfrun.launcher <> - plugin [] was disabled because it doesn't support the given collection type.
47 [4129782592] INFO perfrun.launcher <> - plugin [] was disabled because it doesn't support the given collection type.
47 [4129782592] INFO perfrun.launcher <> - plugin [] was disabled because it doesn't support the given collection type.
47 [4129782592] INFO perfrun.launcher <> - plugin [] was disabled because it doesn't support the given collection type.
47 [4129782592] INFO perfrun.launcher <> - plugin [] was disabled because it doesn't support the given collection type.
47 [4129782592] INFO perfrun.launcher <> - plugin [] was disabled because it doesn't support the given collection type.
47 [4129782592] INFO perfrun.launcher <> - plugin [] was disabled because it doesn't support the given collection type.
47 [4129782592] INFO perfrun.launcher <> - plugin [] was disabled because it doesn't support the given collection type.
47 [4129782592] INFO perfrun.launcher <> - plugin [] was disabled because it doesn't support the given collection type.
47 [4129782592] INFO perfrun.launcher <> - plugin [] was disabled because it doesn't support the given collection type.
47 [4129782592] INFO perfrun.launcher <> - plugin [] was disabled because it doesn't support the given collection type.
47 [4129782592] INFO perfrun.launcher <> - plugin [] was disabled because it doesn't support the given collection type.
47 [4129782592] INFO perfrun.launcher <> - plugin [] was disabled because it doesn't support the given collection type.
47 [4129782592] INFO perfrun.launcher <> - plugin [] was disabled because it doesn't support the given collection type.
47 [4129782592] INFO perfrun.launcher <> - plugin [] was disabled because it doesn't support the given collection type.
47 [4129782592] INFO perfrun.launcher <> - plugin [] was disabled because it doesn't support the given collection type.
47 [4129782592] INFO perfrun.launcher <> - plugin [] was disabled because it doesn't support the given collection type.
47 [4129782592] INFO perfrun.launcher <> - plugin [] was disabled because it doesn't support the given collection type.
47 [4129782592] INFO perfrun.launcher <> - plugin [] was disabled because it doesn't support the given collection type.
47 [4129782592] INFO perfrun.launcher <> - plugin [] was disabled because it doesn't support the given collection type.
47 [4130531072] INFO perfrun.launcher <> - Application exit code: 0
47 [4130531072] INFO perfrun.launcher <> - Exit code: 0
