
429037 : 0x1cf521d1e1ce5 : 1 : spill_jit_data :  Jit agent is not initialized
429016 : 0x1cf521d1ecbea : 2 : ittapi_config_mask_get :  --itt-config mask to be applied: 39
429016 : 0x1cf521d1f447a : 2 : ittapi_config_apply_per_lib :  ITTAPI function instrumented: __itt_domain_create
429016 : 0x1cf521d1f6261 : 2 : ittapi_config_apply_per_lib :  ITTAPI function instrumented: __itt_module_load_with_sections
429016 : 0x1cf521d1f82bc : 2 : ittapi_config_apply_per_lib :  ITTAPI function not implemented: __itt_module_unload_with_sections
429016 : 0x1cf521d1fa136 : 2 : ittapi_config_apply_per_lib :  ITTAPI function instrumented: __itt_string_handle_create
429016 : 0x1cf521d1fb3da : 2 : ittapi_config_apply_per_lib :  ITTAPI function instrumented: __itt_counter_create
429016 : 0x1cf521d1fc664 : 2 : ittapi_config_apply_per_lib :  ITTAPI function instrumented: __itt_counter_create_typed
429016 : 0x1cf521d1fdd92 : 2 : ittapi_config_apply_per_lib :  ITTAPI function instrumented: __itt_pause
429016 : 0x1cf521d1ff136 : 2 : ittapi_config_apply_per_lib :  ITTAPI function instrumented: __itt_resume
429016 : 0x1cf521d20f68d : 2 : ittapi_config_apply_per_lib :  ITTAPI function instrumented: __itt_thread_set_name
429016 : 0x1cf521d210c79 : 2 : ittapi_config_apply_per_lib :  ITTAPI function instrumented: __itt_thread_ignore
429016 : 0x1cf521d21216c : 2 : ittapi_config_apply_per_lib :  ITTAPI function instrumented: __itt_thr_name_set
429016 : 0x1cf521d2134cb : 2 : ittapi_config_apply_per_lib :  ITTAPI function instrumented: __itt_thr_ignore
429016 : 0x1cf521d2147d6 : 2 : ittapi_config_apply_per_lib :  ITTAPI function instrumented: __itt_histogram_create
429016 : 0x1cf521d216377 : 2 : ittapi_config_apply_per_lib :  ITTAPI function not implemented: __itt_enable_attach
429016 : 0x1cf521d2176c0 : 2 : ittapi_config_apply_per_lib :  ITTAPI function instrumented: __itt_detach
429016 : 0x1cf521d218752 : 2 : ittapi_config_apply_per_lib :  ITTAPI function NOT instrumented (not matched by --itt-config option): __itt_sync_create

429016 : 0x1cf521d219a04 : 2 : ittapi_config_apply_per_lib :  ITTAPI function NOT instrumented (not matched by --itt-config option): __itt_sync_rename

429016 : 0x1cf521d21a9f3 : 2 : ittapi_config_apply_per_lib :  ITTAPI function NOT instrumented (not matched by --itt-config option): __itt_sync_destroy

429016 : 0x1cf521d222202 : 2 : ittapi_config_apply_per_lib :  ITTAPI function NOT instrumented (not matched by --itt-config option): __itt_sync_prepare

429016 : 0x1cf521d22342f : 2 : ittapi_config_apply_per_lib :  ITTAPI function NOT instrumented (not matched by --itt-config option): __itt_sync_cancel

429016 : 0x1cf521d224440 : 2 : ittapi_config_apply_per_lib :  ITTAPI function NOT instrumented (not matched by --itt-config option): __itt_sync_acquired

429016 : 0x1cf521d2253c9 : 2 : ittapi_config_apply_per_lib :  ITTAPI function NOT instrumented (not matched by --itt-config option): __itt_sync_releasing

429016 : 0x1cf521d226b0c : 2 : ittapi_config_apply_per_lib :  ITTAPI function not implemented: __itt_suppress_push
429016 : 0x1cf521d22824f : 2 : ittapi_config_apply_per_lib :  ITTAPI function not implemented: __itt_suppress_pop
429016 : 0x1cf521d22968e : 2 : ittapi_config_apply_per_lib :  ITTAPI function not implemented: __itt_suppress_mark_range
429016 : 0x1cf521d22ab68 : 2 : ittapi_config_apply_per_lib :  ITTAPI function not implemented: __itt_suppress_clear_range
429016 : 0x1cf521d22bb7b : 2 : ittapi_config_apply_per_lib :  ITTAPI function NOT instrumented (not matched by --itt-config option): __itt_sync_prepare

429016 : 0x1cf521d22cc01 : 2 : ittapi_config_apply_per_lib :  ITTAPI function NOT instrumented (not matched by --itt-config option): __itt_sync_cancel

429016 : 0x1cf521d2334d9 : 2 : ittapi_config_apply_per_lib :  ITTAPI function NOT instrumented (not matched by --itt-config option): __itt_sync_acquired

429016 : 0x1cf521d2345e5 : 2 : ittapi_config_apply_per_lib :  ITTAPI function NOT instrumented (not matched by --itt-config option): __itt_sync_releasing

429016 : 0x1cf521d2356b0 : 2 : ittapi_config_apply_per_lib :  ITTAPI function NOT instrumented (not matched by --itt-config option): __itt_model_site_begin

429016 : 0x1cf521d2366b9 : 2 : ittapi_config_apply_per_lib :  ITTAPI function NOT instrumented (not matched by --itt-config option): __itt_model_site_end

429016 : 0x1cf521d2376a3 : 2 : ittapi_config_apply_per_lib :  ITTAPI function NOT instrumented (not matched by --itt-config option): __itt_model_task_begin

429016 : 0x1cf521d23861b : 2 : ittapi_config_apply_per_lib :  ITTAPI function NOT instrumented (not matched by --itt-config option): __itt_model_task_end

429016 : 0x1cf521d2395cf : 2 : ittapi_config_apply_per_lib :  ITTAPI function NOT instrumented (not matched by --itt-config option): __itt_model_lock_acquire

429016 : 0x1cf521d23a6b4 : 2 : ittapi_config_apply_per_lib :  ITTAPI function NOT instrumented (not matched by --itt-config option): __itt_model_lock_release

429016 : 0x1cf521d23b62e : 2 : ittapi_config_apply_per_lib :  ITTAPI function NOT instrumented (not matched by --itt-config option): __itt_model_record_allocation

429016 : 0x1cf521d23c561 : 2 : ittapi_config_apply_per_lib :  ITTAPI function NOT instrumented (not matched by --itt-config option): __itt_model_record_deallocation

429016 : 0x1cf521d2482f4 : 2 : ittapi_config_apply_per_lib :  ITTAPI function NOT instrumented (not matched by --itt-config option): __itt_model_induction_uses

429016 : 0x1cf521d2496b8 : 2 : ittapi_config_apply_per_lib :  ITTAPI function NOT instrumented (not matched by --itt-config option): __itt_model_reduction_uses

429016 : 0x1cf521d24a6a0 : 2 : ittapi_config_apply_per_lib :  ITTAPI function NOT instrumented (not matched by --itt-config option): __itt_model_observe_uses

429016 : 0x1cf521d24b700 : 2 : ittapi_config_apply_per_lib :  ITTAPI function NOT instrumented (not matched by --itt-config option): __itt_model_clear_uses

429016 : 0x1cf521d24c6de : 2 : ittapi_config_apply_per_lib :  ITTAPI function NOT instrumented (not matched by --itt-config option): __itt_model_site_beginA

429016 : 0x1cf521d24d6b9 : 2 : ittapi_config_apply_per_lib :  ITTAPI function NOT instrumented (not matched by --itt-config option): __itt_model_site_beginAL

429016 : 0x1cf521d24e627 : 2 : ittapi_config_apply_per_lib :  ITTAPI function NOT instrumented (not matched by --itt-config option): __itt_model_task_beginA

429016 : 0x1cf521d24f5c9 : 2 : ittapi_config_apply_per_lib :  ITTAPI function NOT instrumented (not matched by --itt-config option): __itt_model_task_beginAL

429016 : 0x1cf521d25057b : 2 : ittapi_config_apply_per_lib :  ITTAPI function NOT instrumented (not matched by --itt-config option): __itt_model_iteration_taskA

429016 : 0x1cf521d2514b8 : 2 : ittapi_config_apply_per_lib :  ITTAPI function NOT instrumented (not matched by --itt-config option): __itt_model_iteration_taskAL

429016 : 0x1cf521d257ddf : 2 : ittapi_config_apply_per_lib :  ITTAPI function NOT instrumented (not matched by --itt-config option): __itt_model_site_end_2

429016 : 0x1cf521d258f4e : 2 : ittapi_config_apply_per_lib :  ITTAPI function NOT instrumented (not matched by --itt-config option): __itt_model_task_end_2

429016 : 0x1cf521d259eb0 : 2 : ittapi_config_apply_per_lib :  ITTAPI function NOT instrumented (not matched by --itt-config option): __itt_model_lock_acquire_2

429016 : 0x1cf521d25aea5 : 2 : ittapi_config_apply_per_lib :  ITTAPI function NOT instrumented (not matched by --itt-config option): __itt_model_lock_release_2

429016 : 0x1cf521d25be41 : 2 : ittapi_config_apply_per_lib :  ITTAPI function NOT instrumented (not matched by --itt-config option): __itt_model_aggregate_task

429016 : 0x1cf521d25ce27 : 2 : ittapi_config_apply_per_lib :  ITTAPI function NOT instrumented (not matched by --itt-config option): __itt_model_disable_push

429016 : 0x1cf521d25dd71 : 2 : ittapi_config_apply_per_lib :  ITTAPI function NOT instrumented (not matched by --itt-config option): __itt_model_disable_pop

429016 : 0x1cf521d25f2e8 : 2 : ittapi_config_apply_per_lib :  ITTAPI function instrumented: __itt_heap_function_create
429016 : 0x1cf521d2605fb : 2 : ittapi_config_apply_per_lib :  ITTAPI function instrumented: __itt_heap_allocate_begin
429016 : 0x1cf521d26187c : 2 : ittapi_config_apply_per_lib :  ITTAPI function instrumented: __itt_heap_allocate_end
429016 : 0x1cf521d26a6c6 : 2 : ittapi_config_apply_per_lib :  ITTAPI function instrumented: __itt_heap_free_begin
429016 : 0x1cf521d26baf5 : 2 : ittapi_config_apply_per_lib :  ITTAPI function instrumented: __itt_heap_free_end
429016 : 0x1cf521d26cd6f : 2 : ittapi_config_apply_per_lib :  ITTAPI function instrumented: __itt_heap_reallocate_begin
429016 : 0x1cf521d26de9a : 2 : ittapi_config_apply_per_lib :  ITTAPI function instrumented: __itt_heap_reallocate_end
429016 : 0x1cf521d26f368 : 2 : ittapi_config_apply_per_lib :  ITTAPI function not implemented: __itt_heap_internal_access_begin
429016 : 0x1cf521d270744 : 2 : ittapi_config_apply_per_lib :  ITTAPI function not implemented: __itt_heap_internal_access_end
429016 : 0x1cf521d271b81 : 2 : ittapi_config_apply_per_lib :  ITTAPI function not implemented: __itt_heap_record_memory_growth_begin
429016 : 0x1cf521d272ff8 : 2 : ittapi_config_apply_per_lib :  ITTAPI function not implemented: __itt_heap_record_memory_growth_end
429016 : 0x1cf521d2743d4 : 2 : ittapi_config_apply_per_lib :  ITTAPI function not implemented: __itt_heap_reset_detection
429016 : 0x1cf521d2759bf : 2 : ittapi_config_apply_per_lib :  ITTAPI function not implemented: __itt_heap_record
429016 : 0x1cf521d27cce2 : 2 : ittapi_config_apply_per_lib :  ITTAPI function not implemented: __itt_id_create
429016 : 0x1cf521d27e337 : 2 : ittapi_config_apply_per_lib :  ITTAPI function not implemented: __itt_id_destroy
429016 : 0x1cf521d27f5ff : 2 : ittapi_config_apply_per_lib :  ITTAPI function instrumented: __itt_get_timestamp
429016 : 0x1cf521d280a7d : 2 : ittapi_config_apply_per_lib :  ITTAPI function not implemented: __itt_region_begin
429016 : 0x1cf521d281d7d : 2 : ittapi_config_apply_per_lib :  ITTAPI function not implemented: __itt_region_end
429016 : 0x1cf521d283074 : 2 : ittapi_config_apply_per_lib :  ITTAPI function instrumented: __itt_frame_begin_v3
429016 : 0x1cf521d284416 : 2 : ittapi_config_apply_per_lib :  ITTAPI function instrumented: __itt_frame_end_v3
429016 : 0x1cf521d285749 : 2 : ittapi_config_apply_per_lib :  ITTAPI function instrumented: __itt_frame_submit_v3
429016 : 0x1cf521d286be6 : 2 : ittapi_config_apply_per_lib :  ITTAPI function not implemented: __itt_task_group
429016 : 0x1cf521d287f2b : 2 : ittapi_config_apply_per_lib :  ITTAPI function instrumented: __itt_task_begin
429016 : 0x1cf521d290955 : 2 : ittapi_config_apply_per_lib :  ITTAPI function instrumented: __itt_task_begin_fn
429016 : 0x1cf521d291ec5 : 2 : ittapi_config_apply_per_lib :  ITTAPI function instrumented: __itt_task_end
429016 : 0x1cf521d2933c1 : 2 : ittapi_config_apply_per_lib :  ITTAPI function not implemented: __itt_counter_inc_v3
429016 : 0x1cf521d294989 : 2 : ittapi_config_apply_per_lib :  ITTAPI function not implemented: __itt_counter_inc_delta_v3
429016 : 0x1cf521d295ccc : 2 : ittapi_config_apply_per_lib :  ITTAPI function not implemented: __itt_counter_dec_v3
429016 : 0x1cf521d297015 : 2 : ittapi_config_apply_per_lib :  ITTAPI function not implemented: __itt_counter_dec_delta_v3
429016 : 0x1cf521d29851a : 2 : ittapi_config_apply_per_lib :  ITTAPI function not implemented: __itt_marker
429016 : 0x1cf521d29975b : 2 : ittapi_config_apply_per_lib :  ITTAPI function instrumented: __itt_metadata_add
429016 : 0x1cf521d29abd8 : 2 : ittapi_config_apply_per_lib :  ITTAPI function not implemented: __itt_metadata_str_add
429016 : 0x1cf521d29c045 : 2 : ittapi_config_apply_per_lib :  ITTAPI function not implemented: __itt_relation_add_to_current
429016 : 0x1cf521d2a2e7a : 2 : ittapi_config_apply_per_lib :  ITTAPI function not implemented: __itt_relation_add
429016 : 0x1cf521d2a4305 : 2 : ittapi_config_apply_per_lib :  ITTAPI function instrumented: __itt_event_create
429016 : 0x1cf521d2a5664 : 2 : ittapi_config_apply_per_lib :  ITTAPI function instrumented: __itt_event_start
429016 : 0x1cf521d2a68ea : 2 : ittapi_config_apply_per_lib :  ITTAPI function instrumented: __itt_event_end
429016 : 0x1cf521d2a78cf : 2 : ittapi_config_apply_per_lib :  ITTAPI function NOT instrumented (not matched by --itt-config option): __itt_sync_set_name

429016 : 0x1cf521d2a8b1e : 2 : ittapi_config_apply_per_lib :  ITTAPI function NOT instrumented (not matched by --itt-config option): __itt_notify_sync_name

429016 : 0x1cf521d2a9af2 : 2 : ittapi_config_apply_per_lib :  ITTAPI function NOT instrumented (not matched by --itt-config option): __itt_notify_sync_prepare

429016 : 0x1cf521d2aaacb : 2 : ittapi_config_apply_per_lib :  ITTAPI function NOT instrumented (not matched by --itt-config option): __itt_notify_sync_cancel

429016 : 0x1cf521d2aba14 : 2 : ittapi_config_apply_per_lib :  ITTAPI function NOT instrumented (not matched by --itt-config option): __itt_notify_sync_acquired

429016 : 0x1cf521d2ac9b6 : 2 : ittapi_config_apply_per_lib :  ITTAPI function NOT instrumented (not matched by --itt-config option): __itt_notify_sync_releasing

429016 : 0x1cf521d2b5ba3 : 2 : ittapi_config_apply_per_lib :  ITTAPI function not implemented: __itt_memory_read
429016 : 0x1cf521d2b7171 : 2 : ittapi_config_apply_per_lib :  ITTAPI function not implemented: __itt_memory_write
429016 : 0x1cf521d2b84a2 : 2 : ittapi_config_apply_per_lib :  ITTAPI function not implemented: __itt_memory_update
429016 : 0x1cf521d2b98f7 : 2 : ittapi_config_apply_per_lib :  ITTAPI function not implemented: __itt_state_get
429016 : 0x1cf521d2babb7 : 2 : ittapi_config_apply_per_lib :  ITTAPI function not implemented: __itt_state_set
429016 : 0x1cf521d2bbf71 : 2 : ittapi_config_apply_per_lib :  ITTAPI function not implemented: __itt_obj_mode_set
429016 : 0x1cf521d2bd2b2 : 2 : ittapi_config_apply_per_lib :  ITTAPI function not implemented: __itt_thr_mode_set
429016 : 0x1cf521d2be4a3 : 2 : ittapi_config_apply_per_lib :  ITTAPI function instrumented: __itt_frame_create
429016 : 0x1cf521d2bf683 : 2 : ittapi_config_apply_per_lib :  ITTAPI function instrumented: __itt_pt_region_create
429016 : 0x1cf521d2c0901 : 2 : ittapi_config_apply_per_lib :  ITTAPI function instrumented: __itt_frame_begin
429016 : 0x1cf521d2c7723 : 2 : ittapi_config_apply_per_lib :  ITTAPI function instrumented: __itt_frame_end
429016 : 0x1cf521d2ca228 : 2 : ittapi_config_apply_per_lib :  ITTAPI function not implemented: __itt_counter_destroy
429016 : 0x1cf521d2cb71e : 2 : ittapi_config_apply_per_lib :  ITTAPI function instrumented: __itt_counter_inc
429016 : 0x1cf521d2ccd14 : 2 : ittapi_config_apply_per_lib :  ITTAPI function instrumented: __itt_counter_inc_delta
429016 : 0x1cf521d2cdf01 : 2 : ittapi_config_apply_per_lib :  ITTAPI function instrumented: __itt_counter_dec
429016 : 0x1cf521d2cf1ed : 2 : ittapi_config_apply_per_lib :  ITTAPI function instrumented: __itt_counter_dec_delta
429016 : 0x1cf521d2d0447 : 2 : ittapi_config_apply_per_lib :  ITTAPI function instrumented: __itt_counter_set_value
429016 : 0x1cf521d2d17b6 : 2 : ittapi_config_apply_per_lib :  ITTAPI function not implemented: __itt_counter_set_value_ex
429016 : 0x1cf521d2d2a9c : 2 : ittapi_config_apply_per_lib :  ITTAPI function not implemented: __itt_mark_create
429016 : 0x1cf521d2d3eaf : 2 : ittapi_config_apply_per_lib :  ITTAPI function not implemented: __itt_mark
429016 : 0x1cf521d2dab4c : 2 : ittapi_config_apply_per_lib :  ITTAPI function not implemented: __itt_mark_off
429016 : 0x1cf521d2dc008 : 2 : ittapi_config_apply_per_lib :  ITTAPI function not implemented: __itt_mark_global
429016 : 0x1cf521d2dd335 : 2 : ittapi_config_apply_per_lib :  ITTAPI function not implemented: __itt_mark_global_off
429016 : 0x1cf521d2de460 : 2 : ittapi_config_apply_per_lib :  ITTAPI function NOT instrumented (not matched by --itt-config option): __itt_stack_caller_create

429016 : 0x1cf521d2df4c0 : 2 : ittapi_config_apply_per_lib :  ITTAPI function NOT instrumented (not matched by --itt-config option): __itt_stack_caller_destroy

429016 : 0x1cf521d2e0517 : 2 : ittapi_config_apply_per_lib :  ITTAPI function NOT instrumented (not matched by --itt-config option): __itt_stack_callee_enter

429016 : 0x1cf521d2e14a9 : 2 : ittapi_config_apply_per_lib :  ITTAPI function NOT instrumented (not matched by --itt-config option): __itt_stack_callee_leave

429016 : 0x1cf521d2e2847 : 2 : ittapi_config_apply_per_lib :  ITTAPI function not implemented: __itt_clock_domain_create
429016 : 0x1cf521d2e3c63 : 2 : ittapi_config_apply_per_lib :  ITTAPI function not implemented: __itt_clock_domain_reset
429016 : 0x1cf521d2e4f5e : 2 : ittapi_config_apply_per_lib :  ITTAPI function not implemented: __itt_id_create_ex
429016 : 0x1cf521d2edc7c : 2 : ittapi_config_apply_per_lib :  ITTAPI function not implemented: __itt_id_destroy_ex
429016 : 0x1cf521d2ef262 : 2 : ittapi_config_apply_per_lib :  ITTAPI function not implemented: __itt_task_begin_ex
429016 : 0x1cf521d2f05cf : 2 : ittapi_config_apply_per_lib :  ITTAPI function not implemented: __itt_task_begin_fn_ex
429016 : 0x1cf521d2f195b : 2 : ittapi_config_apply_per_lib :  ITTAPI function not implemented: __itt_task_end_ex
429016 : 0x1cf521d2f2c17 : 2 : ittapi_config_apply_per_lib :  ITTAPI function instrumented: __itt_task_begin_overlapped
429016 : 0x1cf521d2f3f50 : 2 : ittapi_config_apply_per_lib :  ITTAPI function not implemented: __itt_task_begin_overlapped_ex
429016 : 0x1cf521d2f5256 : 2 : ittapi_config_apply_per_lib :  ITTAPI function instrumented: __itt_task_end_overlapped
429016 : 0x1cf521d2f65c6 : 2 : ittapi_config_apply_per_lib :  ITTAPI function not implemented: __itt_task_end_overlapped_ex
429016 : 0x1cf521d2f78ca : 2 : ittapi_config_apply_per_lib :  ITTAPI function not implemented: __itt_marker_ex
429016 : 0x1cf521d2f8d9a : 2 : ittapi_config_apply_per_lib :  ITTAPI function not implemented: __itt_metadata_add_with_scope
429016 : 0x1cf521d2ffb56 : 2 : ittapi_config_apply_per_lib :  ITTAPI function not implemented: __itt_metadata_str_add_with_scope
429016 : 0x1cf521d301003 : 2 : ittapi_config_apply_per_lib :  ITTAPI function not implemented: __itt_relation_add_to_current_ex
429016 : 0x1cf521d302357 : 2 : ittapi_config_apply_per_lib :  ITTAPI function not implemented: __itt_relation_add_ex
429016 : 0x1cf521d303727 : 2 : ittapi_config_apply_per_lib :  ITTAPI function not implemented: __itt_track_group_create
429016 : 0x1cf521d304903 : 2 : ittapi_config_apply_per_lib :  ITTAPI function not implemented: __itt_track_create
429016 : 0x1cf521d305c22 : 2 : ittapi_config_apply_per_lib :  ITTAPI function not implemented: __itt_set_track
429016 : 0x1cf521d306f67 : 2 : ittapi_config_apply_per_lib :  ITTAPI function instrumented: __itt_api_version
429016 : 0x1cf521d30831b : 2 : ittapi_config_apply_per_lib :  ITTAPI function not implemented: __itt_av_save
429016 : 0x1cf521d309740 : 2 : ittapi_config_apply_per_lib :  ITTAPI function instrumented: __itt_module_load
429016 : 0x1cf521d30abc3 : 2 : ittapi_config_apply_per_lib :  ITTAPI function not implemented: __itt_module_unload
429016 : 0x1cf521d311797 : 2 : ittapi_config_apply_per_lib :  ITTAPI function NOT instrumented (not matched by --itt-config option): __itt_histogram_submit

429016 : 0x1cf521d43f433 : 2 : ittapi_config_mask_get :  --itt-config mask to be applied: 39
429016 : 0x1cf521d4414dc : 2 : ittapi_config_apply_per_lib :  ITTAPI function instrumented: __itt_domain_create
429016 : 0x1cf521d442aee : 2 : ittapi_config_apply_per_lib :  ITTAPI function instrumented: __itt_module_load_with_sections
429016 : 0x1cf521d44424b : 2 : ittapi_config_apply_per_lib :  ITTAPI function not implemented: __itt_module_unload_with_sections
429016 : 0x1cf521d44554e : 2 : ittapi_config_apply_per_lib :  ITTAPI function instrumented: __itt_string_handle_create
429016 : 0x1cf521d446797 : 2 : ittapi_config_apply_per_lib :  ITTAPI function instrumented: __itt_counter_create
429016 : 0x1cf521d447969 : 2 : ittapi_config_apply_per_lib :  ITTAPI function instrumented: __itt_counter_create_typed
429016 : 0x1cf521d448cc9 : 2 : ittapi_config_apply_per_lib :  ITTAPI function instrumented: __itt_pause
429016 : 0x1cf521d449f56 : 2 : ittapi_config_apply_per_lib :  ITTAPI function instrumented: __itt_resume
429016 : 0x1cf521d4558fe : 2 : ittapi_config_apply_per_lib :  ITTAPI function instrumented: __itt_thread_set_name
429016 : 0x1cf521d456dec : 2 : ittapi_config_apply_per_lib :  ITTAPI function instrumented: __itt_thread_ignore
429016 : 0x1cf521d458164 : 2 : ittapi_config_apply_per_lib :  ITTAPI function instrumented: __itt_thr_name_set
429016 : 0x1cf521d4593e7 : 2 : ittapi_config_apply_per_lib :  ITTAPI function instrumented: __itt_thr_ignore
429016 : 0x1cf521d45a87b : 2 : ittapi_config_apply_per_lib :  ITTAPI function not implemented: __itt_enable_attach
429016 : 0x1cf521d45ba87 : 2 : ittapi_config_apply_per_lib :  ITTAPI function instrumented: __itt_detach
429016 : 0x1cf521d45cb62 : 2 : ittapi_config_apply_per_lib :  ITTAPI function NOT instrumented (not matched by --itt-config option): __itt_sync_create

429016 : 0x1cf521d45dd26 : 2 : ittapi_config_apply_per_lib :  ITTAPI function NOT instrumented (not matched by --itt-config option): __itt_sync_rename

429016 : 0x1cf521d45ecf9 : 2 : ittapi_config_apply_per_lib :  ITTAPI function NOT instrumented (not matched by --itt-config option): __itt_sync_destroy

429016 : 0x1cf521d45fdd1 : 2 : ittapi_config_apply_per_lib :  ITTAPI function NOT instrumented (not matched by --itt-config option): __itt_sync_prepare

429016 : 0x1cf521d46a058 : 2 : ittapi_config_apply_per_lib :  ITTAPI function NOT instrumented (not matched by --itt-config option): __itt_sync_cancel

429016 : 0x1cf521d46b20c : 2 : ittapi_config_apply_per_lib :  ITTAPI function NOT instrumented (not matched by --itt-config option): __itt_sync_acquired

429016 : 0x1cf521d46c1f1 : 2 : ittapi_config_apply_per_lib :  ITTAPI function NOT instrumented (not matched by --itt-config option): __itt_sync_releasing

429016 : 0x1cf521d46d7ef : 2 : ittapi_config_apply_per_lib :  ITTAPI function not implemented: __itt_suppress_push
429016 : 0x1cf521d46ee72 : 2 : ittapi_config_apply_per_lib :  ITTAPI function not implemented: __itt_suppress_pop
429016 : 0x1cf521d47020a : 2 : ittapi_config_apply_per_lib :  ITTAPI function not implemented: __itt_suppress_mark_range
429016 : 0x1cf521d4716b2 : 2 : ittapi_config_apply_per_lib :  ITTAPI function not implemented: __itt_suppress_clear_range
429016 : 0x1cf521d4726d3 : 2 : ittapi_config_apply_per_lib :  ITTAPI function NOT instrumented (not matched by --itt-config option): __itt_sync_prepare

429016 : 0x1cf521d47371e : 2 : ittapi_config_apply_per_lib :  ITTAPI function NOT instrumented (not matched by --itt-config option): __itt_sync_cancel

429016 : 0x1cf521d4746b8 : 2 : ittapi_config_apply_per_lib :  ITTAPI function NOT instrumented (not matched by --itt-config option): __itt_sync_acquired

429016 : 0x1cf521d47b019 : 2 : ittapi_config_apply_per_lib :  ITTAPI function NOT instrumented (not matched by --itt-config option): __itt_sync_releasing

429016 : 0x1cf521d47c1d1 : 2 : ittapi_config_apply_per_lib :  ITTAPI function NOT instrumented (not matched by --itt-config option): __itt_model_site_begin

429016 : 0x1cf521d47d1d2 : 2 : ittapi_config_apply_per_lib :  ITTAPI function NOT instrumented (not matched by --itt-config option): __itt_model_site_end

429016 : 0x1cf521d47e17e : 2 : ittapi_config_apply_per_lib :  ITTAPI function NOT instrumented (not matched by --itt-config option): __itt_model_task_begin

429016 : 0x1cf521d47f10e : 2 : ittapi_config_apply_per_lib :  ITTAPI function NOT instrumented (not matched by --itt-config option): __itt_model_task_end

429016 : 0x1cf521d4800a2 : 2 : ittapi_config_apply_per_lib :  ITTAPI function NOT instrumented (not matched by --itt-config option): __itt_model_lock_acquire

429016 : 0x1cf521d4810e7 : 2 : ittapi_config_apply_per_lib :  ITTAPI function NOT instrumented (not matched by --itt-config option): __itt_model_lock_release

429016 : 0x1cf521d482059 : 2 : ittapi_config_apply_per_lib :  ITTAPI function NOT instrumented (not matched by --itt-config option): __itt_model_record_allocation

429016 : 0x1cf521d482fd1 : 2 : ittapi_config_apply_per_lib :  ITTAPI function NOT instrumented (not matched by --itt-config option): __itt_model_record_deallocation

429016 : 0x1cf521d483f14 : 2 : ittapi_config_apply_per_lib :  ITTAPI function NOT instrumented (not matched by --itt-config option): __itt_model_induction_uses

429016 : 0x1cf521d48c8f1 : 2 : ittapi_config_apply_per_lib :  ITTAPI function NOT instrumented (not matched by --itt-config option): __itt_model_reduction_uses

429016 : 0x1cf521d48da8f : 2 : ittapi_config_apply_per_lib :  ITTAPI function NOT instrumented (not matched by --itt-config option): __itt_model_observe_uses

429016 : 0x1cf521d48ea74 : 2 : ittapi_config_apply_per_lib :  ITTAPI function NOT instrumented (not matched by --itt-config option): __itt_model_clear_uses

429016 : 0x1cf521d48fa9f : 2 : ittapi_config_apply_per_lib :  ITTAPI function NOT instrumented (not matched by --itt-config option): __itt_model_site_beginA

429016 : 0x1cf521d490a5d : 2 : ittapi_config_apply_per_lib :  ITTAPI function NOT instrumented (not matched by --itt-config option): __itt_model_site_beginAL

429016 : 0x1cf521d4919bf : 2 : ittapi_config_apply_per_lib :  ITTAPI function NOT instrumented (not matched by --itt-config option): __itt_model_task_beginA

429016 : 0x1cf521d492969 : 2 : ittapi_config_apply_per_lib :  ITTAPI function NOT instrumented (not matched by --itt-config option): __itt_model_task_beginAL

429016 : 0x1cf521d493930 : 2 : ittapi_config_apply_per_lib :  ITTAPI function NOT instrumented (not matched by --itt-config option): __itt_model_iteration_taskA

429016 : 0x1cf521d494897 : 2 : ittapi_config_apply_per_lib :  ITTAPI function NOT instrumented (not matched by --itt-config option): __itt_model_iteration_taskAL

429016 : 0x1cf521d4957ef : 2 : ittapi_config_apply_per_lib :  ITTAPI function NOT instrumented (not matched by --itt-config option): __itt_model_site_end_2

429016 : 0x1cf521d49c00b : 2 : ittapi_config_apply_per_lib :  ITTAPI function NOT instrumented (not matched by --itt-config option): __itt_model_task_end_2

429016 : 0x1cf521d49d0bb : 2 : ittapi_config_apply_per_lib :  ITTAPI function NOT instrumented (not matched by --itt-config option): __itt_model_lock_acquire_2

429016 : 0x1cf521d49e0b4 : 2 : ittapi_config_apply_per_lib :  ITTAPI function NOT instrumented (not matched by --itt-config option): __itt_model_lock_release_2

429016 : 0x1cf521d49f072 : 2 : ittapi_config_apply_per_lib :  ITTAPI function NOT instrumented (not matched by --itt-config option): __itt_model_aggregate_task

429016 : 0x1cf521d4a002b : 2 : ittapi_config_apply_per_lib :  ITTAPI function NOT instrumented (not matched by --itt-config option): __itt_model_disable_push

429016 : 0x1cf521d4a0f6c : 2 : ittapi_config_apply_per_lib :  ITTAPI function NOT instrumented (not matched by --itt-config option): __itt_model_disable_pop

429016 : 0x1cf521d4a236e : 2 : ittapi_config_apply_per_lib :  ITTAPI function instrumented: __itt_heap_function_create
429016 : 0x1cf521d4a36b8 : 2 : ittapi_config_apply_per_lib :  ITTAPI function instrumented: __itt_heap_allocate_begin
429016 : 0x1cf521d4a48a8 : 2 : ittapi_config_apply_per_lib :  ITTAPI function instrumented: __itt_heap_allocate_end
429016 : 0x1cf521d4a5b30 : 2 : ittapi_config_apply_per_lib :  ITTAPI function instrumented: __itt_heap_free_begin
429016 : 0x1cf521d4ac24e : 2 : ittapi_config_apply_per_lib :  ITTAPI function instrumented: __itt_heap_free_end
429016 : 0x1cf521d4ad66d : 2 : ittapi_config_apply_per_lib :  ITTAPI function instrumented: __itt_heap_reallocate_begin
429016 : 0x1cf521d4ae7ae : 2 : ittapi_config_apply_per_lib :  ITTAPI function instrumented: __itt_heap_reallocate_end
429016 : 0x1cf521d4afc24 : 2 : ittapi_config_apply_per_lib :  ITTAPI function not implemented: __itt_heap_internal_access_begin
429016 : 0x1cf521d4b0fa9 : 2 : ittapi_config_apply_per_lib :  ITTAPI function not implemented: __itt_heap_internal_access_end
429016 : 0x1cf521d4b23be : 2 : ittapi_config_apply_per_lib :  ITTAPI function not implemented: __itt_heap_record_memory_growth_begin
429016 : 0x1cf521d4b37aa : 2 : ittapi_config_apply_per_lib :  ITTAPI function not implemented: __itt_heap_record_memory_growth_end
429016 : 0x1cf521d4b4b58 : 2 : ittapi_config_apply_per_lib :  ITTAPI function not implemented: __itt_heap_reset_detection
429016 : 0x1cf521d4b5fe0 : 2 : ittapi_config_apply_per_lib :  ITTAPI function not implemented: __itt_heap_record
429016 : 0x1cf521d4b72d2 : 2 : ittapi_config_apply_per_lib :  ITTAPI function not implemented: __itt_id_create
429016 : 0x1cf521d4c02bb : 2 : ittapi_config_apply_per_lib :  ITTAPI function not implemented: __itt_id_destroy
429016 : 0x1cf521d4c1787 : 2 : ittapi_config_apply_per_lib :  ITTAPI function instrumented: __itt_get_timestamp
429016 : 0x1cf521d4c2ac6 : 2 : ittapi_config_apply_per_lib :  ITTAPI function not implemented: __itt_region_begin
429016 : 0x1cf521d4c3dbd : 2 : ittapi_config_apply_per_lib :  ITTAPI function not implemented: __itt_region_end
429016 : 0x1cf521d4c5058 : 2 : ittapi_config_apply_per_lib :  ITTAPI function instrumented: __itt_frame_begin_v3
429016 : 0x1cf521d4c640e : 2 : ittapi_config_apply_per_lib :  ITTAPI function instrumented: __itt_frame_end_v3
429016 : 0x1cf521d4c768e : 2 : ittapi_config_apply_per_lib :  ITTAPI function instrumented: __itt_frame_submit_v3
429016 : 0x1cf521d4c8ac7 : 2 : ittapi_config_apply_per_lib :  ITTAPI function not implemented: __itt_task_group
429016 : 0x1cf521d4c9e30 : 2 : ittapi_config_apply_per_lib :  ITTAPI function instrumented: __itt_task_begin
429016 : 0x1cf521d4cb0a2 : 2 : ittapi_config_apply_per_lib :  ITTAPI function instrumented: __itt_task_begin_fn
429016 : 0x1cf521d4d1c67 : 2 : ittapi_config_apply_per_lib :  ITTAPI function instrumented: __itt_task_end
429016 : 0x1cf521d4d3101 : 2 : ittapi_config_apply_per_lib :  ITTAPI function not implemented: __itt_counter_inc_v3
429016 : 0x1cf521d4d45d5 : 2 : ittapi_config_apply_per_lib :  ITTAPI function not implemented: __itt_counter_inc_delta_v3
429016 : 0x1cf521d4d58fe : 2 : ittapi_config_apply_per_lib :  ITTAPI function not implemented: __itt_counter_dec_v3
429016 : 0x1cf521d4d6c93 : 2 : ittapi_config_apply_per_lib :  ITTAPI function not implemented: __itt_counter_dec_delta_v3
429016 : 0x1cf521d4d8027 : 2 : ittapi_config_apply_per_lib :  ITTAPI function not implemented: __itt_marker
429016 : 0x1cf521d4d922c : 2 : ittapi_config_apply_per_lib :  ITTAPI function instrumented: __itt_metadata_add
429016 : 0x1cf521d4da655 : 2 : ittapi_config_apply_per_lib :  ITTAPI function not implemented: __itt_metadata_str_add
429016 : 0x1cf521d4db8e4 : 2 : ittapi_config_apply_per_lib :  ITTAPI function not implemented: __itt_relation_add_to_current
429016 : 0x1cf521d4dcc21 : 2 : ittapi_config_apply_per_lib :  ITTAPI function not implemented: __itt_relation_add
429016 : 0x1cf521d4e34b1 : 2 : ittapi_config_apply_per_lib :  ITTAPI function instrumented: __itt_event_create
429016 : 0x1cf521d4e48a1 : 2 : ittapi_config_apply_per_lib :  ITTAPI function instrumented: __itt_event_start
429016 : 0x1cf521d4e5b53 : 2 : ittapi_config_apply_per_lib :  ITTAPI function instrumented: __itt_event_end
429016 : 0x1cf521d4e6b1d : 2 : ittapi_config_apply_per_lib :  ITTAPI function NOT instrumented (not matched by --itt-config option): __itt_sync_set_name

429016 : 0x1cf521d4e7bd0 : 2 : ittapi_config_apply_per_lib :  ITTAPI function NOT instrumented (not matched by --itt-config option): __itt_notify_sync_name

429016 : 0x1cf521d4e8ba6 : 2 : ittapi_config_apply_per_lib :  ITTAPI function NOT instrumented (not matched by --itt-config option): __itt_notify_sync_prepare

429016 : 0x1cf521d4e9b42 : 2 : ittapi_config_apply_per_lib :  ITTAPI function NOT instrumented (not matched by --itt-config option): __itt_notify_sync_cancel

429016 : 0x1cf521d4eaa79 : 2 : ittapi_config_apply_per_lib :  ITTAPI function NOT instrumented (not matched by --itt-config option): __itt_notify_sync_acquired

429016 : 0x1cf521d4eba36 : 2 : ittapi_config_apply_per_lib :  ITTAPI function NOT instrumented (not matched by --itt-config option): __itt_notify_sync_releasing

429016 : 0x1cf521d4ecd85 : 2 : ittapi_config_apply_per_lib :  ITTAPI function not implemented: __itt_memory_read
429016 : 0x1cf521d4f387d : 2 : ittapi_config_apply_per_lib :  ITTAPI function not implemented: __itt_memory_write
429016 : 0x1cf521d4f4d5d : 2 : ittapi_config_apply_per_lib :  ITTAPI function not implemented: __itt_memory_update
429016 : 0x1cf521d4f60da : 2 : ittapi_config_apply_per_lib :  ITTAPI function not implemented: __itt_state_get
429016 : 0x1cf521d4f738c : 2 : ittapi_config_apply_per_lib :  ITTAPI function not implemented: __itt_state_set
429016 : 0x1cf521d4f86c5 : 2 : ittapi_config_apply_per_lib :  ITTAPI function not implemented: __itt_obj_mode_set
429016 : 0x1cf521d4f9a17 : 2 : ittapi_config_apply_per_lib :  ITTAPI function not implemented: __itt_thr_mode_set
429016 : 0x1cf521d4fab64 : 2 : ittapi_config_apply_per_lib :  ITTAPI function instrumented: __itt_frame_create
429016 : 0x1cf521d4fbd8b : 2 : ittapi_config_apply_per_lib :  ITTAPI function instrumented: __itt_pt_region_create
429016 : 0x1cf521d4fd031 : 2 : ittapi_config_apply_per_lib :  ITTAPI function instrumented: __itt_frame_begin
429016 : 0x1cf521d4fe237 : 2 : ittapi_config_apply_per_lib :  ITTAPI function instrumented: __itt_frame_end
429016 : 0x1cf521d506f65 : 2 : ittapi_config_apply_per_lib :  ITTAPI function not implemented: __itt_counter_destroy
429016 : 0x1cf521d508401 : 2 : ittapi_config_apply_per_lib :  ITTAPI function instrumented: __itt_counter_inc
429016 : 0x1cf521d509752 : 2 : ittapi_config_apply_per_lib :  ITTAPI function instrumented: __itt_counter_inc_delta
429016 : 0x1cf521d50a9c1 : 2 : ittapi_config_apply_per_lib :  ITTAPI function instrumented: __itt_counter_dec
429016 : 0x1cf521d50bc59 : 2 : ittapi_config_apply_per_lib :  ITTAPI function instrumented: __itt_counter_dec_delta
429016 : 0x1cf521d50ce9a : 2 : ittapi_config_apply_per_lib :  ITTAPI function instrumented: __itt_counter_set_value
429016 : 0x1cf521d50e19f : 2 : ittapi_config_apply_per_lib :  ITTAPI function not implemented: __itt_counter_set_value_ex
429016 : 0x1cf521d50f425 : 2 : ittapi_config_apply_per_lib :  ITTAPI function not implemented: __itt_mark_create
429016 : 0x1cf521d5107be : 2 : ittapi_config_apply_per_lib :  ITTAPI function not implemented: __itt_mark
429016 : 0x1cf521d511ae1 : 2 : ittapi_config_apply_per_lib :  ITTAPI function not implemented: __itt_mark_off
429016 : 0x1cf521d5186e3 : 2 : ittapi_config_apply_per_lib :  ITTAPI function not implemented: __itt_mark_global
429016 : 0x1cf521d519bf8 : 2 : ittapi_config_apply_per_lib :  ITTAPI function not implemented: __itt_mark_global_off
429016 : 0x1cf521d51aca6 : 2 : ittapi_config_apply_per_lib :  ITTAPI function NOT instrumented (not matched by --itt-config option): __itt_stack_caller_create

429016 : 0x1cf521d51bd6e : 2 : ittapi_config_apply_per_lib :  ITTAPI function NOT instrumented (not matched by --itt-config option): __itt_stack_caller_destroy

429016 : 0x1cf521d51cd57 : 2 : ittapi_config_apply_per_lib :  ITTAPI function NOT instrumented (not matched by --itt-config option): __itt_stack_callee_enter

429016 : 0x1cf521d51dce7 : 2 : ittapi_config_apply_per_lib :  ITTAPI function NOT instrumented (not matched by --itt-config option): __itt_stack_callee_leave

429016 : 0x1cf521d51efc1 : 2 : ittapi_config_apply_per_lib :  ITTAPI function not implemented: __itt_clock_domain_create
429016 : 0x1cf521d52037b : 2 : ittapi_config_apply_per_lib :  ITTAPI function not implemented: __itt_clock_domain_reset
429016 : 0x1cf521d5216aa : 2 : ittapi_config_apply_per_lib :  ITTAPI function not implemented: __itt_id_create_ex
429016 : 0x1cf521d522a23 : 2 : ittapi_config_apply_per_lib :  ITTAPI function not implemented: __itt_id_destroy_ex
429016 : 0x1cf521d529762 : 2 : ittapi_config_apply_per_lib :  ITTAPI function not implemented: __itt_task_begin_ex
429016 : 0x1cf521d52abb3 : 2 : ittapi_config_apply_per_lib :  ITTAPI function not implemented: __itt_task_begin_fn_ex
429016 : 0x1cf521d52bf9b : 2 : ittapi_config_apply_per_lib :  ITTAPI function not implemented: __itt_task_end_ex
429016 : 0x1cf521d52d292 : 2 : ittapi_config_apply_per_lib :  ITTAPI function instrumented: __itt_task_begin_overlapped
429016 : 0x1cf521d52e603 : 2 : ittapi_config_apply_per_lib :  ITTAPI function not implemented: __itt_task_begin_overlapped_ex
429016 : 0x1cf521d52f899 : 2 : ittapi_config_apply_per_lib :  ITTAPI function instrumented: __itt_task_end_overlapped
429016 : 0x1cf521d530bf2 : 2 : ittapi_config_apply_per_lib :  ITTAPI function not implemented: __itt_task_end_overlapped_ex
429016 : 0x1cf521d531f21 : 2 : ittapi_config_apply_per_lib :  ITTAPI function not implemented: __itt_marker_ex
429016 : 0x1cf521d53330b : 2 : ittapi_config_apply_per_lib :  ITTAPI function not implemented: __itt_metadata_add_with_scope
429016 : 0x1cf521d534800 : 2 : ittapi_config_apply_per_lib :  ITTAPI function not implemented: __itt_metadata_str_add_with_scope
429016 : 0x1cf521d53de75 : 2 : ittapi_config_apply_per_lib :  ITTAPI function not implemented: __itt_relation_add_to_current_ex
429016 : 0x1cf521d53f3d2 : 2 : ittapi_config_apply_per_lib :  ITTAPI function not implemented: __itt_relation_add_ex
429016 : 0x1cf521d540786 : 2 : ittapi_config_apply_per_lib :  ITTAPI function not implemented: __itt_track_group_create
429016 : 0x1cf521d5419b9 : 2 : ittapi_config_apply_per_lib :  ITTAPI function not implemented: __itt_track_create
429016 : 0x1cf521d542cf2 : 2 : ittapi_config_apply_per_lib :  ITTAPI function not implemented: __itt_set_track
429016 : 0x1cf521d5440e5 : 2 : ittapi_config_apply_per_lib :  ITTAPI function instrumented: __itt_api_version
429016 : 0x1cf521d54544c : 2 : ittapi_config_apply_per_lib :  ITTAPI function not implemented: __itt_av_save
429016 : 0x1cf521d546740 : 2 : ittapi_config_apply_per_lib :  ITTAPI function instrumented: __itt_module_load
429016 : 0x1cf521d547a5b : 2 : ittapi_config_apply_per_lib :  ITTAPI function not implemented: __itt_module_unload