
427723 : 0x1cf07ebb2a008 : 1 : spill_jit_data :  Jit agent is not initialized
427702 : 0x1cf07ebb361ab : 2 : ittapi_config_mask_get :  --itt-config mask to be applied: 39
427702 : 0x1cf07ebb3cc32 : 2 : ittapi_config_apply_per_lib :  ITTAPI function instrumented: __itt_domain_create
427702 : 0x1cf07ebb3e9cd : 2 : ittapi_config_apply_per_lib :  ITTAPI function instrumented: __itt_module_load_with_sections
427702 : 0x1cf07ebb42de6 : 2 : ittapi_config_apply_per_lib :  ITTAPI function not implemented: __itt_module_unload_with_sections
427702 : 0x1cf07ebb44cd6 : 2 : ittapi_config_apply_per_lib :  ITTAPI function instrumented: __itt_string_handle_create
427702 : 0x1cf07ebb4618c : 2 : ittapi_config_apply_per_lib :  ITTAPI function instrumented: __itt_counter_create
427702 : 0x1cf07ebb4758c : 2 : ittapi_config_apply_per_lib :  ITTAPI function instrumented: __itt_counter_create_typed
427702 : 0x1cf07ebb5312d : 2 : ittapi_config_apply_per_lib :  ITTAPI function instrumented: __itt_pause
427702 : 0x1cf07ebb556c8 : 2 : ittapi_config_apply_per_lib :  ITTAPI function instrumented: __itt_resume
427702 : 0x1cf07ebb744dd : 2 : ittapi_config_apply_per_lib :  ITTAPI function instrumented: __itt_thread_set_name
427702 : 0x1cf07ebb75d8e : 2 : ittapi_config_apply_per_lib :  ITTAPI function instrumented: __itt_thread_ignore
427702 : 0x1cf07ebb773d5 : 2 : ittapi_config_apply_per_lib :  ITTAPI function instrumented: __itt_thr_name_set
427702 : 0x1cf07ebb7887d : 2 : ittapi_config_apply_per_lib :  ITTAPI function instrumented: __itt_thr_ignore
427702 : 0x1cf07ebb79b84 : 2 : ittapi_config_apply_per_lib :  ITTAPI function instrumented: __itt_histogram_create
427702 : 0x1cf07ebb7b7da : 2 : ittapi_config_apply_per_lib :  ITTAPI function not implemented: __itt_enable_attach
427702 : 0x1cf07ebb7cbf9 : 2 : ittapi_config_apply_per_lib :  ITTAPI function instrumented: __itt_detach
427702 : 0x1cf07ebb7dd6a : 2 : ittapi_config_apply_per_lib :  ITTAPI function NOT instrumented (not matched by --itt-config option): __itt_sync_create

427702 : 0x1cf07ebb7f0ce : 2 : ittapi_config_apply_per_lib :  ITTAPI function NOT instrumented (not matched by --itt-config option): __itt_sync_rename

427702 : 0x1cf07ebb80203 : 2 : ittapi_config_apply_per_lib :  ITTAPI function NOT instrumented (not matched by --itt-config option): __itt_sync_destroy

427702 : 0x1cf07ebb8a3ae : 2 : ittapi_config_apply_per_lib :  ITTAPI function NOT instrumented (not matched by --itt-config option): __itt_sync_prepare

427702 : 0x1cf07ebb8b70f : 2 : ittapi_config_apply_per_lib :  ITTAPI function NOT instrumented (not matched by --itt-config option): __itt_sync_cancel

427702 : 0x1cf07ebb8c7c5 : 2 : ittapi_config_apply_per_lib :  ITTAPI function NOT instrumented (not matched by --itt-config option): __itt_sync_acquired

427702 : 0x1cf07ebb8d839 : 2 : ittapi_config_apply_per_lib :  ITTAPI function NOT instrumented (not matched by --itt-config option): __itt_sync_releasing

427702 : 0x1cf07ebb8f34b : 2 : ittapi_config_apply_per_lib :  ITTAPI function not implemented: __itt_suppress_push
427702 : 0x1cf07ebb90c9e : 2 : ittapi_config_apply_per_lib :  ITTAPI function not implemented: __itt_suppress_pop
427702 : 0x1cf07ebb9227e : 2 : ittapi_config_apply_per_lib :  ITTAPI function not implemented: __itt_suppress_mark_range
427702 : 0x1cf07ebb93a70 : 2 : ittapi_config_apply_per_lib :  ITTAPI function not implemented: __itt_suppress_clear_range
427702 : 0x1cf07ebb94bf0 : 2 : ittapi_config_apply_per_lib :  ITTAPI function NOT instrumented (not matched by --itt-config option): __itt_sync_prepare

427702 : 0x1cf07ebb95db6 : 2 : ittapi_config_apply_per_lib :  ITTAPI function NOT instrumented (not matched by --itt-config option): __itt_sync_cancel

427702 : 0x1cf07ebb9d6a5 : 2 : ittapi_config_apply_per_lib :  ITTAPI function NOT instrumented (not matched by --itt-config option): __itt_sync_acquired

427702 : 0x1cf07ebb9e8e8 : 2 : ittapi_config_apply_per_lib :  ITTAPI function NOT instrumented (not matched by --itt-config option): __itt_sync_releasing

427702 : 0x1cf07ebb9fa78 : 2 : ittapi_config_apply_per_lib :  ITTAPI function NOT instrumented (not matched by --itt-config option): __itt_model_site_begin

427702 : 0x1cf07ebba0b6a : 2 : ittapi_config_apply_per_lib :  ITTAPI function NOT instrumented (not matched by --itt-config option): __itt_model_site_end

427702 : 0x1cf07ebba1c37 : 2 : ittapi_config_apply_per_lib :  ITTAPI function NOT instrumented (not matched by --itt-config option): __itt_model_task_begin

427702 : 0x1cf07ebba2c92 : 2 : ittapi_config_apply_per_lib :  ITTAPI function NOT instrumented (not matched by --itt-config option): __itt_model_task_end

427702 : 0x1cf07ebba3d30 : 2 : ittapi_config_apply_per_lib :  ITTAPI function NOT instrumented (not matched by --itt-config option): __itt_model_lock_acquire

427702 : 0x1cf07ebba4f27 : 2 : ittapi_config_apply_per_lib :  ITTAPI function NOT instrumented (not matched by --itt-config option): __itt_model_lock_release

427702 : 0x1cf07ebba5f9a : 2 : ittapi_config_apply_per_lib :  ITTAPI function NOT instrumented (not matched by --itt-config option): __itt_model_record_allocation

427702 : 0x1cf07ebbada67 : 2 : ittapi_config_apply_per_lib :  ITTAPI function NOT instrumented (not matched by --itt-config option): __itt_model_record_deallocation

427702 : 0x1cf07ebbb9860 : 2 : ittapi_config_apply_per_lib :  ITTAPI function NOT instrumented (not matched by --itt-config option): __itt_model_induction_uses

427702 : 0x1cf07ebbbac89 : 2 : ittapi_config_apply_per_lib :  ITTAPI function NOT instrumented (not matched by --itt-config option): __itt_model_reduction_uses

427702 : 0x1cf07ebbbbd94 : 2 : ittapi_config_apply_per_lib :  ITTAPI function NOT instrumented (not matched by --itt-config option): __itt_model_observe_uses

427702 : 0x1cf07ebbbcebf : 2 : ittapi_config_apply_per_lib :  ITTAPI function NOT instrumented (not matched by --itt-config option): __itt_model_clear_uses

427702 : 0x1cf07ebbbdf8b : 2 : ittapi_config_apply_per_lib :  ITTAPI function NOT instrumented (not matched by --itt-config option): __itt_model_site_beginA

427702 : 0x1cf07ebbbf058 : 2 : ittapi_config_apply_per_lib :  ITTAPI function NOT instrumented (not matched by --itt-config option): __itt_model_site_beginAL

427702 : 0x1cf07ebbc00d2 : 2 : ittapi_config_apply_per_lib :  ITTAPI function NOT instrumented (not matched by --itt-config option): __itt_model_task_beginA

427702 : 0x1cf07ebbc1167 : 2 : ittapi_config_apply_per_lib :  ITTAPI function NOT instrumented (not matched by --itt-config option): __itt_model_task_beginAL

427702 : 0x1cf07ebbc2240 : 2 : ittapi_config_apply_per_lib :  ITTAPI function NOT instrumented (not matched by --itt-config option): __itt_model_iteration_taskA

427702 : 0x1cf07ebbc325d : 2 : ittapi_config_apply_per_lib :  ITTAPI function NOT instrumented (not matched by --itt-config option): __itt_model_iteration_taskAL

427702 : 0x1cf07ebbd39c0 : 2 : ittapi_config_apply_per_lib :  ITTAPI function NOT instrumented (not matched by --itt-config option): __itt_model_site_end_2

427702 : 0x1cf07ebbd4b78 : 2 : ittapi_config_apply_per_lib :  ITTAPI function NOT instrumented (not matched by --itt-config option): __itt_model_task_end_2

427702 : 0x1cf07ebbd5b59 : 2 : ittapi_config_apply_per_lib :  ITTAPI function NOT instrumented (not matched by --itt-config option): __itt_model_lock_acquire_2

427702 : 0x1cf07ebbd6b7c : 2 : ittapi_config_apply_per_lib :  ITTAPI function NOT instrumented (not matched by --itt-config option): __itt_model_lock_release_2

427702 : 0x1cf07ebbd7b9b : 2 : ittapi_config_apply_per_lib :  ITTAPI function NOT instrumented (not matched by --itt-config option): __itt_model_aggregate_task

427702 : 0x1cf07ebbd8bf8 : 2 : ittapi_config_apply_per_lib :  ITTAPI function NOT instrumented (not matched by --itt-config option): __itt_model_disable_push

427702 : 0x1cf07ebbd9bb0 : 2 : ittapi_config_apply_per_lib :  ITTAPI function NOT instrumented (not matched by --itt-config option): __itt_model_disable_pop

427702 : 0x1cf07ebbdb0e1 : 2 : ittapi_config_apply_per_lib :  ITTAPI function instrumented: __itt_heap_function_create
427702 : 0x1cf07ebbdc542 : 2 : ittapi_config_apply_per_lib :  ITTAPI function instrumented: __itt_heap_allocate_begin
427702 : 0x1cf07ebbdd845 : 2 : ittapi_config_apply_per_lib :  ITTAPI function instrumented: __itt_heap_allocate_end
427702 : 0x1cf07ebbe6aef : 2 : ittapi_config_apply_per_lib :  ITTAPI function instrumented: __itt_heap_free_begin
427702 : 0x1cf07ebbe7fb3 : 2 : ittapi_config_apply_per_lib :  ITTAPI function instrumented: __itt_heap_free_end
427702 : 0x1cf07ebbe92b4 : 2 : ittapi_config_apply_per_lib :  ITTAPI function instrumented: __itt_heap_reallocate_begin
427702 : 0x1cf07ebbea50b : 2 : ittapi_config_apply_per_lib :  ITTAPI function instrumented: __itt_heap_reallocate_end
427702 : 0x1cf07ebbebc46 : 2 : ittapi_config_apply_per_lib :  ITTAPI function not implemented: __itt_heap_internal_access_begin
427702 : 0x1cf07ebbed300 : 2 : ittapi_config_apply_per_lib :  ITTAPI function not implemented: __itt_heap_internal_access_end
427702 : 0x1cf07ebbee7c8 : 2 : ittapi_config_apply_per_lib :  ITTAPI function not implemented: __itt_heap_record_memory_growth_begin
427702 : 0x1cf07ebbefce8 : 2 : ittapi_config_apply_per_lib :  ITTAPI function not implemented: __itt_heap_record_memory_growth_end
427702 : 0x1cf07ebbf1172 : 2 : ittapi_config_apply_per_lib :  ITTAPI function not implemented: __itt_heap_reset_detection
427702 : 0x1cf07ebbf270f : 2 : ittapi_config_apply_per_lib :  ITTAPI function not implemented: __itt_heap_record
427702 : 0x1cf07ebbf993f : 2 : ittapi_config_apply_per_lib :  ITTAPI function not implemented: __itt_id_create
427702 : 0x1cf07ebbfaf3e : 2 : ittapi_config_apply_per_lib :  ITTAPI function not implemented: __itt_id_destroy
427702 : 0x1cf07ebbfc212 : 2 : ittapi_config_apply_per_lib :  ITTAPI function instrumented: __itt_get_timestamp
427702 : 0x1cf07ebbfd5f2 : 2 : ittapi_config_apply_per_lib :  ITTAPI function not implemented: __itt_region_begin
427702 : 0x1cf07ebbfe9ce : 2 : ittapi_config_apply_per_lib :  ITTAPI function not implemented: __itt_region_end
427702 : 0x1cf07ebbffd2e : 2 : ittapi_config_apply_per_lib :  ITTAPI function instrumented: __itt_frame_begin_v3
427702 : 0x1cf07ebc0113e : 2 : ittapi_config_apply_per_lib :  ITTAPI function instrumented: __itt_frame_end_v3
427702 : 0x1cf07ebc024c4 : 2 : ittapi_config_apply_per_lib :  ITTAPI function instrumented: __itt_frame_submit_v3
427702 : 0x1cf07ebc038f9 : 2 : ittapi_config_apply_per_lib :  ITTAPI function not implemented: __itt_task_group
427702 : 0x1cf07ebc04c92 : 2 : ittapi_config_apply_per_lib :  ITTAPI function instrumented: __itt_task_begin
427702 : 0x1cf07ebc0bdb0 : 2 : ittapi_config_apply_per_lib :  ITTAPI function instrumented: __itt_task_begin_fn
427702 : 0x1cf07ebc0d340 : 2 : ittapi_config_apply_per_lib :  ITTAPI function instrumented: __itt_task_end
427702 : 0x1cf07ebc0e868 : 2 : ittapi_config_apply_per_lib :  ITTAPI function not implemented: __itt_counter_inc_v3
427702 : 0x1cf07ebc0feb3 : 2 : ittapi_config_apply_per_lib :  ITTAPI function not implemented: __itt_counter_inc_delta_v3
427702 : 0x1cf07ebc112a0 : 2 : ittapi_config_apply_per_lib :  ITTAPI function not implemented: __itt_counter_dec_v3
427702 : 0x1cf07ebc126ce : 2 : ittapi_config_apply_per_lib :  ITTAPI function not implemented: __itt_counter_dec_delta_v3
427702 : 0x1cf07ebc13cf9 : 2 : ittapi_config_apply_per_lib :  ITTAPI function not implemented: __itt_marker
427702 : 0x1cf07ebc14f9b : 2 : ittapi_config_apply_per_lib :  ITTAPI function instrumented: __itt_metadata_add
427702 : 0x1cf07ebc164f4 : 2 : ittapi_config_apply_per_lib :  ITTAPI function not implemented: __itt_metadata_str_add
427702 : 0x1cf07ebc17901 : 2 : ittapi_config_apply_per_lib :  ITTAPI function not implemented: __itt_relation_add_to_current
427702 : 0x1cf07ebc1e731 : 2 : ittapi_config_apply_per_lib :  ITTAPI function not implemented: __itt_relation_add
427702 : 0x1cf07ebc1fb3b : 2 : ittapi_config_apply_per_lib :  ITTAPI function instrumented: __itt_event_create
427702 : 0x1cf07ebc20ecf : 2 : ittapi_config_apply_per_lib :  ITTAPI function instrumented: __itt_event_start
427702 : 0x1cf07ebc221f0 : 2 : ittapi_config_apply_per_lib :  ITTAPI function instrumented: __itt_event_end
427702 : 0x1cf07ebc23233 : 2 : ittapi_config_apply_per_lib :  ITTAPI function NOT instrumented (not matched by --itt-config option): __itt_sync_set_name

427702 : 0x1cf07ebc24462 : 2 : ittapi_config_apply_per_lib :  ITTAPI function NOT instrumented (not matched by --itt-config option): __itt_notify_sync_name

427702 : 0x1cf07ebc25599 : 2 : ittapi_config_apply_per_lib :  ITTAPI function NOT instrumented (not matched by --itt-config option): __itt_notify_sync_prepare

427702 : 0x1cf07ebc2663d : 2 : ittapi_config_apply_per_lib :  ITTAPI function NOT instrumented (not matched by --itt-config option): __itt_notify_sync_cancel

427702 : 0x1cf07ebc27620 : 2 : ittapi_config_apply_per_lib :  ITTAPI function NOT instrumented (not matched by --itt-config option): __itt_notify_sync_acquired

427702 : 0x1cf07ebc2860f : 2 : ittapi_config_apply_per_lib :  ITTAPI function NOT instrumented (not matched by --itt-config option): __itt_notify_sync_releasing

427702 : 0x1cf07ebc31a44 : 2 : ittapi_config_apply_per_lib :  ITTAPI function not implemented: __itt_memory_read
427702 : 0x1cf07ebc33183 : 2 : ittapi_config_apply_per_lib :  ITTAPI function not implemented: __itt_memory_write
427702 : 0x1cf07ebc34541 : 2 : ittapi_config_apply_per_lib :  ITTAPI function not implemented: __itt_memory_update
427702 : 0x1cf07ebc35a04 : 2 : ittapi_config_apply_per_lib :  ITTAPI function not implemented: __itt_state_get
427702 : 0x1cf07ebc36d1b : 2 : ittapi_config_apply_per_lib :  ITTAPI function not implemented: __itt_state_set
427702 : 0x1cf07ebc3812c : 2 : ittapi_config_apply_per_lib :  ITTAPI function not implemented: __itt_obj_mode_set
427702 : 0x1cf07ebc3954b : 2 : ittapi_config_apply_per_lib :  ITTAPI function not implemented: __itt_thr_mode_set
427702 : 0x1cf07ebc3a759 : 2 : ittapi_config_apply_per_lib :  ITTAPI function instrumented: __itt_frame_create
427702 : 0x1cf07ebc3b9d3 : 2 : ittapi_config_apply_per_lib :  ITTAPI function instrumented: __itt_pt_region_create
427702 : 0x1cf07ebc3ccec : 2 : ittapi_config_apply_per_lib :  ITTAPI function instrumented: __itt_frame_begin
427702 : 0x1cf07ebc43b60 : 2 : ittapi_config_apply_per_lib :  ITTAPI function instrumented: __itt_frame_end
427702 : 0x1cf07ebc45273 : 2 : ittapi_config_apply_per_lib :  ITTAPI function not implemented: __itt_counter_destroy
427702 : 0x1cf07ebc4661b : 2 : ittapi_config_apply_per_lib :  ITTAPI function instrumented: __itt_counter_inc
427702 : 0x1cf07ebc49ef2 : 2 : ittapi_config_apply_per_lib :  ITTAPI function instrumented: __itt_counter_inc_delta
427702 : 0x1cf07ebc4b14f : 2 : ittapi_config_apply_per_lib :  ITTAPI function instrumented: __itt_counter_dec
427702 : 0x1cf07ebc4c566 : 2 : ittapi_config_apply_per_lib :  ITTAPI function instrumented: __itt_counter_dec_delta
427702 : 0x1cf07ebc4d7af : 2 : ittapi_config_apply_per_lib :  ITTAPI function instrumented: __itt_counter_set_value
427702 : 0x1cf07ebc4eb77 : 2 : ittapi_config_apply_per_lib :  ITTAPI function not implemented: __itt_counter_set_value_ex
427702 : 0x1cf07ebc4feb6 : 2 : ittapi_config_apply_per_lib :  ITTAPI function not implemented: __itt_mark_create
427702 : 0x1cf07ebc51336 : 2 : ittapi_config_apply_per_lib :  ITTAPI function not implemented: __itt_mark
427702 : 0x1cf07ebc59e8c : 2 : ittapi_config_apply_per_lib :  ITTAPI function not implemented: __itt_mark_off
427702 : 0x1cf07ebc5b3d3 : 2 : ittapi_config_apply_per_lib :  ITTAPI function not implemented: __itt_mark_global
427702 : 0x1cf07ebc5c77f : 2 : ittapi_config_apply_per_lib :  ITTAPI function not implemented: __itt_mark_global_off
427702 : 0x1cf07ebc5d91b : 2 : ittapi_config_apply_per_lib :  ITTAPI function NOT instrumented (not matched by --itt-config option): __itt_stack_caller_create

427702 : 0x1cf07ebc5ea15 : 2 : ittapi_config_apply_per_lib :  ITTAPI function NOT instrumented (not matched by --itt-config option): __itt_stack_caller_destroy

427702 : 0x1cf07ebc5fab7 : 2 : ittapi_config_apply_per_lib :  ITTAPI function NOT instrumented (not matched by --itt-config option): __itt_stack_callee_enter

427702 : 0x1cf07ebc60aac : 2 : ittapi_config_apply_per_lib :  ITTAPI function NOT instrumented (not matched by --itt-config option): __itt_stack_callee_leave

427702 : 0x1cf07ebc620b0 : 2 : ittapi_config_apply_per_lib :  ITTAPI function not implemented: __itt_clock_domain_create
427702 : 0x1cf07ebc634f7 : 2 : ittapi_config_apply_per_lib :  ITTAPI function not implemented: __itt_clock_domain_reset
427702 : 0x1cf07ebc648ad : 2 : ittapi_config_apply_per_lib :  ITTAPI function not implemented: __itt_id_create_ex
427702 : 0x1cf07ebc6df70 : 2 : ittapi_config_apply_per_lib :  ITTAPI function not implemented: __itt_id_destroy_ex
427702 : 0x1cf07ebc6f674 : 2 : ittapi_config_apply_per_lib :  ITTAPI function not implemented: __itt_task_begin_ex
427702 : 0x1cf07ebc70b28 : 2 : ittapi_config_apply_per_lib :  ITTAPI function not implemented: __itt_task_begin_fn_ex
427702 : 0x1cf07ebc71f8d : 2 : ittapi_config_apply_per_lib :  ITTAPI function not implemented: __itt_task_end_ex
427702 : 0x1cf07ebc73313 : 2 : ittapi_config_apply_per_lib :  ITTAPI function instrumented: __itt_task_begin_overlapped
427702 : 0x1cf07ebc746f3 : 2 : ittapi_config_apply_per_lib :  ITTAPI function not implemented: __itt_task_begin_overlapped_ex
427702 : 0x1cf07ebc75bf3 : 2 : ittapi_config_apply_per_lib :  ITTAPI function instrumented: __itt_task_end_overlapped
427702 : 0x1cf07ebc7700c : 2 : ittapi_config_apply_per_lib :  ITTAPI function not implemented: __itt_task_end_overlapped_ex
427702 : 0x1cf07ebc78385 : 2 : ittapi_config_apply_per_lib :  ITTAPI function not implemented: __itt_marker_ex
427702 : 0x1cf07ebc798b0 : 2 : ittapi_config_apply_per_lib :  ITTAPI function not implemented: __itt_metadata_add_with_scope
427702 : 0x1cf07ebc82985 : 2 : ittapi_config_apply_per_lib :  ITTAPI function not implemented: __itt_metadata_str_add_with_scope
427702 : 0x1cf07ebc83fca : 2 : ittapi_config_apply_per_lib :  ITTAPI function not implemented: __itt_relation_add_to_current_ex
427702 : 0x1cf07ebc853d6 : 2 : ittapi_config_apply_per_lib :  ITTAPI function not implemented: __itt_relation_add_ex
427702 : 0x1cf07ebc867ef : 2 : ittapi_config_apply_per_lib :  ITTAPI function not implemented: __itt_track_group_create
427702 : 0x1cf07ebc87a77 : 2 : ittapi_config_apply_per_lib :  ITTAPI function not implemented: __itt_track_create
427702 : 0x1cf07ebc88ec8 : 2 : ittapi_config_apply_per_lib :  ITTAPI function not implemented: __itt_set_track
427702 : 0x1cf07ebc8a235 : 2 : ittapi_config_apply_per_lib :  ITTAPI function instrumented: __itt_api_version
427702 : 0x1cf07ebc8b640 : 2 : ittapi_config_apply_per_lib :  ITTAPI function not implemented: __itt_av_save
427702 : 0x1cf07ebc8c97b : 2 : ittapi_config_apply_per_lib :  ITTAPI function instrumented: __itt_module_load
427702 : 0x1cf07ebc8dd9c : 2 : ittapi_config_apply_per_lib :  ITTAPI function not implemented: __itt_module_unload
427702 : 0x1cf07ebc94e06 : 2 : ittapi_config_apply_per_lib :  ITTAPI function NOT instrumented (not matched by --itt-config option): __itt_histogram_submit

427702 : 0x1cf07ebe0da9c : 2 : ittapi_config_mask_get :  --itt-config mask to be applied: 39
427702 : 0x1cf07ebe0febd : 2 : ittapi_config_apply_per_lib :  ITTAPI function instrumented: __itt_domain_create
427702 : 0x1cf07ebe11495 : 2 : ittapi_config_apply_per_lib :  ITTAPI function instrumented: __itt_module_load_with_sections
427702 : 0x1cf07ebe12ccc : 2 : ittapi_config_apply_per_lib :  ITTAPI function not implemented: __itt_module_unload_with_sections
427702 : 0x1cf07ebe14186 : 2 : ittapi_config_apply_per_lib :  ITTAPI function instrumented: __itt_string_handle_create
427702 : 0x1cf07ebe1541c : 2 : ittapi_config_apply_per_lib :  ITTAPI function instrumented: __itt_counter_create
427702 : 0x1cf07ebe16663 : 2 : ittapi_config_apply_per_lib :  ITTAPI function instrumented: __itt_counter_create_typed
427702 : 0x1cf07ebe17a51 : 2 : ittapi_config_apply_per_lib :  ITTAPI function instrumented: __itt_pause
427702 : 0x1cf07ebe18d52 : 2 : ittapi_config_apply_per_lib :  ITTAPI function instrumented: __itt_resume
427702 : 0x1cf07ebe222a1 : 2 : ittapi_config_apply_per_lib :  ITTAPI function instrumented: __itt_thread_set_name
427702 : 0x1cf07ebe2377d : 2 : ittapi_config_apply_per_lib :  ITTAPI function instrumented: __itt_thread_ignore
427702 : 0x1cf07ebe24c29 : 2 : ittapi_config_apply_per_lib :  ITTAPI function instrumented: __itt_thr_name_set
427702 : 0x1cf07ebe25ea7 : 2 : ittapi_config_apply_per_lib :  ITTAPI function instrumented: __itt_thr_ignore
427702 : 0x1cf07ebe274ad : 2 : ittapi_config_apply_per_lib :  ITTAPI function not implemented: __itt_enable_attach
427702 : 0x1cf07ebe287ca : 2 : ittapi_config_apply_per_lib :  ITTAPI function instrumented: __itt_detach
427702 : 0x1cf07ebe2994a : 2 : ittapi_config_apply_per_lib :  ITTAPI function NOT instrumented (not matched by --itt-config option): __itt_sync_create

427702 : 0x1cf07ebe2ab6c : 2 : ittapi_config_apply_per_lib :  ITTAPI function NOT instrumented (not matched by --itt-config option): __itt_sync_rename

427702 : 0x1cf07ebe2bbfe : 2 : ittapi_config_apply_per_lib :  ITTAPI function NOT instrumented (not matched by --itt-config option): __itt_sync_destroy

427702 : 0x1cf07ebe2cd64 : 2 : ittapi_config_apply_per_lib :  ITTAPI function NOT instrumented (not matched by --itt-config option): __itt_sync_prepare

427702 : 0x1cf07ebe36e56 : 2 : ittapi_config_apply_per_lib :  ITTAPI function NOT instrumented (not matched by --itt-config option): __itt_sync_cancel

427702 : 0x1cf07ebe381c5 : 2 : ittapi_config_apply_per_lib :  ITTAPI function NOT instrumented (not matched by --itt-config option): __itt_sync_acquired

427702 : 0x1cf07ebe39210 : 2 : ittapi_config_apply_per_lib :  ITTAPI function NOT instrumented (not matched by --itt-config option): __itt_sync_releasing

427702 : 0x1cf07ebe3a8d6 : 2 : ittapi_config_apply_per_lib :  ITTAPI function not implemented: __itt_suppress_push
427702 : 0x1cf07ebe3bffd : 2 : ittapi_config_apply_per_lib :  ITTAPI function not implemented: __itt_suppress_pop
427702 : 0x1cf07ebe3d41c : 2 : ittapi_config_apply_per_lib :  ITTAPI function not implemented: __itt_suppress_mark_range
427702 : 0x1cf07ebe3e8b7 : 2 : ittapi_config_apply_per_lib :  ITTAPI function not implemented: __itt_suppress_clear_range
427702 : 0x1cf07ebe3f8de : 2 : ittapi_config_apply_per_lib :  ITTAPI function NOT instrumented (not matched by --itt-config option): __itt_sync_prepare

427702 : 0x1cf07ebe40916 : 2 : ittapi_config_apply_per_lib :  ITTAPI function NOT instrumented (not matched by --itt-config option): __itt_sync_cancel

427702 : 0x1cf07ebe41924 : 2 : ittapi_config_apply_per_lib :  ITTAPI function NOT instrumented (not matched by --itt-config option): __itt_sync_acquired

427702 : 0x1cf07ebe489c5 : 2 : ittapi_config_apply_per_lib :  ITTAPI function NOT instrumented (not matched by --itt-config option): __itt_sync_releasing

427702 : 0x1cf07ebe49cba : 2 : ittapi_config_apply_per_lib :  ITTAPI function NOT instrumented (not matched by --itt-config option): __itt_model_site_begin

427702 : 0x1cf07ebe4ad1d : 2 : ittapi_config_apply_per_lib :  ITTAPI function NOT instrumented (not matched by --itt-config option): __itt_model_site_end

427702 : 0x1cf07ebe4bd7f : 2 : ittapi_config_apply_per_lib :  ITTAPI function NOT instrumented (not matched by --itt-config option): __itt_model_task_begin

427702 : 0x1cf07ebe4cd7e : 2 : ittapi_config_apply_per_lib :  ITTAPI function NOT instrumented (not matched by --itt-config option): __itt_model_task_end

427702 : 0x1cf07ebe4dd88 : 2 : ittapi_config_apply_per_lib :  ITTAPI function NOT instrumented (not matched by --itt-config option): __itt_model_lock_acquire

427702 : 0x1cf07ebe4eeb1 : 2 : ittapi_config_apply_per_lib :  ITTAPI function NOT instrumented (not matched by --itt-config option): __itt_model_lock_release

427702 : 0x1cf07ebe4fec6 : 2 : ittapi_config_apply_per_lib :  ITTAPI function NOT instrumented (not matched by --itt-config option): __itt_model_record_allocation

427702 : 0x1cf07ebe50ea3 : 2 : ittapi_config_apply_per_lib :  ITTAPI function NOT instrumented (not matched by --itt-config option): __itt_model_record_deallocation

427702 : 0x1cf07ebe51e82 : 2 : ittapi_config_apply_per_lib :  ITTAPI function NOT instrumented (not matched by --itt-config option): __itt_model_induction_uses

427702 : 0x1cf07ebe5ab3c : 2 : ittapi_config_apply_per_lib :  ITTAPI function NOT instrumented (not matched by --itt-config option): __itt_model_reduction_uses

427702 : 0x1cf07ebe5bdce : 2 : ittapi_config_apply_per_lib :  ITTAPI function NOT instrumented (not matched by --itt-config option): __itt_model_observe_uses

427702 : 0x1cf07ebe5ce2a : 2 : ittapi_config_apply_per_lib :  ITTAPI function NOT instrumented (not matched by --itt-config option): __itt_model_clear_uses

427702 : 0x1cf07ebe5dea7 : 2 : ittapi_config_apply_per_lib :  ITTAPI function NOT instrumented (not matched by --itt-config option): __itt_model_site_beginA

427702 : 0x1cf07ebe5eef3 : 2 : ittapi_config_apply_per_lib :  ITTAPI function NOT instrumented (not matched by --itt-config option): __itt_model_site_beginAL

427702 : 0x1cf07ebe5fec3 : 2 : ittapi_config_apply_per_lib :  ITTAPI function NOT instrumented (not matched by --itt-config option): __itt_model_task_beginA

427702 : 0x1cf07ebe60ece : 2 : ittapi_config_apply_per_lib :  ITTAPI function NOT instrumented (not matched by --itt-config option): __itt_model_task_beginAL

427702 : 0x1cf07ebe61ef3 : 2 : ittapi_config_apply_per_lib :  ITTAPI function NOT instrumented (not matched by --itt-config option): __itt_model_iteration_taskA

427702 : 0x1cf07ebe62ea9 : 2 : ittapi_config_apply_per_lib :  ITTAPI function NOT instrumented (not matched by --itt-config option): __itt_model_iteration_taskAL

427702 : 0x1cf07ebe63e74 : 2 : ittapi_config_apply_per_lib :  ITTAPI function NOT instrumented (not matched by --itt-config option): __itt_model_site_end_2

427702 : 0x1cf07ebe6a760 : 2 : ittapi_config_apply_per_lib :  ITTAPI function NOT instrumented (not matched by --itt-config option): __itt_model_task_end_2

427702 : 0x1cf07ebe6b8a5 : 2 : ittapi_config_apply_per_lib :  ITTAPI function NOT instrumented (not matched by --itt-config option): __itt_model_lock_acquire_2

427702 : 0x1cf07ebe6c8f4 : 2 : ittapi_config_apply_per_lib :  ITTAPI function NOT instrumented (not matched by --itt-config option): __itt_model_lock_release_2

427702 : 0x1cf07ebe6d90b : 2 : ittapi_config_apply_per_lib :  ITTAPI function NOT instrumented (not matched by --itt-config option): __itt_model_aggregate_task

427702 : 0x1cf07ebe6e957 : 2 : ittapi_config_apply_per_lib :  ITTAPI function NOT instrumented (not matched by --itt-config option): __itt_model_disable_push

427702 : 0x1cf07ebe6f905 : 2 : ittapi_config_apply_per_lib :  ITTAPI function NOT instrumented (not matched by --itt-config option): __itt_model_disable_pop

427702 : 0x1cf07ebe70deb : 2 : ittapi_config_apply_per_lib :  ITTAPI function instrumented: __itt_heap_function_create
427702 : 0x1cf07ebe721cd : 2 : ittapi_config_apply_per_lib :  ITTAPI function instrumented: __itt_heap_allocate_begin
427702 : 0x1cf07ebe73465 : 2 : ittapi_config_apply_per_lib :  ITTAPI function instrumented: __itt_heap_allocate_end
427702 : 0x1cf07ebe7470d : 2 : ittapi_config_apply_per_lib :  ITTAPI function instrumented: __itt_heap_free_begin
427702 : 0x1cf07ebe7b211 : 2 : ittapi_config_apply_per_lib :  ITTAPI function instrumented: __itt_heap_free_end
427702 : 0x1cf07ebe7c750 : 2 : ittapi_config_apply_per_lib :  ITTAPI function instrumented: __itt_heap_reallocate_begin
427702 : 0x1cf07ebe7d969 : 2 : ittapi_config_apply_per_lib :  ITTAPI function instrumented: __itt_heap_reallocate_end
427702 : 0x1cf07ebe7ef23 : 2 : ittapi_config_apply_per_lib :  ITTAPI function not implemented: __itt_heap_internal_access_begin
427702 : 0x1cf07ebe8034f : 2 : ittapi_config_apply_per_lib :  ITTAPI function not implemented: __itt_heap_internal_access_end
427702 : 0x1cf07ebe817c7 : 2 : ittapi_config_apply_per_lib :  ITTAPI function not implemented: __itt_heap_record_memory_growth_begin
427702 : 0x1cf07ebe82be8 : 2 : ittapi_config_apply_per_lib :  ITTAPI function not implemented: __itt_heap_record_memory_growth_end
427702 : 0x1cf07ebe85ff2 : 2 : ittapi_config_apply_per_lib :  ITTAPI function not implemented: __itt_heap_reset_detection
427702 : 0x1cf07ebe873f0 : 2 : ittapi_config_apply_per_lib :  ITTAPI function not implemented: __itt_heap_record
427702 : 0x1cf07ebe8876e : 2 : ittapi_config_apply_per_lib :  ITTAPI function not implemented: __itt_id_create
427702 : 0x1cf07ebe91e60 : 2 : ittapi_config_apply_per_lib :  ITTAPI function not implemented: __itt_id_destroy
427702 : 0x1cf07ebe93473 : 2 : ittapi_config_apply_per_lib :  ITTAPI function instrumented: __itt_get_timestamp
427702 : 0x1cf07ebe94849 : 2 : ittapi_config_apply_per_lib :  ITTAPI function not implemented: __itt_region_begin
427702 : 0x1cf07ebe95c37 : 2 : ittapi_config_apply_per_lib :  ITTAPI function not implemented: __itt_region_end
427702 : 0x1cf07ebe96fc7 : 2 : ittapi_config_apply_per_lib :  ITTAPI function instrumented: __itt_frame_begin_v3
427702 : 0x1cf07ebe983ee : 2 : ittapi_config_apply_per_lib :  ITTAPI function instrumented: __itt_frame_end_v3
427702 : 0x1cf07ebe99737 : 2 : ittapi_config_apply_per_lib :  ITTAPI function instrumented: __itt_frame_submit_v3
427702 : 0x1cf07ebe9ab68 : 2 : ittapi_config_apply_per_lib :  ITTAPI function not implemented: __itt_task_group
427702 : 0x1cf07ebe9bf34 : 2 : ittapi_config_apply_per_lib :  ITTAPI function instrumented: __itt_task_begin
427702 : 0x1cf07ebe9d22c : 2 : ittapi_config_apply_per_lib :  ITTAPI function instrumented: __itt_task_begin_fn
427702 : 0x1cf07ebea426e : 2 : ittapi_config_apply_per_lib :  ITTAPI function instrumented: __itt_task_end
427702 : 0x1cf07ebea58b5 : 2 : ittapi_config_apply_per_lib :  ITTAPI function not implemented: __itt_counter_inc_v3
427702 : 0x1cf07ebea6e93 : 2 : ittapi_config_apply_per_lib :  ITTAPI function not implemented: __itt_counter_inc_delta_v3
427702 : 0x1cf07ebea82c6 : 2 : ittapi_config_apply_per_lib :  ITTAPI function not implemented: __itt_counter_dec_v3
427702 : 0x1cf07ebea96d9 : 2 : ittapi_config_apply_per_lib :  ITTAPI function not implemented: __itt_counter_dec_delta_v3
427702 : 0x1cf07ebeaab0e : 2 : ittapi_config_apply_per_lib :  ITTAPI function not implemented: __itt_marker
427702 : 0x1cf07ebeabe23 : 2 : ittapi_config_apply_per_lib :  ITTAPI function instrumented: __itt_metadata_add
427702 : 0x1cf07ebead2ff : 2 : ittapi_config_apply_per_lib :  ITTAPI function not implemented: __itt_metadata_str_add
427702 : 0x1cf07ebeae68c : 2 : ittapi_config_apply_per_lib :  ITTAPI function not implemented: __itt_relation_add_to_current
427702 : 0x1cf07ebeafa42 : 2 : ittapi_config_apply_per_lib :  ITTAPI function not implemented: __itt_relation_add
427702 : 0x1cf07ebeb664a : 2 : ittapi_config_apply_per_lib :  ITTAPI function instrumented: __itt_event_create
427702 : 0x1cf07ebeb7b71 : 2 : ittapi_config_apply_per_lib :  ITTAPI function instrumented: __itt_event_start
427702 : 0x1cf07ebeb8e9c : 2 : ittapi_config_apply_per_lib :  ITTAPI function instrumented: __itt_event_end
427702 : 0x1cf07ebeb9fd7 : 2 : ittapi_config_apply_per_lib :  ITTAPI function NOT instrumented (not matched by --itt-config option): __itt_sync_set_name

427702 : 0x1cf07ebebb1e4 : 2 : ittapi_config_apply_per_lib :  ITTAPI function NOT instrumented (not matched by --itt-config option): __itt_notify_sync_name

427702 : 0x1cf07ebebc261 : 2 : ittapi_config_apply_per_lib :  ITTAPI function NOT instrumented (not matched by --itt-config option): __itt_notify_sync_prepare

427702 : 0x1cf07ebebd2b7 : 2 : ittapi_config_apply_per_lib :  ITTAPI function NOT instrumented (not matched by --itt-config option): __itt_notify_sync_cancel

427702 : 0x1cf07ebebe26f : 2 : ittapi_config_apply_per_lib :  ITTAPI function NOT instrumented (not matched by --itt-config option): __itt_notify_sync_acquired

427702 : 0x1cf07ebebf28c : 2 : ittapi_config_apply_per_lib :  ITTAPI function NOT instrumented (not matched by --itt-config option): __itt_notify_sync_releasing

427702 : 0x1cf07ebec0670 : 2 : ittapi_config_apply_per_lib :  ITTAPI function not implemented: __itt_memory_read
427702 : 0x1cf07ebec7422 : 2 : ittapi_config_apply_per_lib :  ITTAPI function not implemented: __itt_memory_write
427702 : 0x1cf07ebec8a3a : 2 : ittapi_config_apply_per_lib :  ITTAPI function not implemented: __itt_memory_update
427702 : 0x1cf07ebec9f2a : 2 : ittapi_config_apply_per_lib :  ITTAPI function not implemented: __itt_state_get
427702 : 0x1cf07ebecb290 : 2 : ittapi_config_apply_per_lib :  ITTAPI function not implemented: __itt_state_set
427702 : 0x1cf07ebecc6cb : 2 : ittapi_config_apply_per_lib :  ITTAPI function not implemented: __itt_obj_mode_set
427702 : 0x1cf07ebecdb06 : 2 : ittapi_config_apply_per_lib :  ITTAPI function not implemented: __itt_thr_mode_set
427702 : 0x1cf07ebeced08 : 2 : ittapi_config_apply_per_lib :  ITTAPI function instrumented: __itt_frame_create
427702 : 0x1cf07ebecff49 : 2 : ittapi_config_apply_per_lib :  ITTAPI function instrumented: __itt_pt_region_create
427702 : 0x1cf07ebed125a : 2 : ittapi_config_apply_per_lib :  ITTAPI function instrumented: __itt_frame_begin
427702 : 0x1cf07ebed262c : 2 : ittapi_config_apply_per_lib :  ITTAPI function instrumented: __itt_frame_end
427702 : 0x1cf07ebedbb2f : 2 : ittapi_config_apply_per_lib :  ITTAPI function not implemented: __itt_counter_destroy
427702 : 0x1cf07ebedd0db : 2 : ittapi_config_apply_per_lib :  ITTAPI function instrumented: __itt_counter_inc
427702 : 0x1cf07ebede4a9 : 2 : ittapi_config_apply_per_lib :  ITTAPI function instrumented: __itt_counter_inc_delta
427702 : 0x1cf07ebedf77f : 2 : ittapi_config_apply_per_lib :  ITTAPI function instrumented: __itt_counter_dec
427702 : 0x1cf07ebee0a6e : 2 : ittapi_config_apply_per_lib :  ITTAPI function instrumented: __itt_counter_dec_delta
427702 : 0x1cf07ebee1cf7 : 2 : ittapi_config_apply_per_lib :  ITTAPI function instrumented: __itt_counter_set_value
427702 : 0x1cf07ebee3163 : 2 : ittapi_config_apply_per_lib :  ITTAPI function not implemented: __itt_counter_set_value_ex
427702 : 0x1cf07ebee44ce : 2 : ittapi_config_apply_per_lib :  ITTAPI function not implemented: __itt_mark_create
427702 : 0x1cf07ebee5913 : 2 : ittapi_config_apply_per_lib :  ITTAPI function not implemented: __itt_mark
427702 : 0x1cf07ebee6d20 : 2 : ittapi_config_apply_per_lib :  ITTAPI function not implemented: __itt_mark_off
427702 : 0x1cf07ebeedd98 : 2 : ittapi_config_apply_per_lib :  ITTAPI function not implemented: __itt_mark_global
427702 : 0x1cf07ebeef360 : 2 : ittapi_config_apply_per_lib :  ITTAPI function not implemented: __itt_mark_global_off
427702 : 0x1cf07ebef0475 : 2 : ittapi_config_apply_per_lib :  ITTAPI function NOT instrumented (not matched by --itt-config option): __itt_stack_caller_create

427702 : 0x1cf07ebef1594 : 2 : ittapi_config_apply_per_lib :  ITTAPI function NOT instrumented (not matched by --itt-config option): __itt_stack_caller_destroy

427702 : 0x1cf07ebef2652 : 2 : ittapi_config_apply_per_lib :  ITTAPI function NOT instrumented (not matched by --itt-config option): __itt_stack_callee_enter

427702 : 0x1cf07ebef3673 : 2 : ittapi_config_apply_per_lib :  ITTAPI function NOT instrumented (not matched by --itt-config option): __itt_stack_callee_leave

427702 : 0x1cf07ebef4a7e : 2 : ittapi_config_apply_per_lib :  ITTAPI function not implemented: __itt_clock_domain_create
427702 : 0x1cf07ebef5f80 : 2 : ittapi_config_apply_per_lib :  ITTAPI function not implemented: __itt_clock_domain_reset
427702 : 0x1cf07ebef72f4 : 2 : ittapi_config_apply_per_lib :  ITTAPI function not implemented: __itt_id_create_ex
427702 : 0x1cf07ebef8906 : 2 : ittapi_config_apply_per_lib :  ITTAPI function not implemented: __itt_id_destroy_ex
427702 : 0x1cf07ebeffa95 : 2 : ittapi_config_apply_per_lib :  ITTAPI function not implemented: __itt_task_begin_ex
427702 : 0x1cf07ebf01075 : 2 : ittapi_config_apply_per_lib :  ITTAPI function not implemented: __itt_task_begin_fn_ex
427702 : 0x1cf07ebf024e8 : 2 : ittapi_config_apply_per_lib :  ITTAPI function not implemented: __itt_task_end_ex
427702 : 0x1cf07ebf03925 : 2 : ittapi_config_apply_per_lib :  ITTAPI function instrumented: __itt_task_begin_overlapped
427702 : 0x1cf07ebf04d28 : 2 : ittapi_config_apply_per_lib :  ITTAPI function not implemented: __itt_task_begin_overlapped_ex
427702 : 0x1cf07ebf0601e : 2 : ittapi_config_apply_per_lib :  ITTAPI function instrumented: __itt_task_end_overlapped
427702 : 0x1cf07ebf074c0 : 2 : ittapi_config_apply_per_lib :  ITTAPI function not implemented: __itt_task_end_overlapped_ex
427702 : 0x1cf07ebf08862 : 2 : ittapi_config_apply_per_lib :  ITTAPI function not implemented: __itt_marker_ex
427702 : 0x1cf07ebf09cc7 : 2 : ittapi_config_apply_per_lib :  ITTAPI function not implemented: __itt_metadata_add_with_scope
427702 : 0x1cf07ebf0b25a : 2 : ittapi_config_apply_per_lib :  ITTAPI function not implemented: __itt_metadata_str_add_with_scope
427702 : 0x1cf07ebf14617 : 2 : ittapi_config_apply_per_lib :  ITTAPI function not implemented: __itt_relation_add_to_current_ex
427702 : 0x1cf07ebf15d03 : 2 : ittapi_config_apply_per_lib :  ITTAPI function not implemented: __itt_relation_add_ex
427702 : 0x1cf07ebf171e9 : 2 : ittapi_config_apply_per_lib :  ITTAPI function not implemented: __itt_track_group_create
427702 : 0x1cf07ebf1a41c : 2 : ittapi_config_apply_per_lib :  ITTAPI function not implemented: __itt_track_create
427702 : 0x1cf07ebf1b7fa : 2 : ittapi_config_apply_per_lib :  ITTAPI function not implemented: __itt_set_track
427702 : 0x1cf07ebf1cc5d : 2 : ittapi_config_apply_per_lib :  ITTAPI function instrumented: __itt_api_version
427702 : 0x1cf07ebf1e01f : 2 : ittapi_config_apply_per_lib :  ITTAPI function not implemented: __itt_av_save
427702 : 0x1cf07ebf1f391 : 2 : ittapi_config_apply_per_lib :  ITTAPI function instrumented: __itt_module_load
427702 : 0x1cf07ebf20743 : 2 : ittapi_config_apply_per_lib :  ITTAPI function not implemented: __itt_module_unload