Detecting CXX OpenMP failed with the following output:
Change Dir: /home/le34xoh/Algorithm-Engineering-Git/Projekt/cmake-build-debug/CMakeFiles/CMakeTmp

Run Build Command(s):/usr/bin/gmake -f Makefile cmTC_5795b/fast && /usr/bin/gmake  -f CMakeFiles/cmTC_5795b.dir/build.make CMakeFiles/cmTC_5795b.dir/build
gmake[1]: Verzeichnis „/home/le34xoh/Algorithm-Engineering-Git/Projekt/cmake-build-debug/CMakeFiles/CMakeTmp“ wird betreten
Building CXX object CMakeFiles/cmTC_5795b.dir/OpenMPTryFlag.cpp.o
/usr/bin/gcc-10   -std=c++11 -lstdc++  -march=native -g -O0 -Wall -fsanitize=address -fsanitize=undefined  -qopt-report=5 -qopt-report-phase=vec -fopenmp -v -std=c++11 -o CMakeFiles/cmTC_5795b.dir/OpenMPTryFlag.cpp.o -c /home/le34xoh/Algorithm-Engineering-Git/Projekt/cmake-build-debug/CMakeFiles/FindOpenMP/OpenMPTryFlag.cpp
Using built-in specs.
COLLECT_GCC=/usr/bin/gcc-10
OFFLOAD_TARGET_NAMES=nvptx-none:amdgcn-amdhsa:hsa
OFFLOAD_TARGET_DEFAULT=1
gcc-10: error: unrecognized command-line option ‘-qopt-report=5’
gcc-10: error: unrecognized command-line option ‘-qopt-report-phase=vec’
Target: x86_64-linux-gnu
Configured with: ../src/configure -v --with-pkgversion='Debian 10.2.1-6' --with-bugurl=file:///usr/share/doc/gcc-10/README.Bugs --enable-languages=c,ada,c++,go,brig,d,fortran,objc,obj-c++,m2 --prefix=/usr --with-gcc-major-version-only --program-suffix=-10 --program-prefix=x86_64-linux-gnu- --enable-shared --enable-linker-build-id --libexecdir=/usr/lib --without-included-gettext --enable-threads=posix --libdir=/usr/lib --enable-nls --enable-bootstrap --enable-clocale=gnu --enable-libstdcxx-debug --enable-libstdcxx-time=yes --with-default-libstdcxx-abi=new --enable-gnu-unique-object --disable-vtable-verify --enable-plugin --enable-default-pie --with-system-zlib --enable-libphobos-checking=release --with-target-system-zlib=auto --enable-objc-gc=auto --enable-multiarch --disable-werror --with-arch-32=i686 --with-abi=m64 --with-multilib-list=m32,m64,mx32 --enable-multilib --with-tune=generic --enable-offload-targets=nvptx-none=/build/gcc-10-Km9U7s/gcc-10-10.2.1/debian/tmp-nvptx/usr,amdgcn-amdhsa=/build/gcc-10-Km9U7s/gcc-10-10.2.1/debian/tmp-gcn/usr,hsa --without-cuda-driver --enable-checking=release --build=x86_64-linux-gnu --host=x86_64-linux-gnu --target=x86_64-linux-gnu --with-build-config=bootstrap-lto-lean --enable-link-mutex
Thread model: posix
Supported LTO compression algorithms: zlib zstd
gcc version 10.2.1 20210110 (Debian 10.2.1-6) 
gmake[1]: *** [CMakeFiles/cmTC_5795b.dir/build.make:78: CMakeFiles/cmTC_5795b.dir/OpenMPTryFlag.cpp.o] Fehler 1
gmake[1]: Verzeichnis „/home/le34xoh/Algorithm-Engineering-Git/Projekt/cmake-build-debug/CMakeFiles/CMakeTmp“ wird verlassen
gmake: *** [Makefile:127: cmTC_5795b/fast] Fehler 2



