
464064 : 0x1d73b2ca1fdbf : 1 : spill_jit_data :  Jit agent is not initialized
464040 : 0x1d73b2ca2aace : 2 : ittapi_config_mask_get :  --itt-config mask to be applied: 39
464040 : 0x1d73b2ca30aa9 : 2 : ittapi_config_apply_per_lib :  ITTAPI function instrumented: __itt_domain_create
464040 : 0x1d73b2ca32601 : 2 : ittapi_config_apply_per_lib :  ITTAPI function instrumented: __itt_module_load_with_sections
464040 : 0x1d73b2ca3471f : 2 : ittapi_config_apply_per_lib :  ITTAPI function not implemented: __itt_module_unload_with_sections
464040 : 0x1d73b2ca3634d : 2 : ittapi_config_apply_per_lib :  ITTAPI function instrumented: __itt_string_handle_create
464040 : 0x1d73b2ca37550 : 2 : ittapi_config_apply_per_lib :  ITTAPI function instrumented: __itt_counter_create
464040 : 0x1d73b2ca386c5 : 2 : ittapi_config_apply_per_lib :  ITTAPI function instrumented: __itt_counter_create_typed
464040 : 0x1d73b2ca39b91 : 2 : ittapi_config_apply_per_lib :  ITTAPI function instrumented: __itt_pause
464040 : 0x1d73b2ca44f03 : 2 : ittapi_config_apply_per_lib :  ITTAPI function instrumented: __itt_resume
464040 : 0x1d73b2ca60c4c : 2 : ittapi_config_apply_per_lib :  ITTAPI function instrumented: __itt_thread_set_name
464040 : 0x1d73b2ca620c9 : 2 : ittapi_config_apply_per_lib :  ITTAPI function instrumented: __itt_thread_ignore
464040 : 0x1d73b2ca634ba : 2 : ittapi_config_apply_per_lib :  ITTAPI function instrumented: __itt_thr_name_set
464040 : 0x1d73b2ca64923 : 2 : ittapi_config_apply_per_lib :  ITTAPI function instrumented: __itt_thr_ignore
464040 : 0x1d73b2ca65aa3 : 2 : ittapi_config_apply_per_lib :  ITTAPI function instrumented: __itt_histogram_create
464040 : 0x1d73b2ca6736e : 2 : ittapi_config_apply_per_lib :  ITTAPI function not implemented: __itt_enable_attach
464040 : 0x1d73b2ca68606 : 2 : ittapi_config_apply_per_lib :  ITTAPI function instrumented: __itt_detach
464040 : 0x1d73b2ca69674 : 2 : ittapi_config_apply_per_lib :  ITTAPI function NOT instrumented (not matched by --itt-config option): __itt_sync_create

464040 : 0x1d73b2ca6a7f8 : 2 : ittapi_config_apply_per_lib :  ITTAPI function NOT instrumented (not matched by --itt-config option): __itt_sync_rename

464040 : 0x1d73b2ca6b777 : 2 : ittapi_config_apply_per_lib :  ITTAPI function NOT instrumented (not matched by --itt-config option): __itt_sync_destroy

464040 : 0x1d73b2ca72ade : 2 : ittapi_config_apply_per_lib :  ITTAPI function NOT instrumented (not matched by --itt-config option): __itt_sync_prepare

464040 : 0x1d73b2ca73b7e : 2 : ittapi_config_apply_per_lib :  ITTAPI function NOT instrumented (not matched by --itt-config option): __itt_sync_cancel

464040 : 0x1d73b2ca74b74 : 2 : ittapi_config_apply_per_lib :  ITTAPI function NOT instrumented (not matched by --itt-config option): __itt_sync_acquired

464040 : 0x1d73b2ca75aaa : 2 : ittapi_config_apply_per_lib :  ITTAPI function NOT instrumented (not matched by --itt-config option): __itt_sync_releasing

464040 : 0x1d73b2ca77098 : 2 : ittapi_config_apply_per_lib :  ITTAPI function not implemented: __itt_suppress_push
464040 : 0x1d73b2ca78913 : 2 : ittapi_config_apply_per_lib :  ITTAPI function not implemented: __itt_suppress_pop
464040 : 0x1d73b2ca79d01 : 2 : ittapi_config_apply_per_lib :  ITTAPI function not implemented: __itt_suppress_mark_range
464040 : 0x1d73b2ca7b268 : 2 : ittapi_config_apply_per_lib :  ITTAPI function not implemented: __itt_suppress_clear_range
464040 : 0x1d73b2ca7c1e2 : 2 : ittapi_config_apply_per_lib :  ITTAPI function NOT instrumented (not matched by --itt-config option): __itt_sync_prepare

464040 : 0x1d73b2ca7d124 : 2 : ittapi_config_apply_per_lib :  ITTAPI function NOT instrumented (not matched by --itt-config option): __itt_sync_cancel

464040 : 0x1d73b2ca83624 : 2 : ittapi_config_apply_per_lib :  ITTAPI function NOT instrumented (not matched by --itt-config option): __itt_sync_acquired

464040 : 0x1d73b2ca8473b : 2 : ittapi_config_apply_per_lib :  ITTAPI function NOT instrumented (not matched by --itt-config option): __itt_sync_releasing

464040 : 0x1d73b2ca85776 : 2 : ittapi_config_apply_per_lib :  ITTAPI function NOT instrumented (not matched by --itt-config option): __itt_model_site_begin

464040 : 0x1d73b2ca86714 : 2 : ittapi_config_apply_per_lib :  ITTAPI function NOT instrumented (not matched by --itt-config option): __itt_model_site_end

464040 : 0x1d73b2ca8766a : 2 : ittapi_config_apply_per_lib :  ITTAPI function NOT instrumented (not matched by --itt-config option): __itt_model_task_begin

464040 : 0x1d73b2ca8854a : 2 : ittapi_config_apply_per_lib :  ITTAPI function NOT instrumented (not matched by --itt-config option): __itt_model_task_end

464040 : 0x1d73b2ca89451 : 2 : ittapi_config_apply_per_lib :  ITTAPI function NOT instrumented (not matched by --itt-config option): __itt_model_lock_acquire

464040 : 0x1d73b2ca8a456 : 2 : ittapi_config_apply_per_lib :  ITTAPI function NOT instrumented (not matched by --itt-config option): __itt_model_lock_release

464040 : 0x1d73b2ca8b327 : 2 : ittapi_config_apply_per_lib :  ITTAPI function NOT instrumented (not matched by --itt-config option): __itt_model_record_allocation

464040 : 0x1d73b2ca8c1bd : 2 : ittapi_config_apply_per_lib :  ITTAPI function NOT instrumented (not matched by --itt-config option): __itt_model_record_deallocation

464040 : 0x1d73b2ca95ccf : 2 : ittapi_config_apply_per_lib :  ITTAPI function NOT instrumented (not matched by --itt-config option): __itt_model_induction_uses

464040 : 0x1d73b2ca96ede : 2 : ittapi_config_apply_per_lib :  ITTAPI function NOT instrumented (not matched by --itt-config option): __itt_model_reduction_uses

464040 : 0x1d73b2ca97ee5 : 2 : ittapi_config_apply_per_lib :  ITTAPI function NOT instrumented (not matched by --itt-config option): __itt_model_observe_uses

464040 : 0x1d73b2ca98e6d : 2 : ittapi_config_apply_per_lib :  ITTAPI function NOT instrumented (not matched by --itt-config option): __itt_model_clear_uses

464040 : 0x1d73b2ca99da2 : 2 : ittapi_config_apply_per_lib :  ITTAPI function NOT instrumented (not matched by --itt-config option): __itt_model_site_beginA

464040 : 0x1d73b2ca9ad04 : 2 : ittapi_config_apply_per_lib :  ITTAPI function NOT instrumented (not matched by --itt-config option): __itt_model_site_beginAL

464040 : 0x1d73b2ca9bbc2 : 2 : ittapi_config_apply_per_lib :  ITTAPI function NOT instrumented (not matched by --itt-config option): __itt_model_task_beginA

464040 : 0x1d73b2ca9cad7 : 2 : ittapi_config_apply_per_lib :  ITTAPI function NOT instrumented (not matched by --itt-config option): __itt_model_task_beginAL

464040 : 0x1d73b2ca9d9e4 : 2 : ittapi_config_apply_per_lib :  ITTAPI function NOT instrumented (not matched by --itt-config option): __itt_model_iteration_taskA

464040 : 0x1d73b2ca9e890 : 2 : ittapi_config_apply_per_lib :  ITTAPI function NOT instrumented (not matched by --itt-config option): __itt_model_iteration_taskAL

464040 : 0x1d73b2caa4d97 : 2 : ittapi_config_apply_per_lib :  ITTAPI function NOT instrumented (not matched by --itt-config option): __itt_model_site_end_2

464040 : 0x1d73b2caa5dd6 : 2 : ittapi_config_apply_per_lib :  ITTAPI function NOT instrumented (not matched by --itt-config option): __itt_model_task_end_2

464040 : 0x1d73b2caa6c86 : 2 : ittapi_config_apply_per_lib :  ITTAPI function NOT instrumented (not matched by --itt-config option): __itt_model_lock_acquire_2

464040 : 0x1d73b2caa7ba9 : 2 : ittapi_config_apply_per_lib :  ITTAPI function NOT instrumented (not matched by --itt-config option): __itt_model_lock_release_2

464040 : 0x1d73b2caa8ab0 : 2 : ittapi_config_apply_per_lib :  ITTAPI function NOT instrumented (not matched by --itt-config option): __itt_model_aggregate_task

464040 : 0x1d73b2caa99cf : 2 : ittapi_config_apply_per_lib :  ITTAPI function NOT instrumented (not matched by --itt-config option): __itt_model_disable_push

464040 : 0x1d73b2caaa878 : 2 : ittapi_config_apply_per_lib :  ITTAPI function NOT instrumented (not matched by --itt-config option): __itt_model_disable_pop

464040 : 0x1d73b2caabc86 : 2 : ittapi_config_apply_per_lib :  ITTAPI function instrumented: __itt_heap_function_create
464040 : 0x1d73b2caacf58 : 2 : ittapi_config_apply_per_lib :  ITTAPI function instrumented: __itt_heap_allocate_begin
464040 : 0x1d73b2caae167 : 2 : ittapi_config_apply_per_lib :  ITTAPI function instrumented: __itt_heap_allocate_end
464040 : 0x1d73b2cab8e36 : 2 : ittapi_config_apply_per_lib :  ITTAPI function instrumented: __itt_heap_free_begin
464040 : 0x1d73b2caba295 : 2 : ittapi_config_apply_per_lib :  ITTAPI function instrumented: __itt_heap_free_end
464040 : 0x1d73b2cabb4fc : 2 : ittapi_config_apply_per_lib :  ITTAPI function instrumented: __itt_heap_reallocate_begin
464040 : 0x1d73b2cabc5af : 2 : ittapi_config_apply_per_lib :  ITTAPI function instrumented: __itt_heap_reallocate_end
464040 : 0x1d73b2cabda1e : 2 : ittapi_config_apply_per_lib :  ITTAPI function not implemented: __itt_heap_internal_access_begin
464040 : 0x1d73b2cabedb0 : 2 : ittapi_config_apply_per_lib :  ITTAPI function not implemented: __itt_heap_internal_access_end
464040 : 0x1d73b2cac00f9 : 2 : ittapi_config_apply_per_lib :  ITTAPI function not implemented: __itt_heap_record_memory_growth_begin
464040 : 0x1d73b2cac1450 : 2 : ittapi_config_apply_per_lib :  ITTAPI function not implemented: __itt_heap_record_memory_growth_end
464040 : 0x1d73b2cac27b7 : 2 : ittapi_config_apply_per_lib :  ITTAPI function not implemented: __itt_heap_reset_detection
464040 : 0x1d73b2cac3ca3 : 2 : ittapi_config_apply_per_lib :  ITTAPI function not implemented: __itt_heap_record
464040 : 0x1d73b2cacabab : 2 : ittapi_config_apply_per_lib :  ITTAPI function not implemented: __itt_id_create
464040 : 0x1d73b2cacc104 : 2 : ittapi_config_apply_per_lib :  ITTAPI function not implemented: __itt_id_destroy
464040 : 0x1d73b2cacd2ca : 2 : ittapi_config_apply_per_lib :  ITTAPI function instrumented: __itt_get_timestamp
464040 : 0x1d73b2cace581 : 2 : ittapi_config_apply_per_lib :  ITTAPI function not implemented: __itt_region_begin
464040 : 0x1d73b2cacf83f : 2 : ittapi_config_apply_per_lib :  ITTAPI function not implemented: __itt_region_end
464040 : 0x1d73b2cad0aae : 2 : ittapi_config_apply_per_lib :  ITTAPI function instrumented: __itt_frame_begin_v3
464040 : 0x1d73b2cad1dad : 2 : ittapi_config_apply_per_lib :  ITTAPI function instrumented: __itt_frame_end_v3
464040 : 0x1d73b2cad303a : 2 : ittapi_config_apply_per_lib :  ITTAPI function instrumented: __itt_frame_submit_v3
464040 : 0x1d73b2cad437f : 2 : ittapi_config_apply_per_lib :  ITTAPI function not implemented: __itt_task_group
464040 : 0x1d73b2cad562b : 2 : ittapi_config_apply_per_lib :  ITTAPI function instrumented: __itt_task_begin
464040 : 0x1d73b2cadc747 : 2 : ittapi_config_apply_per_lib :  ITTAPI function instrumented: __itt_task_begin_fn
464040 : 0x1d73b2caddaed : 2 : ittapi_config_apply_per_lib :  ITTAPI function instrumented: __itt_task_end
464040 : 0x1d73b2cadee7d : 2 : ittapi_config_apply_per_lib :  ITTAPI function not implemented: __itt_counter_inc_v3
464040 : 0x1d73b2cae0381 : 2 : ittapi_config_apply_per_lib :  ITTAPI function not implemented: __itt_counter_inc_delta_v3
464040 : 0x1d73b2cae1692 : 2 : ittapi_config_apply_per_lib :  ITTAPI function not implemented: __itt_counter_dec_v3
464040 : 0x1d73b2cae2940 : 2 : ittapi_config_apply_per_lib :  ITTAPI function not implemented: __itt_counter_dec_delta_v3
464040 : 0x1d73b2cae3d9f : 2 : ittapi_config_apply_per_lib :  ITTAPI function not implemented: __itt_marker
464040 : 0x1d73b2cae4f5f : 2 : ittapi_config_apply_per_lib :  ITTAPI function instrumented: __itt_metadata_add
464040 : 0x1d73b2cae630f : 2 : ittapi_config_apply_per_lib :  ITTAPI function not implemented: __itt_metadata_str_add
464040 : 0x1d73b2cae7580 : 2 : ittapi_config_apply_per_lib :  ITTAPI function not implemented: __itt_relation_add_to_current
464040 : 0x1d73b2caedead : 2 : ittapi_config_apply_per_lib :  ITTAPI function not implemented: __itt_relation_add
464040 : 0x1d73b2caef1ee : 2 : ittapi_config_apply_per_lib :  ITTAPI function instrumented: __itt_event_create
464040 : 0x1d73b2caf04ba : 2 : ittapi_config_apply_per_lib :  ITTAPI function instrumented: __itt_event_start
464040 : 0x1d73b2caf16a9 : 2 : ittapi_config_apply_per_lib :  ITTAPI function instrumented: __itt_event_end
464040 : 0x1d73b2caf25d6 : 2 : ittapi_config_apply_per_lib :  ITTAPI function NOT instrumented (not matched by --itt-config option): __itt_sync_set_name

464040 : 0x1d73b2caf3729 : 2 : ittapi_config_apply_per_lib :  ITTAPI function NOT instrumented (not matched by --itt-config option): __itt_notify_sync_name

464040 : 0x1d73b2caf4744 : 2 : ittapi_config_apply_per_lib :  ITTAPI function NOT instrumented (not matched by --itt-config option): __itt_notify_sync_prepare

464040 : 0x1d73b2caf569e : 2 : ittapi_config_apply_per_lib :  ITTAPI function NOT instrumented (not matched by --itt-config option): __itt_notify_sync_cancel

464040 : 0x1d73b2caf67f7 : 2 : ittapi_config_apply_per_lib :  ITTAPI function NOT instrumented (not matched by --itt-config option): __itt_notify_sync_acquired

464040 : 0x1d73b2caf76e8 : 2 : ittapi_config_apply_per_lib :  ITTAPI function NOT instrumented (not matched by --itt-config option): __itt_notify_sync_releasing

464040 : 0x1d73b2cb00364 : 2 : ittapi_config_apply_per_lib :  ITTAPI function not implemented: __itt_memory_read
464040 : 0x1d73b2cb01908 : 2 : ittapi_config_apply_per_lib :  ITTAPI function not implemented: __itt_memory_write
464040 : 0x1d73b2cb02b7d : 2 : ittapi_config_apply_per_lib :  ITTAPI function not implemented: __itt_memory_update
464040 : 0x1d73b2cb03f37 : 2 : ittapi_config_apply_per_lib :  ITTAPI function not implemented: __itt_state_get
464040 : 0x1d73b2cb05144 : 2 : ittapi_config_apply_per_lib :  ITTAPI function not implemented: __itt_state_set
464040 : 0x1d73b2cb06410 : 2 : ittapi_config_apply_per_lib :  ITTAPI function not implemented: __itt_obj_mode_set
464040 : 0x1d73b2cb076c6 : 2 : ittapi_config_apply_per_lib :  ITTAPI function not implemented: __itt_thr_mode_set
464040 : 0x1d73b2cb087c1 : 2 : ittapi_config_apply_per_lib :  ITTAPI function instrumented: __itt_frame_create
464040 : 0x1d73b2cb098e8 : 2 : ittapi_config_apply_per_lib :  ITTAPI function instrumented: __itt_pt_region_create
464040 : 0x1d73b2cb0aa82 : 2 : ittapi_config_apply_per_lib :  ITTAPI function instrumented: __itt_frame_begin
464040 : 0x1d73b2cb113df : 2 : ittapi_config_apply_per_lib :  ITTAPI function instrumented: __itt_frame_end
464040 : 0x1d73b2cb129c7 : 2 : ittapi_config_apply_per_lib :  ITTAPI function not implemented: __itt_counter_destroy
464040 : 0x1d73b2cb13bf0 : 2 : ittapi_config_apply_per_lib :  ITTAPI function instrumented: __itt_counter_inc
464040 : 0x1d73b2cb14eac : 2 : ittapi_config_apply_per_lib :  ITTAPI function instrumented: __itt_counter_inc_delta
464040 : 0x1d73b2cb15ff1 : 2 : ittapi_config_apply_per_lib :  ITTAPI function instrumented: __itt_counter_dec
464040 : 0x1d73b2cb17253 : 2 : ittapi_config_apply_per_lib :  ITTAPI function instrumented: __itt_counter_dec_delta
464040 : 0x1d73b2cb183ba : 2 : ittapi_config_apply_per_lib :  ITTAPI function instrumented: __itt_counter_set_value
464040 : 0x1d73b2cb19660 : 2 : ittapi_config_apply_per_lib :  ITTAPI function not implemented: __itt_counter_set_value_ex
464040 : 0x1d73b2cb1a979 : 2 : ittapi_config_apply_per_lib :  ITTAPI function not implemented: __itt_mark_create
464040 : 0x1d73b2cb1bc6d : 2 : ittapi_config_apply_per_lib :  ITTAPI function not implemented: __itt_mark
464040 : 0x1d73b2cb224c8 : 2 : ittapi_config_apply_per_lib :  ITTAPI function not implemented: __itt_mark_off
464040 : 0x1d73b2cb237f3 : 2 : ittapi_config_apply_per_lib :  ITTAPI function not implemented: __itt_mark_global
464040 : 0x1d73b2cb24a73 : 2 : ittapi_config_apply_per_lib :  ITTAPI function not implemented: __itt_mark_global_off
464040 : 0x1d73b2cb25a92 : 2 : ittapi_config_apply_per_lib :  ITTAPI function NOT instrumented (not matched by --itt-config option): __itt_stack_caller_create

464040 : 0x1d73b2cb26a90 : 2 : ittapi_config_apply_per_lib :  ITTAPI function NOT instrumented (not matched by --itt-config option): __itt_stack_caller_destroy

464040 : 0x1d73b2cb27a1a : 2 : ittapi_config_apply_per_lib :  ITTAPI function NOT instrumented (not matched by --itt-config option): __itt_stack_callee_enter

464040 : 0x1d73b2cb2891d : 2 : ittapi_config_apply_per_lib :  ITTAPI function NOT instrumented (not matched by --itt-config option): __itt_stack_callee_leave

464040 : 0x1d73b2cb29ceb : 2 : ittapi_config_apply_per_lib :  ITTAPI function not implemented: __itt_clock_domain_create
464040 : 0x1d73b2cb2b012 : 2 : ittapi_config_apply_per_lib :  ITTAPI function not implemented: __itt_clock_domain_reset
464040 : 0x1d73b2cb2c357 : 2 : ittapi_config_apply_per_lib :  ITTAPI function not implemented: __itt_id_create_ex
464040 : 0x1d73b2cb35181 : 2 : ittapi_config_apply_per_lib :  ITTAPI function not implemented: __itt_id_destroy_ex
464040 : 0x1d73b2cb36637 : 2 : ittapi_config_apply_per_lib :  ITTAPI function not implemented: __itt_task_begin_ex
464040 : 0x1d73b2cb37958 : 2 : ittapi_config_apply_per_lib :  ITTAPI function not implemented: __itt_task_begin_fn_ex
464040 : 0x1d73b2cb38c6c : 2 : ittapi_config_apply_per_lib :  ITTAPI function not implemented: __itt_task_end_ex
464040 : 0x1d73b2cb39e61 : 2 : ittapi_config_apply_per_lib :  ITTAPI function instrumented: __itt_task_begin_overlapped
464040 : 0x1d73b2cb3b1bc : 2 : ittapi_config_apply_per_lib :  ITTAPI function not implemented: __itt_task_begin_overlapped_ex
464040 : 0x1d73b2cb3c4a7 : 2 : ittapi_config_apply_per_lib :  ITTAPI function instrumented: __itt_task_end_overlapped
464040 : 0x1d73b2cb3d740 : 2 : ittapi_config_apply_per_lib :  ITTAPI function not implemented: __itt_task_end_overlapped_ex
464040 : 0x1d73b2cb3e9c8 : 2 : ittapi_config_apply_per_lib :  ITTAPI function not implemented: __itt_marker_ex
464040 : 0x1d73b2cb3fe64 : 2 : ittapi_config_apply_per_lib :  ITTAPI function not implemented: __itt_metadata_add_with_scope
464040 : 0x1d73b2cb46cc4 : 2 : ittapi_config_apply_per_lib :  ITTAPI function not implemented: __itt_metadata_str_add_with_scope
464040 : 0x1d73b2cb48164 : 2 : ittapi_config_apply_per_lib :  ITTAPI function not implemented: __itt_relation_add_to_current_ex
464040 : 0x1d73b2cb494df : 2 : ittapi_config_apply_per_lib :  ITTAPI function not implemented: __itt_relation_add_ex
464040 : 0x1d73b2cb4a712 : 2 : ittapi_config_apply_per_lib :  ITTAPI function not implemented: __itt_track_group_create
464040 : 0x1d73b2cb4b8dd : 2 : ittapi_config_apply_per_lib :  ITTAPI function not implemented: __itt_track_create
464040 : 0x1d73b2cb4cc8c : 2 : ittapi_config_apply_per_lib :  ITTAPI function not implemented: __itt_set_track
464040 : 0x1d73b2cb4df28 : 2 : ittapi_config_apply_per_lib :  ITTAPI function instrumented: __itt_api_version
464040 : 0x1d73b2cb4f17c : 2 : ittapi_config_apply_per_lib :  ITTAPI function not implemented: __itt_av_save
464040 : 0x1d73b2cb50362 : 2 : ittapi_config_apply_per_lib :  ITTAPI function instrumented: __itt_module_load
464040 : 0x1d73b2cb51644 : 2 : ittapi_config_apply_per_lib :  ITTAPI function not implemented: __itt_module_unload
464040 : 0x1d73b2cb5989b : 2 : ittapi_config_apply_per_lib :  ITTAPI function NOT instrumented (not matched by --itt-config option): __itt_histogram_submit

464040 : 0x1d73b2cc92f13 : 2 : ittapi_config_mask_get :  --itt-config mask to be applied: 39
464040 : 0x1d73b2cc9fc62 : 2 : ittapi_config_apply_per_lib :  ITTAPI function instrumented: __itt_domain_create
464040 : 0x1d73b2cca16d3 : 2 : ittapi_config_apply_per_lib :  ITTAPI function instrumented: __itt_module_load_with_sections
464040 : 0x1d73b2cca2fee : 2 : ittapi_config_apply_per_lib :  ITTAPI function not implemented: __itt_module_unload_with_sections
464040 : 0x1d73b2cca438d : 2 : ittapi_config_apply_per_lib :  ITTAPI function instrumented: __itt_string_handle_create
464040 : 0x1d73b2cca55bc : 2 : ittapi_config_apply_per_lib :  ITTAPI function instrumented: __itt_counter_create
464040 : 0x1d73b2cca6785 : 2 : ittapi_config_apply_per_lib :  ITTAPI function instrumented: __itt_counter_create_typed
464040 : 0x1d73b2cca7aea : 2 : ittapi_config_apply_per_lib :  ITTAPI function instrumented: __itt_pause
464040 : 0x1d73b2cca8d72 : 2 : ittapi_config_apply_per_lib :  ITTAPI function instrumented: __itt_resume
464040 : 0x1d73b2ccbbcb7 : 2 : ittapi_config_apply_per_lib :  ITTAPI function instrumented: __itt_thread_set_name
464040 : 0x1d73b2ccbd0a8 : 2 : ittapi_config_apply_per_lib :  ITTAPI function instrumented: __itt_thread_ignore
464040 : 0x1d73b2ccbe45a : 2 : ittapi_config_apply_per_lib :  ITTAPI function instrumented: __itt_thr_name_set
464040 : 0x1d73b2ccbf676 : 2 : ittapi_config_apply_per_lib :  ITTAPI function instrumented: __itt_thr_ignore
464040 : 0x1d73b2ccc0bbf : 2 : ittapi_config_apply_per_lib :  ITTAPI function not implemented: __itt_enable_attach
464040 : 0x1d73b2ccc1e49 : 2 : ittapi_config_apply_per_lib :  ITTAPI function instrumented: __itt_detach
464040 : 0x1d73b2ccc2ec1 : 2 : ittapi_config_apply_per_lib :  ITTAPI function NOT instrumented (not matched by --itt-config option): __itt_sync_create

464040 : 0x1d73b2ccc3fc6 : 2 : ittapi_config_apply_per_lib :  ITTAPI function NOT instrumented (not matched by --itt-config option): __itt_sync_rename

464040 : 0x1d73b2ccc4f11 : 2 : ittapi_config_apply_per_lib :  ITTAPI function NOT instrumented (not matched by --itt-config option): __itt_sync_destroy

464040 : 0x1d73b2ccc5f3c : 2 : ittapi_config_apply_per_lib :  ITTAPI function NOT instrumented (not matched by --itt-config option): __itt_sync_prepare

464040 : 0x1d73b2cce925c : 2 : ittapi_config_apply_per_lib :  ITTAPI function NOT instrumented (not matched by --itt-config option): __itt_sync_cancel

464040 : 0x1d73b2ccea5ab : 2 : ittapi_config_apply_per_lib :  ITTAPI function NOT instrumented (not matched by --itt-config option): __itt_sync_acquired

464040 : 0x1d73b2cceb59c : 2 : ittapi_config_apply_per_lib :  ITTAPI function NOT instrumented (not matched by --itt-config option): __itt_sync_releasing

464040 : 0x1d73b2ccecbe3 : 2 : ittapi_config_apply_per_lib :  ITTAPI function not implemented: __itt_suppress_push
464040 : 0x1d73b2ccee25a : 2 : ittapi_config_apply_per_lib :  ITTAPI function not implemented: __itt_suppress_pop
464040 : 0x1d73b2ccef6f8 : 2 : ittapi_config_apply_per_lib :  ITTAPI function not implemented: __itt_suppress_mark_range
464040 : 0x1d73b2ccfab3b : 2 : ittapi_config_apply_per_lib :  ITTAPI function not implemented: __itt_suppress_clear_range
464040 : 0x1d73b2ccfbaff : 2 : ittapi_config_apply_per_lib :  ITTAPI function NOT instrumented (not matched by --itt-config option): __itt_sync_prepare

464040 : 0x1d73b2ccfcab1 : 2 : ittapi_config_apply_per_lib :  ITTAPI function NOT instrumented (not matched by --itt-config option): __itt_sync_cancel

464040 : 0x1d73b2ccfda27 : 2 : ittapi_config_apply_per_lib :  ITTAPI function NOT instrumented (not matched by --itt-config option): __itt_sync_acquired

464040 : 0x1d73b2cd047a4 : 2 : ittapi_config_apply_per_lib :  ITTAPI function NOT instrumented (not matched by --itt-config option): __itt_sync_releasing

464040 : 0x1d73b2cd05994 : 2 : ittapi_config_apply_per_lib :  ITTAPI function NOT instrumented (not matched by --itt-config option): __itt_model_site_begin

464040 : 0x1d73b2cd069af : 2 : ittapi_config_apply_per_lib :  ITTAPI function NOT instrumented (not matched by --itt-config option): __itt_model_site_end

464040 : 0x1d73b2cd07931 : 2 : ittapi_config_apply_per_lib :  ITTAPI function NOT instrumented (not matched by --itt-config option): __itt_model_task_begin

464040 : 0x1d73b2cd088c1 : 2 : ittapi_config_apply_per_lib :  ITTAPI function NOT instrumented (not matched by --itt-config option): __itt_model_task_end

464040 : 0x1d73b2cd09833 : 2 : ittapi_config_apply_per_lib :  ITTAPI function NOT instrumented (not matched by --itt-config option): __itt_model_lock_acquire

464040 : 0x1d73b2cd0a8d9 : 2 : ittapi_config_apply_per_lib :  ITTAPI function NOT instrumented (not matched by --itt-config option): __itt_model_lock_release

464040 : 0x1d73b2cd0b84b : 2 : ittapi_config_apply_per_lib :  ITTAPI function NOT instrumented (not matched by --itt-config option): __itt_model_record_allocation

464040 : 0x1d73b2cd0c798 : 2 : ittapi_config_apply_per_lib :  ITTAPI function NOT instrumented (not matched by --itt-config option): __itt_model_record_deallocation

464040 : 0x1d73b2cd0d6d5 : 2 : ittapi_config_apply_per_lib :  ITTAPI function NOT instrumented (not matched by --itt-config option): __itt_model_induction_uses

464040 : 0x1d73b2cd16323 : 2 : ittapi_config_apply_per_lib :  ITTAPI function NOT instrumented (not matched by --itt-config option): __itt_model_reduction_uses

464040 : 0x1d73b2cd174ee : 2 : ittapi_config_apply_per_lib :  ITTAPI function NOT instrumented (not matched by --itt-config option): __itt_model_observe_uses

464040 : 0x1d73b2cd184a8 : 2 : ittapi_config_apply_per_lib :  ITTAPI function NOT instrumented (not matched by --itt-config option): __itt_model_clear_uses

464040 : 0x1d73b2cd1947c : 2 : ittapi_config_apply_per_lib :  ITTAPI function NOT instrumented (not matched by --itt-config option): __itt_model_site_beginA

464040 : 0x1d73b2cd1a445 : 2 : ittapi_config_apply_per_lib :  ITTAPI function NOT instrumented (not matched by --itt-config option): __itt_model_site_beginAL

464040 : 0x1d73b2cd1b3a8 : 2 : ittapi_config_apply_per_lib :  ITTAPI function NOT instrumented (not matched by --itt-config option): __itt_model_task_beginA

464040 : 0x1d73b2cd1c318 : 2 : ittapi_config_apply_per_lib :  ITTAPI function NOT instrumented (not matched by --itt-config option): __itt_model_task_beginAL

464040 : 0x1d73b2cd1d2a4 : 2 : ittapi_config_apply_per_lib :  ITTAPI function NOT instrumented (not matched by --itt-config option): __itt_model_iteration_taskA

464040 : 0x1d73b2cd1e1c5 : 2 : ittapi_config_apply_per_lib :  ITTAPI function NOT instrumented (not matched by --itt-config option): __itt_model_iteration_taskAL

464040 : 0x1d73b2cd1f0f2 : 2 : ittapi_config_apply_per_lib :  ITTAPI function NOT instrumented (not matched by --itt-config option): __itt_model_site_end_2

464040 : 0x1d73b2cd2570b : 2 : ittapi_config_apply_per_lib :  ITTAPI function NOT instrumented (not matched by --itt-config option): __itt_model_task_end_2

464040 : 0x1d73b2cd267f5 : 2 : ittapi_config_apply_per_lib :  ITTAPI function NOT instrumented (not matched by --itt-config option): __itt_model_lock_acquire_2

464040 : 0x1d73b2cd277e0 : 2 : ittapi_config_apply_per_lib :  ITTAPI function NOT instrumented (not matched by --itt-config option): __itt_model_lock_release_2

464040 : 0x1d73b2cd2876a : 2 : ittapi_config_apply_per_lib :  ITTAPI function NOT instrumented (not matched by --itt-config option): __itt_model_aggregate_task

464040 : 0x1d73b2cd29722 : 2 : ittapi_config_apply_per_lib :  ITTAPI function NOT instrumented (not matched by --itt-config option): __itt_model_disable_push

464040 : 0x1d73b2cd2a63d : 2 : ittapi_config_apply_per_lib :  ITTAPI function NOT instrumented (not matched by --itt-config option): __itt_model_disable_pop

464040 : 0x1d73b2cd2b9ed : 2 : ittapi_config_apply_per_lib :  ITTAPI function instrumented: __itt_heap_function_create
464040 : 0x1d73b2cd2ccb1 : 2 : ittapi_config_apply_per_lib :  ITTAPI function instrumented: __itt_heap_allocate_begin
464040 : 0x1d73b2cd2dec4 : 2 : ittapi_config_apply_per_lib :  ITTAPI function instrumented: __itt_heap_allocate_end
464040 : 0x1d73b2cd2f0b9 : 2 : ittapi_config_apply_per_lib :  ITTAPI function instrumented: __itt_heap_free_begin
464040 : 0x1d73b2cd35886 : 2 : ittapi_config_apply_per_lib :  ITTAPI function instrumented: __itt_heap_free_end
464040 : 0x1d73b2cd36bfc : 2 : ittapi_config_apply_per_lib :  ITTAPI function instrumented: __itt_heap_reallocate_begin
464040 : 0x1d73b2cd37d74 : 2 : ittapi_config_apply_per_lib :  ITTAPI function instrumented: __itt_heap_reallocate_end
464040 : 0x1d73b2cd391a6 : 2 : ittapi_config_apply_per_lib :  ITTAPI function not implemented: __itt_heap_internal_access_begin
464040 : 0x1d73b2cd3a5bd : 2 : ittapi_config_apply_per_lib :  ITTAPI function not implemented: __itt_heap_internal_access_end
464040 : 0x1d73b2cd3b951 : 2 : ittapi_config_apply_per_lib :  ITTAPI function not implemented: __itt_heap_record_memory_growth_begin
464040 : 0x1d73b2cd3cd37 : 2 : ittapi_config_apply_per_lib :  ITTAPI function not implemented: __itt_heap_record_memory_growth_end
464040 : 0x1d73b2cd3e0e3 : 2 : ittapi_config_apply_per_lib :  ITTAPI function not implemented: __itt_heap_reset_detection
464040 : 0x1d73b2cd3f51e : 2 : ittapi_config_apply_per_lib :  ITTAPI function not implemented: __itt_heap_record
464040 : 0x1d73b2cd40802 : 2 : ittapi_config_apply_per_lib :  ITTAPI function not implemented: __itt_id_create
464040 : 0x1d73b2cd49704 : 2 : ittapi_config_apply_per_lib :  ITTAPI function not implemented: __itt_id_destroy
464040 : 0x1d73b2cd4ab9b : 2 : ittapi_config_apply_per_lib :  ITTAPI function instrumented: __itt_get_timestamp
464040 : 0x1d73b2cd4bece : 2 : ittapi_config_apply_per_lib :  ITTAPI function not implemented: __itt_region_begin
464040 : 0x1d73b2cd4d294 : 2 : ittapi_config_apply_per_lib :  ITTAPI function not implemented: __itt_region_end
464040 : 0x1d73b2cd4e56a : 2 : ittapi_config_apply_per_lib :  ITTAPI function instrumented: __itt_frame_begin_v3
464040 : 0x1d73b2cd4f90e : 2 : ittapi_config_apply_per_lib :  ITTAPI function instrumented: __itt_frame_end_v3
464040 : 0x1d73b2cd50bbc : 2 : ittapi_config_apply_per_lib :  ITTAPI function instrumented: __itt_frame_submit_v3
464040 : 0x1d73b2cd51f74 : 2 : ittapi_config_apply_per_lib :  ITTAPI function not implemented: __itt_task_group
464040 : 0x1d73b2cd5324c : 2 : ittapi_config_apply_per_lib :  ITTAPI function instrumented: __itt_task_begin
464040 : 0x1d73b2cd544a6 : 2 : ittapi_config_apply_per_lib :  ITTAPI function instrumented: __itt_task_begin_fn
464040 : 0x1d73b2cd5caf2 : 2 : ittapi_config_apply_per_lib :  ITTAPI function instrumented: __itt_task_end
464040 : 0x1d73b2cd5e0dc : 2 : ittapi_config_apply_per_lib :  ITTAPI function not implemented: __itt_counter_inc_v3
464040 : 0x1d73b2cd5f5dd : 2 : ittapi_config_apply_per_lib :  ITTAPI function not implemented: __itt_counter_inc_delta_v3
464040 : 0x1d73b2cd60916 : 2 : ittapi_config_apply_per_lib :  ITTAPI function not implemented: __itt_counter_dec_v3
464040 : 0x1d73b2cd61c97 : 2 : ittapi_config_apply_per_lib :  ITTAPI function not implemented: __itt_counter_dec_delta_v3
464040 : 0x1d73b2cd6305d : 2 : ittapi_config_apply_per_lib :  ITTAPI function not implemented: __itt_marker
464040 : 0x1d73b2cd64264 : 2 : ittapi_config_apply_per_lib :  ITTAPI function instrumented: __itt_metadata_add
464040 : 0x1d73b2cd656d5 : 2 : ittapi_config_apply_per_lib :  ITTAPI function not implemented: __itt_metadata_str_add
464040 : 0x1d73b2cd66973 : 2 : ittapi_config_apply_per_lib :  ITTAPI function not implemented: __itt_relation_add_to_current
464040 : 0x1d73b2cd67c60 : 2 : ittapi_config_apply_per_lib :  ITTAPI function not implemented: __itt_relation_add
464040 : 0x1d73b2cd6e760 : 2 : ittapi_config_apply_per_lib :  ITTAPI function instrumented: __itt_event_create
464040 : 0x1d73b2cd6fb78 : 2 : ittapi_config_apply_per_lib :  ITTAPI function instrumented: __itt_event_start
464040 : 0x1d73b2cd70dcc : 2 : ittapi_config_apply_per_lib :  ITTAPI function instrumented: __itt_event_end
464040 : 0x1d73b2cd71d84 : 2 : ittapi_config_apply_per_lib :  ITTAPI function NOT instrumented (not matched by --itt-config option): __itt_sync_set_name

464040 : 0x1d73b2cd72e2a : 2 : ittapi_config_apply_per_lib :  ITTAPI function NOT instrumented (not matched by --itt-config option): __itt_notify_sync_name

464040 : 0x1d73b2cd73de4 : 2 : ittapi_config_apply_per_lib :  ITTAPI function NOT instrumented (not matched by --itt-config option): __itt_notify_sync_prepare

464040 : 0x1d73b2cd74d9a : 2 : ittapi_config_apply_per_lib :  ITTAPI function NOT instrumented (not matched by --itt-config option): __itt_notify_sync_cancel

464040 : 0x1d73b2cd75cb6 : 2 : ittapi_config_apply_per_lib :  ITTAPI function NOT instrumented (not matched by --itt-config option): __itt_notify_sync_acquired

464040 : 0x1d73b2cd76c29 : 2 : ittapi_config_apply_per_lib :  ITTAPI function NOT instrumented (not matched by --itt-config option): __itt_notify_sync_releasing

464040 : 0x1d73b2cd77f7a : 2 : ittapi_config_apply_per_lib :  ITTAPI function not implemented: __itt_memory_read
464040 : 0x1d73b2cd7eb18 : 2 : ittapi_config_apply_per_lib :  ITTAPI function not implemented: __itt_memory_write
464040 : 0x1d73b2cd7fffe : 2 : ittapi_config_apply_per_lib :  ITTAPI function not implemented: __itt_memory_update
464040 : 0x1d73b2cd8142d : 2 : ittapi_config_apply_per_lib :  ITTAPI function not implemented: __itt_state_get
464040 : 0x1d73b2cd82764 : 2 : ittapi_config_apply_per_lib :  ITTAPI function not implemented: __itt_state_set
464040 : 0x1d73b2cd83acf : 2 : ittapi_config_apply_per_lib :  ITTAPI function not implemented: __itt_obj_mode_set
464040 : 0x1d73b2cd84e55 : 2 : ittapi_config_apply_per_lib :  ITTAPI function not implemented: __itt_thr_mode_set
464040 : 0x1d73b2cd85fb6 : 2 : ittapi_config_apply_per_lib :  ITTAPI function instrumented: __itt_frame_create
464040 : 0x1d73b2cd87144 : 2 : ittapi_config_apply_per_lib :  ITTAPI function instrumented: __itt_pt_region_create
464040 : 0x1d73b2cd88393 : 2 : ittapi_config_apply_per_lib :  ITTAPI function instrumented: __itt_frame_begin
464040 : 0x1d73b2cd8963b : 2 : ittapi_config_apply_per_lib :  ITTAPI function instrumented: __itt_frame_end
464040 : 0x1d73b2cd92538 : 2 : ittapi_config_apply_per_lib :  ITTAPI function not implemented: __itt_counter_destroy
464040 : 0x1d73b2cd939b0 : 2 : ittapi_config_apply_per_lib :  ITTAPI function instrumented: __itt_counter_inc
464040 : 0x1d73b2cd94c8c : 2 : ittapi_config_apply_per_lib :  ITTAPI function instrumented: __itt_counter_inc_delta
464040 : 0x1d73b2cd95e8d : 2 : ittapi_config_apply_per_lib :  ITTAPI function instrumented: __itt_counter_dec
464040 : 0x1d73b2cd97175 : 2 : ittapi_config_apply_per_lib :  ITTAPI function instrumented: __itt_counter_dec_delta
464040 : 0x1d73b2cd983ce : 2 : ittapi_config_apply_per_lib :  ITTAPI function instrumented: __itt_counter_set_value
464040 : 0x1d73b2cd99724 : 2 : ittapi_config_apply_per_lib :  ITTAPI function not implemented: __itt_counter_set_value_ex
464040 : 0x1d73b2cd9a9af : 2 : ittapi_config_apply_per_lib :  ITTAPI function not implemented: __itt_mark_create
464040 : 0x1d73b2cd9bd91 : 2 : ittapi_config_apply_per_lib :  ITTAPI function not implemented: __itt_mark
464040 : 0x1d73b2cd9d20d : 2 : ittapi_config_apply_per_lib :  ITTAPI function not implemented: __itt_mark_off
464040 : 0x1d73b2cda58e8 : 2 : ittapi_config_apply_per_lib :  ITTAPI function not implemented: __itt_mark_global
464040 : 0x1d73b2cda6d52 : 2 : ittapi_config_apply_per_lib :  ITTAPI function not implemented: __itt_mark_global_off
464040 : 0x1d73b2cda7de0 : 2 : ittapi_config_apply_per_lib :  ITTAPI function NOT instrumented (not matched by --itt-config option): __itt_stack_caller_create

464040 : 0x1d73b2cda8e55 : 2 : ittapi_config_apply_per_lib :  ITTAPI function NOT instrumented (not matched by --itt-config option): __itt_stack_caller_destroy

464040 : 0x1d73b2cda9e7c : 2 : ittapi_config_apply_per_lib :  ITTAPI function NOT instrumented (not matched by --itt-config option): __itt_stack_callee_enter

464040 : 0x1d73b2cdaadd4 : 2 : ittapi_config_apply_per_lib :  ITTAPI function NOT instrumented (not matched by --itt-config option): __itt_stack_callee_leave

464040 : 0x1d73b2cdac121 : 2 : ittapi_config_apply_per_lib :  ITTAPI function not implemented: __itt_clock_domain_create
464040 : 0x1d73b2cdad4b7 : 2 : ittapi_config_apply_per_lib :  ITTAPI function not implemented: __itt_clock_domain_reset
464040 : 0x1d73b2cdae789 : 2 : ittapi_config_apply_per_lib :  ITTAPI function not implemented: __itt_id_create_ex
464040 : 0x1d73b2cdafade : 2 : ittapi_config_apply_per_lib :  ITTAPI function not implemented: __itt_id_destroy_ex
464040 : 0x1d73b2cdb6c3a : 2 : ittapi_config_apply_per_lib :  ITTAPI function not implemented: __itt_task_begin_ex
464040 : 0x1d73b2cdb81b0 : 2 : ittapi_config_apply_per_lib :  ITTAPI function not implemented: __itt_task_begin_fn_ex
464040 : 0x1d73b2cdb94d7 : 2 : ittapi_config_apply_per_lib :  ITTAPI function not implemented: __itt_task_end_ex
464040 : 0x1d73b2cdba82c : 2 : ittapi_config_apply_per_lib :  ITTAPI function instrumented: __itt_task_begin_overlapped
464040 : 0x1d73b2cdbbb22 : 2 : ittapi_config_apply_per_lib :  ITTAPI function not implemented: __itt_task_begin_overlapped_ex
464040 : 0x1d73b2cdbce11 : 2 : ittapi_config_apply_per_lib :  ITTAPI function instrumented: __itt_task_end_overlapped
464040 : 0x1d73b2cdbe19c : 2 : ittapi_config_apply_per_lib :  ITTAPI function not implemented: __itt_task_end_overlapped_ex
464040 : 0x1d73b2cdbf440 : 2 : ittapi_config_apply_per_lib :  ITTAPI function not implemented: __itt_marker_ex
464040 : 0x1d73b2cdc07f8 : 2 : ittapi_config_apply_per_lib :  ITTAPI function not implemented: __itt_metadata_add_with_scope
464040 : 0x1d73b2cdc1c78 : 2 : ittapi_config_apply_per_lib :  ITTAPI function not implemented: __itt_metadata_str_add_with_scope
464040 : 0x1d73b2cdcacc5 : 2 : ittapi_config_apply_per_lib :  ITTAPI function not implemented: __itt_relation_add_to_current_ex
464040 : 0x1d73b2cdcc1fc : 2 : ittapi_config_apply_per_lib :  ITTAPI function not implemented: __itt_relation_add_ex
464040 : 0x1d73b2cdcd66c : 2 : ittapi_config_apply_per_lib :  ITTAPI function not implemented: __itt_track_group_create
464040 : 0x1d73b2cdce8a5 : 2 : ittapi_config_apply_per_lib :  ITTAPI function not implemented: __itt_track_create
464040 : 0x1d73b2cdcfbb3 : 2 : ittapi_config_apply_per_lib :  ITTAPI function not implemented: __itt_set_track
464040 : 0x1d73b2cdd0e9e : 2 : ittapi_config_apply_per_lib :  ITTAPI function instrumented: __itt_api_version
464040 : 0x1d73b2cdd21d5 : 2 : ittapi_config_apply_per_lib :  ITTAPI function not implemented: __itt_av_save
464040 : 0x1d73b2cdd3508 : 2 : ittapi_config_apply_per_lib :  ITTAPI function instrumented: __itt_module_load
464040 : 0x1d73b2cdd483b : 2 : ittapi_config_apply_per_lib :  ITTAPI function not implemented: __itt_module_unload