11 [4130707200] INFO perfrun.launcher <> - Launcher main begin
24 [4130707200] INFO perfrun.launcher <> - MessageCatalogInit finished
24 [4130707200] INFO perfrun.launcher <> - Launcher instance created
24 [4130707200] INFO perfrun.launcher <> - argc = 6; cmdline = /opt/intel/oneapi/vtune/2023.0.0/bin32/amplxe-runss -dump-vdso -r /tmp/amplxe-tmp-le34xoh/amplxe-res-464014-518119613315143 --tmp-dir /tmp/amplxe-tmp-le34xoh 
31 [4130707200] INFO perfrun.launcher <> - create msngr2::ICliToolContext
31 [4130707200] INFO perfrun.launcher <> - create file finder object
31 [4129958720] INFO perfrun.launcher <> - plugin [remoteplug] was disabled because it doesn't support the given collection type.
31 [4129958720] INFO perfrun.launcher <> - plugin [] was disabled because it doesn't support the given collection type.
31 [4129958720] INFO perfrun.vdso <> - dumping [vdso] pseudomodule
35 [4129958720] INFO perfrun.launcher <> - plugin [] was disabled because it doesn't support the given collection type.
35 [4129958720] INFO perfrun.launcher <> - plugin [] was disabled because it doesn't support the given collection type.
35 [4129958720] INFO perfrun.launcher <> - plugin [] was disabled because it doesn't support the given collection type.
35 [4129958720] INFO perfrun.launcher <> - plugin [] was disabled because it doesn't support the given collection type.
35 [4129958720] INFO perfrun.launcher <> - plugin [] was disabled because it doesn't support the given collection type.
35 [4129958720] INFO perfrun.launcher <> - plugin [] was disabled because it doesn't support the given collection type.
35 [4129958720] INFO perfrun.launcher <> - plugin [] was disabled because it doesn't support the given collection type.
35 [4129958720] INFO perfrun.launcher <> - plugin [] was disabled because it doesn't support the given collection type.
35 [4129958720] INFO perfrun.launcher <> - plugin [] was disabled because it doesn't support the given collection type.
35 [4129958720] INFO perfrun.launcher <> - plugin [] was disabled because it doesn't support the given collection type.
35 [4129958720] INFO perfrun.launcher <> - plugin [] was disabled because it doesn't support the given collection type.
35 [4129958720] INFO perfrun.launcher <> - plugin [] was disabled because it doesn't support the given collection type.
35 [4129958720] INFO perfrun.launcher <> - plugin [] was disabled because it doesn't support the given collection type.
35 [4129958720] INFO perfrun.launcher <> - plugin [] was disabled because it doesn't support the given collection type.
35 [4129958720] INFO perfrun.launcher <> - plugin [] was disabled because it doesn't support the given collection type.
35 [4129958720] INFO perfrun.launcher <> - plugin [] was disabled because it doesn't support the given collection type.
35 [4129958720] INFO perfrun.launcher <> - plugin [] was disabled because it doesn't support the given collection type.
35 [4129958720] INFO perfrun.launcher <> - plugin [] was disabled because it doesn't support the given collection type.
35 [4129958720] INFO perfrun.launcher <> - plugin [] was disabled because it doesn't support the given collection type.
35 [4129958720] INFO perfrun.launcher <> - plugin [] was disabled because it doesn't support the given collection type.
35 [4129958720] INFO perfrun.launcher <> - plugin [] was disabled because it doesn't support the given collection type.
35 [4129958720] INFO perfrun.launcher <> - plugin [] was disabled because it doesn't support the given collection type.
35 [4129958720] INFO perfrun.launcher <> - plugin [] was disabled because it doesn't support the given collection type.
35 [4129958720] INFO perfrun.launcher <> - plugin [] was disabled because it doesn't support the given collection type.
35 [4130707200] INFO perfrun.launcher <> - Application exit code: 0
35 [4130707200] INFO perfrun.launcher <> - Exit code: 0
