
374865 : 0x1bfcbe6c7bde8 : 1 : spill_jit_data :  Jit agent is not initialized
374851 : 0x1bfcbe6c875a2 : 2 : ittapi_config_mask_get :  --itt-config mask to be applied: 39
374851 : 0x1bfcbe6c8dea2 : 2 : ittapi_config_apply_per_lib :  ITTAPI function instrumented: __itt_domain_create
374851 : 0x1bfcbe6c8fbda : 2 : ittapi_config_apply_per_lib :  ITTAPI function instrumented: __itt_module_load_with_sections
374851 : 0x1bfcbe6c91f24 : 2 : ittapi_config_apply_per_lib :  ITTAPI function not implemented: __itt_module_unload_with_sections
374851 : 0x1bfcbe6c94003 : 2 : ittapi_config_apply_per_lib :  ITTAPI function instrumented: __itt_string_handle_create
374851 : 0x1bfcbe6c9545d : 2 : ittapi_config_apply_per_lib :  ITTAPI function instrumented: __itt_counter_create
374851 : 0x1bfcbe6c9681b : 2 : ittapi_config_apply_per_lib :  ITTAPI function instrumented: __itt_counter_create_typed
374851 : 0x1bfcbe6c97de7 : 2 : ittapi_config_apply_per_lib :  ITTAPI function instrumented: __itt_pause
374851 : 0x1bfcbe6c991e7 : 2 : ittapi_config_apply_per_lib :  ITTAPI function instrumented: __itt_resume
374851 : 0x1bfcbe6caa914 : 2 : ittapi_config_apply_per_lib :  ITTAPI function instrumented: __itt_thread_set_name
374851 : 0x1bfcbe6cac111 : 2 : ittapi_config_apply_per_lib :  ITTAPI function instrumented: __itt_thread_ignore
374851 : 0x1bfcbe6caf498 : 2 : ittapi_config_apply_per_lib :  ITTAPI function instrumented: __itt_thr_name_set
374851 : 0x1bfcbe6cb08e5 : 2 : ittapi_config_apply_per_lib :  ITTAPI function instrumented: __itt_thr_ignore
374851 : 0x1bfcbe6cb1c8b : 2 : ittapi_config_apply_per_lib :  ITTAPI function instrumented: __itt_histogram_create
374851 : 0x1bfcbe6cb399d : 2 : ittapi_config_apply_per_lib :  ITTAPI function not implemented: __itt_enable_attach
374851 : 0x1bfcbe6cb4e3a : 2 : ittapi_config_apply_per_lib :  ITTAPI function instrumented: __itt_detach
374851 : 0x1bfcbe6cb7d57 : 2 : ittapi_config_apply_per_lib :  ITTAPI function NOT instrumented (not matched by --itt-config option): __itt_sync_create

374851 : 0x1bfcbe6cb90d0 : 2 : ittapi_config_apply_per_lib :  ITTAPI function NOT instrumented (not matched by --itt-config option): __itt_sync_rename

374851 : 0x1bfcbe6cba1c3 : 2 : ittapi_config_apply_per_lib :  ITTAPI function NOT instrumented (not matched by --itt-config option): __itt_sync_destroy

374851 : 0x1bfcbe6cc23da : 2 : ittapi_config_apply_per_lib :  ITTAPI function NOT instrumented (not matched by --itt-config option): __itt_sync_prepare

374851 : 0x1bfcbe6cc36ec : 2 : ittapi_config_apply_per_lib :  ITTAPI function NOT instrumented (not matched by --itt-config option): __itt_sync_cancel

374851 : 0x1bfcbe6cc476e : 2 : ittapi_config_apply_per_lib :  ITTAPI function NOT instrumented (not matched by --itt-config option): __itt_sync_acquired

374851 : 0x1bfcbe6cc5840 : 2 : ittapi_config_apply_per_lib :  ITTAPI function NOT instrumented (not matched by --itt-config option): __itt_sync_releasing

374851 : 0x1bfcbe6cc70f2 : 2 : ittapi_config_apply_per_lib :  ITTAPI function not implemented: __itt_suppress_push
374851 : 0x1bfcbe6cc8aec : 2 : ittapi_config_apply_per_lib :  ITTAPI function not implemented: __itt_suppress_pop
374851 : 0x1bfcbe6cca02d : 2 : ittapi_config_apply_per_lib :  ITTAPI function not implemented: __itt_suppress_mark_range
374851 : 0x1bfcbe6ccb6ce : 2 : ittapi_config_apply_per_lib :  ITTAPI function not implemented: __itt_suppress_clear_range
374851 : 0x1bfcbe6ccc7f9 : 2 : ittapi_config_apply_per_lib :  ITTAPI function NOT instrumented (not matched by --itt-config option): __itt_sync_prepare

374851 : 0x1bfcbe6ccd8a8 : 2 : ittapi_config_apply_per_lib :  ITTAPI function NOT instrumented (not matched by --itt-config option): __itt_sync_cancel

374851 : 0x1bfcbe6cd470e : 2 : ittapi_config_apply_per_lib :  ITTAPI function NOT instrumented (not matched by --itt-config option): __itt_sync_acquired

374851 : 0x1bfcbe6cd5969 : 2 : ittapi_config_apply_per_lib :  ITTAPI function NOT instrumented (not matched by --itt-config option): __itt_sync_releasing

374851 : 0x1bfcbe6cd6b27 : 2 : ittapi_config_apply_per_lib :  ITTAPI function NOT instrumented (not matched by --itt-config option): __itt_model_site_begin

374851 : 0x1bfcbe6cd7c3e : 2 : ittapi_config_apply_per_lib :  ITTAPI function NOT instrumented (not matched by --itt-config option): __itt_model_site_end

374851 : 0x1bfcbe6cd8d03 : 2 : ittapi_config_apply_per_lib :  ITTAPI function NOT instrumented (not matched by --itt-config option): __itt_model_task_begin

374851 : 0x1bfcbe6cd9d68 : 2 : ittapi_config_apply_per_lib :  ITTAPI function NOT instrumented (not matched by --itt-config option): __itt_model_task_end

374851 : 0x1bfcbe6cdae3f : 2 : ittapi_config_apply_per_lib :  ITTAPI function NOT instrumented (not matched by --itt-config option): __itt_model_lock_acquire

374851 : 0x1bfcbe6cdc023 : 2 : ittapi_config_apply_per_lib :  ITTAPI function NOT instrumented (not matched by --itt-config option): __itt_model_lock_release

374851 : 0x1bfcbe6cdd0d9 : 2 : ittapi_config_apply_per_lib :  ITTAPI function NOT instrumented (not matched by --itt-config option): __itt_model_record_allocation

374851 : 0x1bfcbe6cde13b : 2 : ittapi_config_apply_per_lib :  ITTAPI function NOT instrumented (not matched by --itt-config option): __itt_model_record_deallocation

374851 : 0x1bfcbe6ce919a : 2 : ittapi_config_apply_per_lib :  ITTAPI function NOT instrumented (not matched by --itt-config option): __itt_model_induction_uses

374851 : 0x1bfcbe6cea66c : 2 : ittapi_config_apply_per_lib :  ITTAPI function NOT instrumented (not matched by --itt-config option): __itt_model_reduction_uses

374851 : 0x1bfcbe6ceb763 : 2 : ittapi_config_apply_per_lib :  ITTAPI function NOT instrumented (not matched by --itt-config option): __itt_model_observe_uses

374851 : 0x1bfcbe6ceea85 : 2 : ittapi_config_apply_per_lib :  ITTAPI function NOT instrumented (not matched by --itt-config option): __itt_model_clear_uses

374851 : 0x1bfcbe6cefb7c : 2 : ittapi_config_apply_per_lib :  ITTAPI function NOT instrumented (not matched by --itt-config option): __itt_model_site_beginA

374851 : 0x1bfcbe6cf0c4a : 2 : ittapi_config_apply_per_lib :  ITTAPI function NOT instrumented (not matched by --itt-config option): __itt_model_site_beginAL

374851 : 0x1bfcbe6cf1cac : 2 : ittapi_config_apply_per_lib :  ITTAPI function NOT instrumented (not matched by --itt-config option): __itt_model_task_beginA

374851 : 0x1bfcbe6cf2fd9 : 2 : ittapi_config_apply_per_lib :  ITTAPI function NOT instrumented (not matched by --itt-config option): __itt_model_task_beginAL

374851 : 0x1bfcbe6cf4099 : 2 : ittapi_config_apply_per_lib :  ITTAPI function NOT instrumented (not matched by --itt-config option): __itt_model_iteration_taskA

374851 : 0x1bfcbe6cf50e2 : 2 : ittapi_config_apply_per_lib :  ITTAPI function NOT instrumented (not matched by --itt-config option): __itt_model_iteration_taskAL

374851 : 0x1bfcbe6cfc33b : 2 : ittapi_config_apply_per_lib :  ITTAPI function NOT instrumented (not matched by --itt-config option): __itt_model_site_end_2

374851 : 0x1bfcbe6cfd578 : 2 : ittapi_config_apply_per_lib :  ITTAPI function NOT instrumented (not matched by --itt-config option): __itt_model_task_end_2

374851 : 0x1bfcbe6cfe5cf : 2 : ittapi_config_apply_per_lib :  ITTAPI function NOT instrumented (not matched by --itt-config option): __itt_model_lock_acquire_2

374851 : 0x1bfcbe6cff6ba : 2 : ittapi_config_apply_per_lib :  ITTAPI function NOT instrumented (not matched by --itt-config option): __itt_model_lock_release_2

374851 : 0x1bfcbe6d0075e : 2 : ittapi_config_apply_per_lib :  ITTAPI function NOT instrumented (not matched by --itt-config option): __itt_model_aggregate_task

374851 : 0x1bfcbe6d01802 : 2 : ittapi_config_apply_per_lib :  ITTAPI function NOT instrumented (not matched by --itt-config option): __itt_model_disable_push

374851 : 0x1bfcbe6d02847 : 2 : ittapi_config_apply_per_lib :  ITTAPI function NOT instrumented (not matched by --itt-config option): __itt_model_disable_pop

374851 : 0x1bfcbe6d03dfb : 2 : ittapi_config_apply_per_lib :  ITTAPI function instrumented: __itt_heap_function_create
374851 : 0x1bfcbe6d052eb : 2 : ittapi_config_apply_per_lib :  ITTAPI function instrumented: __itt_heap_allocate_begin
374851 : 0x1bfcbe6d066a7 : 2 : ittapi_config_apply_per_lib :  ITTAPI function instrumented: __itt_heap_allocate_end
374851 : 0x1bfcbe6d10544 : 2 : ittapi_config_apply_per_lib :  ITTAPI function instrumented: __itt_heap_free_begin
374851 : 0x1bfcbe6d11a27 : 2 : ittapi_config_apply_per_lib :  ITTAPI function instrumented: __itt_heap_free_end
374851 : 0x1bfcbe6d12e07 : 2 : ittapi_config_apply_per_lib :  ITTAPI function instrumented: __itt_heap_reallocate_begin
374851 : 0x1bfcbe6d140bf : 2 : ittapi_config_apply_per_lib :  ITTAPI function instrumented: __itt_heap_reallocate_end
374851 : 0x1bfcbe6d157cf : 2 : ittapi_config_apply_per_lib :  ITTAPI function not implemented: __itt_heap_internal_access_begin
374851 : 0x1bfcbe6d16d41 : 2 : ittapi_config_apply_per_lib :  ITTAPI function not implemented: __itt_heap_internal_access_end
374851 : 0x1bfcbe6d18296 : 2 : ittapi_config_apply_per_lib :  ITTAPI function not implemented: __itt_heap_record_memory_growth_begin
374851 : 0x1bfcbe6d197a8 : 2 : ittapi_config_apply_per_lib :  ITTAPI function not implemented: __itt_heap_record_memory_growth_end
374851 : 0x1bfcbe6d1ad05 : 2 : ittapi_config_apply_per_lib :  ITTAPI function not implemented: __itt_heap_reset_detection
374851 : 0x1bfcbe6d1c3d7 : 2 : ittapi_config_apply_per_lib :  ITTAPI function not implemented: __itt_heap_record
374851 : 0x1bfcbe6d239b8 : 2 : ittapi_config_apply_per_lib :  ITTAPI function not implemented: __itt_id_create
374851 : 0x1bfcbe6d2513b : 2 : ittapi_config_apply_per_lib :  ITTAPI function not implemented: __itt_id_destroy
374851 : 0x1bfcbe6d2641c : 2 : ittapi_config_apply_per_lib :  ITTAPI function instrumented: __itt_get_timestamp
374851 : 0x1bfcbe6d278e6 : 2 : ittapi_config_apply_per_lib :  ITTAPI function not implemented: __itt_region_begin
374851 : 0x1bfcbe6d28dba : 2 : ittapi_config_apply_per_lib :  ITTAPI function not implemented: __itt_region_end
374851 : 0x1bfcbe6d2a2dc : 2 : ittapi_config_apply_per_lib :  ITTAPI function instrumented: __itt_frame_begin_v3
374851 : 0x1bfcbe6d2b75c : 2 : ittapi_config_apply_per_lib :  ITTAPI function instrumented: __itt_frame_end_v3
374851 : 0x1bfcbe6d2cb26 : 2 : ittapi_config_apply_per_lib :  ITTAPI function instrumented: __itt_frame_submit_v3
374851 : 0x1bfcbe6d2dff2 : 2 : ittapi_config_apply_per_lib :  ITTAPI function not implemented: __itt_task_group
374851 : 0x1bfcbe6d2f43f : 2 : ittapi_config_apply_per_lib :  ITTAPI function instrumented: __itt_task_begin
374851 : 0x1bfcbe6d36433 : 2 : ittapi_config_apply_per_lib :  ITTAPI function instrumented: __itt_task_begin_fn
374851 : 0x1bfcbe6d3797a : 2 : ittapi_config_apply_per_lib :  ITTAPI function instrumented: __itt_task_end
374851 : 0x1bfcbe6d38eba : 2 : ittapi_config_apply_per_lib :  ITTAPI function not implemented: __itt_counter_inc_v3
374851 : 0x1bfcbe6d3a576 : 2 : ittapi_config_apply_per_lib :  ITTAPI function not implemented: __itt_counter_inc_delta_v3
374851 : 0x1bfcbe6d3ba7d : 2 : ittapi_config_apply_per_lib :  ITTAPI function not implemented: __itt_counter_dec_v3
374851 : 0x1bfcbe6d3cf51 : 2 : ittapi_config_apply_per_lib :  ITTAPI function not implemented: __itt_counter_dec_delta_v3
374851 : 0x1bfcbe6d3e557 : 2 : ittapi_config_apply_per_lib :  ITTAPI function not implemented: __itt_marker
374851 : 0x1bfcbe6d3f84e : 2 : ittapi_config_apply_per_lib :  ITTAPI function instrumented: __itt_metadata_add
374851 : 0x1bfcbe6d40e22 : 2 : ittapi_config_apply_per_lib :  ITTAPI function not implemented: __itt_metadata_str_add
374851 : 0x1bfcbe6d4221a : 2 : ittapi_config_apply_per_lib :  ITTAPI function not implemented: __itt_relation_add_to_current
374851 : 0x1bfcbe6d4b6a8 : 2 : ittapi_config_apply_per_lib :  ITTAPI function not implemented: __itt_relation_add
374851 : 0x1bfcbe6d4ccef : 2 : ittapi_config_apply_per_lib :  ITTAPI function instrumented: __itt_event_create
374851 : 0x1bfcbe6d4e197 : 2 : ittapi_config_apply_per_lib :  ITTAPI function instrumented: __itt_event_start
374851 : 0x1bfcbe6d4f57b : 2 : ittapi_config_apply_per_lib :  ITTAPI function instrumented: __itt_event_end
374851 : 0x1bfcbe6d50643 : 2 : ittapi_config_apply_per_lib :  ITTAPI function NOT instrumented (not matched by --itt-config option): __itt_sync_set_name

374851 : 0x1bfcbe6d519bf : 2 : ittapi_config_apply_per_lib :  ITTAPI function NOT instrumented (not matched by --itt-config option): __itt_notify_sync_name

374851 : 0x1bfcbe6d52b1c : 2 : ittapi_config_apply_per_lib :  ITTAPI function NOT instrumented (not matched by --itt-config option): __itt_notify_sync_prepare

374851 : 0x1bfcbe6d53bc6 : 2 : ittapi_config_apply_per_lib :  ITTAPI function NOT instrumented (not matched by --itt-config option): __itt_notify_sync_cancel

374851 : 0x1bfcbe6d54bc3 : 2 : ittapi_config_apply_per_lib :  ITTAPI function NOT instrumented (not matched by --itt-config option): __itt_notify_sync_acquired

374851 : 0x1bfcbe6d55c43 : 2 : ittapi_config_apply_per_lib :  ITTAPI function NOT instrumented (not matched by --itt-config option): __itt_notify_sync_releasing

374851 : 0x1bfcbe6d5f6fd : 2 : ittapi_config_apply_per_lib :  ITTAPI function not implemented: __itt_memory_read
374851 : 0x1bfcbe6d60e17 : 2 : ittapi_config_apply_per_lib :  ITTAPI function not implemented: __itt_memory_write
374851 : 0x1bfcbe6d622a3 : 2 : ittapi_config_apply_per_lib :  ITTAPI function not implemented: __itt_memory_update
374851 : 0x1bfcbe6d6381c : 2 : ittapi_config_apply_per_lib :  ITTAPI function not implemented: __itt_state_get
374851 : 0x1bfcbe6d64bf4 : 2 : ittapi_config_apply_per_lib :  ITTAPI function not implemented: __itt_state_set
374851 : 0x1bfcbe6d66033 : 2 : ittapi_config_apply_per_lib :  ITTAPI function not implemented: __itt_obj_mode_set
374851 : 0x1bfcbe6d674f1 : 2 : ittapi_config_apply_per_lib :  ITTAPI function not implemented: __itt_thr_mode_set
374851 : 0x1bfcbe6d68816 : 2 : ittapi_config_apply_per_lib :  ITTAPI function instrumented: __itt_frame_create
374851 : 0x1bfcbe6d69b3b : 2 : ittapi_config_apply_per_lib :  ITTAPI function instrumented: __itt_pt_region_create
374851 : 0x1bfcbe6d6ae7e : 2 : ittapi_config_apply_per_lib :  ITTAPI function instrumented: __itt_frame_begin
374851 : 0x1bfcbe6d72826 : 2 : ittapi_config_apply_per_lib :  ITTAPI function instrumented: __itt_frame_end
374851 : 0x1bfcbe6d73fb9 : 2 : ittapi_config_apply_per_lib :  ITTAPI function not implemented: __itt_counter_destroy
374851 : 0x1bfcbe6d75404 : 2 : ittapi_config_apply_per_lib :  ITTAPI function instrumented: __itt_counter_inc
374851 : 0x1bfcbe6d76825 : 2 : ittapi_config_apply_per_lib :  ITTAPI function instrumented: __itt_counter_inc_delta
374851 : 0x1bfcbe6d77b8b : 2 : ittapi_config_apply_per_lib :  ITTAPI function instrumented: __itt_counter_dec
374851 : 0x1bfcbe6d78f83 : 2 : ittapi_config_apply_per_lib :  ITTAPI function instrumented: __itt_counter_dec_delta
374851 : 0x1bfcbe6d7a2aa : 2 : ittapi_config_apply_per_lib :  ITTAPI function instrumented: __itt_counter_set_value
374851 : 0x1bfcbe6d7b742 : 2 : ittapi_config_apply_per_lib :  ITTAPI function not implemented: __itt_counter_set_value_ex
374851 : 0x1bfcbe6d7cafb : 2 : ittapi_config_apply_per_lib :  ITTAPI function not implemented: __itt_mark_create
374851 : 0x1bfcbe6d7dfb5 : 2 : ittapi_config_apply_per_lib :  ITTAPI function not implemented: __itt_mark
374851 : 0x1bfcbe6d853a5 : 2 : ittapi_config_apply_per_lib :  ITTAPI function not implemented: __itt_mark_off
374851 : 0x1bfcbe6d869a9 : 2 : ittapi_config_apply_per_lib :  ITTAPI function not implemented: __itt_mark_global
374851 : 0x1bfcbe6d87dec : 2 : ittapi_config_apply_per_lib :  ITTAPI function not implemented: __itt_mark_global_off
374851 : 0x1bfcbe6d89019 : 2 : ittapi_config_apply_per_lib :  ITTAPI function NOT instrumented (not matched by --itt-config option): __itt_stack_caller_create

374851 : 0x1bfcbe6d8a1bb : 2 : ittapi_config_apply_per_lib :  ITTAPI function NOT instrumented (not matched by --itt-config option): __itt_stack_caller_destroy

374851 : 0x1bfcbe6d8b2ee : 2 : ittapi_config_apply_per_lib :  ITTAPI function NOT instrumented (not matched by --itt-config option): __itt_stack_callee_enter

374851 : 0x1bfcbe6d8c390 : 2 : ittapi_config_apply_per_lib :  ITTAPI function NOT instrumented (not matched by --itt-config option): __itt_stack_callee_leave

374851 : 0x1bfcbe6d8d8b5 : 2 : ittapi_config_apply_per_lib :  ITTAPI function not implemented: __itt_clock_domain_create
374851 : 0x1bfcbe6d8edab : 2 : ittapi_config_apply_per_lib :  ITTAPI function not implemented: __itt_clock_domain_reset
374851 : 0x1bfcbe6d901c6 : 2 : ittapi_config_apply_per_lib :  ITTAPI function not implemented: __itt_id_create_ex
374851 : 0x1bfcbe6d999de : 2 : ittapi_config_apply_per_lib :  ITTAPI function not implemented: __itt_id_destroy_ex
374851 : 0x1bfcbe6d9b0aa : 2 : ittapi_config_apply_per_lib :  ITTAPI function not implemented: __itt_task_begin_ex
374851 : 0x1bfcbe6d9c530 : 2 : ittapi_config_apply_per_lib :  ITTAPI function not implemented: __itt_task_begin_fn_ex
374851 : 0x1bfcbe6d9d9ce : 2 : ittapi_config_apply_per_lib :  ITTAPI function not implemented: __itt_task_end_ex
374851 : 0x1bfcbe6d9edae : 2 : ittapi_config_apply_per_lib :  ITTAPI function instrumented: __itt_task_begin_overlapped
374851 : 0x1bfcbe6da02b2 : 2 : ittapi_config_apply_per_lib :  ITTAPI function not implemented: __itt_task_begin_overlapped_ex
374851 : 0x1bfcbe6da16eb : 2 : ittapi_config_apply_per_lib :  ITTAPI function instrumented: __itt_task_end_overlapped
374851 : 0x1bfcbe6da2b87 : 2 : ittapi_config_apply_per_lib :  ITTAPI function not implemented: __itt_task_end_overlapped_ex
374851 : 0x1bfcbe6da3f6b : 2 : ittapi_config_apply_per_lib :  ITTAPI function not implemented: __itt_marker_ex
374851 : 0x1bfcbe6da5569 : 2 : ittapi_config_apply_per_lib :  ITTAPI function not implemented: __itt_metadata_add_with_scope
374851 : 0x1bfcbe6daca91 : 2 : ittapi_config_apply_per_lib :  ITTAPI function not implemented: __itt_metadata_str_add_with_scope
374851 : 0x1bfcbe6dae100 : 2 : ittapi_config_apply_per_lib :  ITTAPI function not implemented: __itt_relation_add_to_current_ex
374851 : 0x1bfcbe6daf53b : 2 : ittapi_config_apply_per_lib :  ITTAPI function not implemented: __itt_relation_add_ex
374851 : 0x1bfcbe6db097e : 2 : ittapi_config_apply_per_lib :  ITTAPI function not implemented: __itt_track_group_create
374851 : 0x1bfcbe6db1ce3 : 2 : ittapi_config_apply_per_lib :  ITTAPI function not implemented: __itt_track_create
374851 : 0x1bfcbe6db3208 : 2 : ittapi_config_apply_per_lib :  ITTAPI function not implemented: __itt_set_track
374851 : 0x1bfcbe6db463b : 2 : ittapi_config_apply_per_lib :  ITTAPI function instrumented: __itt_api_version
374851 : 0x1bfcbe6db5adf : 2 : ittapi_config_apply_per_lib :  ITTAPI function not implemented: __itt_av_save
374851 : 0x1bfcbe6db6e78 : 2 : ittapi_config_apply_per_lib :  ITTAPI function instrumented: __itt_module_load
374851 : 0x1bfcbe6db82bf : 2 : ittapi_config_apply_per_lib :  ITTAPI function not implemented: __itt_module_unload
374851 : 0x1bfcbe6dbf234 : 2 : ittapi_config_apply_per_lib :  ITTAPI function NOT instrumented (not matched by --itt-config option): __itt_histogram_submit

374851 : 0x1bfcbe6fa1a8e : 2 : ittapi_config_mask_get :  --itt-config mask to be applied: 39
374851 : 0x1bfcbe6fa410e : 2 : ittapi_config_apply_per_lib :  ITTAPI function instrumented: __itt_domain_create
374851 : 0x1bfcbe6fa586b : 2 : ittapi_config_apply_per_lib :  ITTAPI function instrumented: __itt_module_load_with_sections
374851 : 0x1bfcbe6fa7209 : 2 : ittapi_config_apply_per_lib :  ITTAPI function not implemented: __itt_module_unload_with_sections
374851 : 0x1bfcbe6fa865e : 2 : ittapi_config_apply_per_lib :  ITTAPI function instrumented: __itt_string_handle_create
374851 : 0x1bfcbe6fa9952 : 2 : ittapi_config_apply_per_lib :  ITTAPI function instrumented: __itt_counter_create
374851 : 0x1bfcbe6faac49 : 2 : ittapi_config_apply_per_lib :  ITTAPI function instrumented: __itt_counter_create_typed
374851 : 0x1bfcbe6fac00b : 2 : ittapi_config_apply_per_lib :  ITTAPI function instrumented: __itt_pause
374851 : 0x1bfcbe6fad384 : 2 : ittapi_config_apply_per_lib :  ITTAPI function instrumented: __itt_resume
374851 : 0x1bfcbe6fb8ef1 : 2 : ittapi_config_apply_per_lib :  ITTAPI function instrumented: __itt_thread_set_name
374851 : 0x1bfcbe6fba4e5 : 2 : ittapi_config_apply_per_lib :  ITTAPI function instrumented: __itt_thread_ignore
374851 : 0x1bfcbe6fbba40 : 2 : ittapi_config_apply_per_lib :  ITTAPI function instrumented: __itt_thr_name_set
374851 : 0x1bfcbe6fbce55 : 2 : ittapi_config_apply_per_lib :  ITTAPI function instrumented: __itt_thr_ignore
374851 : 0x1bfcbe6fbe635 : 2 : ittapi_config_apply_per_lib :  ITTAPI function not implemented: __itt_enable_attach
374851 : 0x1bfcbe6fbf936 : 2 : ittapi_config_apply_per_lib :  ITTAPI function instrumented: __itt_detach
374851 : 0x1bfcbe6fc0b1e : 2 : ittapi_config_apply_per_lib :  ITTAPI function NOT instrumented (not matched by --itt-config option): __itt_sync_create

374851 : 0x1bfcbe6fc1dac : 2 : ittapi_config_apply_per_lib :  ITTAPI function NOT instrumented (not matched by --itt-config option): __itt_sync_rename

374851 : 0x1bfcbe6fc2e98 : 2 : ittapi_config_apply_per_lib :  ITTAPI function NOT instrumented (not matched by --itt-config option): __itt_sync_destroy

374851 : 0x1bfcbe6fc4016 : 2 : ittapi_config_apply_per_lib :  ITTAPI function NOT instrumented (not matched by --itt-config option): __itt_sync_prepare

374851 : 0x1bfcbe6fcea74 : 2 : ittapi_config_apply_per_lib :  ITTAPI function NOT instrumented (not matched by --itt-config option): __itt_sync_cancel

374851 : 0x1bfcbe6fcfd6a : 2 : ittapi_config_apply_per_lib :  ITTAPI function NOT instrumented (not matched by --itt-config option): __itt_sync_acquired

374851 : 0x1bfcbe6fd0dc2 : 2 : ittapi_config_apply_per_lib :  ITTAPI function NOT instrumented (not matched by --itt-config option): __itt_sync_releasing

374851 : 0x1bfcbe6fd24e2 : 2 : ittapi_config_apply_per_lib :  ITTAPI function not implemented: __itt_suppress_push
374851 : 0x1bfcbe6fd3c76 : 2 : ittapi_config_apply_per_lib :  ITTAPI function not implemented: __itt_suppress_pop
374851 : 0x1bfcbe6fd51b3 : 2 : ittapi_config_apply_per_lib :  ITTAPI function not implemented: __itt_suppress_mark_range
374851 : 0x1bfcbe6fd6779 : 2 : ittapi_config_apply_per_lib :  ITTAPI function not implemented: __itt_suppress_clear_range
374851 : 0x1bfcbe6fd787d : 2 : ittapi_config_apply_per_lib :  ITTAPI function NOT instrumented (not matched by --itt-config option): __itt_sync_prepare

374851 : 0x1bfcbe6fd8994 : 2 : ittapi_config_apply_per_lib :  ITTAPI function NOT instrumented (not matched by --itt-config option): __itt_sync_cancel

374851 : 0x1bfcbe6fd99f8 : 2 : ittapi_config_apply_per_lib :  ITTAPI function NOT instrumented (not matched by --itt-config option): __itt_sync_acquired

374851 : 0x1bfcbe6fe0cd7 : 2 : ittapi_config_apply_per_lib :  ITTAPI function NOT instrumented (not matched by --itt-config option): __itt_sync_releasing

374851 : 0x1bfcbe6fe1f87 : 2 : ittapi_config_apply_per_lib :  ITTAPI function NOT instrumented (not matched by --itt-config option): __itt_model_site_begin

374851 : 0x1bfcbe6fe3079 : 2 : ittapi_config_apply_per_lib :  ITTAPI function NOT instrumented (not matched by --itt-config option): __itt_model_site_end

374851 : 0x1bfcbe6fe4130 : 2 : ittapi_config_apply_per_lib :  ITTAPI function NOT instrumented (not matched by --itt-config option): __itt_model_task_begin

374851 : 0x1bfcbe6fe51c8 : 2 : ittapi_config_apply_per_lib :  ITTAPI function NOT instrumented (not matched by --itt-config option): __itt_model_task_end

374851 : 0x1bfcbe6fe623f : 2 : ittapi_config_apply_per_lib :  ITTAPI function NOT instrumented (not matched by --itt-config option): __itt_model_lock_acquire

374851 : 0x1bfcbe6fe7446 : 2 : ittapi_config_apply_per_lib :  ITTAPI function NOT instrumented (not matched by --itt-config option): __itt_model_lock_release

374851 : 0x1bfcbe6fe84c4 : 2 : ittapi_config_apply_per_lib :  ITTAPI function NOT instrumented (not matched by --itt-config option): __itt_model_record_allocation

374851 : 0x1bfcbe6fe951f : 2 : ittapi_config_apply_per_lib :  ITTAPI function NOT instrumented (not matched by --itt-config option): __itt_model_record_deallocation

374851 : 0x1bfcbe6fea577 : 2 : ittapi_config_apply_per_lib :  ITTAPI function NOT instrumented (not matched by --itt-config option): __itt_model_induction_uses

374851 : 0x1bfcbe6ff3cc6 : 2 : ittapi_config_apply_per_lib :  ITTAPI function NOT instrumented (not matched by --itt-config option): __itt_model_reduction_uses

374851 : 0x1bfcbe6ff4fdd : 2 : ittapi_config_apply_per_lib :  ITTAPI function NOT instrumented (not matched by --itt-config option): __itt_model_observe_uses

374851 : 0x1bfcbe6ff6110 : 2 : ittapi_config_apply_per_lib :  ITTAPI function NOT instrumented (not matched by --itt-config option): __itt_model_clear_uses

374851 : 0x1bfcbe6ff71ca : 2 : ittapi_config_apply_per_lib :  ITTAPI function NOT instrumented (not matched by --itt-config option): __itt_model_site_beginA

374851 : 0x1bfcbe6ff8286 : 2 : ittapi_config_apply_per_lib :  ITTAPI function NOT instrumented (not matched by --itt-config option): __itt_model_site_beginAL

374851 : 0x1bfcbe6ff92fa : 2 : ittapi_config_apply_per_lib :  ITTAPI function NOT instrumented (not matched by --itt-config option): __itt_model_task_beginA

374851 : 0x1bfcbe6ffa380 : 2 : ittapi_config_apply_per_lib :  ITTAPI function NOT instrumented (not matched by --itt-config option): __itt_model_task_beginAL

374851 : 0x1bfcbe6ffb419 : 2 : ittapi_config_apply_per_lib :  ITTAPI function NOT instrumented (not matched by --itt-config option): __itt_model_iteration_taskA

374851 : 0x1bfcbe6ffc447 : 2 : ittapi_config_apply_per_lib :  ITTAPI function NOT instrumented (not matched by --itt-config option): __itt_model_iteration_taskAL

374851 : 0x1bfcbe6ffd450 : 2 : ittapi_config_apply_per_lib :  ITTAPI function NOT instrumented (not matched by --itt-config option): __itt_model_site_end_2

374851 : 0x1bfcbe70041f1 : 2 : ittapi_config_apply_per_lib :  ITTAPI function NOT instrumented (not matched by --itt-config option): __itt_model_task_end_2

374851 : 0x1bfcbe7005346 : 2 : ittapi_config_apply_per_lib :  ITTAPI function NOT instrumented (not matched by --itt-config option): __itt_model_lock_acquire_2

374851 : 0x1bfcbe7006449 : 2 : ittapi_config_apply_per_lib :  ITTAPI function NOT instrumented (not matched by --itt-config option): __itt_model_lock_release_2

374851 : 0x1bfcbe70074e1 : 2 : ittapi_config_apply_per_lib :  ITTAPI function NOT instrumented (not matched by --itt-config option): __itt_model_aggregate_task

374851 : 0x1bfcbe700858d : 2 : ittapi_config_apply_per_lib :  ITTAPI function NOT instrumented (not matched by --itt-config option): __itt_model_disable_push

374851 : 0x1bfcbe70095d4 : 2 : ittapi_config_apply_per_lib :  ITTAPI function NOT instrumented (not matched by --itt-config option): __itt_model_disable_pop

374851 : 0x1bfcbe700ab23 : 2 : ittapi_config_apply_per_lib :  ITTAPI function instrumented: __itt_heap_function_create
374851 : 0x1bfcbe700bf3c : 2 : ittapi_config_apply_per_lib :  ITTAPI function instrumented: __itt_heap_allocate_begin
374851 : 0x1bfcbe700d232 : 2 : ittapi_config_apply_per_lib :  ITTAPI function instrumented: __itt_heap_allocate_end
374851 : 0x1bfcbe700e56b : 2 : ittapi_config_apply_per_lib :  ITTAPI function instrumented: __itt_heap_free_begin
374851 : 0x1bfcbe70153fa : 2 : ittapi_config_apply_per_lib :  ITTAPI function instrumented: __itt_heap_free_end
374851 : 0x1bfcbe7018f89 : 2 : ittapi_config_apply_per_lib :  ITTAPI function instrumented: __itt_heap_reallocate_begin
374851 : 0x1bfcbe701a1d6 : 2 : ittapi_config_apply_per_lib :  ITTAPI function instrumented: __itt_heap_reallocate_end
374851 : 0x1bfcbe701b91d : 2 : ittapi_config_apply_per_lib :  ITTAPI function not implemented: __itt_heap_internal_access_begin
374851 : 0x1bfcbe701ce0f : 2 : ittapi_config_apply_per_lib :  ITTAPI function not implemented: __itt_heap_internal_access_end
374851 : 0x1bfcbe701e2b3 : 2 : ittapi_config_apply_per_lib :  ITTAPI function not implemented: __itt_heap_record_memory_growth_begin
374851 : 0x1bfcbe701f818 : 2 : ittapi_config_apply_per_lib :  ITTAPI function not implemented: __itt_heap_record_memory_growth_end
374851 : 0x1bfcbe7020d2c : 2 : ittapi_config_apply_per_lib :  ITTAPI function not implemented: __itt_heap_reset_detection
374851 : 0x1bfcbe70222b6 : 2 : ittapi_config_apply_per_lib :  ITTAPI function not implemented: __itt_heap_record
374851 : 0x1bfcbe702375c : 2 : ittapi_config_apply_per_lib :  ITTAPI function not implemented: __itt_id_create
374851 : 0x1bfcbe702d94b : 2 : ittapi_config_apply_per_lib :  ITTAPI function not implemented: __itt_id_destroy
374851 : 0x1bfcbe702ef21 : 2 : ittapi_config_apply_per_lib :  ITTAPI function instrumented: __itt_get_timestamp
374851 : 0x1bfcbe70303a1 : 2 : ittapi_config_apply_per_lib :  ITTAPI function not implemented: __itt_region_begin
374851 : 0x1bfcbe70317d2 : 2 : ittapi_config_apply_per_lib :  ITTAPI function not implemented: __itt_region_end
374851 : 0x1bfcbe7032bd4 : 2 : ittapi_config_apply_per_lib :  ITTAPI function instrumented: __itt_frame_begin_v3
374851 : 0x1bfcbe703403e : 2 : ittapi_config_apply_per_lib :  ITTAPI function instrumented: __itt_frame_end_v3
374851 : 0x1bfcbe7035430 : 2 : ittapi_config_apply_per_lib :  ITTAPI function instrumented: __itt_frame_submit_v3
374851 : 0x1bfcbe70368f6 : 2 : ittapi_config_apply_per_lib :  ITTAPI function not implemented: __itt_task_group
374851 : 0x1bfcbe7037cfe : 2 : ittapi_config_apply_per_lib :  ITTAPI function instrumented: __itt_task_begin
374851 : 0x1bfcbe7039078 : 2 : ittapi_config_apply_per_lib :  ITTAPI function instrumented: __itt_task_begin_fn
374851 : 0x1bfcbe704041f : 2 : ittapi_config_apply_per_lib :  ITTAPI function instrumented: __itt_task_end
374851 : 0x1bfcbe70419c8 : 2 : ittapi_config_apply_per_lib :  ITTAPI function not implemented: __itt_counter_inc_v3
374851 : 0x1bfcbe7043082 : 2 : ittapi_config_apply_per_lib :  ITTAPI function not implemented: __itt_counter_inc_delta_v3
374851 : 0x1bfcbe7044536 : 2 : ittapi_config_apply_per_lib :  ITTAPI function not implemented: __itt_counter_dec_v3
374851 : 0x1bfcbe70459a9 : 2 : ittapi_config_apply_per_lib :  ITTAPI function not implemented: __itt_counter_dec_delta_v3
374851 : 0x1bfcbe7046e67 : 2 : ittapi_config_apply_per_lib :  ITTAPI function not implemented: __itt_marker
374851 : 0x1bfcbe704818a : 2 : ittapi_config_apply_per_lib :  ITTAPI function instrumented: __itt_metadata_add
374851 : 0x1bfcbe7049719 : 2 : ittapi_config_apply_per_lib :  ITTAPI function not implemented: __itt_metadata_str_add
374851 : 0x1bfcbe704ab30 : 2 : ittapi_config_apply_per_lib :  ITTAPI function not implemented: __itt_relation_add_to_current
374851 : 0x1bfcbe704bf69 : 2 : ittapi_config_apply_per_lib :  ITTAPI function not implemented: __itt_relation_add
374851 : 0x1bfcbe7052ede : 2 : ittapi_config_apply_per_lib :  ITTAPI function instrumented: __itt_event_create
374851 : 0x1bfcbe7054406 : 2 : ittapi_config_apply_per_lib :  ITTAPI function instrumented: __itt_event_start
374851 : 0x1bfcbe70557bc : 2 : ittapi_config_apply_per_lib :  ITTAPI function instrumented: __itt_event_end
374851 : 0x1bfcbe7056887 : 2 : ittapi_config_apply_per_lib :  ITTAPI function NOT instrumented (not matched by --itt-config option): __itt_sync_set_name

374851 : 0x1bfcbe7057ab6 : 2 : ittapi_config_apply_per_lib :  ITTAPI function NOT instrumented (not matched by --itt-config option): __itt_notify_sync_name

374851 : 0x1bfcbe7058b9a : 2 : ittapi_config_apply_per_lib :  ITTAPI function NOT instrumented (not matched by --itt-config option): __itt_notify_sync_prepare

374851 : 0x1bfcbe7059d56 : 2 : ittapi_config_apply_per_lib :  ITTAPI function NOT instrumented (not matched by --itt-config option): __itt_notify_sync_cancel

374851 : 0x1bfcbe705ad99 : 2 : ittapi_config_apply_per_lib :  ITTAPI function NOT instrumented (not matched by --itt-config option): __itt_notify_sync_acquired

374851 : 0x1bfcbe705be21 : 2 : ittapi_config_apply_per_lib :  ITTAPI function NOT instrumented (not matched by --itt-config option): __itt_notify_sync_releasing

374851 : 0x1bfcbe705d2b5 : 2 : ittapi_config_apply_per_lib :  ITTAPI function not implemented: __itt_memory_read
374851 : 0x1bfcbe7066058 : 2 : ittapi_config_apply_per_lib :  ITTAPI function not implemented: __itt_memory_write
374851 : 0x1bfcbe7067717 : 2 : ittapi_config_apply_per_lib :  ITTAPI function not implemented: __itt_memory_update
374851 : 0x1bfcbe7068c64 : 2 : ittapi_config_apply_per_lib :  ITTAPI function not implemented: __itt_state_get
374851 : 0x1bfcbe706a09d : 2 : ittapi_config_apply_per_lib :  ITTAPI function not implemented: __itt_state_set
374851 : 0x1bfcbe706b54d : 2 : ittapi_config_apply_per_lib :  ITTAPI function not implemented: __itt_obj_mode_set
374851 : 0x1bfcbe706ca15 : 2 : ittapi_config_apply_per_lib :  ITTAPI function not implemented: __itt_thr_mode_set
374851 : 0x1bfcbe706dd2e : 2 : ittapi_config_apply_per_lib :  ITTAPI function instrumented: __itt_frame_create
374851 : 0x1bfcbe706f006 : 2 : ittapi_config_apply_per_lib :  ITTAPI function instrumented: __itt_pt_region_create
374851 : 0x1bfcbe70703d0 : 2 : ittapi_config_apply_per_lib :  ITTAPI function instrumented: __itt_frame_begin
374851 : 0x1bfcbe7071721 : 2 : ittapi_config_apply_per_lib :  ITTAPI function instrumented: __itt_frame_end
374851 : 0x1bfcbe707b2a7 : 2 : ittapi_config_apply_per_lib :  ITTAPI function not implemented: __itt_counter_destroy
374851 : 0x1bfcbe707e95c : 2 : ittapi_config_apply_per_lib :  ITTAPI function instrumented: __itt_counter_inc
374851 : 0x1bfcbe707fd12 : 2 : ittapi_config_apply_per_lib :  ITTAPI function instrumented: __itt_counter_inc_delta
374851 : 0x1bfcbe7081031 : 2 : ittapi_config_apply_per_lib :  ITTAPI function instrumented: __itt_counter_dec
374851 : 0x1bfcbe7082413 : 2 : ittapi_config_apply_per_lib :  ITTAPI function instrumented: __itt_counter_dec_delta
374851 : 0x1bfcbe7083768 : 2 : ittapi_config_apply_per_lib :  ITTAPI function instrumented: __itt_counter_set_value
374851 : 0x1bfcbe7084c2e : 2 : ittapi_config_apply_per_lib :  ITTAPI function not implemented: __itt_counter_set_value_ex
374851 : 0x1bfcbe7085ffc : 2 : ittapi_config_apply_per_lib :  ITTAPI function not implemented: __itt_mark_create
374851 : 0x1bfcbe70874e7 : 2 : ittapi_config_apply_per_lib :  ITTAPI function not implemented: __itt_mark
374851 : 0x1bfcbe7088992 : 2 : ittapi_config_apply_per_lib :  ITTAPI function not implemented: __itt_mark_off
374851 : 0x1bfcbe708ffca : 2 : ittapi_config_apply_per_lib :  ITTAPI function not implemented: __itt_mark_global
374851 : 0x1bfcbe7091596 : 2 : ittapi_config_apply_per_lib :  ITTAPI function not implemented: __itt_mark_global_off
374851 : 0x1bfcbe709279d : 2 : ittapi_config_apply_per_lib :  ITTAPI function NOT instrumented (not matched by --itt-config option): __itt_stack_caller_create

374851 : 0x1bfcbe7093967 : 2 : ittapi_config_apply_per_lib :  ITTAPI function NOT instrumented (not matched by --itt-config option): __itt_stack_caller_destroy

374851 : 0x1bfcbe7094a82 : 2 : ittapi_config_apply_per_lib :  ITTAPI function NOT instrumented (not matched by --itt-config option): __itt_stack_callee_enter

374851 : 0x1bfcbe7095ae1 : 2 : ittapi_config_apply_per_lib :  ITTAPI function NOT instrumented (not matched by --itt-config option): __itt_stack_callee_leave

374851 : 0x1bfcbe7096f61 : 2 : ittapi_config_apply_per_lib :  ITTAPI function not implemented: __itt_clock_domain_create
374851 : 0x1bfcbe7098447 : 2 : ittapi_config_apply_per_lib :  ITTAPI function not implemented: __itt_clock_domain_reset
374851 : 0x1bfcbe709986a : 2 : ittapi_config_apply_per_lib :  ITTAPI function not implemented: __itt_id_create_ex
374851 : 0x1bfcbe709ad11 : 2 : ittapi_config_apply_per_lib :  ITTAPI function not implemented: __itt_id_destroy_ex
374851 : 0x1bfcbe70a1e51 : 2 : ittapi_config_apply_per_lib :  ITTAPI function not implemented: __itt_task_begin_ex
374851 : 0x1bfcbe70a34c1 : 2 : ittapi_config_apply_per_lib :  ITTAPI function not implemented: __itt_task_begin_fn_ex
374851 : 0x1bfcbe70a4924 : 2 : ittapi_config_apply_per_lib :  ITTAPI function not implemented: __itt_task_end_ex
374851 : 0x1bfcbe70a5d20 : 2 : ittapi_config_apply_per_lib :  ITTAPI function instrumented: __itt_task_begin_overlapped
374851 : 0x1bfcbe70a71fb : 2 : ittapi_config_apply_per_lib :  ITTAPI function not implemented: __itt_task_begin_overlapped_ex
374851 : 0x1bfcbe70a8588 : 2 : ittapi_config_apply_per_lib :  ITTAPI function instrumented: __itt_task_end_overlapped
374851 : 0x1bfcbe70a9a0a : 2 : ittapi_config_apply_per_lib :  ITTAPI function not implemented: __itt_task_end_overlapped_ex
374851 : 0x1bfcbe70aae16 : 2 : ittapi_config_apply_per_lib :  ITTAPI function not implemented: __itt_marker_ex
374851 : 0x1bfcbe70ac30b : 2 : ittapi_config_apply_per_lib :  ITTAPI function not implemented: __itt_metadata_add_with_scope
374851 : 0x1bfcbe70ad939 : 2 : ittapi_config_apply_per_lib :  ITTAPI function not implemented: __itt_metadata_str_add_with_scope
374851 : 0x1bfcbe70b6fff : 2 : ittapi_config_apply_per_lib :  ITTAPI function not implemented: __itt_relation_add_to_current_ex
374851 : 0x1bfcbe70b86f6 : 2 : ittapi_config_apply_per_lib :  ITTAPI function not implemented: __itt_relation_add_ex
374851 : 0x1bfcbe70b9c49 : 2 : ittapi_config_apply_per_lib :  ITTAPI function not implemented: __itt_track_group_create
374851 : 0x1bfcbe70baf78 : 2 : ittapi_config_apply_per_lib :  ITTAPI function not implemented: __itt_track_create
374851 : 0x1bfcbe70bc472 : 2 : ittapi_config_apply_per_lib :  ITTAPI function not implemented: __itt_set_track
374851 : 0x1bfcbe70bd8bf : 2 : ittapi_config_apply_per_lib :  ITTAPI function instrumented: __itt_api_version
374851 : 0x1bfcbe70bed91 : 2 : ittapi_config_apply_per_lib :  ITTAPI function not implemented: __itt_av_save
374851 : 0x1bfcbe70c0141 : 2 : ittapi_config_apply_per_lib :  ITTAPI function instrumented: __itt_module_load
374851 : 0x1bfcbe70c15c5 : 2 : ittapi_config_apply_per_lib :  ITTAPI function not implemented: __itt_module_unload