
284328 : 0x120171f3f776c : 1 : spill_jit_data :  Jit agent is not initialized
284305 : 0x120171f41a074 : 2 : ittapi_config_mask_get :  --itt-config mask to be applied: 55
284305 : 0x120171f42450b : 2 : ittapi_config_apply_per_lib :  ITTAPI function instrumented: __itt_domain_create
284305 : 0x120171f42682d : 2 : ittapi_config_apply_per_lib :  ITTAPI function instrumented: __itt_module_load_with_sections
284305 : 0x120171f430506 : 2 : ittapi_config_apply_per_lib :  ITTAPI function not implemented: __itt_module_unload_with_sections
284305 : 0x120171f43e9a7 : 2 : ittapi_config_apply_per_lib :  ITTAPI function instrumented: __itt_string_handle_create
284305 : 0x120171f440305 : 2 : ittapi_config_apply_per_lib :  ITTAPI function instrumented: __itt_counter_create
284305 : 0x120171f441a28 : 2 : ittapi_config_apply_per_lib :  ITTAPI function instrumented: __itt_counter_create_typed
284305 : 0x120171f44382e : 2 : ittapi_config_apply_per_lib :  ITTAPI function instrumented: __itt_pause
284305 : 0x120171f44509f : 2 : ittapi_config_apply_per_lib :  ITTAPI function instrumented: __itt_resume
284305 : 0x120171f457f67 : 2 : ittapi_config_apply_per_lib :  ITTAPI function instrumented: __itt_thread_set_name
284305 : 0x120171f459c94 : 2 : ittapi_config_apply_per_lib :  ITTAPI function instrumented: __itt_thread_ignore
284305 : 0x120171f45b6c2 : 2 : ittapi_config_apply_per_lib :  ITTAPI function instrumented: __itt_thr_name_set
284305 : 0x120171f45d186 : 2 : ittapi_config_apply_per_lib :  ITTAPI function instrumented: __itt_thr_ignore
284305 : 0x120171f45e7d9 : 2 : ittapi_config_apply_per_lib :  ITTAPI function instrumented: __itt_histogram_create
284305 : 0x120171f46078a : 2 : ittapi_config_apply_per_lib :  ITTAPI function not implemented: __itt_enable_attach
284305 : 0x120171f461fa6 : 2 : ittapi_config_apply_per_lib :  ITTAPI function instrumented: __itt_detach
284305 : 0x120171f46327a : 2 : ittapi_config_apply_per_lib :  ITTAPI function NOT instrumented (not matched by --itt-config option): __itt_sync_create

284305 : 0x120171f464720 : 2 : ittapi_config_apply_per_lib :  ITTAPI function NOT instrumented (not matched by --itt-config option): __itt_sync_rename

284305 : 0x120171f465910 : 2 : ittapi_config_apply_per_lib :  ITTAPI function NOT instrumented (not matched by --itt-config option): __itt_sync_destroy

284305 : 0x120171f4787c9 : 2 : ittapi_config_apply_per_lib :  ITTAPI function NOT instrumented (not matched by --itt-config option): __itt_sync_prepare

284305 : 0x120171f48398f : 2 : ittapi_config_apply_per_lib :  ITTAPI function NOT instrumented (not matched by --itt-config option): __itt_sync_cancel

284305 : 0x120171f484ae7 : 2 : ittapi_config_apply_per_lib :  ITTAPI function NOT instrumented (not matched by --itt-config option): __itt_sync_acquired

284305 : 0x120171f485ba3 : 2 : ittapi_config_apply_per_lib :  ITTAPI function NOT instrumented (not matched by --itt-config option): __itt_sync_releasing

284305 : 0x120171f48778d : 2 : ittapi_config_apply_per_lib :  ITTAPI function not implemented: __itt_suppress_push
284305 : 0x120171f4892fd : 2 : ittapi_config_apply_per_lib :  ITTAPI function not implemented: __itt_suppress_pop
284305 : 0x120171f48aafc : 2 : ittapi_config_apply_per_lib :  ITTAPI function not implemented: __itt_suppress_mark_range
284305 : 0x120171f48c3d3 : 2 : ittapi_config_apply_per_lib :  ITTAPI function not implemented: __itt_suppress_clear_range
284305 : 0x120171f48d53b : 2 : ittapi_config_apply_per_lib :  ITTAPI function NOT instrumented (not matched by --itt-config option): __itt_sync_prepare

284305 : 0x120171f48e621 : 2 : ittapi_config_apply_per_lib :  ITTAPI function NOT instrumented (not matched by --itt-config option): __itt_sync_cancel

284305 : 0x120171f495bb0 : 2 : ittapi_config_apply_per_lib :  ITTAPI function NOT instrumented (not matched by --itt-config option): __itt_sync_acquired

284305 : 0x120171f496f0f : 2 : ittapi_config_apply_per_lib :  ITTAPI function NOT instrumented (not matched by --itt-config option): __itt_sync_releasing

284305 : 0x120171f4980e1 : 2 : ittapi_config_apply_per_lib :  ITTAPI function NOT instrumented (not matched by --itt-config option): __itt_model_site_begin

284305 : 0x120171f499214 : 2 : ittapi_config_apply_per_lib :  ITTAPI function NOT instrumented (not matched by --itt-config option): __itt_model_site_end

284305 : 0x120171f49a34a : 2 : ittapi_config_apply_per_lib :  ITTAPI function NOT instrumented (not matched by --itt-config option): __itt_model_task_begin

284305 : 0x120171f49b3dd : 2 : ittapi_config_apply_per_lib :  ITTAPI function NOT instrumented (not matched by --itt-config option): __itt_model_task_end

284305 : 0x120171f49c4ba : 2 : ittapi_config_apply_per_lib :  ITTAPI function NOT instrumented (not matched by --itt-config option): __itt_model_lock_acquire

284305 : 0x120171f49d68e : 2 : ittapi_config_apply_per_lib :  ITTAPI function NOT instrumented (not matched by --itt-config option): __itt_model_lock_release

284305 : 0x120171f49e72e : 2 : ittapi_config_apply_per_lib :  ITTAPI function NOT instrumented (not matched by --itt-config option): __itt_model_record_allocation

284305 : 0x120171f49f75b : 2 : ittapi_config_apply_per_lib :  ITTAPI function NOT instrumented (not matched by --itt-config option): __itt_model_record_deallocation

284305 : 0x120171f4aa138 : 2 : ittapi_config_apply_per_lib :  ITTAPI function NOT instrumented (not matched by --itt-config option): __itt_model_induction_uses

284305 : 0x120171f4ab63b : 2 : ittapi_config_apply_per_lib :  ITTAPI function NOT instrumented (not matched by --itt-config option): __itt_model_reduction_uses

284305 : 0x120171f4ac766 : 2 : ittapi_config_apply_per_lib :  ITTAPI function NOT instrumented (not matched by --itt-config option): __itt_model_observe_uses

284305 : 0x120171f4ad8c1 : 2 : ittapi_config_apply_per_lib :  ITTAPI function NOT instrumented (not matched by --itt-config option): __itt_model_clear_uses

284305 : 0x120171f4ae988 : 2 : ittapi_config_apply_per_lib :  ITTAPI function NOT instrumented (not matched by --itt-config option): __itt_model_site_beginA

284305 : 0x120171f4afa66 : 2 : ittapi_config_apply_per_lib :  ITTAPI function NOT instrumented (not matched by --itt-config option): __itt_model_site_beginAL

284305 : 0x120171f4b0ae2 : 2 : ittapi_config_apply_per_lib :  ITTAPI function NOT instrumented (not matched by --itt-config option): __itt_model_task_beginA

284305 : 0x120171f4b1bde : 2 : ittapi_config_apply_per_lib :  ITTAPI function NOT instrumented (not matched by --itt-config option): __itt_model_task_beginAL

284305 : 0x120171f4b2cb9 : 2 : ittapi_config_apply_per_lib :  ITTAPI function NOT instrumented (not matched by --itt-config option): __itt_model_iteration_taskA

284305 : 0x120171f4b3d2f : 2 : ittapi_config_apply_per_lib :  ITTAPI function NOT instrumented (not matched by --itt-config option): __itt_model_iteration_taskAL

284305 : 0x120171f4bb19d : 2 : ittapi_config_apply_per_lib :  ITTAPI function NOT instrumented (not matched by --itt-config option): __itt_model_site_end_2

284305 : 0x120171f4bc499 : 2 : ittapi_config_apply_per_lib :  ITTAPI function NOT instrumented (not matched by --itt-config option): __itt_model_task_end_2

284305 : 0x120171f4bd553 : 2 : ittapi_config_apply_per_lib :  ITTAPI function NOT instrumented (not matched by --itt-config option): __itt_model_lock_acquire_2

284305 : 0x120171f4be60c : 2 : ittapi_config_apply_per_lib :  ITTAPI function NOT instrumented (not matched by --itt-config option): __itt_model_lock_release_2

284305 : 0x120171f4bf6c4 : 2 : ittapi_config_apply_per_lib :  ITTAPI function NOT instrumented (not matched by --itt-config option): __itt_model_aggregate_task

284305 : 0x120171f4c0796 : 2 : ittapi_config_apply_per_lib :  ITTAPI function NOT instrumented (not matched by --itt-config option): __itt_model_disable_push

284305 : 0x120171f4c17f4 : 2 : ittapi_config_apply_per_lib :  ITTAPI function NOT instrumented (not matched by --itt-config option): __itt_model_disable_pop

284305 : 0x120171f4c3152 : 2 : ittapi_config_apply_per_lib :  ITTAPI function instrumented: __itt_heap_function_create
284305 : 0x120171f4c4938 : 2 : ittapi_config_apply_per_lib :  ITTAPI function instrumented: __itt_heap_allocate_begin
284305 : 0x120171f4c5eae : 2 : ittapi_config_apply_per_lib :  ITTAPI function instrumented: __itt_heap_allocate_end
284305 : 0x120171f4cff3d : 2 : ittapi_config_apply_per_lib :  ITTAPI function instrumented: __itt_heap_free_begin
284305 : 0x120171f4d181f : 2 : ittapi_config_apply_per_lib :  ITTAPI function instrumented: __itt_heap_free_end
284305 : 0x120171f4d2e3b : 2 : ittapi_config_apply_per_lib :  ITTAPI function instrumented: __itt_heap_reallocate_begin
284305 : 0x120171f4d43a0 : 2 : ittapi_config_apply_per_lib :  ITTAPI function instrumented: __itt_heap_reallocate_end
284305 : 0x120171f4d5ecd : 2 : ittapi_config_apply_per_lib :  ITTAPI function not implemented: __itt_heap_internal_access_begin
284305 : 0x120171f4d7668 : 2 : ittapi_config_apply_per_lib :  ITTAPI function not implemented: __itt_heap_internal_access_end
284305 : 0x120171f4d8dd5 : 2 : ittapi_config_apply_per_lib :  ITTAPI function not implemented: __itt_heap_record_memory_growth_begin
284305 : 0x120171f4da5af : 2 : ittapi_config_apply_per_lib :  ITTAPI function not implemented: __itt_heap_record_memory_growth_end
284305 : 0x120171f4dbe91 : 2 : ittapi_config_apply_per_lib :  ITTAPI function not implemented: __itt_heap_reset_detection
284305 : 0x120171f4dd693 : 2 : ittapi_config_apply_per_lib :  ITTAPI function not implemented: __itt_heap_record
284305 : 0x120171f4e572b : 2 : ittapi_config_apply_per_lib :  ITTAPI function not implemented: __itt_id_create
284305 : 0x120171f4e708e : 2 : ittapi_config_apply_per_lib :  ITTAPI function not implemented: __itt_id_destroy
284305 : 0x120171f4e8623 : 2 : ittapi_config_apply_per_lib :  ITTAPI function instrumented: __itt_get_timestamp
284305 : 0x120171f4e9d0d : 2 : ittapi_config_apply_per_lib :  ITTAPI function not implemented: __itt_region_begin
284305 : 0x120171f4eb37b : 2 : ittapi_config_apply_per_lib :  ITTAPI function not implemented: __itt_region_end
284305 : 0x120171f4ec99b : 2 : ittapi_config_apply_per_lib :  ITTAPI function instrumented: __itt_frame_begin_v3
284305 : 0x120171f4ee020 : 2 : ittapi_config_apply_per_lib :  ITTAPI function instrumented: __itt_frame_end_v3
284305 : 0x120171f4ef6e4 : 2 : ittapi_config_apply_per_lib :  ITTAPI function instrumented: __itt_frame_submit_v3
284305 : 0x120171f4f0f78 : 2 : ittapi_config_apply_per_lib :  ITTAPI function not implemented: __itt_task_group
284305 : 0x120171f4ffd13 : 2 : ittapi_config_apply_per_lib :  ITTAPI function instrumented: __itt_task_begin
284305 : 0x120171f51a6ce : 2 : ittapi_config_apply_per_lib :  ITTAPI function instrumented: __itt_task_begin_fn
284305 : 0x120171f51bf94 : 2 : ittapi_config_apply_per_lib :  ITTAPI function instrumented: __itt_task_end
284305 : 0x120171f51d780 : 2 : ittapi_config_apply_per_lib :  ITTAPI function not implemented: __itt_counter_inc_v3
284305 : 0x120171f51efad : 2 : ittapi_config_apply_per_lib :  ITTAPI function not implemented: __itt_counter_inc_delta_v3
284305 : 0x120171f52ceaa : 2 : ittapi_config_apply_per_lib :  ITTAPI function not implemented: __itt_counter_dec_v3
284305 : 0x120171f52e5b8 : 2 : ittapi_config_apply_per_lib :  ITTAPI function not implemented: __itt_counter_dec_delta_v3
284305 : 0x120171f52fec0 : 2 : ittapi_config_apply_per_lib :  ITTAPI function not implemented: __itt_marker
284305 : 0x120171f531488 : 2 : ittapi_config_apply_per_lib :  ITTAPI function instrumented: __itt_metadata_add
284305 : 0x120171f532d66 : 2 : ittapi_config_apply_per_lib :  ITTAPI function not implemented: __itt_metadata_str_add
284305 : 0x120171f534363 : 2 : ittapi_config_apply_per_lib :  ITTAPI function not implemented: __itt_relation_add_to_current
284305 : 0x120171f53be3b : 2 : ittapi_config_apply_per_lib :  ITTAPI function not implemented: __itt_relation_add
284305 : 0x120171f53dafe : 2 : ittapi_config_apply_per_lib :  ITTAPI function instrumented: __itt_event_create
284305 : 0x120171f53f0c8 : 2 : ittapi_config_apply_per_lib :  ITTAPI function instrumented: __itt_event_start
284305 : 0x120171f5406db : 2 : ittapi_config_apply_per_lib :  ITTAPI function instrumented: __itt_event_end
284305 : 0x120171f541820 : 2 : ittapi_config_apply_per_lib :  ITTAPI function NOT instrumented (not matched by --itt-config option): __itt_sync_set_name

284305 : 0x120171f542be2 : 2 : ittapi_config_apply_per_lib :  ITTAPI function NOT instrumented (not matched by --itt-config option): __itt_notify_sync_name

284305 : 0x120171f543d9e : 2 : ittapi_config_apply_per_lib :  ITTAPI function NOT instrumented (not matched by --itt-config option): __itt_notify_sync_prepare

284305 : 0x120171f544ebf : 2 : ittapi_config_apply_per_lib :  ITTAPI function NOT instrumented (not matched by --itt-config option): __itt_notify_sync_cancel

284305 : 0x120171f545f7f : 2 : ittapi_config_apply_per_lib :  ITTAPI function NOT instrumented (not matched by --itt-config option): __itt_notify_sync_acquired

284305 : 0x120171f547034 : 2 : ittapi_config_apply_per_lib :  ITTAPI function NOT instrumented (not matched by --itt-config option): __itt_notify_sync_releasing

284305 : 0x120171f551625 : 2 : ittapi_config_apply_per_lib :  ITTAPI function not implemented: __itt_memory_read
284305 : 0x120171f56062b : 2 : ittapi_config_apply_per_lib :  ITTAPI function not implemented: __itt_memory_write
284305 : 0x120171f561d2f : 2 : ittapi_config_apply_per_lib :  ITTAPI function not implemented: __itt_memory_update
284305 : 0x120171f563570 : 2 : ittapi_config_apply_per_lib :  ITTAPI function not implemented: __itt_state_get
284305 : 0x120171f564f48 : 2 : ittapi_config_apply_per_lib :  ITTAPI function not implemented: __itt_state_set
284305 : 0x120171f573638 : 2 : ittapi_config_apply_per_lib :  ITTAPI function not implemented: __itt_obj_mode_set
284305 : 0x120171f574ff0 : 2 : ittapi_config_apply_per_lib :  ITTAPI function not implemented: __itt_thr_mode_set
284305 : 0x120171f5769d4 : 2 : ittapi_config_apply_per_lib :  ITTAPI function instrumented: __itt_frame_create
284305 : 0x120171f578097 : 2 : ittapi_config_apply_per_lib :  ITTAPI function instrumented: __itt_pt_region_create
284305 : 0x120171f5797e0 : 2 : ittapi_config_apply_per_lib :  ITTAPI function instrumented: __itt_frame_begin
284305 : 0x120171f58e76c : 2 : ittapi_config_apply_per_lib :  ITTAPI function instrumented: __itt_frame_end
284305 : 0x120171f5903fd : 2 : ittapi_config_apply_per_lib :  ITTAPI function not implemented: __itt_counter_destroy
284305 : 0x120171f591b34 : 2 : ittapi_config_apply_per_lib :  ITTAPI function instrumented: __itt_counter_inc
284305 : 0x120171f593397 : 2 : ittapi_config_apply_per_lib :  ITTAPI function instrumented: __itt_counter_inc_delta
284305 : 0x120171f594a1a : 2 : ittapi_config_apply_per_lib :  ITTAPI function instrumented: __itt_counter_dec
284305 : 0x120171f59614d : 2 : ittapi_config_apply_per_lib :  ITTAPI function instrumented: __itt_counter_dec_delta
284305 : 0x120171f5979e0 : 2 : ittapi_config_apply_per_lib :  ITTAPI function instrumented: __itt_counter_set_value
284305 : 0x120171f599269 : 2 : ittapi_config_apply_per_lib :  ITTAPI function not implemented: __itt_counter_set_value_ex
284305 : 0x120171f59aace : 2 : ittapi_config_apply_per_lib :  ITTAPI function not implemented: __itt_mark_create
284305 : 0x120171f59c445 : 2 : ittapi_config_apply_per_lib :  ITTAPI function not implemented: __itt_mark
284305 : 0x120171f5a5026 : 2 : ittapi_config_apply_per_lib :  ITTAPI function not implemented: __itt_mark_off
284305 : 0x120171f5a6a08 : 2 : ittapi_config_apply_per_lib :  ITTAPI function not implemented: __itt_mark_global
284305 : 0x120171f5a8189 : 2 : ittapi_config_apply_per_lib :  ITTAPI function not implemented: __itt_mark_global_off
284305 : 0x120171f5a9a7d : 2 : ittapi_config_apply_per_lib :  ITTAPI function instrumented: __itt_stack_caller_create
284305 : 0x120171f5ab259 : 2 : ittapi_config_apply_per_lib :  ITTAPI function instrumented: __itt_stack_caller_destroy
284305 : 0x120171f5acbac : 2 : ittapi_config_apply_per_lib :  ITTAPI function instrumented: __itt_stack_callee_enter
284305 : 0x120171f5ae276 : 2 : ittapi_config_apply_per_lib :  ITTAPI function instrumented: __itt_stack_callee_leave
284305 : 0x120171f5afc11 : 2 : ittapi_config_apply_per_lib :  ITTAPI function not implemented: __itt_clock_domain_create
284305 : 0x120171f5b1444 : 2 : ittapi_config_apply_per_lib :  ITTAPI function not implemented: __itt_clock_domain_reset
284305 : 0x120171f5b2d10 : 2 : ittapi_config_apply_per_lib :  ITTAPI function not implemented: __itt_id_create_ex
284305 : 0x120171f5c1495 : 2 : ittapi_config_apply_per_lib :  ITTAPI function not implemented: __itt_id_destroy_ex
284305 : 0x120171f5c3291 : 2 : ittapi_config_apply_per_lib :  ITTAPI function not implemented: __itt_task_begin_ex
284305 : 0x120171f5c4c8d : 2 : ittapi_config_apply_per_lib :  ITTAPI function not implemented: __itt_task_begin_fn_ex
284305 : 0x120171f5c66a7 : 2 : ittapi_config_apply_per_lib :  ITTAPI function not implemented: __itt_task_end_ex
284305 : 0x120171f5c7e0c : 2 : ittapi_config_apply_per_lib :  ITTAPI function instrumented: __itt_task_begin_overlapped
284305 : 0x120171f5c985b : 2 : ittapi_config_apply_per_lib :  ITTAPI function not implemented: __itt_task_begin_overlapped_ex
284305 : 0x120171f5caff4 : 2 : ittapi_config_apply_per_lib :  ITTAPI function instrumented: __itt_task_end_overlapped
284305 : 0x120171f5cc8a6 : 2 : ittapi_config_apply_per_lib :  ITTAPI function not implemented: __itt_task_end_overlapped_ex
284305 : 0x120171f5ce25b : 2 : ittapi_config_apply_per_lib :  ITTAPI function not implemented: __itt_marker_ex
284305 : 0x120171f5cfbec : 2 : ittapi_config_apply_per_lib :  ITTAPI function not implemented: __itt_metadata_add_with_scope
284305 : 0x120171f5e60e8 : 2 : ittapi_config_apply_per_lib :  ITTAPI function not implemented: __itt_metadata_str_add_with_scope
284305 : 0x120171f5e7f14 : 2 : ittapi_config_apply_per_lib :  ITTAPI function not implemented: __itt_relation_add_to_current_ex
284305 : 0x120171f5e9691 : 2 : ittapi_config_apply_per_lib :  ITTAPI function not implemented: __itt_relation_add_ex
284305 : 0x120171f5eb056 : 2 : ittapi_config_apply_per_lib :  ITTAPI function not implemented: __itt_track_group_create
284305 : 0x120171f5ec9ec : 2 : ittapi_config_apply_per_lib :  ITTAPI function not implemented: __itt_track_create
284305 : 0x120171f5ee273 : 2 : ittapi_config_apply_per_lib :  ITTAPI function not implemented: __itt_set_track
284305 : 0x120171f5efe2e : 2 : ittapi_config_apply_per_lib :  ITTAPI function instrumented: __itt_api_version
284305 : 0x120171f5f16c6 : 2 : ittapi_config_apply_per_lib :  ITTAPI function not implemented: __itt_av_save
284305 : 0x120171f5f2f63 : 2 : ittapi_config_apply_per_lib :  ITTAPI function instrumented: __itt_module_load
284305 : 0x120171f5f46e6 : 2 : ittapi_config_apply_per_lib :  ITTAPI function not implemented: __itt_module_unload
284305 : 0x120171f5fd712 : 2 : ittapi_config_apply_per_lib :  ITTAPI function NOT instrumented (not matched by --itt-config option): __itt_histogram_submit

284305 : 0x120171f738917 : 2 : ittapi_config_mask_get :  --itt-config mask to be applied: 55
284305 : 0x120171f73c7fe : 2 : ittapi_config_apply_per_lib :  ITTAPI function instrumented: __itt_domain_create
284305 : 0x120171f73eb74 : 2 : ittapi_config_apply_per_lib :  ITTAPI function instrumented: __itt_module_load_with_sections
284305 : 0x120171f740c51 : 2 : ittapi_config_apply_per_lib :  ITTAPI function not implemented: __itt_module_unload_with_sections
284305 : 0x120171f742537 : 2 : ittapi_config_apply_per_lib :  ITTAPI function instrumented: __itt_string_handle_create
284305 : 0x120171f743ba8 : 2 : ittapi_config_apply_per_lib :  ITTAPI function instrumented: __itt_counter_create
284305 : 0x120171f74516c : 2 : ittapi_config_apply_per_lib :  ITTAPI function instrumented: __itt_counter_create_typed
284305 : 0x120171f746910 : 2 : ittapi_config_apply_per_lib :  ITTAPI function instrumented: __itt_pause
284305 : 0x120171f75553e : 2 : ittapi_config_apply_per_lib :  ITTAPI function instrumented: __itt_resume
284305 : 0x120171f765a3f : 2 : ittapi_config_apply_per_lib :  ITTAPI function instrumented: __itt_thread_set_name
284305 : 0x120171f773ccf : 2 : ittapi_config_apply_per_lib :  ITTAPI function instrumented: __itt_thread_ignore
284305 : 0x120171f775578 : 2 : ittapi_config_apply_per_lib :  ITTAPI function instrumented: __itt_thr_name_set
284305 : 0x120171f776b5b : 2 : ittapi_config_apply_per_lib :  ITTAPI function instrumented: __itt_thr_ignore
284305 : 0x120171f778555 : 2 : ittapi_config_apply_per_lib :  ITTAPI function not implemented: __itt_enable_attach
284305 : 0x120171f779bfa : 2 : ittapi_config_apply_per_lib :  ITTAPI function instrumented: __itt_detach
284305 : 0x120171f77ad8e : 2 : ittapi_config_apply_per_lib :  ITTAPI function NOT instrumented (not matched by --itt-config option): __itt_sync_create

284305 : 0x120171f77c04c : 2 : ittapi_config_apply_per_lib :  ITTAPI function NOT instrumented (not matched by --itt-config option): __itt_sync_rename

284305 : 0x120171f77d1b6 : 2 : ittapi_config_apply_per_lib :  ITTAPI function NOT instrumented (not matched by --itt-config option): __itt_sync_destroy

284305 : 0x120171f78bc00 : 2 : ittapi_config_apply_per_lib :  ITTAPI function NOT instrumented (not matched by --itt-config option): __itt_sync_prepare

284305 : 0x120171f799c02 : 2 : ittapi_config_apply_per_lib :  ITTAPI function NOT instrumented (not matched by --itt-config option): __itt_sync_cancel

284305 : 0x120171f7aa2f4 : 2 : ittapi_config_apply_per_lib :  ITTAPI function NOT instrumented (not matched by --itt-config option): __itt_sync_acquired

284305 : 0x120171f7ab49e : 2 : ittapi_config_apply_per_lib :  ITTAPI function NOT instrumented (not matched by --itt-config option): __itt_sync_releasing

284305 : 0x120171f7ad1fa : 2 : ittapi_config_apply_per_lib :  ITTAPI function not implemented: __itt_suppress_push
284305 : 0x120171f7af077 : 2 : ittapi_config_apply_per_lib :  ITTAPI function not implemented: __itt_suppress_pop
284305 : 0x120171f7bd5f1 : 2 : ittapi_config_apply_per_lib :  ITTAPI function not implemented: __itt_suppress_mark_range
284305 : 0x120171f7bf12d : 2 : ittapi_config_apply_per_lib :  ITTAPI function not implemented: __itt_suppress_clear_range
284305 : 0x120171f7c0403 : 2 : ittapi_config_apply_per_lib :  ITTAPI function NOT instrumented (not matched by --itt-config option): __itt_sync_prepare

284305 : 0x120171f7c14cc : 2 : ittapi_config_apply_per_lib :  ITTAPI function NOT instrumented (not matched by --itt-config option): __itt_sync_cancel

284305 : 0x120171f7c255c : 2 : ittapi_config_apply_per_lib :  ITTAPI function NOT instrumented (not matched by --itt-config option): __itt_sync_acquired

284305 : 0x120171f7ca3b9 : 2 : ittapi_config_apply_per_lib :  ITTAPI function NOT instrumented (not matched by --itt-config option): __itt_sync_releasing

284305 : 0x120171f7cb7da : 2 : ittapi_config_apply_per_lib :  ITTAPI function NOT instrumented (not matched by --itt-config option): __itt_model_site_begin

284305 : 0x120171f7cc8ce : 2 : ittapi_config_apply_per_lib :  ITTAPI function NOT instrumented (not matched by --itt-config option): __itt_model_site_end

284305 : 0x120171f7cd9f3 : 2 : ittapi_config_apply_per_lib :  ITTAPI function NOT instrumented (not matched by --itt-config option): __itt_model_task_begin

284305 : 0x120171f7ceb79 : 2 : ittapi_config_apply_per_lib :  ITTAPI function NOT instrumented (not matched by --itt-config option): __itt_model_task_end

284305 : 0x120171f7cfc86 : 2 : ittapi_config_apply_per_lib :  ITTAPI function NOT instrumented (not matched by --itt-config option): __itt_model_lock_acquire

284305 : 0x120171f7d0e3e : 2 : ittapi_config_apply_per_lib :  ITTAPI function NOT instrumented (not matched by --itt-config option): __itt_model_lock_release

284305 : 0x120171f7d1eaf : 2 : ittapi_config_apply_per_lib :  ITTAPI function NOT instrumented (not matched by --itt-config option): __itt_model_record_allocation

284305 : 0x120171f7d2ef7 : 2 : ittapi_config_apply_per_lib :  ITTAPI function NOT instrumented (not matched by --itt-config option): __itt_model_record_deallocation

284305 : 0x120171f7d3f34 : 2 : ittapi_config_apply_per_lib :  ITTAPI function NOT instrumented (not matched by --itt-config option): __itt_model_induction_uses

284305 : 0x120171f7db45c : 2 : ittapi_config_apply_per_lib :  ITTAPI function NOT instrumented (not matched by --itt-config option): __itt_model_reduction_uses

284305 : 0x120171f7dc874 : 2 : ittapi_config_apply_per_lib :  ITTAPI function NOT instrumented (not matched by --itt-config option): __itt_model_observe_uses

284305 : 0x120171f7dd97d : 2 : ittapi_config_apply_per_lib :  ITTAPI function NOT instrumented (not matched by --itt-config option): __itt_model_clear_uses

284305 : 0x120171f7dea9c : 2 : ittapi_config_apply_per_lib :  ITTAPI function NOT instrumented (not matched by --itt-config option): __itt_model_site_beginA

284305 : 0x120171f7dfba5 : 2 : ittapi_config_apply_per_lib :  ITTAPI function NOT instrumented (not matched by --itt-config option): __itt_model_site_beginAL

284305 : 0x120171f7e0c1e : 2 : ittapi_config_apply_per_lib :  ITTAPI function NOT instrumented (not matched by --itt-config option): __itt_model_task_beginA

284305 : 0x120171f7e1d1f : 2 : ittapi_config_apply_per_lib :  ITTAPI function NOT instrumented (not matched by --itt-config option): __itt_model_task_beginAL

284305 : 0x120171f7e2edb : 2 : ittapi_config_apply_per_lib :  ITTAPI function NOT instrumented (not matched by --itt-config option): __itt_model_iteration_taskA

284305 : 0x120171f7f12b6 : 2 : ittapi_config_apply_per_lib :  ITTAPI function NOT instrumented (not matched by --itt-config option): __itt_model_iteration_taskAL

284305 : 0x120171f7f2460 : 2 : ittapi_config_apply_per_lib :  ITTAPI function NOT instrumented (not matched by --itt-config option): __itt_model_site_end_2

284305 : 0x120171f8087e6 : 2 : ittapi_config_apply_per_lib :  ITTAPI function NOT instrumented (not matched by --itt-config option): __itt_model_task_end_2

284305 : 0x120171f809ba2 : 2 : ittapi_config_apply_per_lib :  ITTAPI function NOT instrumented (not matched by --itt-config option): __itt_model_lock_acquire_2

284305 : 0x120171f80acb1 : 2 : ittapi_config_apply_per_lib :  ITTAPI function NOT instrumented (not matched by --itt-config option): __itt_model_lock_release_2

284305 : 0x120171f80bd98 : 2 : ittapi_config_apply_per_lib :  ITTAPI function NOT instrumented (not matched by --itt-config option): __itt_model_aggregate_task

284305 : 0x120171f80ce80 : 2 : ittapi_config_apply_per_lib :  ITTAPI function NOT instrumented (not matched by --itt-config option): __itt_model_disable_push

284305 : 0x120171f80df3a : 2 : ittapi_config_apply_per_lib :  ITTAPI function NOT instrumented (not matched by --itt-config option): __itt_model_disable_pop

284305 : 0x120171f80f91e : 2 : ittapi_config_apply_per_lib :  ITTAPI function instrumented: __itt_heap_function_create
284305 : 0x120171f81102f : 2 : ittapi_config_apply_per_lib :  ITTAPI function instrumented: __itt_heap_allocate_begin
284305 : 0x120171f812503 : 2 : ittapi_config_apply_per_lib :  ITTAPI function instrumented: __itt_heap_allocate_end
284305 : 0x120171f813a52 : 2 : ittapi_config_apply_per_lib :  ITTAPI function instrumented: __itt_heap_free_begin
284305 : 0x120171f81baa3 : 2 : ittapi_config_apply_per_lib :  ITTAPI function instrumented: __itt_heap_free_end
284305 : 0x120171f81d2c3 : 2 : ittapi_config_apply_per_lib :  ITTAPI function instrumented: __itt_heap_reallocate_begin
284305 : 0x120171f81e6e0 : 2 : ittapi_config_apply_per_lib :  ITTAPI function instrumented: __itt_heap_reallocate_end
284305 : 0x120171f82005b : 2 : ittapi_config_apply_per_lib :  ITTAPI function not implemented: __itt_heap_internal_access_begin
284305 : 0x120171f82e1e5 : 2 : ittapi_config_apply_per_lib :  ITTAPI function not implemented: __itt_heap_internal_access_end
284305 : 0x120171f82fa6c : 2 : ittapi_config_apply_per_lib :  ITTAPI function not implemented: __itt_heap_record_memory_growth_begin
284305 : 0x120171f83124a : 2 : ittapi_config_apply_per_lib :  ITTAPI function not implemented: __itt_heap_record_memory_growth_end
284305 : 0x120171f832a38 : 2 : ittapi_config_apply_per_lib :  ITTAPI function not implemented: __itt_heap_reset_detection
284305 : 0x120171f83436f : 2 : ittapi_config_apply_per_lib :  ITTAPI function not implemented: __itt_heap_record
284305 : 0x120171f8359ad : 2 : ittapi_config_apply_per_lib :  ITTAPI function not implemented: __itt_id_create
284305 : 0x120171f83fcbb : 2 : ittapi_config_apply_per_lib :  ITTAPI function not implemented: __itt_id_destroy
284305 : 0x120171f8416ee : 2 : ittapi_config_apply_per_lib :  ITTAPI function instrumented: __itt_get_timestamp
284305 : 0x120171f842f04 : 2 : ittapi_config_apply_per_lib :  ITTAPI function not implemented: __itt_region_begin
284305 : 0x120171f8445bc : 2 : ittapi_config_apply_per_lib :  ITTAPI function not implemented: __itt_region_end
284305 : 0x120171f845bc2 : 2 : ittapi_config_apply_per_lib :  ITTAPI function instrumented: __itt_frame_begin_v3
284305 : 0x120171f847225 : 2 : ittapi_config_apply_per_lib :  ITTAPI function instrumented: __itt_frame_end_v3
284305 : 0x120171f8487eb : 2 : ittapi_config_apply_per_lib :  ITTAPI function instrumented: __itt_frame_submit_v3
284305 : 0x120171f84a014 : 2 : ittapi_config_apply_per_lib :  ITTAPI function not implemented: __itt_task_group
284305 : 0x120171f84b7fc : 2 : ittapi_config_apply_per_lib :  ITTAPI function instrumented: __itt_task_begin
284305 : 0x120171f84ce0a : 2 : ittapi_config_apply_per_lib :  ITTAPI function instrumented: __itt_task_begin_fn
284305 : 0x120171f854b19 : 2 : ittapi_config_apply_per_lib :  ITTAPI function instrumented: __itt_task_end
284305 : 0x120171f85656e : 2 : ittapi_config_apply_per_lib :  ITTAPI function not implemented: __itt_counter_inc_v3
284305 : 0x120171f857e0b : 2 : ittapi_config_apply_per_lib :  ITTAPI function not implemented: __itt_counter_inc_delta_v3
284305 : 0x120171f859482 : 2 : ittapi_config_apply_per_lib :  ITTAPI function not implemented: __itt_counter_dec_v3
284305 : 0x120171f85ab60 : 2 : ittapi_config_apply_per_lib :  ITTAPI function not implemented: __itt_counter_dec_delta_v3
284305 : 0x120171f85c314 : 2 : ittapi_config_apply_per_lib :  ITTAPI function not implemented: __itt_marker
284305 : 0x120171f85d99b : 2 : ittapi_config_apply_per_lib :  ITTAPI function instrumented: __itt_metadata_add
284305 : 0x120171f85f233 : 2 : ittapi_config_apply_per_lib :  ITTAPI function not implemented: __itt_metadata_str_add
284305 : 0x120171f860857 : 2 : ittapi_config_apply_per_lib :  ITTAPI function not implemented: __itt_relation_add_to_current
284305 : 0x120171f861e66 : 2 : ittapi_config_apply_per_lib :  ITTAPI function not implemented: __itt_relation_add
284305 : 0x120171f869677 : 2 : ittapi_config_apply_per_lib :  ITTAPI function instrumented: __itt_event_create
284305 : 0x120171f86ae93 : 2 : ittapi_config_apply_per_lib :  ITTAPI function instrumented: __itt_event_start
284305 : 0x120171f86c429 : 2 : ittapi_config_apply_per_lib :  ITTAPI function instrumented: __itt_event_end
284305 : 0x120171f86d4ff : 2 : ittapi_config_apply_per_lib :  ITTAPI function NOT instrumented (not matched by --itt-config option): __itt_sync_set_name

284305 : 0x120171f86e822 : 2 : ittapi_config_apply_per_lib :  ITTAPI function NOT instrumented (not matched by --itt-config option): __itt_notify_sync_name

284305 : 0x120171f86f8f4 : 2 : ittapi_config_apply_per_lib :  ITTAPI function NOT instrumented (not matched by --itt-config option): __itt_notify_sync_prepare

284305 : 0x120171f870ab9 : 2 : ittapi_config_apply_per_lib :  ITTAPI function NOT instrumented (not matched by --itt-config option): __itt_notify_sync_cancel

284305 : 0x120171f871b12 : 2 : ittapi_config_apply_per_lib :  ITTAPI function NOT instrumented (not matched by --itt-config option): __itt_notify_sync_acquired

284305 : 0x120171f872bee : 2 : ittapi_config_apply_per_lib :  ITTAPI function NOT instrumented (not matched by --itt-config option): __itt_notify_sync_releasing

284305 : 0x120171f874270 : 2 : ittapi_config_apply_per_lib :  ITTAPI function not implemented: __itt_memory_read
284305 : 0x120171f87c0bf : 2 : ittapi_config_apply_per_lib :  ITTAPI function not implemented: __itt_memory_write
284305 : 0x120171f87d9a9 : 2 : ittapi_config_apply_per_lib :  ITTAPI function not implemented: __itt_memory_update
284305 : 0x120171f87f100 : 2 : ittapi_config_apply_per_lib :  ITTAPI function not implemented: __itt_state_get
284305 : 0x120171f880745 : 2 : ittapi_config_apply_per_lib :  ITTAPI function not implemented: __itt_state_set
284305 : 0x120171f881dfe : 2 : ittapi_config_apply_per_lib :  ITTAPI function not implemented: __itt_obj_mode_set
284305 : 0x120171f8834e6 : 2 : ittapi_config_apply_per_lib :  ITTAPI function not implemented: __itt_thr_mode_set
284305 : 0x120171f88496a : 2 : ittapi_config_apply_per_lib :  ITTAPI function instrumented: __itt_frame_create
284305 : 0x120171f885dcd : 2 : ittapi_config_apply_per_lib :  ITTAPI function instrumented: __itt_pt_region_create
284305 : 0x120171f887395 : 2 : ittapi_config_apply_per_lib :  ITTAPI function instrumented: __itt_frame_begin
284305 : 0x120171f888a23 : 2 : ittapi_config_apply_per_lib :  ITTAPI function instrumented: __itt_frame_end
284305 : 0x120171f892f04 : 2 : ittapi_config_apply_per_lib :  ITTAPI function not implemented: __itt_counter_destroy
284305 : 0x120171f8948fa : 2 : ittapi_config_apply_per_lib :  ITTAPI function instrumented: __itt_counter_inc
284305 : 0x120171f895f2f : 2 : ittapi_config_apply_per_lib :  ITTAPI function instrumented: __itt_counter_inc_delta
284305 : 0x120171f897445 : 2 : ittapi_config_apply_per_lib :  ITTAPI function instrumented: __itt_counter_dec
284305 : 0x120171f898a09 : 2 : ittapi_config_apply_per_lib :  ITTAPI function instrumented: __itt_counter_dec_delta
284305 : 0x120171f899f6c : 2 : ittapi_config_apply_per_lib :  ITTAPI function instrumented: __itt_counter_set_value
284305 : 0x120171f89b6fc : 2 : ittapi_config_apply_per_lib :  ITTAPI function not implemented: __itt_counter_set_value_ex
284305 : 0x120171f89cd36 : 2 : ittapi_config_apply_per_lib :  ITTAPI function not implemented: __itt_mark_create
284305 : 0x120171f89e429 : 2 : ittapi_config_apply_per_lib :  ITTAPI function not implemented: __itt_mark
284305 : 0x120171f89fd33 : 2 : ittapi_config_apply_per_lib :  ITTAPI function not implemented: __itt_mark_off
284305 : 0x120171f9024ce : 2 : ittapi_config_apply_per_lib :  ITTAPI function not implemented: __itt_mark_global
284305 : 0x120171f90482c : 2 : ittapi_config_apply_per_lib :  ITTAPI function not implemented: __itt_mark_global_off
284305 : 0x120171f9060bb : 2 : ittapi_config_apply_per_lib :  ITTAPI function instrumented: __itt_stack_caller_create
284305 : 0x120171f907820 : 2 : ittapi_config_apply_per_lib :  ITTAPI function instrumented: __itt_stack_caller_destroy
284305 : 0x120171f908f6b : 2 : ittapi_config_apply_per_lib :  ITTAPI function instrumented: __itt_stack_callee_enter
284305 : 0x120171f90a4f0 : 2 : ittapi_config_apply_per_lib :  ITTAPI function instrumented: __itt_stack_callee_leave
284305 : 0x120171f90be87 : 2 : ittapi_config_apply_per_lib :  ITTAPI function not implemented: __itt_clock_domain_create
284305 : 0x120171f90d67c : 2 : ittapi_config_apply_per_lib :  ITTAPI function not implemented: __itt_clock_domain_reset
284305 : 0x120171f90ee01 : 2 : ittapi_config_apply_per_lib :  ITTAPI function not implemented: __itt_id_create_ex
284305 : 0x120171f910588 : 2 : ittapi_config_apply_per_lib :  ITTAPI function not implemented: __itt_id_destroy_ex
284305 : 0x120171f91a1e9 : 2 : ittapi_config_apply_per_lib :  ITTAPI function not implemented: __itt_task_begin_ex
284305 : 0x120171f928318 : 2 : ittapi_config_apply_per_lib :  ITTAPI function not implemented: __itt_task_begin_fn_ex
284305 : 0x120171f929b1f : 2 : ittapi_config_apply_per_lib :  ITTAPI function not implemented: __itt_task_end_ex
284305 : 0x120171f92b19e : 2 : ittapi_config_apply_per_lib :  ITTAPI function instrumented: __itt_task_begin_overlapped
284305 : 0x120171f92c915 : 2 : ittapi_config_apply_per_lib :  ITTAPI function not implemented: __itt_task_begin_overlapped_ex
284305 : 0x120171f92dec9 : 2 : ittapi_config_apply_per_lib :  ITTAPI function instrumented: __itt_task_end_overlapped
284305 : 0x120171f92f589 : 2 : ittapi_config_apply_per_lib :  ITTAPI function not implemented: __itt_task_end_overlapped_ex
284305 : 0x120171f930be2 : 2 : ittapi_config_apply_per_lib :  ITTAPI function not implemented: __itt_marker_ex
284305 : 0x120171f93237f : 2 : ittapi_config_apply_per_lib :  ITTAPI function not implemented: __itt_metadata_add_with_scope
284305 : 0x120171f933c31 : 2 : ittapi_config_apply_per_lib :  ITTAPI function not implemented: __itt_metadata_str_add_with_scope
284305 : 0x120171f93e882 : 2 : ittapi_config_apply_per_lib :  ITTAPI function not implemented: __itt_relation_add_to_current_ex
284305 : 0x120171f9402a9 : 2 : ittapi_config_apply_per_lib :  ITTAPI function not implemented: __itt_relation_add_ex
284305 : 0x120171f941b20 : 2 : ittapi_config_apply_per_lib :  ITTAPI function not implemented: __itt_track_group_create
284305 : 0x120171f94309d : 2 : ittapi_config_apply_per_lib :  ITTAPI function not implemented: __itt_track_create
284305 : 0x120171f94475b : 2 : ittapi_config_apply_per_lib :  ITTAPI function not implemented: __itt_set_track
284305 : 0x120171f945e09 : 2 : ittapi_config_apply_per_lib :  ITTAPI function instrumented: __itt_api_version
284305 : 0x120171f9474c8 : 2 : ittapi_config_apply_per_lib :  ITTAPI function not implemented: __itt_av_save
284305 : 0x120171f948ad5 : 2 : ittapi_config_apply_per_lib :  ITTAPI function instrumented: __itt_module_load
284305 : 0x120171f94a168 : 2 : ittapi_config_apply_per_lib :  ITTAPI function not implemented: __itt_module_unload