10 [4130305792] INFO perfrun.launcher <> - Launcher main begin
28 [4130305792] INFO perfrun.launcher <> - MessageCatalogInit finished
28 [4130305792] INFO perfrun.launcher <> - Launcher instance created
28 [4130305792] INFO perfrun.launcher <> - argc = 6; cmdline = /opt/intel/oneapi/vtune/2023.0.0/bin32/amplxe-runss -dump-vdso -r /tmp/amplxe-tmp-le34xoh/amplxe-res-373963-491952416739924 --tmp-dir /tmp/amplxe-tmp-le34xoh 
34 [4130305792] INFO perfrun.launcher <> - create msngr2::ICliToolContext
34 [4130305792] INFO perfrun.launcher <> - create file finder object
34 [4129557312] INFO perfrun.launcher <> - plugin [remoteplug] was disabled because it doesn't support the given collection type.
34 [4129557312] INFO perfrun.launcher <> - plugin [] was disabled because it doesn't support the given collection type.
34 [4129557312] INFO perfrun.vdso <> - dumping [vdso] pseudomodule
39 [4129557312] INFO perfrun.launcher <> - plugin [] was disabled because it doesn't support the given collection type.
39 [4129557312] INFO perfrun.launcher <> - plugin [] was disabled because it doesn't support the given collection type.
39 [4129557312] INFO perfrun.launcher <> - plugin [] was disabled because it doesn't support the given collection type.
39 [4129557312] INFO perfrun.launcher <> - plugin [] was disabled because it doesn't support the given collection type.
39 [4129557312] INFO perfrun.launcher <> - plugin [] was disabled because it doesn't support the given collection type.
39 [4129557312] INFO perfrun.launcher <> - plugin [] was disabled because it doesn't support the given collection type.
39 [4129557312] INFO perfrun.launcher <> - plugin [] was disabled because it doesn't support the given collection type.
39 [4129557312] INFO perfrun.launcher <> - plugin [] was disabled because it doesn't support the given collection type.
39 [4129557312] INFO perfrun.launcher <> - plugin [] was disabled because it doesn't support the given collection type.
39 [4129557312] INFO perfrun.launcher <> - plugin [] was disabled because it doesn't support the given collection type.
39 [4129557312] INFO perfrun.launcher <> - plugin [] was disabled because it doesn't support the given collection type.
39 [4129557312] INFO perfrun.launcher <> - plugin [] was disabled because it doesn't support the given collection type.
39 [4129557312] INFO perfrun.launcher <> - plugin [] was disabled because it doesn't support the given collection type.
39 [4129557312] INFO perfrun.launcher <> - plugin [] was disabled because it doesn't support the given collection type.
39 [4129557312] INFO perfrun.launcher <> - plugin [] was disabled because it doesn't support the given collection type.
39 [4129557312] INFO perfrun.launcher <> - plugin [] was disabled because it doesn't support the given collection type.
39 [4129557312] INFO perfrun.launcher <> - plugin [] was disabled because it doesn't support the given collection type.
39 [4129557312] INFO perfrun.launcher <> - plugin [] was disabled because it doesn't support the given collection type.
39 [4129557312] INFO perfrun.launcher <> - plugin [] was disabled because it doesn't support the given collection type.
39 [4129557312] INFO perfrun.launcher <> - plugin [] was disabled because it doesn't support the given collection type.
39 [4129557312] INFO perfrun.launcher <> - plugin [] was disabled because it doesn't support the given collection type.
39 [4129557312] INFO perfrun.launcher <> - plugin [] was disabled because it doesn't support the given collection type.
39 [4129557312] INFO perfrun.launcher <> - plugin [] was disabled because it doesn't support the given collection type.
39 [4129557312] INFO perfrun.launcher <> - plugin [] was disabled because it doesn't support the given collection type.
39 [4130305792] INFO perfrun.launcher <> - Application exit code: 0
39 [4130305792] INFO perfrun.launcher <> - Exit code: 0
