11 [4130293504] INFO perfrun.launcher <> - Launcher main begin
24 [4130293504] INFO perfrun.launcher <> - MessageCatalogInit finished
24 [4130293504] INFO perfrun.launcher <> - Launcher instance created
24 [4130293504] INFO perfrun.launcher <> - argc = 6; cmdline = /opt/intel/oneapi/vtune/2023.0.0/bin32/amplxe-runss -dump-vdso -r /tmp/amplxe-tmp-le34xoh/amplxe-res-283249-316515923947782 --tmp-dir /tmp/amplxe-tmp-le34xoh 
44 [4130293504] INFO perfrun.launcher <> - create msngr2::ICliToolContext
44 [4130293504] INFO perfrun.launcher <> - create file finder object
45 [4129545024] INFO perfrun.launcher <> - plugin [remoteplug] was disabled because it doesn't support the given collection type.
45 [4129545024] INFO perfrun.launcher <> - plugin [] was disabled because it doesn't support the given collection type.
45 [4129545024] INFO perfrun.vdso <> - dumping [vdso] pseudomodule
54 [4129545024] INFO perfrun.launcher <> - plugin [] was disabled because it doesn't support the given collection type.
54 [4129545024] INFO perfrun.launcher <> - plugin [] was disabled because it doesn't support the given collection type.
54 [4129545024] INFO perfrun.launcher <> - plugin [] was disabled because it doesn't support the given collection type.
54 [4129545024] INFO perfrun.launcher <> - plugin [] was disabled because it doesn't support the given collection type.
54 [4129545024] INFO perfrun.launcher <> - plugin [] was disabled because it doesn't support the given collection type.
54 [4129545024] INFO perfrun.launcher <> - plugin [] was disabled because it doesn't support the given collection type.
54 [4129545024] INFO perfrun.launcher <> - plugin [] was disabled because it doesn't support the given collection type.
54 [4129545024] INFO perfrun.launcher <> - plugin [] was disabled because it doesn't support the given collection type.
54 [4129545024] INFO perfrun.launcher <> - plugin [] was disabled because it doesn't support the given collection type.
54 [4129545024] INFO perfrun.launcher <> - plugin [] was disabled because it doesn't support the given collection type.
54 [4129545024] INFO perfrun.launcher <> - plugin [] was disabled because it doesn't support the given collection type.
54 [4129545024] INFO perfrun.launcher <> - plugin [] was disabled because it doesn't support the given collection type.
54 [4129545024] INFO perfrun.launcher <> - plugin [] was disabled because it doesn't support the given collection type.
54 [4129545024] INFO perfrun.launcher <> - plugin [] was disabled because it doesn't support the given collection type.
54 [4129545024] INFO perfrun.launcher <> - plugin [] was disabled because it doesn't support the given collection type.
54 [4129545024] INFO perfrun.launcher <> - plugin [] was disabled because it doesn't support the given collection type.
54 [4129545024] INFO perfrun.launcher <> - plugin [] was disabled because it doesn't support the given collection type.
54 [4129545024] INFO perfrun.launcher <> - plugin [] was disabled because it doesn't support the given collection type.
54 [4129545024] INFO perfrun.launcher <> - plugin [] was disabled because it doesn't support the given collection type.
54 [4129545024] INFO perfrun.launcher <> - plugin [] was disabled because it doesn't support the given collection type.
54 [4129545024] INFO perfrun.launcher <> - plugin [] was disabled because it doesn't support the given collection type.
54 [4129545024] INFO perfrun.launcher <> - plugin [] was disabled because it doesn't support the given collection type.
54 [4129545024] INFO perfrun.launcher <> - plugin [] was disabled because it doesn't support the given collection type.
54 [4129545024] INFO perfrun.launcher <> - plugin [] was disabled because it doesn't support the given collection type.
54 [4130293504] INFO perfrun.launcher <> - Application exit code: 0
54 [4130293504] INFO perfrun.launcher <> - Exit code: 0
