The system is: Darwin - 18.7.0 - x86_64
Compiling the CXX compiler identification source file "CMakeCXXCompilerId.cpp" succeeded.
Compiler: /usr/local/bin/gcc-12 
Build flags: 
Id flags:  

The output was:
0


Compilation of the CXX compiler identification source "CMakeCXXCompilerId.cpp" produced "a.out"

The CXX compiler identification is GNU, found in "/Users/larissa/Desktop/Uni/Master/1.Sem_WS22:23/Algorithm Engineering/Algorithm-Engineering-Git/Projekt/cmake-build-release-gcc/CMakeFiles/3.23.2/CompilerIdCXX/a.out"

Detecting CXX compiler ABI info compiled with the following output:
Change Dir: /Users/larissa/Desktop/Uni/Master/1.Sem_WS22:23/Algorithm Engineering/Algorithm-Engineering-Git/Projekt/cmake-build-release-gcc/CMakeFiles/CMakeTmp

Run Build Command(s):/Applications/CLion.app/Contents/bin/ninja/mac/ninja cmTC_226f6 && [1/2] Building CXX object CMakeFiles/cmTC_226f6.dir/CMakeCXXCompilerABI.cpp.o
Using built-in specs.
COLLECT_GCC=/usr/local/bin/gcc-12
Target: x86_64-apple-darwin18
Configured with: ../configure --prefix=/usr/local/opt/gcc --libdir=/usr/local/opt/gcc/lib/gcc/current --disable-nls --enable-checking=release --with-gcc-major-version-only --enable-languages=c,c++,objc,obj-c++,fortran --program-suffix=-12 --with-gmp=/usr/local/opt/gmp --with-mpfr=/usr/local/opt/mpfr --with-mpc=/usr/local/opt/libmpc --with-isl=/usr/local/opt/isl --with-zstd=/usr/local/opt/zstd --with-pkgversion='Homebrew GCC 12.2.0' --with-bugurl=https://github.com/Homebrew/homebrew-core/issues --with-system-zlib --build=x86_64-apple-darwin18 --with-sysroot=/Library/Developer/CommandLineTools/SDKs/MacOSX10.14.sdk
Thread model: posix
Supported LTO compression algorithms: zlib zstd
gcc version 12.2.0 (Homebrew GCC 12.2.0) 
COLLECT_GCC_OPTIONS='-isysroot' '/Library/Developer/CommandLineTools/SDKs/MacOSX10.14.sdk' '-v' '-o' 'CMakeFiles/cmTC_226f6.dir/CMakeCXXCompilerABI.cpp.o' '-c' '-mmacosx-version-min=10.14.0' '-asm_macosx_version_min=10.14' '-nodefaultexport' '-mtune=core2' '-dumpdir' 'CMakeFiles/cmTC_226f6.dir/'
 /usr/local/Cellar/gcc/12.2.0/bin/../libexec/gcc/x86_64-apple-darwin18/12/cc1plus -quiet -v -iprefix /usr/local/Cellar/gcc/12.2.0/bin/../lib/gcc/current/gcc/x86_64-apple-darwin18/12/ -D__DYNAMIC__ -isysroot /Library/Developer/CommandLineTools/SDKs/MacOSX10.14.sdk /Applications/CLion.app/Contents/bin/cmake/mac/share/cmake-3.23/Modules/CMakeCXXCompilerABI.cpp -fPIC -quiet -dumpdir CMakeFiles/cmTC_226f6.dir/ -dumpbase CMakeCXXCompilerABI.cpp.cpp -dumpbase-ext .cpp -mmacosx-version-min=10.14.0 -mtune=core2 -version -o /var/folders/j7/r_zbb92x5v9f6qrz3dm8ftdr0000gn/T//cc8O67y9.s
GNU C++17 (Homebrew GCC 12.2.0) version 12.2.0 (x86_64-apple-darwin18)
	compiled by GNU C version 12.2.0, GMP version 6.2.1, MPFR version 4.1.0-p13, MPC version 1.2.1, isl version isl-0.25-GMP

GGC heuristics: --param ggc-min-expand=100 --param ggc-min-heapsize=131072
ignoring nonexistent directory "/usr/local/Cellar/gcc/12.2.0/bin/../lib/gcc/current/gcc/x86_64-apple-darwin18/12/../../../../../../x86_64-apple-darwin18/include"
ignoring duplicate directory "/usr/local/Cellar/gcc/12.2.0/bin/../lib/gcc/current/gcc/../../../../lib/gcc/current/gcc/x86_64-apple-darwin18/12/../../../../../../include/c++/12"
ignoring duplicate directory "/usr/local/Cellar/gcc/12.2.0/bin/../lib/gcc/current/gcc/../../../../lib/gcc/current/gcc/x86_64-apple-darwin18/12/../../../../../../include/c++/12/x86_64-apple-darwin18"
ignoring duplicate directory "/usr/local/Cellar/gcc/12.2.0/bin/../lib/gcc/current/gcc/../../../../lib/gcc/current/gcc/x86_64-apple-darwin18/12/../../../../../../include/c++/12/backward"
ignoring duplicate directory "/usr/local/Cellar/gcc/12.2.0/bin/../lib/gcc/current/gcc/../../../../lib/gcc/current/gcc/x86_64-apple-darwin18/12/include"
ignoring nonexistent directory "/Library/Developer/CommandLineTools/SDKs/MacOSX10.14.sdk/usr/local/include"
ignoring duplicate directory "/usr/local/Cellar/gcc/12.2.0/bin/../lib/gcc/current/gcc/../../../../lib/gcc/current/gcc/x86_64-apple-darwin18/12/include-fixed"
ignoring nonexistent directory "/usr/local/Cellar/gcc/12.2.0/bin/../lib/gcc/current/gcc/../../../../lib/gcc/current/gcc/x86_64-apple-darwin18/12/../../../../../../x86_64-apple-darwin18/include"
ignoring nonexistent directory "/Library/Developer/CommandLineTools/SDKs/MacOSX10.14.sdk/Library/Frameworks"
#include "..." search starts here:
#include <...> search starts here:
 /usr/local/Cellar/gcc/12.2.0/bin/../lib/gcc/current/gcc/x86_64-apple-darwin18/12/../../../../../../include/c++/12
 /usr/local/Cellar/gcc/12.2.0/bin/../lib/gcc/current/gcc/x86_64-apple-darwin18/12/../../../../../../include/c++/12/x86_64-apple-darwin18
 /usr/local/Cellar/gcc/12.2.0/bin/../lib/gcc/current/gcc/x86_64-apple-darwin18/12/../../../../../../include/c++/12/backward
 /usr/local/Cellar/gcc/12.2.0/bin/../lib/gcc/current/gcc/x86_64-apple-darwin18/12/include
 /usr/local/Cellar/gcc/12.2.0/bin/../lib/gcc/current/gcc/x86_64-apple-darwin18/12/include-fixed
 /Library/Developer/CommandLineTools/SDKs/MacOSX10.14.sdk/usr/include
 /Library/Developer/CommandLineTools/SDKs/MacOSX10.14.sdk/System/Library/Frameworks
End of search list.
GNU C++17 (Homebrew GCC 12.2.0) version 12.2.0 (x86_64-apple-darwin18)
	compiled by GNU C version 12.2.0, GMP version 6.2.1, MPFR version 4.1.0-p13, MPC version 1.2.1, isl version isl-0.25-GMP

GGC heuristics: --param ggc-min-expand=100 --param ggc-min-heapsize=131072
Compiler executable checksum: 9d4dfdc6672d87136ae150aee4cfcdc0
COLLECT_GCC_OPTIONS='-isysroot' '/Library/Developer/CommandLineTools/SDKs/MacOSX10.14.sdk' '-v' '-o' 'CMakeFiles/cmTC_226f6.dir/CMakeCXXCompilerABI.cpp.o' '-c' '-mmacosx-version-min=10.14.0'  '-nodefaultexport' '-mtune=core2' '-dumpdir' 'CMakeFiles/cmTC_226f6.dir/'
 as -arch x86_64 -v -mmacosx-version-min=10.14 -force_cpusubtype_ALL -o CMakeFiles/cmTC_226f6.dir/CMakeCXXCompilerABI.cpp.o /var/folders/j7/r_zbb92x5v9f6qrz3dm8ftdr0000gn/T//cc8O67y9.s
Apple LLVM version 10.0.1 (clang-1001.0.46.4)
Target: x86_64-apple-darwin18.7.0
Thread model: posix
InstalledDir: /Library/Developer/CommandLineTools/usr/bin
 "/Library/Developer/CommandLineTools/usr/bin/clang" -cc1as -triple x86_64-apple-macosx10.14.0 -filetype obj -main-file-name cc8O67y9.s -target-cpu penryn -fdebug-compilation-dir /Users/larissa/Desktop/Uni/Master/1.Sem_WS22:23/Algorithm Engineering/Algorithm-Engineering-Git/Projekt/cmake-build-release-gcc/CMakeFiles/CMakeTmp -dwarf-debug-producer Apple LLVM version 10.0.1 (clang-1001.0.46.4) -dwarf-version=4 -mrelocation-model pic -o CMakeFiles/cmTC_226f6.dir/CMakeCXXCompilerABI.cpp.o /var/folders/j7/r_zbb92x5v9f6qrz3dm8ftdr0000gn/T//cc8O67y9.s
COMPILER_PATH=/usr/local/Cellar/gcc/12.2.0/bin/../libexec/gcc/x86_64-apple-darwin18/12/:/usr/local/Cellar/gcc/12.2.0/bin/../libexec/gcc/
LIBRARY_PATH=/usr/local/Cellar/gcc/12.2.0/bin/../lib/gcc/current/gcc/x86_64-apple-darwin18/12/:/usr/local/Cellar/gcc/12.2.0/bin/../lib/gcc/current/gcc/:/usr/local/Cellar/gcc/12.2.0/bin/../lib/gcc/current/gcc/x86_64-apple-darwin18/12/../../../
COLLECT_GCC_OPTIONS='-isysroot' '/Library/Developer/CommandLineTools/SDKs/MacOSX10.14.sdk' '-v' '-o' 'CMakeFiles/cmTC_226f6.dir/CMakeCXXCompilerABI.cpp.o' '-c' '-mmacosx-version-min=10.14.0'  '-nodefaultexport' '-mtune=core2' '-dumpdir' 'CMakeFiles/cmTC_226f6.dir/CMakeCXXCompilerABI.cpp.'
[2/2] Linking CXX executable cmTC_226f6
Using built-in specs.
COLLECT_GCC=/usr/local/bin/gcc-12
COLLECT_LTO_WRAPPER=/usr/local/Cellar/gcc/12.2.0/bin/../libexec/gcc/x86_64-apple-darwin18/12/lto-wrapper
Target: x86_64-apple-darwin18
Configured with: ../configure --prefix=/usr/local/opt/gcc --libdir=/usr/local/opt/gcc/lib/gcc/current --disable-nls --enable-checking=release --with-gcc-major-version-only --enable-languages=c,c++,objc,obj-c++,fortran --program-suffix=-12 --with-gmp=/usr/local/opt/gmp --with-mpfr=/usr/local/opt/mpfr --with-mpc=/usr/local/opt/libmpc --with-isl=/usr/local/opt/isl --with-zstd=/usr/local/opt/zstd --with-pkgversion='Homebrew GCC 12.2.0' --with-bugurl=https://github.com/Homebrew/homebrew-core/issues --with-system-zlib --build=x86_64-apple-darwin18 --with-sysroot=/Library/Developer/CommandLineTools/SDKs/MacOSX10.14.sdk
Thread model: posix
Supported LTO compression algorithms: zlib zstd
gcc version 12.2.0 (Homebrew GCC 12.2.0) 
COMPILER_PATH=/usr/local/Cellar/gcc/12.2.0/bin/../libexec/gcc/x86_64-apple-darwin18/12/:/usr/local/Cellar/gcc/12.2.0/bin/../libexec/gcc/
LIBRARY_PATH=/usr/local/Cellar/gcc/12.2.0/bin/../lib/gcc/current/gcc/x86_64-apple-darwin18/12/:/usr/local/Cellar/gcc/12.2.0/bin/../lib/gcc/current/gcc/:/usr/local/Cellar/gcc/12.2.0/bin/../lib/gcc/current/gcc/x86_64-apple-darwin18/12/../../../
COLLECT_GCC_OPTIONS='-isysroot' '/Library/Developer/CommandLineTools/SDKs/MacOSX10.14.sdk' '-v' '-o' 'cmTC_226f6' '-mmacosx-version-min=10.14.0' '-asm_macosx_version_min=10.14' '-nodefaultexport' '-mtune=core2' '-dumpdir' 'cmTC_226f6.'
 /usr/local/Cellar/gcc/12.2.0/bin/../libexec/gcc/x86_64-apple-darwin18/12/collect2 -dynamic -arch x86_64 -syslibroot /Library/Developer/CommandLineTools/SDKs/MacOSX10.14.sdk -macosx_version_min 10.14.0 -o cmTC_226f6 -L/usr/local/Cellar/gcc/12.2.0/bin/../lib/gcc/current/gcc/x86_64-apple-darwin18/12 -L/usr/local/Cellar/gcc/12.2.0/bin/../lib/gcc/current/gcc -L/usr/local/Cellar/gcc/12.2.0/bin/../lib/gcc/current/gcc/x86_64-apple-darwin18/12/../../.. -search_paths_first -headerpad_max_install_names -v CMakeFiles/cmTC_226f6.dir/CMakeCXXCompilerABI.cpp.o -lemutls_w -lgcc -lSystem -no_compact_unwind -rpath @loader_path -rpath /usr/local/Cellar/gcc/12.2.0/lib/gcc/current/gcc/x86_64-apple-darwin18/12 -rpath /usr/local/Cellar/gcc/12.2.0/lib/gcc/current/gcc -rpath /usr/local/Cellar/gcc/12.2.0/lib/gcc/current
collect2 version 12.2.0
/usr/bin/ld -dynamic -arch x86_64 -syslibroot /Library/Developer/CommandLineTools/SDKs/MacOSX10.14.sdk -macosx_version_min 10.14.0 -o cmTC_226f6 -L/usr/local/Cellar/gcc/12.2.0/bin/../lib/gcc/current/gcc/x86_64-apple-darwin18/12 -L/usr/local/Cellar/gcc/12.2.0/bin/../lib/gcc/current/gcc -L/usr/local/Cellar/gcc/12.2.0/bin/../lib/gcc/current/gcc/x86_64-apple-darwin18/12/../../.. -search_paths_first -headerpad_max_install_names -v CMakeFiles/cmTC_226f6.dir/CMakeCXXCompilerABI.cpp.o -lemutls_w -lgcc -lSystem -no_compact_unwind -rpath @loader_path -rpath /usr/local/Cellar/gcc/12.2.0/lib/gcc/current/gcc/x86_64-apple-darwin18/12 -rpath /usr/local/Cellar/gcc/12.2.0/lib/gcc/current/gcc -rpath /usr/local/Cellar/gcc/12.2.0/lib/gcc/current
@(#)PROGRAM:ld  PROJECT:ld64-450.3
BUILD 18:16:53 Apr  5 2019
configured to support archs: armv6 armv7 armv7s arm64 arm64e arm64_32 i386 x86_64 x86_64h armv6m armv7k armv7m armv7em
Library search paths:
	/usr/local/Cellar/gcc/12.2.0/lib/gcc/current/gcc/x86_64-apple-darwin18/12
	/usr/local/Cellar/gcc/12.2.0/lib/gcc/current/gcc
	/usr/local/Cellar/gcc/12.2.0/lib/gcc/current
	/Library/Developer/CommandLineTools/SDKs/MacOSX10.14.sdk/usr/lib
Framework search paths:
	/Library/Developer/CommandLineTools/SDKs/MacOSX10.14.sdk/System/Library/Frameworks/



Parsed CXX implicit include dir info from above output: rv=done
  found start of include info
  found start of implicit include info
    add: [/usr/local/Cellar/gcc/12.2.0/bin/../lib/gcc/current/gcc/x86_64-apple-darwin18/12/../../../../../../include/c++/12]
    add: [/usr/local/Cellar/gcc/12.2.0/bin/../lib/gcc/current/gcc/x86_64-apple-darwin18/12/../../../../../../include/c++/12/x86_64-apple-darwin18]
    add: [/usr/local/Cellar/gcc/12.2.0/bin/../lib/gcc/current/gcc/x86_64-apple-darwin18/12/../../../../../../include/c++/12/backward]
    add: [/usr/local/Cellar/gcc/12.2.0/bin/../lib/gcc/current/gcc/x86_64-apple-darwin18/12/include]
    add: [/usr/local/Cellar/gcc/12.2.0/bin/../lib/gcc/current/gcc/x86_64-apple-darwin18/12/include-fixed]
    add: [/Library/Developer/CommandLineTools/SDKs/MacOSX10.14.sdk/usr/include]
    add: [/Library/Developer/CommandLineTools/SDKs/MacOSX10.14.sdk/System/Library/Frameworks]
  end of search list found
  collapse include dir [/usr/local/Cellar/gcc/12.2.0/bin/../lib/gcc/current/gcc/x86_64-apple-darwin18/12/../../../../../../include/c++/12] ==> [/usr/local/Cellar/gcc/12.2.0/include/c++/12]
  collapse include dir [/usr/local/Cellar/gcc/12.2.0/bin/../lib/gcc/current/gcc/x86_64-apple-darwin18/12/../../../../../../include/c++/12/x86_64-apple-darwin18] ==> [/usr/local/Cellar/gcc/12.2.0/include/c++/12/x86_64-apple-darwin18]
  collapse include dir [/usr/local/Cellar/gcc/12.2.0/bin/../lib/gcc/current/gcc/x86_64-apple-darwin18/12/../../../../../../include/c++/12/backward] ==> [/usr/local/Cellar/gcc/12.2.0/include/c++/12/backward]
  collapse include dir [/usr/local/Cellar/gcc/12.2.0/bin/../lib/gcc/current/gcc/x86_64-apple-darwin18/12/include] ==> [/usr/local/Cellar/gcc/12.2.0/lib/gcc/current/gcc/x86_64-apple-darwin18/12/include]
  collapse include dir [/usr/local/Cellar/gcc/12.2.0/bin/../lib/gcc/current/gcc/x86_64-apple-darwin18/12/include-fixed] ==> [/usr/local/Cellar/gcc/12.2.0/lib/gcc/current/gcc/x86_64-apple-darwin18/12/include-fixed]
  collapse include dir [/Library/Developer/CommandLineTools/SDKs/MacOSX10.14.sdk/usr/include] ==> [/Library/Developer/CommandLineTools/SDKs/MacOSX10.14.sdk/usr/include]
  collapse include dir [/Library/Developer/CommandLineTools/SDKs/MacOSX10.14.sdk/System/Library/Frameworks] ==> [/Library/Developer/CommandLineTools/SDKs/MacOSX10.14.sdk/System/Library/Frameworks]
  implicit include dirs: [/usr/local/Cellar/gcc/12.2.0/include/c++/12;/usr/local/Cellar/gcc/12.2.0/include/c++/12/x86_64-apple-darwin18;/usr/local/Cellar/gcc/12.2.0/include/c++/12/backward;/usr/local/Cellar/gcc/12.2.0/lib/gcc/current/gcc/x86_64-apple-darwin18/12/include;/usr/local/Cellar/gcc/12.2.0/lib/gcc/current/gcc/x86_64-apple-darwin18/12/include-fixed;/Library/Developer/CommandLineTools/SDKs/MacOSX10.14.sdk/usr/include;/Library/Developer/CommandLineTools/SDKs/MacOSX10.14.sdk/System/Library/Frameworks]


Parsed CXX implicit link information from above output:
  link line regex: [^( *|.*[/\])(ld|CMAKE_LINK_STARTFILE-NOTFOUND|([^/\]+-)?ld|collect2)[^/\]*( |$)]
  ignore line: [Change Dir: /Users/larissa/Desktop/Uni/Master/1.Sem_WS22:23/Algorithm Engineering/Algorithm-Engineering-Git/Projekt/cmake-build-release-gcc/CMakeFiles/CMakeTmp]
  ignore line: []
  ignore line: [Run Build Command(s):/Applications/CLion.app/Contents/bin/ninja/mac/ninja cmTC_226f6 && [1/2] Building CXX object CMakeFiles/cmTC_226f6.dir/CMakeCXXCompilerABI.cpp.o]
  ignore line: [Using built-in specs.]
  ignore line: [COLLECT_GCC=/usr/local/bin/gcc-12]
  ignore line: [Target: x86_64-apple-darwin18]
  ignore line: [Configured with: ../configure --prefix=/usr/local/opt/gcc --libdir=/usr/local/opt/gcc/lib/gcc/current --disable-nls --enable-checking=release --with-gcc-major-version-only --enable-languages=c c++ objc obj-c++ fortran --program-suffix=-12 --with-gmp=/usr/local/opt/gmp --with-mpfr=/usr/local/opt/mpfr --with-mpc=/usr/local/opt/libmpc --with-isl=/usr/local/opt/isl --with-zstd=/usr/local/opt/zstd --with-pkgversion='Homebrew GCC 12.2.0' --with-bugurl=https://github.com/Homebrew/homebrew-core/issues --with-system-zlib --build=x86_64-apple-darwin18 --with-sysroot=/Library/Developer/CommandLineTools/SDKs/MacOSX10.14.sdk]
  ignore line: [Thread model: posix]
  ignore line: [Supported LTO compression algorithms: zlib zstd]
  ignore line: [gcc version 12.2.0 (Homebrew GCC 12.2.0) ]
  ignore line: [COLLECT_GCC_OPTIONS='-isysroot' '/Library/Developer/CommandLineTools/SDKs/MacOSX10.14.sdk' '-v' '-o' 'CMakeFiles/cmTC_226f6.dir/CMakeCXXCompilerABI.cpp.o' '-c' '-mmacosx-version-min=10.14.0' '-asm_macosx_version_min=10.14' '-nodefaultexport' '-mtune=core2' '-dumpdir' 'CMakeFiles/cmTC_226f6.dir/']
  ignore line: [ /usr/local/Cellar/gcc/12.2.0/bin/../libexec/gcc/x86_64-apple-darwin18/12/cc1plus -quiet -v -iprefix /usr/local/Cellar/gcc/12.2.0/bin/../lib/gcc/current/gcc/x86_64-apple-darwin18/12/ -D__DYNAMIC__ -isysroot /Library/Developer/CommandLineTools/SDKs/MacOSX10.14.sdk /Applications/CLion.app/Contents/bin/cmake/mac/share/cmake-3.23/Modules/CMakeCXXCompilerABI.cpp -fPIC -quiet -dumpdir CMakeFiles/cmTC_226f6.dir/ -dumpbase CMakeCXXCompilerABI.cpp.cpp -dumpbase-ext .cpp -mmacosx-version-min=10.14.0 -mtune=core2 -version -o /var/folders/j7/r_zbb92x5v9f6qrz3dm8ftdr0000gn/T//cc8O67y9.s]
  ignore line: [GNU C++17 (Homebrew GCC 12.2.0) version 12.2.0 (x86_64-apple-darwin18)]
  ignore line: [	compiled by GNU C version 12.2.0  GMP version 6.2.1  MPFR version 4.1.0-p13  MPC version 1.2.1  isl version isl-0.25-GMP]
  ignore line: []
  ignore line: [GGC heuristics: --param ggc-min-expand=100 --param ggc-min-heapsize=131072]
  ignore line: [ignoring nonexistent directory "/usr/local/Cellar/gcc/12.2.0/bin/../lib/gcc/current/gcc/x86_64-apple-darwin18/12/../../../../../../x86_64-apple-darwin18/include"]
  ignore line: [ignoring duplicate directory "/usr/local/Cellar/gcc/12.2.0/bin/../lib/gcc/current/gcc/../../../../lib/gcc/current/gcc/x86_64-apple-darwin18/12/../../../../../../include/c++/12"]
  ignore line: [ignoring duplicate directory "/usr/local/Cellar/gcc/12.2.0/bin/../lib/gcc/current/gcc/../../../../lib/gcc/current/gcc/x86_64-apple-darwin18/12/../../../../../../include/c++/12/x86_64-apple-darwin18"]
  ignore line: [ignoring duplicate directory "/usr/local/Cellar/gcc/12.2.0/bin/../lib/gcc/current/gcc/../../../../lib/gcc/current/gcc/x86_64-apple-darwin18/12/../../../../../../include/c++/12/backward"]
  ignore line: [ignoring duplicate directory "/usr/local/Cellar/gcc/12.2.0/bin/../lib/gcc/current/gcc/../../../../lib/gcc/current/gcc/x86_64-apple-darwin18/12/include"]
  ignore line: [ignoring nonexistent directory "/Library/Developer/CommandLineTools/SDKs/MacOSX10.14.sdk/usr/local/include"]
  ignore line: [ignoring duplicate directory "/usr/local/Cellar/gcc/12.2.0/bin/../lib/gcc/current/gcc/../../../../lib/gcc/current/gcc/x86_64-apple-darwin18/12/include-fixed"]
  ignore line: [ignoring nonexistent directory "/usr/local/Cellar/gcc/12.2.0/bin/../lib/gcc/current/gcc/../../../../lib/gcc/current/gcc/x86_64-apple-darwin18/12/../../../../../../x86_64-apple-darwin18/include"]
  ignore line: [ignoring nonexistent directory "/Library/Developer/CommandLineTools/SDKs/MacOSX10.14.sdk/Library/Frameworks"]
  ignore line: [#include "..." search starts here:]
  ignore line: [#include <...> search starts here:]
  ignore line: [ /usr/local/Cellar/gcc/12.2.0/bin/../lib/gcc/current/gcc/x86_64-apple-darwin18/12/../../../../../../include/c++/12]
  ignore line: [ /usr/local/Cellar/gcc/12.2.0/bin/../lib/gcc/current/gcc/x86_64-apple-darwin18/12/../../../../../../include/c++/12/x86_64-apple-darwin18]
  ignore line: [ /usr/local/Cellar/gcc/12.2.0/bin/../lib/gcc/current/gcc/x86_64-apple-darwin18/12/../../../../../../include/c++/12/backward]
  ignore line: [ /usr/local/Cellar/gcc/12.2.0/bin/../lib/gcc/current/gcc/x86_64-apple-darwin18/12/include]
  ignore line: [ /usr/local/Cellar/gcc/12.2.0/bin/../lib/gcc/current/gcc/x86_64-apple-darwin18/12/include-fixed]
  ignore line: [ /Library/Developer/CommandLineTools/SDKs/MacOSX10.14.sdk/usr/include]
  ignore line: [ /Library/Developer/CommandLineTools/SDKs/MacOSX10.14.sdk/System/Library/Frameworks]
  ignore line: [End of search list.]
  ignore line: [GNU C++17 (Homebrew GCC 12.2.0) version 12.2.0 (x86_64-apple-darwin18)]
  ignore line: [	compiled by GNU C version 12.2.0  GMP version 6.2.1  MPFR version 4.1.0-p13  MPC version 1.2.1  isl version isl-0.25-GMP]
  ignore line: []
  ignore line: [GGC heuristics: --param ggc-min-expand=100 --param ggc-min-heapsize=131072]
  ignore line: [Compiler executable checksum: 9d4dfdc6672d87136ae150aee4cfcdc0]
  ignore line: [COLLECT_GCC_OPTIONS='-isysroot' '/Library/Developer/CommandLineTools/SDKs/MacOSX10.14.sdk' '-v' '-o' 'CMakeFiles/cmTC_226f6.dir/CMakeCXXCompilerABI.cpp.o' '-c' '-mmacosx-version-min=10.14.0'  '-nodefaultexport' '-mtune=core2' '-dumpdir' 'CMakeFiles/cmTC_226f6.dir/']
  ignore line: [ as -arch x86_64 -v -mmacosx-version-min=10.14 -force_cpusubtype_ALL -o CMakeFiles/cmTC_226f6.dir/CMakeCXXCompilerABI.cpp.o /var/folders/j7/r_zbb92x5v9f6qrz3dm8ftdr0000gn/T//cc8O67y9.s]
  ignore line: [Apple LLVM version 10.0.1 (clang-1001.0.46.4)]
  ignore line: [Target: x86_64-apple-darwin18.7.0]
  ignore line: [Thread model: posix]
  ignore line: [InstalledDir: /Library/Developer/CommandLineTools/usr/bin]
  ignore line: [ "/Library/Developer/CommandLineTools/usr/bin/clang" -cc1as -triple x86_64-apple-macosx10.14.0 -filetype obj -main-file-name cc8O67y9.s -target-cpu penryn -fdebug-compilation-dir /Users/larissa/Desktop/Uni/Master/1.Sem_WS22:23/Algorithm Engineering/Algorithm-Engineering-Git/Projekt/cmake-build-release-gcc/CMakeFiles/CMakeTmp -dwarf-debug-producer Apple LLVM version 10.0.1 (clang-1001.0.46.4) -dwarf-version=4 -mrelocation-model pic -o CMakeFiles/cmTC_226f6.dir/CMakeCXXCompilerABI.cpp.o /var/folders/j7/r_zbb92x5v9f6qrz3dm8ftdr0000gn/T//cc8O67y9.s]
  ignore line: [COMPILER_PATH=/usr/local/Cellar/gcc/12.2.0/bin/../libexec/gcc/x86_64-apple-darwin18/12/:/usr/local/Cellar/gcc/12.2.0/bin/../libexec/gcc/]
  ignore line: [LIBRARY_PATH=/usr/local/Cellar/gcc/12.2.0/bin/../lib/gcc/current/gcc/x86_64-apple-darwin18/12/:/usr/local/Cellar/gcc/12.2.0/bin/../lib/gcc/current/gcc/:/usr/local/Cellar/gcc/12.2.0/bin/../lib/gcc/current/gcc/x86_64-apple-darwin18/12/../../../]
  ignore line: [COLLECT_GCC_OPTIONS='-isysroot' '/Library/Developer/CommandLineTools/SDKs/MacOSX10.14.sdk' '-v' '-o' 'CMakeFiles/cmTC_226f6.dir/CMakeCXXCompilerABI.cpp.o' '-c' '-mmacosx-version-min=10.14.0'  '-nodefaultexport' '-mtune=core2' '-dumpdir' 'CMakeFiles/cmTC_226f6.dir/CMakeCXXCompilerABI.cpp.']
  ignore line: [[2/2] Linking CXX executable cmTC_226f6]
  ignore line: [Using built-in specs.]
  ignore line: [COLLECT_GCC=/usr/local/bin/gcc-12]
  ignore line: [COLLECT_LTO_WRAPPER=/usr/local/Cellar/gcc/12.2.0/bin/../libexec/gcc/x86_64-apple-darwin18/12/lto-wrapper]
  ignore line: [Target: x86_64-apple-darwin18]
  ignore line: [Configured with: ../configure --prefix=/usr/local/opt/gcc --libdir=/usr/local/opt/gcc/lib/gcc/current --disable-nls --enable-checking=release --with-gcc-major-version-only --enable-languages=c c++ objc obj-c++ fortran --program-suffix=-12 --with-gmp=/usr/local/opt/gmp --with-mpfr=/usr/local/opt/mpfr --with-mpc=/usr/local/opt/libmpc --with-isl=/usr/local/opt/isl --with-zstd=/usr/local/opt/zstd --with-pkgversion='Homebrew GCC 12.2.0' --with-bugurl=https://github.com/Homebrew/homebrew-core/issues --with-system-zlib --build=x86_64-apple-darwin18 --with-sysroot=/Library/Developer/CommandLineTools/SDKs/MacOSX10.14.sdk]
  ignore line: [Thread model: posix]
  ignore line: [Supported LTO compression algorithms: zlib zstd]
  ignore line: [gcc version 12.2.0 (Homebrew GCC 12.2.0) ]
  ignore line: [COMPILER_PATH=/usr/local/Cellar/gcc/12.2.0/bin/../libexec/gcc/x86_64-apple-darwin18/12/:/usr/local/Cellar/gcc/12.2.0/bin/../libexec/gcc/]
  ignore line: [LIBRARY_PATH=/usr/local/Cellar/gcc/12.2.0/bin/../lib/gcc/current/gcc/x86_64-apple-darwin18/12/:/usr/local/Cellar/gcc/12.2.0/bin/../lib/gcc/current/gcc/:/usr/local/Cellar/gcc/12.2.0/bin/../lib/gcc/current/gcc/x86_64-apple-darwin18/12/../../../]
  ignore line: [COLLECT_GCC_OPTIONS='-isysroot' '/Library/Developer/CommandLineTools/SDKs/MacOSX10.14.sdk' '-v' '-o' 'cmTC_226f6' '-mmacosx-version-min=10.14.0' '-asm_macosx_version_min=10.14' '-nodefaultexport' '-mtune=core2' '-dumpdir' 'cmTC_226f6.']
  link line: [ /usr/local/Cellar/gcc/12.2.0/bin/../libexec/gcc/x86_64-apple-darwin18/12/collect2 -dynamic -arch x86_64 -syslibroot /Library/Developer/CommandLineTools/SDKs/MacOSX10.14.sdk -macosx_version_min 10.14.0 -o cmTC_226f6 -L/usr/local/Cellar/gcc/12.2.0/bin/../lib/gcc/current/gcc/x86_64-apple-darwin18/12 -L/usr/local/Cellar/gcc/12.2.0/bin/../lib/gcc/current/gcc -L/usr/local/Cellar/gcc/12.2.0/bin/../lib/gcc/current/gcc/x86_64-apple-darwin18/12/../../.. -search_paths_first -headerpad_max_install_names -v CMakeFiles/cmTC_226f6.dir/CMakeCXXCompilerABI.cpp.o -lemutls_w -lgcc -lSystem -no_compact_unwind -rpath @loader_path -rpath /usr/local/Cellar/gcc/12.2.0/lib/gcc/current/gcc/x86_64-apple-darwin18/12 -rpath /usr/local/Cellar/gcc/12.2.0/lib/gcc/current/gcc -rpath /usr/local/Cellar/gcc/12.2.0/lib/gcc/current]
    arg [/usr/local/Cellar/gcc/12.2.0/bin/../libexec/gcc/x86_64-apple-darwin18/12/collect2] ==> ignore
    arg [-dynamic] ==> ignore
    arg [-arch] ==> ignore
    arg [x86_64] ==> ignore
    arg [-syslibroot] ==> ignore
    arg [/Library/Developer/CommandLineTools/SDKs/MacOSX10.14.sdk] ==> ignore
    arg [-macosx_version_min] ==> ignore
    arg [10.14.0] ==> ignore
    arg [-o] ==> ignore
    arg [cmTC_226f6] ==> ignore
    arg [-L/usr/local/Cellar/gcc/12.2.0/bin/../lib/gcc/current/gcc/x86_64-apple-darwin18/12] ==> dir [/usr/local/Cellar/gcc/12.2.0/bin/../lib/gcc/current/gcc/x86_64-apple-darwin18/12]
    arg [-L/usr/local/Cellar/gcc/12.2.0/bin/../lib/gcc/current/gcc] ==> dir [/usr/local/Cellar/gcc/12.2.0/bin/../lib/gcc/current/gcc]
    arg [-L/usr/local/Cellar/gcc/12.2.0/bin/../lib/gcc/current/gcc/x86_64-apple-darwin18/12/../../..] ==> dir [/usr/local/Cellar/gcc/12.2.0/bin/../lib/gcc/current/gcc/x86_64-apple-darwin18/12/../../..]
    arg [-search_paths_first] ==> ignore
    arg [-headerpad_max_install_names] ==> ignore
    arg [-v] ==> ignore
    arg [CMakeFiles/cmTC_226f6.dir/CMakeCXXCompilerABI.cpp.o] ==> ignore
    arg [-lemutls_w] ==> lib [emutls_w]
    arg [-lgcc] ==> lib [gcc]
    arg [-lSystem] ==> lib [System]
    arg [-no_compact_unwind] ==> ignore
    arg [-rpath] ==> ignore
    arg [@loader_path] ==> ignore
    arg [-rpath] ==> ignore
    arg [/usr/local/Cellar/gcc/12.2.0/lib/gcc/current/gcc/x86_64-apple-darwin18/12] ==> ignore
    arg [-rpath] ==> ignore
    arg [/usr/local/Cellar/gcc/12.2.0/lib/gcc/current/gcc] ==> ignore
    arg [-rpath] ==> ignore
    arg [/usr/local/Cellar/gcc/12.2.0/lib/gcc/current] ==> ignore
  Library search paths: [;/usr/local/Cellar/gcc/12.2.0/lib/gcc/current/gcc/x86_64-apple-darwin18/12;/usr/local/Cellar/gcc/12.2.0/lib/gcc/current/gcc;/usr/local/Cellar/gcc/12.2.0/lib/gcc/current;/Library/Developer/CommandLineTools/SDKs/MacOSX10.14.sdk/usr/lib]
  Framework search paths: [;/Library/Developer/CommandLineTools/SDKs/MacOSX10.14.sdk/System/Library/Frameworks/]
  remove lib [System]
  collapse library dir [/usr/local/Cellar/gcc/12.2.0/bin/../lib/gcc/current/gcc/x86_64-apple-darwin18/12] ==> [/usr/local/Cellar/gcc/12.2.0/lib/gcc/current/gcc/x86_64-apple-darwin18/12]
  collapse library dir [/usr/local/Cellar/gcc/12.2.0/bin/../lib/gcc/current/gcc] ==> [/usr/local/Cellar/gcc/12.2.0/lib/gcc/current/gcc]
  collapse library dir [/usr/local/Cellar/gcc/12.2.0/bin/../lib/gcc/current/gcc/x86_64-apple-darwin18/12/../../..] ==> [/usr/local/Cellar/gcc/12.2.0/lib/gcc/current]
  collapse library dir [/usr/local/Cellar/gcc/12.2.0/lib/gcc/current/gcc/x86_64-apple-darwin18/12] ==> [/usr/local/Cellar/gcc/12.2.0/lib/gcc/current/gcc/x86_64-apple-darwin18/12]
  collapse library dir [/usr/local/Cellar/gcc/12.2.0/lib/gcc/current/gcc] ==> [/usr/local/Cellar/gcc/12.2.0/lib/gcc/current/gcc]
  collapse library dir [/usr/local/Cellar/gcc/12.2.0/lib/gcc/current] ==> [/usr/local/Cellar/gcc/12.2.0/lib/gcc/current]
  collapse library dir [/Library/Developer/CommandLineTools/SDKs/MacOSX10.14.sdk/usr/lib] ==> [/Library/Developer/CommandLineTools/SDKs/MacOSX10.14.sdk/usr/lib]
  collapse framework dir [/Library/Developer/CommandLineTools/SDKs/MacOSX10.14.sdk/System/Library/Frameworks/] ==> [/Library/Developer/CommandLineTools/SDKs/MacOSX10.14.sdk/System/Library/Frameworks]
  implicit libs: [emutls_w;gcc]
  implicit objs: []
  implicit dirs: [/usr/local/Cellar/gcc/12.2.0/lib/gcc/current/gcc/x86_64-apple-darwin18/12;/usr/local/Cellar/gcc/12.2.0/lib/gcc/current/gcc;/usr/local/Cellar/gcc/12.2.0/lib/gcc/current;/Library/Developer/CommandLineTools/SDKs/MacOSX10.14.sdk/usr/lib]
  implicit fwks: [/Library/Developer/CommandLineTools/SDKs/MacOSX10.14.sdk/System/Library/Frameworks]


Detecting CXX OpenMP compiler ABI info compiled with the following output:
Change Dir: /Users/larissa/Desktop/Uni/Master/1.Sem_WS22:23/Algorithm Engineering/Algorithm-Engineering-Git/Projekt/cmake-build-release-gcc/CMakeFiles/CMakeTmp

Run Build Command(s):/Applications/CLion.app/Contents/bin/ninja/mac/ninja cmTC_64d55 && [1/2] Building CXX object CMakeFiles/cmTC_64d55.dir/OpenMPTryFlag.cpp.o
Using built-in specs.
COLLECT_GCC=/usr/local/bin/gcc-12
Target: x86_64-apple-darwin18
Configured with: ../configure --prefix=/usr/local/opt/gcc --libdir=/usr/local/opt/gcc/lib/gcc/current --disable-nls --enable-checking=release --with-gcc-major-version-only --enable-languages=c,c++,objc,obj-c++,fortran --program-suffix=-12 --with-gmp=/usr/local/opt/gmp --with-mpfr=/usr/local/opt/mpfr --with-mpc=/usr/local/opt/libmpc --with-isl=/usr/local/opt/isl --with-zstd=/usr/local/opt/zstd --with-pkgversion='Homebrew GCC 12.2.0' --with-bugurl=https://github.com/Homebrew/homebrew-core/issues --with-system-zlib --build=x86_64-apple-darwin18 --with-sysroot=/Library/Developer/CommandLineTools/SDKs/MacOSX10.14.sdk
Thread model: posix
Supported LTO compression algorithms: zlib zstd
gcc version 12.2.0 (Homebrew GCC 12.2.0) 
COLLECT_GCC_OPTIONS='-O2' '-march=native' '-fopenmp' '-v' '-isysroot' '/Library/Developer/CommandLineTools/SDKs/MacOSX10.14.sdk' '-std=c++11' '-o' 'CMakeFiles/cmTC_64d55.dir/OpenMPTryFlag.cpp.o' '-c' '-mmacosx-version-min=10.14.0' '-asm_macosx_version_min=10.14' '-nodefaultexport' '-dumpdir' 'CMakeFiles/cmTC_64d55.dir/'
 /usr/local/Cellar/gcc/12.2.0/bin/../libexec/gcc/x86_64-apple-darwin18/12/cc1plus -quiet -v -iprefix /usr/local/Cellar/gcc/12.2.0/bin/../lib/gcc/current/gcc/x86_64-apple-darwin18/12/ -D__DYNAMIC__ -isysroot /Library/Developer/CommandLineTools/SDKs/MacOSX10.14.sdk /Users/larissa/Desktop/Uni/Master/1.Sem_WS22:23/Algorithm Engineering/Algorithm-Engineering-Git/Projekt/cmake-build-release-gcc/CMakeFiles/FindOpenMP/OpenMPTryFlag.cpp -march=skylake -mmmx -mpopcnt -msse -msse2 -msse3 -mssse3 -msse4.1 -msse4.2 -mavx -mavx2 -mno-sse4a -mno-fma4 -mno-xop -mfma -mno-avx512f -mbmi -mbmi2 -maes -mpclmul -mno-avx512vl -mno-avx512bw -mno-avx512dq -mno-avx512cd -mno-avx512er -mno-avx512pf -mno-avx512vbmi -mno-avx512ifma -mno-avx5124vnniw -mno-avx5124fmaps -mno-avx512vpopcntdq -mno-avx512vbmi2 -mno-gfni -mno-vpclmulqdq -mno-avx512vnni -mno-avx512bitalg -mno-avx512bf16 -mno-avx512vp2intersect -mno-3dnow -madx -mabm -mno-cldemote -mclflushopt -mno-clwb -mno-clzero -mcx16 -mno-enqcmd -mf16c -mfsgsbase -mfxsr -mno-hle -msahf -mno-lwp -mlzcnt -mmovbe -mno-movdir64b -mno-movdiri -mno-mwaitx -mno-pconfig -mno-pku -mno-prefetchwt1 -mprfchw -mno-ptwrite -mno-rdpid -mrdrnd -mrdseed -mno-rtm -mno-serialize -msgx -mno-sha -mno-shstk -mno-tbm -mno-tsxldtrk -mno-vaes -mno-waitpkg -mno-wbnoinvd -mxsave -mxsavec -mxsaveopt -mxsaves -mno-amx-tile -mno-amx-int8 -mno-amx-bf16 -mno-uintr -mno-hreset -mno-kl -mno-widekl -mno-avxvnni -mno-avx512fp16 --param l1-cache-size=32 --param l1-cache-line-size=64 --param l2-cache-size=6144 -mtune=skylake -fPIC -quiet -dumpdir CMakeFiles/cmTC_64d55.dir/ -dumpbase OpenMPTryFlag.cpp.cpp -dumpbase-ext .cpp -mmacosx-version-min=10.14.0 -O2 -std=c++11 -version -fopenmp -o /var/folders/j7/r_zbb92x5v9f6qrz3dm8ftdr0000gn/T//cc2hlw0y.s
GNU C++11 (Homebrew GCC 12.2.0) version 12.2.0 (x86_64-apple-darwin18)
	compiled by GNU C version 12.2.0, GMP version 6.2.1, MPFR version 4.1.0-p13, MPC version 1.2.1, isl version isl-0.25-GMP

GGC heuristics: --param ggc-min-expand=100 --param ggc-min-heapsize=131072
ignoring nonexistent directory "/usr/local/Cellar/gcc/12.2.0/bin/../lib/gcc/current/gcc/x86_64-apple-darwin18/12/../../../../../../x86_64-apple-darwin18/include"
ignoring duplicate directory "/usr/local/Cellar/gcc/12.2.0/bin/../lib/gcc/current/gcc/../../../../lib/gcc/current/gcc/x86_64-apple-darwin18/12/../../../../../../include/c++/12"
ignoring duplicate directory "/usr/local/Cellar/gcc/12.2.0/bin/../lib/gcc/current/gcc/../../../../lib/gcc/current/gcc/x86_64-apple-darwin18/12/../../../../../../include/c++/12/x86_64-apple-darwin18"
ignoring duplicate directory "/usr/local/Cellar/gcc/12.2.0/bin/../lib/gcc/current/gcc/../../../../lib/gcc/current/gcc/x86_64-apple-darwin18/12/../../../../../../include/c++/12/backward"
ignoring duplicate directory "/usr/local/Cellar/gcc/12.2.0/bin/../lib/gcc/current/gcc/../../../../lib/gcc/current/gcc/x86_64-apple-darwin18/12/include"
ignoring nonexistent directory "/Library/Developer/CommandLineTools/SDKs/MacOSX10.14.sdk/usr/local/include"
ignoring duplicate directory "/usr/local/Cellar/gcc/12.2.0/bin/../lib/gcc/current/gcc/../../../../lib/gcc/current/gcc/x86_64-apple-darwin18/12/include-fixed"
ignoring nonexistent directory "/usr/local/Cellar/gcc/12.2.0/bin/../lib/gcc/current/gcc/../../../../lib/gcc/current/gcc/x86_64-apple-darwin18/12/../../../../../../x86_64-apple-darwin18/include"
ignoring nonexistent directory "/Library/Developer/CommandLineTools/SDKs/MacOSX10.14.sdk/Library/Frameworks"
#include "..." search starts here:
#include <...> search starts here:
 /usr/local/Cellar/gcc/12.2.0/bin/../lib/gcc/current/gcc/x86_64-apple-darwin18/12/../../../../../../include/c++/12
 /usr/local/Cellar/gcc/12.2.0/bin/../lib/gcc/current/gcc/x86_64-apple-darwin18/12/../../../../../../include/c++/12/x86_64-apple-darwin18
 /usr/local/Cellar/gcc/12.2.0/bin/../lib/gcc/current/gcc/x86_64-apple-darwin18/12/../../../../../../include/c++/12/backward
 /usr/local/Cellar/gcc/12.2.0/bin/../lib/gcc/current/gcc/x86_64-apple-darwin18/12/include
 /usr/local/Cellar/gcc/12.2.0/bin/../lib/gcc/current/gcc/x86_64-apple-darwin18/12/include-fixed
 /Library/Developer/CommandLineTools/SDKs/MacOSX10.14.sdk/usr/include
 /Library/Developer/CommandLineTools/SDKs/MacOSX10.14.sdk/System/Library/Frameworks
End of search list.
GNU C++11 (Homebrew GCC 12.2.0) version 12.2.0 (x86_64-apple-darwin18)
	compiled by GNU C version 12.2.0, GMP version 6.2.1, MPFR version 4.1.0-p13, MPC version 1.2.1, isl version isl-0.25-GMP

GGC heuristics: --param ggc-min-expand=100 --param ggc-min-heapsize=131072
Compiler executable checksum: 9d4dfdc6672d87136ae150aee4cfcdc0
COLLECT_GCC_OPTIONS='-O2' '-march=native' '-fopenmp' '-v' '-isysroot' '/Library/Developer/CommandLineTools/SDKs/MacOSX10.14.sdk' '-std=c++11' '-o' 'CMakeFiles/cmTC_64d55.dir/OpenMPTryFlag.cpp.o' '-c' '-mmacosx-version-min=10.14.0'  '-nodefaultexport' '-dumpdir' 'CMakeFiles/cmTC_64d55.dir/'
 as -arch x86_64 -v -mmacosx-version-min=10.14 -force_cpusubtype_ALL -o CMakeFiles/cmTC_64d55.dir/OpenMPTryFlag.cpp.o /var/folders/j7/r_zbb92x5v9f6qrz3dm8ftdr0000gn/T//cc2hlw0y.s
Apple LLVM version 10.0.1 (clang-1001.0.46.4)
Target: x86_64-apple-darwin18.7.0
Thread model: posix
InstalledDir: /Library/Developer/CommandLineTools/usr/bin
 "/Library/Developer/CommandLineTools/usr/bin/clang" -cc1as -triple x86_64-apple-macosx10.14.0 -filetype obj -main-file-name cc2hlw0y.s -target-cpu penryn -fdebug-compilation-dir /Users/larissa/Desktop/Uni/Master/1.Sem_WS22:23/Algorithm Engineering/Algorithm-Engineering-Git/Projekt/cmake-build-release-gcc/CMakeFiles/CMakeTmp -dwarf-debug-producer Apple LLVM version 10.0.1 (clang-1001.0.46.4) -dwarf-version=4 -mrelocation-model pic -o CMakeFiles/cmTC_64d55.dir/OpenMPTryFlag.cpp.o /var/folders/j7/r_zbb92x5v9f6qrz3dm8ftdr0000gn/T//cc2hlw0y.s
COMPILER_PATH=/usr/local/Cellar/gcc/12.2.0/bin/../libexec/gcc/x86_64-apple-darwin18/12/:/usr/local/Cellar/gcc/12.2.0/bin/../libexec/gcc/
LIBRARY_PATH=/usr/local/Cellar/gcc/12.2.0/bin/../lib/gcc/current/gcc/x86_64-apple-darwin18/12/:/usr/local/Cellar/gcc/12.2.0/bin/../lib/gcc/current/gcc/:/usr/local/Cellar/gcc/12.2.0/bin/../lib/gcc/current/gcc/x86_64-apple-darwin18/12/../../../
COLLECT_GCC_OPTIONS='-O2' '-march=native' '-fopenmp' '-v' '-isysroot' '/Library/Developer/CommandLineTools/SDKs/MacOSX10.14.sdk' '-std=c++11' '-o' 'CMakeFiles/cmTC_64d55.dir/OpenMPTryFlag.cpp.o' '-c' '-mmacosx-version-min=10.14.0'  '-nodefaultexport' '-dumpdir' 'CMakeFiles/cmTC_64d55.dir/OpenMPTryFlag.cpp.'
[2/2] Linking CXX executable cmTC_64d55
Using built-in specs.
COLLECT_GCC=/usr/local/bin/gcc-12
COLLECT_LTO_WRAPPER=/usr/local/Cellar/gcc/12.2.0/bin/../libexec/gcc/x86_64-apple-darwin18/12/lto-wrapper
Target: x86_64-apple-darwin18
Configured with: ../configure --prefix=/usr/local/opt/gcc --libdir=/usr/local/opt/gcc/lib/gcc/current --disable-nls --enable-checking=release --with-gcc-major-version-only --enable-languages=c,c++,objc,obj-c++,fortran --program-suffix=-12 --with-gmp=/usr/local/opt/gmp --with-mpfr=/usr/local/opt/mpfr --with-mpc=/usr/local/opt/libmpc --with-isl=/usr/local/opt/isl --with-zstd=/usr/local/opt/zstd --with-pkgversion='Homebrew GCC 12.2.0' --with-bugurl=https://github.com/Homebrew/homebrew-core/issues --with-system-zlib --build=x86_64-apple-darwin18 --with-sysroot=/Library/Developer/CommandLineTools/SDKs/MacOSX10.14.sdk
Thread model: posix
Supported LTO compression algorithms: zlib zstd
gcc version 12.2.0 (Homebrew GCC 12.2.0) 
COMPILER_PATH=/usr/local/Cellar/gcc/12.2.0/bin/../libexec/gcc/x86_64-apple-darwin18/12/:/usr/local/Cellar/gcc/12.2.0/bin/../libexec/gcc/
LIBRARY_PATH=/usr/local/Cellar/gcc/12.2.0/bin/../lib/gcc/current/gcc/x86_64-apple-darwin18/12/:/usr/local/Cellar/gcc/12.2.0/bin/../lib/gcc/current/gcc/:/usr/local/Cellar/gcc/12.2.0/bin/../lib/gcc/current/gcc/x86_64-apple-darwin18/12/../../../
COLLECT_GCC_OPTIONS='-O2' '-march=native' '-fopenmp' '-v' '-isysroot' '/Library/Developer/CommandLineTools/SDKs/MacOSX10.14.sdk' '-o' 'cmTC_64d55' '-v' '-mmacosx-version-min=10.14.0' '-asm_macosx_version_min=10.14' '-nodefaultexport' '-dumpdir' 'cmTC_64d55.'
 /usr/local/Cellar/gcc/12.2.0/bin/../libexec/gcc/x86_64-apple-darwin18/12/collect2 -dynamic -arch x86_64 -syslibroot /Library/Developer/CommandLineTools/SDKs/MacOSX10.14.sdk -macosx_version_min 10.14.0 -o cmTC_64d55 -L/usr/local/Cellar/gcc/12.2.0/bin/../lib/gcc/current/gcc/x86_64-apple-darwin18/12 -L/usr/local/Cellar/gcc/12.2.0/bin/../lib/gcc/current/gcc -L/usr/local/Cellar/gcc/12.2.0/bin/../lib/gcc/current/gcc/x86_64-apple-darwin18/12/../../.. -search_paths_first -headerpad_max_install_names CMakeFiles/cmTC_64d55.dir/OpenMPTryFlag.cpp.o -v -lgomp -lemutls_w -lgcc -lSystem -no_compact_unwind -rpath @loader_path -rpath /usr/local/Cellar/gcc/12.2.0/lib/gcc/current/gcc/x86_64-apple-darwin18/12 -rpath /usr/local/Cellar/gcc/12.2.0/lib/gcc/current/gcc -rpath /usr/local/Cellar/gcc/12.2.0/lib/gcc/current
collect2 version 12.2.0
/usr/bin/ld -dynamic -arch x86_64 -syslibroot /Library/Developer/CommandLineTools/SDKs/MacOSX10.14.sdk -macosx_version_min 10.14.0 -o cmTC_64d55 -L/usr/local/Cellar/gcc/12.2.0/bin/../lib/gcc/current/gcc/x86_64-apple-darwin18/12 -L/usr/local/Cellar/gcc/12.2.0/bin/../lib/gcc/current/gcc -L/usr/local/Cellar/gcc/12.2.0/bin/../lib/gcc/current/gcc/x86_64-apple-darwin18/12/../../.. -search_paths_first -headerpad_max_install_names CMakeFiles/cmTC_64d55.dir/OpenMPTryFlag.cpp.o -v -lgomp -lemutls_w -lgcc -lSystem -no_compact_unwind -rpath @loader_path -rpath /usr/local/Cellar/gcc/12.2.0/lib/gcc/current/gcc/x86_64-apple-darwin18/12 -rpath /usr/local/Cellar/gcc/12.2.0/lib/gcc/current/gcc -rpath /usr/local/Cellar/gcc/12.2.0/lib/gcc/current
@(#)PROGRAM:ld  PROJECT:ld64-450.3
BUILD 18:16:53 Apr  5 2019
configured to support archs: armv6 armv7 armv7s arm64 arm64e arm64_32 i386 x86_64 x86_64h armv6m armv7k armv7m armv7em
Library search paths:
	/usr/local/Cellar/gcc/12.2.0/lib/gcc/current/gcc/x86_64-apple-darwin18/12
	/usr/local/Cellar/gcc/12.2.0/lib/gcc/current/gcc
	/usr/local/Cellar/gcc/12.2.0/lib/gcc/current
	/Library/Developer/CommandLineTools/SDKs/MacOSX10.14.sdk/usr/lib
Framework search paths:
	/Library/Developer/CommandLineTools/SDKs/MacOSX10.14.sdk/System/Library/Frameworks/



Parsed CXX OpenMP implicit link information from above output:
  link line regex: [^( *|.*[/\])(ld|CMAKE_LINK_STARTFILE-NOTFOUND|([^/\]+-)?ld|collect2)[^/\]*( |$)]
  ignore line: [Change Dir: /Users/larissa/Desktop/Uni/Master/1.Sem_WS22:23/Algorithm Engineering/Algorithm-Engineering-Git/Projekt/cmake-build-release-gcc/CMakeFiles/CMakeTmp]
  ignore line: []
  ignore line: [Run Build Command(s):/Applications/CLion.app/Contents/bin/ninja/mac/ninja cmTC_64d55 && [1/2] Building CXX object CMakeFiles/cmTC_64d55.dir/OpenMPTryFlag.cpp.o]
  ignore line: [Using built-in specs.]
  ignore line: [COLLECT_GCC=/usr/local/bin/gcc-12]
  ignore line: [Target: x86_64-apple-darwin18]
  ignore line: [Configured with: ../configure --prefix=/usr/local/opt/gcc --libdir=/usr/local/opt/gcc/lib/gcc/current --disable-nls --enable-checking=release --with-gcc-major-version-only --enable-languages=c c++ objc obj-c++ fortran --program-suffix=-12 --with-gmp=/usr/local/opt/gmp --with-mpfr=/usr/local/opt/mpfr --with-mpc=/usr/local/opt/libmpc --with-isl=/usr/local/opt/isl --with-zstd=/usr/local/opt/zstd --with-pkgversion='Homebrew GCC 12.2.0' --with-bugurl=https://github.com/Homebrew/homebrew-core/issues --with-system-zlib --build=x86_64-apple-darwin18 --with-sysroot=/Library/Developer/CommandLineTools/SDKs/MacOSX10.14.sdk]
  ignore line: [Thread model: posix]
  ignore line: [Supported LTO compression algorithms: zlib zstd]
  ignore line: [gcc version 12.2.0 (Homebrew GCC 12.2.0) ]
  ignore line: [COLLECT_GCC_OPTIONS='-O2' '-march=native' '-fopenmp' '-v' '-isysroot' '/Library/Developer/CommandLineTools/SDKs/MacOSX10.14.sdk' '-std=c++11' '-o' 'CMakeFiles/cmTC_64d55.dir/OpenMPTryFlag.cpp.o' '-c' '-mmacosx-version-min=10.14.0' '-asm_macosx_version_min=10.14' '-nodefaultexport' '-dumpdir' 'CMakeFiles/cmTC_64d55.dir/']
  ignore line: [ /usr/local/Cellar/gcc/12.2.0/bin/../libexec/gcc/x86_64-apple-darwin18/12/cc1plus -quiet -v -iprefix /usr/local/Cellar/gcc/12.2.0/bin/../lib/gcc/current/gcc/x86_64-apple-darwin18/12/ -D__DYNAMIC__ -isysroot /Library/Developer/CommandLineTools/SDKs/MacOSX10.14.sdk /Users/larissa/Desktop/Uni/Master/1.Sem_WS22:23/Algorithm Engineering/Algorithm-Engineering-Git/Projekt/cmake-build-release-gcc/CMakeFiles/FindOpenMP/OpenMPTryFlag.cpp -march=skylake -mmmx -mpopcnt -msse -msse2 -msse3 -mssse3 -msse4.1 -msse4.2 -mavx -mavx2 -mno-sse4a -mno-fma4 -mno-xop -mfma -mno-avx512f -mbmi -mbmi2 -maes -mpclmul -mno-avx512vl -mno-avx512bw -mno-avx512dq -mno-avx512cd -mno-avx512er -mno-avx512pf -mno-avx512vbmi -mno-avx512ifma -mno-avx5124vnniw -mno-avx5124fmaps -mno-avx512vpopcntdq -mno-avx512vbmi2 -mno-gfni -mno-vpclmulqdq -mno-avx512vnni -mno-avx512bitalg -mno-avx512bf16 -mno-avx512vp2intersect -mno-3dnow -madx -mabm -mno-cldemote -mclflushopt -mno-clwb -mno-clzero -mcx16 -mno-enqcmd -mf16c -mfsgsbase -mfxsr -mno-hle -msahf -mno-lwp -mlzcnt -mmovbe -mno-movdir64b -mno-movdiri -mno-mwaitx -mno-pconfig -mno-pku -mno-prefetchwt1 -mprfchw -mno-ptwrite -mno-rdpid -mrdrnd -mrdseed -mno-rtm -mno-serialize -msgx -mno-sha -mno-shstk -mno-tbm -mno-tsxldtrk -mno-vaes -mno-waitpkg -mno-wbnoinvd -mxsave -mxsavec -mxsaveopt -mxsaves -mno-amx-tile -mno-amx-int8 -mno-amx-bf16 -mno-uintr -mno-hreset -mno-kl -mno-widekl -mno-avxvnni -mno-avx512fp16 --param l1-cache-size=32 --param l1-cache-line-size=64 --param l2-cache-size=6144 -mtune=skylake -fPIC -quiet -dumpdir CMakeFiles/cmTC_64d55.dir/ -dumpbase OpenMPTryFlag.cpp.cpp -dumpbase-ext .cpp -mmacosx-version-min=10.14.0 -O2 -std=c++11 -version -fopenmp -o /var/folders/j7/r_zbb92x5v9f6qrz3dm8ftdr0000gn/T//cc2hlw0y.s]
  ignore line: [GNU C++11 (Homebrew GCC 12.2.0) version 12.2.0 (x86_64-apple-darwin18)]
  ignore line: [	compiled by GNU C version 12.2.0  GMP version 6.2.1  MPFR version 4.1.0-p13  MPC version 1.2.1  isl version isl-0.25-GMP]
  ignore line: []
  ignore line: [GGC heuristics: --param ggc-min-expand=100 --param ggc-min-heapsize=131072]
  ignore line: [ignoring nonexistent directory "/usr/local/Cellar/gcc/12.2.0/bin/../lib/gcc/current/gcc/x86_64-apple-darwin18/12/../../../../../../x86_64-apple-darwin18/include"]
  ignore line: [ignoring duplicate directory "/usr/local/Cellar/gcc/12.2.0/bin/../lib/gcc/current/gcc/../../../../lib/gcc/current/gcc/x86_64-apple-darwin18/12/../../../../../../include/c++/12"]
  ignore line: [ignoring duplicate directory "/usr/local/Cellar/gcc/12.2.0/bin/../lib/gcc/current/gcc/../../../../lib/gcc/current/gcc/x86_64-apple-darwin18/12/../../../../../../include/c++/12/x86_64-apple-darwin18"]
  ignore line: [ignoring duplicate directory "/usr/local/Cellar/gcc/12.2.0/bin/../lib/gcc/current/gcc/../../../../lib/gcc/current/gcc/x86_64-apple-darwin18/12/../../../../../../include/c++/12/backward"]
  ignore line: [ignoring duplicate directory "/usr/local/Cellar/gcc/12.2.0/bin/../lib/gcc/current/gcc/../../../../lib/gcc/current/gcc/x86_64-apple-darwin18/12/include"]
  ignore line: [ignoring nonexistent directory "/Library/Developer/CommandLineTools/SDKs/MacOSX10.14.sdk/usr/local/include"]
  ignore line: [ignoring duplicate directory "/usr/local/Cellar/gcc/12.2.0/bin/../lib/gcc/current/gcc/../../../../lib/gcc/current/gcc/x86_64-apple-darwin18/12/include-fixed"]
  ignore line: [ignoring nonexistent directory "/usr/local/Cellar/gcc/12.2.0/bin/../lib/gcc/current/gcc/../../../../lib/gcc/current/gcc/x86_64-apple-darwin18/12/../../../../../../x86_64-apple-darwin18/include"]
  ignore line: [ignoring nonexistent directory "/Library/Developer/CommandLineTools/SDKs/MacOSX10.14.sdk/Library/Frameworks"]
  ignore line: [#include "..." search starts here:]
  ignore line: [#include <...> search starts here:]
  ignore line: [ /usr/local/Cellar/gcc/12.2.0/bin/../lib/gcc/current/gcc/x86_64-apple-darwin18/12/../../../../../../include/c++/12]
  ignore line: [ /usr/local/Cellar/gcc/12.2.0/bin/../lib/gcc/current/gcc/x86_64-apple-darwin18/12/../../../../../../include/c++/12/x86_64-apple-darwin18]
  ignore line: [ /usr/local/Cellar/gcc/12.2.0/bin/../lib/gcc/current/gcc/x86_64-apple-darwin18/12/../../../../../../include/c++/12/backward]
  ignore line: [ /usr/local/Cellar/gcc/12.2.0/bin/../lib/gcc/current/gcc/x86_64-apple-darwin18/12/include]
  ignore line: [ /usr/local/Cellar/gcc/12.2.0/bin/../lib/gcc/current/gcc/x86_64-apple-darwin18/12/include-fixed]
  ignore line: [ /Library/Developer/CommandLineTools/SDKs/MacOSX10.14.sdk/usr/include]
  ignore line: [ /Library/Developer/CommandLineTools/SDKs/MacOSX10.14.sdk/System/Library/Frameworks]
  ignore line: [End of search list.]
  ignore line: [GNU C++11 (Homebrew GCC 12.2.0) version 12.2.0 (x86_64-apple-darwin18)]
  ignore line: [	compiled by GNU C version 12.2.0  GMP version 6.2.1  MPFR version 4.1.0-p13  MPC version 1.2.1  isl version isl-0.25-GMP]
  ignore line: []
  ignore line: [GGC heuristics: --param ggc-min-expand=100 --param ggc-min-heapsize=131072]
  ignore line: [Compiler executable checksum: 9d4dfdc6672d87136ae150aee4cfcdc0]
  ignore line: [COLLECT_GCC_OPTIONS='-O2' '-march=native' '-fopenmp' '-v' '-isysroot' '/Library/Developer/CommandLineTools/SDKs/MacOSX10.14.sdk' '-std=c++11' '-o' 'CMakeFiles/cmTC_64d55.dir/OpenMPTryFlag.cpp.o' '-c' '-mmacosx-version-min=10.14.0'  '-nodefaultexport' '-dumpdir' 'CMakeFiles/cmTC_64d55.dir/']
  ignore line: [ as -arch x86_64 -v -mmacosx-version-min=10.14 -force_cpusubtype_ALL -o CMakeFiles/cmTC_64d55.dir/OpenMPTryFlag.cpp.o /var/folders/j7/r_zbb92x5v9f6qrz3dm8ftdr0000gn/T//cc2hlw0y.s]
  ignore line: [Apple LLVM version 10.0.1 (clang-1001.0.46.4)]
  ignore line: [Target: x86_64-apple-darwin18.7.0]
  ignore line: [Thread model: posix]
  ignore line: [InstalledDir: /Library/Developer/CommandLineTools/usr/bin]
  ignore line: [ "/Library/Developer/CommandLineTools/usr/bin/clang" -cc1as -triple x86_64-apple-macosx10.14.0 -filetype obj -main-file-name cc2hlw0y.s -target-cpu penryn -fdebug-compilation-dir /Users/larissa/Desktop/Uni/Master/1.Sem_WS22:23/Algorithm Engineering/Algorithm-Engineering-Git/Projekt/cmake-build-release-gcc/CMakeFiles/CMakeTmp -dwarf-debug-producer Apple LLVM version 10.0.1 (clang-1001.0.46.4) -dwarf-version=4 -mrelocation-model pic -o CMakeFiles/cmTC_64d55.dir/OpenMPTryFlag.cpp.o /var/folders/j7/r_zbb92x5v9f6qrz3dm8ftdr0000gn/T//cc2hlw0y.s]
  ignore line: [COMPILER_PATH=/usr/local/Cellar/gcc/12.2.0/bin/../libexec/gcc/x86_64-apple-darwin18/12/:/usr/local/Cellar/gcc/12.2.0/bin/../libexec/gcc/]
  ignore line: [LIBRARY_PATH=/usr/local/Cellar/gcc/12.2.0/bin/../lib/gcc/current/gcc/x86_64-apple-darwin18/12/:/usr/local/Cellar/gcc/12.2.0/bin/../lib/gcc/current/gcc/:/usr/local/Cellar/gcc/12.2.0/bin/../lib/gcc/current/gcc/x86_64-apple-darwin18/12/../../../]
  ignore line: [COLLECT_GCC_OPTIONS='-O2' '-march=native' '-fopenmp' '-v' '-isysroot' '/Library/Developer/CommandLineTools/SDKs/MacOSX10.14.sdk' '-std=c++11' '-o' 'CMakeFiles/cmTC_64d55.dir/OpenMPTryFlag.cpp.o' '-c' '-mmacosx-version-min=10.14.0'  '-nodefaultexport' '-dumpdir' 'CMakeFiles/cmTC_64d55.dir/OpenMPTryFlag.cpp.']
  ignore line: [[2/2] Linking CXX executable cmTC_64d55]
  ignore line: [Using built-in specs.]
  ignore line: [COLLECT_GCC=/usr/local/bin/gcc-12]
  ignore line: [COLLECT_LTO_WRAPPER=/usr/local/Cellar/gcc/12.2.0/bin/../libexec/gcc/x86_64-apple-darwin18/12/lto-wrapper]
  ignore line: [Target: x86_64-apple-darwin18]
  ignore line: [Configured with: ../configure --prefix=/usr/local/opt/gcc --libdir=/usr/local/opt/gcc/lib/gcc/current --disable-nls --enable-checking=release --with-gcc-major-version-only --enable-languages=c c++ objc obj-c++ fortran --program-suffix=-12 --with-gmp=/usr/local/opt/gmp --with-mpfr=/usr/local/opt/mpfr --with-mpc=/usr/local/opt/libmpc --with-isl=/usr/local/opt/isl --with-zstd=/usr/local/opt/zstd --with-pkgversion='Homebrew GCC 12.2.0' --with-bugurl=https://github.com/Homebrew/homebrew-core/issues --with-system-zlib --build=x86_64-apple-darwin18 --with-sysroot=/Library/Developer/CommandLineTools/SDKs/MacOSX10.14.sdk]
  ignore line: [Thread model: posix]
  ignore line: [Supported LTO compression algorithms: zlib zstd]
  ignore line: [gcc version 12.2.0 (Homebrew GCC 12.2.0) ]
  ignore line: [COMPILER_PATH=/usr/local/Cellar/gcc/12.2.0/bin/../libexec/gcc/x86_64-apple-darwin18/12/:/usr/local/Cellar/gcc/12.2.0/bin/../libexec/gcc/]
  ignore line: [LIBRARY_PATH=/usr/local/Cellar/gcc/12.2.0/bin/../lib/gcc/current/gcc/x86_64-apple-darwin18/12/:/usr/local/Cellar/gcc/12.2.0/bin/../lib/gcc/current/gcc/:/usr/local/Cellar/gcc/12.2.0/bin/../lib/gcc/current/gcc/x86_64-apple-darwin18/12/../../../]
  ignore line: [COLLECT_GCC_OPTIONS='-O2' '-march=native' '-fopenmp' '-v' '-isysroot' '/Library/Developer/CommandLineTools/SDKs/MacOSX10.14.sdk' '-o' 'cmTC_64d55' '-v' '-mmacosx-version-min=10.14.0' '-asm_macosx_version_min=10.14' '-nodefaultexport' '-dumpdir' 'cmTC_64d55.']
  link line: [ /usr/local/Cellar/gcc/12.2.0/bin/../libexec/gcc/x86_64-apple-darwin18/12/collect2 -dynamic -arch x86_64 -syslibroot /Library/Developer/CommandLineTools/SDKs/MacOSX10.14.sdk -macosx_version_min 10.14.0 -o cmTC_64d55 -L/usr/local/Cellar/gcc/12.2.0/bin/../lib/gcc/current/gcc/x86_64-apple-darwin18/12 -L/usr/local/Cellar/gcc/12.2.0/bin/../lib/gcc/current/gcc -L/usr/local/Cellar/gcc/12.2.0/bin/../lib/gcc/current/gcc/x86_64-apple-darwin18/12/../../.. -search_paths_first -headerpad_max_install_names CMakeFiles/cmTC_64d55.dir/OpenMPTryFlag.cpp.o -v -lgomp -lemutls_w -lgcc -lSystem -no_compact_unwind -rpath @loader_path -rpath /usr/local/Cellar/gcc/12.2.0/lib/gcc/current/gcc/x86_64-apple-darwin18/12 -rpath /usr/local/Cellar/gcc/12.2.0/lib/gcc/current/gcc -rpath /usr/local/Cellar/gcc/12.2.0/lib/gcc/current]
    arg [/usr/local/Cellar/gcc/12.2.0/bin/../libexec/gcc/x86_64-apple-darwin18/12/collect2] ==> ignore
    arg [-dynamic] ==> ignore
    arg [-arch] ==> ignore
    arg [x86_64] ==> ignore
    arg [-syslibroot] ==> ignore
    arg [/Library/Developer/CommandLineTools/SDKs/MacOSX10.14.sdk] ==> ignore
    arg [-macosx_version_min] ==> ignore
    arg [10.14.0] ==> ignore
    arg [-o] ==> ignore
    arg [cmTC_64d55] ==> ignore
    arg [-L/usr/local/Cellar/gcc/12.2.0/bin/../lib/gcc/current/gcc/x86_64-apple-darwin18/12] ==> dir [/usr/local/Cellar/gcc/12.2.0/bin/../lib/gcc/current/gcc/x86_64-apple-darwin18/12]
    arg [-L/usr/local/Cellar/gcc/12.2.0/bin/../lib/gcc/current/gcc] ==> dir [/usr/local/Cellar/gcc/12.2.0/bin/../lib/gcc/current/gcc]
    arg [-L/usr/local/Cellar/gcc/12.2.0/bin/../lib/gcc/current/gcc/x86_64-apple-darwin18/12/../../..] ==> dir [/usr/local/Cellar/gcc/12.2.0/bin/../lib/gcc/current/gcc/x86_64-apple-darwin18/12/../../..]
    arg [-search_paths_first] ==> ignore
    arg [-headerpad_max_install_names] ==> ignore
    arg [CMakeFiles/cmTC_64d55.dir/OpenMPTryFlag.cpp.o] ==> ignore
    arg [-v] ==> ignore
    arg [-lgomp] ==> lib [gomp]
    arg [-lemutls_w] ==> lib [emutls_w]
    arg [-lgcc] ==> lib [gcc]
    arg [-lSystem] ==> lib [System]
    arg [-no_compact_unwind] ==> ignore
    arg [-rpath] ==> ignore
    arg [@loader_path] ==> ignore
    arg [-rpath] ==> ignore
    arg [/usr/local/Cellar/gcc/12.2.0/lib/gcc/current/gcc/x86_64-apple-darwin18/12] ==> ignore
    arg [-rpath] ==> ignore
    arg [/usr/local/Cellar/gcc/12.2.0/lib/gcc/current/gcc] ==> ignore
    arg [-rpath] ==> ignore
    arg [/usr/local/Cellar/gcc/12.2.0/lib/gcc/current] ==> ignore
  Library search paths: [;/usr/local/Cellar/gcc/12.2.0/lib/gcc/current/gcc/x86_64-apple-darwin18/12;/usr/local/Cellar/gcc/12.2.0/lib/gcc/current/gcc;/usr/local/Cellar/gcc/12.2.0/lib/gcc/current;/Library/Developer/CommandLineTools/SDKs/MacOSX10.14.sdk/usr/lib]
  Framework search paths: [;/Library/Developer/CommandLineTools/SDKs/MacOSX10.14.sdk/System/Library/Frameworks/]
  remove lib [System]
  collapse library dir [/usr/local/Cellar/gcc/12.2.0/bin/../lib/gcc/current/gcc/x86_64-apple-darwin18/12] ==> [/usr/local/Cellar/gcc/12.2.0/lib/gcc/current/gcc/x86_64-apple-darwin18/12]
  collapse library dir [/usr/local/Cellar/gcc/12.2.0/bin/../lib/gcc/current/gcc] ==> [/usr/local/Cellar/gcc/12.2.0/lib/gcc/current/gcc]
  collapse library dir [/usr/local/Cellar/gcc/12.2.0/bin/../lib/gcc/current/gcc/x86_64-apple-darwin18/12/../../..] ==> [/usr/local/Cellar/gcc/12.2.0/lib/gcc/current]
  collapse library dir [/usr/local/Cellar/gcc/12.2.0/lib/gcc/current/gcc/x86_64-apple-darwin18/12] ==> [/usr/local/Cellar/gcc/12.2.0/lib/gcc/current/gcc/x86_64-apple-darwin18/12]
  collapse library dir [/usr/local/Cellar/gcc/12.2.0/lib/gcc/current/gcc] ==> [/usr/local/Cellar/gcc/12.2.0/lib/gcc/current/gcc]
  collapse library dir [/usr/local/Cellar/gcc/12.2.0/lib/gcc/current] ==> [/usr/local/Cellar/gcc/12.2.0/lib/gcc/current]
  collapse library dir [/Library/Developer/CommandLineTools/SDKs/MacOSX10.14.sdk/usr/lib] ==> [/Library/Developer/CommandLineTools/SDKs/MacOSX10.14.sdk/usr/lib]
  collapse framework dir [/Library/Developer/CommandLineTools/SDKs/MacOSX10.14.sdk/System/Library/Frameworks/] ==> [/Library/Developer/CommandLineTools/SDKs/MacOSX10.14.sdk/System/Library/Frameworks]
  implicit libs: [gomp;emutls_w;gcc]
  implicit objs: []
  implicit dirs: [/usr/local/Cellar/gcc/12.2.0/lib/gcc/current/gcc/x86_64-apple-darwin18/12;/usr/local/Cellar/gcc/12.2.0/lib/gcc/current/gcc;/usr/local/Cellar/gcc/12.2.0/lib/gcc/current;/Library/Developer/CommandLineTools/SDKs/MacOSX10.14.sdk/usr/lib]
  implicit fwks: [/Library/Developer/CommandLineTools/SDKs/MacOSX10.14.sdk/System/Library/Frameworks]


