
1499216 : 0x6ef1262ca555a : 1 : spill_jit_data :  Jit agent is not initialized
1499184 : 0x6ef1262cb1e7f : 2 : ittapi_config_mask_get :  --itt-config mask to be applied: 55
1499184 : 0x6ef1262cb87fc : 2 : ittapi_config_apply_per_lib :  ITTAPI function instrumented: __itt_domain_create
1499184 : 0x6ef1262cba71c : 2 : ittapi_config_apply_per_lib :  ITTAPI function instrumented: __itt_module_load_with_sections
1499184 : 0x6ef1262cbc7cf : 2 : ittapi_config_apply_per_lib :  ITTAPI function not implemented: __itt_module_unload_with_sections
1499184 : 0x6ef1262cbe9e0 : 2 : ittapi_config_apply_per_lib :  ITTAPI function instrumented: __itt_string_handle_create
1499184 : 0x6ef1262cbfdb5 : 2 : ittapi_config_apply_per_lib :  ITTAPI function instrumented: __itt_counter_create
1499184 : 0x6ef1262cc0f65 : 2 : ittapi_config_apply_per_lib :  ITTAPI function instrumented: __itt_counter_create_typed
1499184 : 0x6ef1262cc23ba : 2 : ittapi_config_apply_per_lib :  ITTAPI function instrumented: __itt_pause
1499184 : 0x6ef1262ccf961 : 2 : ittapi_config_apply_per_lib :  ITTAPI function instrumented: __itt_resume
1499184 : 0x6ef1262cece6e : 2 : ittapi_config_apply_per_lib :  ITTAPI function instrumented: __itt_thread_set_name
1499184 : 0x6ef1262cee478 : 2 : ittapi_config_apply_per_lib :  ITTAPI function instrumented: __itt_thread_ignore
1499184 : 0x6ef1262cef956 : 2 : ittapi_config_apply_per_lib :  ITTAPI function instrumented: __itt_thr_name_set
1499184 : 0x6ef1262cf0c02 : 2 : ittapi_config_apply_per_lib :  ITTAPI function instrumented: __itt_thr_ignore
1499184 : 0x6ef1262cf1e2b : 2 : ittapi_config_apply_per_lib :  ITTAPI function instrumented: __itt_histogram_create
1499184 : 0x6ef1262cf3a53 : 2 : ittapi_config_apply_per_lib :  ITTAPI function not implemented: __itt_enable_attach
1499184 : 0x6ef1262cf4d95 : 2 : ittapi_config_apply_per_lib :  ITTAPI function instrumented: __itt_detach
1499184 : 0x6ef1262cf5e43 : 2 : ittapi_config_apply_per_lib :  ITTAPI function NOT instrumented (not matched by --itt-config option): __itt_sync_create

1499184 : 0x6ef1262cf701b : 2 : ittapi_config_apply_per_lib :  ITTAPI function NOT instrumented (not matched by --itt-config option): __itt_sync_rename

1499184 : 0x6ef1262cf7f40 : 2 : ittapi_config_apply_per_lib :  ITTAPI function NOT instrumented (not matched by --itt-config option): __itt_sync_destroy

1499184 : 0x6ef1262d0d36d : 2 : ittapi_config_apply_per_lib :  ITTAPI function NOT instrumented (not matched by --itt-config option): __itt_sync_prepare

1499184 : 0x6ef1262d0e633 : 2 : ittapi_config_apply_per_lib :  ITTAPI function NOT instrumented (not matched by --itt-config option): __itt_sync_cancel

1499184 : 0x6ef1262d0f64a : 2 : ittapi_config_apply_per_lib :  ITTAPI function NOT instrumented (not matched by --itt-config option): __itt_sync_acquired

1499184 : 0x6ef1262d105ba : 2 : ittapi_config_apply_per_lib :  ITTAPI function NOT instrumented (not matched by --itt-config option): __itt_sync_releasing

1499184 : 0x6ef1262d134c2 : 2 : ittapi_config_apply_per_lib :  ITTAPI function not implemented: __itt_suppress_push
1499184 : 0x6ef1262d21ec9 : 2 : ittapi_config_apply_per_lib :  ITTAPI function not implemented: __itt_suppress_pop
1499184 : 0x6ef1262d23370 : 2 : ittapi_config_apply_per_lib :  ITTAPI function not implemented: __itt_suppress_mark_range
1499184 : 0x6ef1262d24865 : 2 : ittapi_config_apply_per_lib :  ITTAPI function not implemented: __itt_suppress_clear_range
1499184 : 0x6ef1262d2582b : 2 : ittapi_config_apply_per_lib :  ITTAPI function NOT instrumented (not matched by --itt-config option): __itt_sync_prepare

1499184 : 0x6ef1262d2685c : 2 : ittapi_config_apply_per_lib :  ITTAPI function NOT instrumented (not matched by --itt-config option): __itt_sync_cancel

1499184 : 0x6ef1262d3ac46 : 2 : ittapi_config_apply_per_lib :  ITTAPI function NOT instrumented (not matched by --itt-config option): __itt_sync_acquired

1499184 : 0x6ef1262d3be1e : 2 : ittapi_config_apply_per_lib :  ITTAPI function NOT instrumented (not matched by --itt-config option): __itt_sync_releasing

1499184 : 0x6ef1262d3cef5 : 2 : ittapi_config_apply_per_lib :  ITTAPI function NOT instrumented (not matched by --itt-config option): __itt_model_site_begin

1499184 : 0x6ef1262d4ac5d : 2 : ittapi_config_apply_per_lib :  ITTAPI function NOT instrumented (not matched by --itt-config option): __itt_model_site_end

1499184 : 0x6ef1262d4bd09 : 2 : ittapi_config_apply_per_lib :  ITTAPI function NOT instrumented (not matched by --itt-config option): __itt_model_task_begin

1499184 : 0x6ef1262d4cdb3 : 2 : ittapi_config_apply_per_lib :  ITTAPI function NOT instrumented (not matched by --itt-config option): __itt_model_task_end

1499184 : 0x6ef1262d4de16 : 2 : ittapi_config_apply_per_lib :  ITTAPI function NOT instrumented (not matched by --itt-config option): __itt_model_lock_acquire

1499184 : 0x6ef1262d4ef8c : 2 : ittapi_config_apply_per_lib :  ITTAPI function NOT instrumented (not matched by --itt-config option): __itt_model_lock_release

1499184 : 0x6ef1262d5005e : 2 : ittapi_config_apply_per_lib :  ITTAPI function NOT instrumented (not matched by --itt-config option): __itt_model_record_allocation

1499184 : 0x6ef1262d51096 : 2 : ittapi_config_apply_per_lib :  ITTAPI function NOT instrumented (not matched by --itt-config option): __itt_model_record_deallocation

1499184 : 0x6ef1262d679d5 : 2 : ittapi_config_apply_per_lib :  ITTAPI function NOT instrumented (not matched by --itt-config option): __itt_model_induction_uses

1499184 : 0x6ef1262d68d4a : 2 : ittapi_config_apply_per_lib :  ITTAPI function NOT instrumented (not matched by --itt-config option): __itt_model_reduction_uses

1499184 : 0x6ef1262d768c5 : 2 : ittapi_config_apply_per_lib :  ITTAPI function NOT instrumented (not matched by --itt-config option): __itt_model_observe_uses

1499184 : 0x6ef1262d77920 : 2 : ittapi_config_apply_per_lib :  ITTAPI function NOT instrumented (not matched by --itt-config option): __itt_model_clear_uses

1499184 : 0x6ef1262d7890b : 2 : ittapi_config_apply_per_lib :  ITTAPI function NOT instrumented (not matched by --itt-config option): __itt_model_site_beginA

1499184 : 0x6ef1262d798bf : 2 : ittapi_config_apply_per_lib :  ITTAPI function NOT instrumented (not matched by --itt-config option): __itt_model_site_beginAL

1499184 : 0x6ef1262d7a809 : 2 : ittapi_config_apply_per_lib :  ITTAPI function NOT instrumented (not matched by --itt-config option): __itt_model_task_beginA

1499184 : 0x6ef1262d7b7cd : 2 : ittapi_config_apply_per_lib :  ITTAPI function NOT instrumented (not matched by --itt-config option): __itt_model_task_beginAL

1499184 : 0x6ef1262d7c78d : 2 : ittapi_config_apply_per_lib :  ITTAPI function NOT instrumented (not matched by --itt-config option): __itt_model_iteration_taskA

1499184 : 0x6ef1262d8a8a7 : 2 : ittapi_config_apply_per_lib :  ITTAPI function NOT instrumented (not matched by --itt-config option): __itt_model_iteration_taskAL

1499184 : 0x6ef1262d916d3 : 2 : ittapi_config_apply_per_lib :  ITTAPI function NOT instrumented (not matched by --itt-config option): __itt_model_site_end_2

1499184 : 0x6ef1262d928df : 2 : ittapi_config_apply_per_lib :  ITTAPI function NOT instrumented (not matched by --itt-config option): __itt_model_task_end_2

1499184 : 0x6ef1262d938a2 : 2 : ittapi_config_apply_per_lib :  ITTAPI function NOT instrumented (not matched by --itt-config option): __itt_model_lock_acquire_2

1499184 : 0x6ef1262d948b9 : 2 : ittapi_config_apply_per_lib :  ITTAPI function NOT instrumented (not matched by --itt-config option): __itt_model_lock_release_2

1499184 : 0x6ef1262d958da : 2 : ittapi_config_apply_per_lib :  ITTAPI function NOT instrumented (not matched by --itt-config option): __itt_model_aggregate_task

1499184 : 0x6ef1262d96925 : 2 : ittapi_config_apply_per_lib :  ITTAPI function NOT instrumented (not matched by --itt-config option): __itt_model_disable_push

1499184 : 0x6ef1262d978c5 : 2 : ittapi_config_apply_per_lib :  ITTAPI function NOT instrumented (not matched by --itt-config option): __itt_model_disable_pop

1499184 : 0x6ef1262d98e00 : 2 : ittapi_config_apply_per_lib :  ITTAPI function instrumented: __itt_heap_function_create
1499184 : 0x6ef1262d9a1ce : 2 : ittapi_config_apply_per_lib :  ITTAPI function instrumented: __itt_heap_allocate_begin
1499184 : 0x6ef1262d9b49a : 2 : ittapi_config_apply_per_lib :  ITTAPI function instrumented: __itt_heap_allocate_end
1499184 : 0x6ef1262dbe0b5 : 2 : ittapi_config_apply_per_lib :  ITTAPI function instrumented: __itt_heap_free_begin
1499184 : 0x6ef1262dbf5a5 : 2 : ittapi_config_apply_per_lib :  ITTAPI function instrumented: __itt_heap_free_end
1499184 : 0x6ef1262dc08ce : 2 : ittapi_config_apply_per_lib :  ITTAPI function instrumented: __itt_heap_reallocate_begin
1499184 : 0x6ef1262dc1a25 : 2 : ittapi_config_apply_per_lib :  ITTAPI function instrumented: __itt_heap_reallocate_end
1499184 : 0x6ef1262dc2f20 : 2 : ittapi_config_apply_per_lib :  ITTAPI function not implemented: __itt_heap_internal_access_begin
1499184 : 0x6ef1262dc4324 : 2 : ittapi_config_apply_per_lib :  ITTAPI function not implemented: __itt_heap_internal_access_end
1499184 : 0x6ef1262dc578c : 2 : ittapi_config_apply_per_lib :  ITTAPI function not implemented: __itt_heap_record_memory_growth_begin
1499184 : 0x6ef1262dc6c7c : 2 : ittapi_config_apply_per_lib :  ITTAPI function not implemented: __itt_heap_record_memory_growth_end
1499184 : 0x6ef1262dc8154 : 2 : ittapi_config_apply_per_lib :  ITTAPI function not implemented: __itt_heap_reset_detection
1499184 : 0x6ef1262dc96cb : 2 : ittapi_config_apply_per_lib :  ITTAPI function not implemented: __itt_heap_record
1499184 : 0x6ef1262dd0998 : 2 : ittapi_config_apply_per_lib :  ITTAPI function not implemented: __itt_id_create
1499184 : 0x6ef1262dd1f78 : 2 : ittapi_config_apply_per_lib :  ITTAPI function not implemented: __itt_id_destroy
1499184 : 0x6ef1262dd3283 : 2 : ittapi_config_apply_per_lib :  ITTAPI function instrumented: __itt_get_timestamp
1499184 : 0x6ef1262dd46c6 : 2 : ittapi_config_apply_per_lib :  ITTAPI function not implemented: __itt_region_begin
1499184 : 0x6ef1262dd5a0b : 2 : ittapi_config_apply_per_lib :  ITTAPI function not implemented: __itt_region_end
1499184 : 0x6ef1262dd6d8b : 2 : ittapi_config_apply_per_lib :  ITTAPI function instrumented: __itt_frame_begin_v3
1499184 : 0x6ef1262dd818d : 2 : ittapi_config_apply_per_lib :  ITTAPI function instrumented: __itt_frame_end_v3
1499184 : 0x6ef1262dd94cc : 2 : ittapi_config_apply_per_lib :  ITTAPI function instrumented: __itt_frame_submit_v3
1499184 : 0x6ef1262ddaa84 : 2 : ittapi_config_apply_per_lib :  ITTAPI function not implemented: __itt_task_group
1499184 : 0x6ef1262ddbda5 : 2 : ittapi_config_apply_per_lib :  ITTAPI function instrumented: __itt_task_begin
1499184 : 0x6ef1262de30dd : 2 : ittapi_config_apply_per_lib :  ITTAPI function instrumented: __itt_task_begin_fn
1499184 : 0x6ef1262de456a : 2 : ittapi_config_apply_per_lib :  ITTAPI function instrumented: __itt_task_end
1499184 : 0x6ef1262de5a58 : 2 : ittapi_config_apply_per_lib :  ITTAPI function not implemented: __itt_counter_inc_v3
1499184 : 0x6ef1262de6ff6 : 2 : ittapi_config_apply_per_lib :  ITTAPI function not implemented: __itt_counter_inc_delta_v3
1499184 : 0x6ef1262de8405 : 2 : ittapi_config_apply_per_lib :  ITTAPI function not implemented: __itt_counter_dec_v3
1499184 : 0x6ef1262de9764 : 2 : ittapi_config_apply_per_lib :  ITTAPI function not implemented: __itt_counter_dec_delta_v3
1499184 : 0x6ef1262deacb7 : 2 : ittapi_config_apply_per_lib :  ITTAPI function not implemented: __itt_marker
1499184 : 0x6ef1262debf81 : 2 : ittapi_config_apply_per_lib :  ITTAPI function instrumented: __itt_metadata_add
1499184 : 0x6ef1262ded63d : 2 : ittapi_config_apply_per_lib :  ITTAPI function not implemented: __itt_metadata_str_add
1499184 : 0x6ef1262dee9fd : 2 : ittapi_config_apply_per_lib :  ITTAPI function not implemented: __itt_relation_add_to_current
1499184 : 0x6ef1262df5a4d : 2 : ittapi_config_apply_per_lib :  ITTAPI function not implemented: __itt_relation_add
1499184 : 0x6ef1262df6f50 : 2 : ittapi_config_apply_per_lib :  ITTAPI function instrumented: __itt_event_create
1499184 : 0x6ef1262df836e : 2 : ittapi_config_apply_per_lib :  ITTAPI function instrumented: __itt_event_start
1499184 : 0x6ef1262df966b : 2 : ittapi_config_apply_per_lib :  ITTAPI function instrumented: __itt_event_end
1499184 : 0x6ef1262dfa657 : 2 : ittapi_config_apply_per_lib :  ITTAPI function NOT instrumented (not matched by --itt-config option): __itt_sync_set_name

1499184 : 0x6ef1262dfb824 : 2 : ittapi_config_apply_per_lib :  ITTAPI function NOT instrumented (not matched by --itt-config option): __itt_notify_sync_name

1499184 : 0x6ef1262dfc8d6 : 2 : ittapi_config_apply_per_lib :  ITTAPI function NOT instrumented (not matched by --itt-config option): __itt_notify_sync_prepare

1499184 : 0x6ef1262e0963f : 2 : ittapi_config_apply_per_lib :  ITTAPI function NOT instrumented (not matched by --itt-config option): __itt_notify_sync_cancel

1499184 : 0x6ef1262e0a544 : 2 : ittapi_config_apply_per_lib :  ITTAPI function NOT instrumented (not matched by --itt-config option): __itt_notify_sync_acquired

1499184 : 0x6ef1262e0b4b6 : 2 : ittapi_config_apply_per_lib :  ITTAPI function NOT instrumented (not matched by --itt-config option): __itt_notify_sync_releasing

1499184 : 0x6ef1262e14888 : 2 : ittapi_config_apply_per_lib :  ITTAPI function not implemented: __itt_memory_read
1499184 : 0x6ef1262e15d79 : 2 : ittapi_config_apply_per_lib :  ITTAPI function not implemented: __itt_memory_write
1499184 : 0x6ef1262e1704d : 2 : ittapi_config_apply_per_lib :  ITTAPI function not implemented: __itt_memory_update
1499184 : 0x6ef1262e18415 : 2 : ittapi_config_apply_per_lib :  ITTAPI function not implemented: __itt_state_get
1499184 : 0x6ef1262e19666 : 2 : ittapi_config_apply_per_lib :  ITTAPI function not implemented: __itt_state_set
1499184 : 0x6ef1262e1a981 : 2 : ittapi_config_apply_per_lib :  ITTAPI function not implemented: __itt_obj_mode_set
1499184 : 0x6ef1262e1bca8 : 2 : ittapi_config_apply_per_lib :  ITTAPI function not implemented: __itt_thr_mode_set
1499184 : 0x6ef1262e1ce3e : 2 : ittapi_config_apply_per_lib :  ITTAPI function instrumented: __itt_frame_create
1499184 : 0x6ef1262e1dfc7 : 2 : ittapi_config_apply_per_lib :  ITTAPI function instrumented: __itt_pt_region_create
1499184 : 0x6ef1262e1f1de : 2 : ittapi_config_apply_per_lib :  ITTAPI function instrumented: __itt_frame_begin
1499184 : 0x6ef1262e25f31 : 2 : ittapi_config_apply_per_lib :  ITTAPI function instrumented: __itt_frame_end
1499184 : 0x6ef1262e27621 : 2 : ittapi_config_apply_per_lib :  ITTAPI function not implemented: __itt_counter_destroy
1499184 : 0x6ef1262e288c3 : 2 : ittapi_config_apply_per_lib :  ITTAPI function instrumented: __itt_counter_inc
1499184 : 0x6ef1262e29b95 : 2 : ittapi_config_apply_per_lib :  ITTAPI function instrumented: __itt_counter_inc_delta
1499184 : 0x6ef1262e2ad19 : 2 : ittapi_config_apply_per_lib :  ITTAPI function instrumented: __itt_counter_dec
1499184 : 0x6ef1262e2bf74 : 2 : ittapi_config_apply_per_lib :  ITTAPI function instrumented: __itt_counter_dec_delta
1499184 : 0x6ef1262e2d100 : 2 : ittapi_config_apply_per_lib :  ITTAPI function instrumented: __itt_counter_set_value
1499184 : 0x6ef1262e2e381 : 2 : ittapi_config_apply_per_lib :  ITTAPI function not implemented: __itt_counter_set_value_ex
1499184 : 0x6ef1262e2f59e : 2 : ittapi_config_apply_per_lib :  ITTAPI function not implemented: __itt_mark_create
1499184 : 0x6ef1262e30912 : 2 : ittapi_config_apply_per_lib :  ITTAPI function not implemented: __itt_mark
1499184 : 0x6ef1262e3771a : 2 : ittapi_config_apply_per_lib :  ITTAPI function not implemented: __itt_mark_off
1499184 : 0x6ef1262e38b6b : 2 : ittapi_config_apply_per_lib :  ITTAPI function not implemented: __itt_mark_global
1499184 : 0x6ef1262e39dfe : 2 : ittapi_config_apply_per_lib :  ITTAPI function not implemented: __itt_mark_global_off
1499184 : 0x6ef1262e3b0c5 : 2 : ittapi_config_apply_per_lib :  ITTAPI function instrumented: __itt_stack_caller_create
1499184 : 0x6ef1262e3c336 : 2 : ittapi_config_apply_per_lib :  ITTAPI function instrumented: __itt_stack_caller_destroy
1499184 : 0x6ef1262e3d641 : 2 : ittapi_config_apply_per_lib :  ITTAPI function instrumented: __itt_stack_callee_enter
1499184 : 0x6ef1262e3e794 : 2 : ittapi_config_apply_per_lib :  ITTAPI function instrumented: __itt_stack_callee_leave
1499184 : 0x6ef1262e3fb6a : 2 : ittapi_config_apply_per_lib :  ITTAPI function not implemented: __itt_clock_domain_create
1499184 : 0x6ef1262e40ea9 : 2 : ittapi_config_apply_per_lib :  ITTAPI function not implemented: __itt_clock_domain_reset
1499184 : 0x6ef1262e4213f : 2 : ittapi_config_apply_per_lib :  ITTAPI function not implemented: __itt_id_create_ex
1499184 : 0x6ef1262e4afab : 2 : ittapi_config_apply_per_lib :  ITTAPI function not implemented: __itt_id_destroy_ex
1499184 : 0x6ef1262e4c5e8 : 2 : ittapi_config_apply_per_lib :  ITTAPI function not implemented: __itt_task_begin_ex
1499184 : 0x6ef1262e4d94d : 2 : ittapi_config_apply_per_lib :  ITTAPI function not implemented: __itt_task_begin_fn_ex
1499184 : 0x6ef1262e4ec24 : 2 : ittapi_config_apply_per_lib :  ITTAPI function not implemented: __itt_task_end_ex
1499184 : 0x6ef1262e4fe63 : 2 : ittapi_config_apply_per_lib :  ITTAPI function instrumented: __itt_task_begin_overlapped
1499184 : 0x6ef1262e5122f : 2 : ittapi_config_apply_per_lib :  ITTAPI function not implemented: __itt_task_begin_overlapped_ex
1499184 : 0x6ef1262e52458 : 2 : ittapi_config_apply_per_lib :  ITTAPI function instrumented: __itt_task_end_overlapped
1499184 : 0x6ef1262e53781 : 2 : ittapi_config_apply_per_lib :  ITTAPI function not implemented: __itt_task_end_overlapped_ex
1499184 : 0x6ef1262e549e0 : 2 : ittapi_config_apply_per_lib :  ITTAPI function not implemented: __itt_marker_ex
1499184 : 0x6ef1262e55e98 : 2 : ittapi_config_apply_per_lib :  ITTAPI function not implemented: __itt_metadata_add_with_scope
1499184 : 0x6ef1262e5cf93 : 2 : ittapi_config_apply_per_lib :  ITTAPI function not implemented: __itt_metadata_str_add_with_scope
1499184 : 0x6ef1262e5e4ac : 2 : ittapi_config_apply_per_lib :  ITTAPI function not implemented: __itt_relation_add_to_current_ex
1499184 : 0x6ef1262e5faf9 : 2 : ittapi_config_apply_per_lib :  ITTAPI function not implemented: __itt_relation_add_ex
1499184 : 0x6ef1262e60ddd : 2 : ittapi_config_apply_per_lib :  ITTAPI function not implemented: __itt_track_group_create
1499184 : 0x6ef1262e61f67 : 2 : ittapi_config_apply_per_lib :  ITTAPI function not implemented: __itt_track_create
1499184 : 0x6ef1262e6326a : 2 : ittapi_config_apply_per_lib :  ITTAPI function not implemented: __itt_set_track
1499184 : 0x6ef1262e6450b : 2 : ittapi_config_apply_per_lib :  ITTAPI function instrumented: __itt_api_version
1499184 : 0x6ef1262e657bd : 2 : ittapi_config_apply_per_lib :  ITTAPI function not implemented: __itt_av_save
1499184 : 0x6ef1262e66a0f : 2 : ittapi_config_apply_per_lib :  ITTAPI function instrumented: __itt_module_load
1499184 : 0x6ef1262e67d15 : 2 : ittapi_config_apply_per_lib :  ITTAPI function not implemented: __itt_module_unload
1499184 : 0x6ef1262e6e511 : 2 : ittapi_config_apply_per_lib :  ITTAPI function NOT instrumented (not matched by --itt-config option): __itt_histogram_submit

1499184 : 0x6ef1262f9c6a9 : 2 : ittapi_config_mask_get :  --itt-config mask to be applied: 55
1499184 : 0x6ef1262f9e710 : 2 : ittapi_config_apply_per_lib :  ITTAPI function instrumented: __itt_domain_create
1499184 : 0x6ef1262f9fc14 : 2 : ittapi_config_apply_per_lib :  ITTAPI function instrumented: __itt_module_load_with_sections
1499184 : 0x6ef1262fa135d : 2 : ittapi_config_apply_per_lib :  ITTAPI function not implemented: __itt_module_unload_with_sections
1499184 : 0x6ef1262fa26b6 : 2 : ittapi_config_apply_per_lib :  ITTAPI function instrumented: __itt_string_handle_create
1499184 : 0x6ef1262fa37cb : 2 : ittapi_config_apply_per_lib :  ITTAPI function instrumented: __itt_counter_create
1499184 : 0x6ef1262fa4908 : 2 : ittapi_config_apply_per_lib :  ITTAPI function instrumented: __itt_counter_create_typed
1499184 : 0x6ef1262fa5b03 : 2 : ittapi_config_apply_per_lib :  ITTAPI function instrumented: __itt_pause
1499184 : 0x6ef1262fa6d2c : 2 : ittapi_config_apply_per_lib :  ITTAPI function instrumented: __itt_resume
1499184 : 0x6ef1262fb07a3 : 2 : ittapi_config_apply_per_lib :  ITTAPI function instrumented: __itt_thread_set_name
1499184 : 0x6ef1262fb1c14 : 2 : ittapi_config_apply_per_lib :  ITTAPI function instrumented: __itt_thread_ignore
1499184 : 0x6ef1262fb2ee3 : 2 : ittapi_config_apply_per_lib :  ITTAPI function instrumented: __itt_thr_name_set
1499184 : 0x6ef1262fb4150 : 2 : ittapi_config_apply_per_lib :  ITTAPI function instrumented: __itt_thr_ignore
1499184 : 0x6ef1262fb5585 : 2 : ittapi_config_apply_per_lib :  ITTAPI function not implemented: __itt_enable_attach
1499184 : 0x6ef1262fb6786 : 2 : ittapi_config_apply_per_lib :  ITTAPI function instrumented: __itt_detach
1499184 : 0x6ef1262fb7792 : 2 : ittapi_config_apply_per_lib :  ITTAPI function NOT instrumented (not matched by --itt-config option): __itt_sync_create

1499184 : 0x6ef1262fb87ca : 2 : ittapi_config_apply_per_lib :  ITTAPI function NOT instrumented (not matched by --itt-config option): __itt_sync_rename

1499184 : 0x6ef1262fb9705 : 2 : ittapi_config_apply_per_lib :  ITTAPI function NOT instrumented (not matched by --itt-config option): __itt_sync_destroy

1499184 : 0x6ef1262fba74a : 2 : ittapi_config_apply_per_lib :  ITTAPI function NOT instrumented (not matched by --itt-config option): __itt_sync_prepare

1499184 : 0x6ef1262fc474e : 2 : ittapi_config_apply_per_lib :  ITTAPI function NOT instrumented (not matched by --itt-config option): __itt_sync_cancel

1499184 : 0x6ef1262fc596b : 2 : ittapi_config_apply_per_lib :  ITTAPI function NOT instrumented (not matched by --itt-config option): __itt_sync_acquired

1499184 : 0x6ef1262fc68b5 : 2 : ittapi_config_apply_per_lib :  ITTAPI function NOT instrumented (not matched by --itt-config option): __itt_sync_releasing

1499184 : 0x6ef1262fc7e0e : 2 : ittapi_config_apply_per_lib :  ITTAPI function not implemented: __itt_suppress_push
1499184 : 0x6ef1262fc9430 : 2 : ittapi_config_apply_per_lib :  ITTAPI function not implemented: __itt_suppress_pop
1499184 : 0x6ef1262fca767 : 2 : ittapi_config_apply_per_lib :  ITTAPI function not implemented: __itt_suppress_mark_range
1499184 : 0x6ef1262fcbaa4 : 2 : ittapi_config_apply_per_lib :  ITTAPI function not implemented: __itt_suppress_clear_range
1499184 : 0x6ef1262fcca2c : 2 : ittapi_config_apply_per_lib :  ITTAPI function NOT instrumented (not matched by --itt-config option): __itt_sync_prepare

1499184 : 0x6ef1262fcd970 : 2 : ittapi_config_apply_per_lib :  ITTAPI function NOT instrumented (not matched by --itt-config option): __itt_sync_cancel

1499184 : 0x6ef1262fce908 : 2 : ittapi_config_apply_per_lib :  ITTAPI function NOT instrumented (not matched by --itt-config option): __itt_sync_acquired

1499184 : 0x6ef1262fd5372 : 2 : ittapi_config_apply_per_lib :  ITTAPI function NOT instrumented (not matched by --itt-config option): __itt_sync_releasing

1499184 : 0x6ef1262fd6553 : 2 : ittapi_config_apply_per_lib :  ITTAPI function NOT instrumented (not matched by --itt-config option): __itt_model_site_begin

1499184 : 0x6ef1262fd74dd : 2 : ittapi_config_apply_per_lib :  ITTAPI function NOT instrumented (not matched by --itt-config option): __itt_model_site_end

1499184 : 0x6ef1262fd8467 : 2 : ittapi_config_apply_per_lib :  ITTAPI function NOT instrumented (not matched by --itt-config option): __itt_model_task_begin

1499184 : 0x6ef1262fd938e : 2 : ittapi_config_apply_per_lib :  ITTAPI function NOT instrumented (not matched by --itt-config option): __itt_model_task_end

1499184 : 0x6ef1262fda2ef : 2 : ittapi_config_apply_per_lib :  ITTAPI function NOT instrumented (not matched by --itt-config option): __itt_model_lock_acquire

1499184 : 0x6ef1262fdb323 : 2 : ittapi_config_apply_per_lib :  ITTAPI function NOT instrumented (not matched by --itt-config option): __itt_model_lock_release

1499184 : 0x6ef1262fdc23c : 2 : ittapi_config_apply_per_lib :  ITTAPI function NOT instrumented (not matched by --itt-config option): __itt_model_record_allocation

1499184 : 0x6ef1262fdd143 : 2 : ittapi_config_apply_per_lib :  ITTAPI function NOT instrumented (not matched by --itt-config option): __itt_model_record_deallocation

1499184 : 0x6ef1262fde011 : 2 : ittapi_config_apply_per_lib :  ITTAPI function NOT instrumented (not matched by --itt-config option): __itt_model_induction_uses

1499184 : 0x6ef1262fe6853 : 2 : ittapi_config_apply_per_lib :  ITTAPI function NOT instrumented (not matched by --itt-config option): __itt_model_reduction_uses

1499184 : 0x6ef1262fe7acf : 2 : ittapi_config_apply_per_lib :  ITTAPI function NOT instrumented (not matched by --itt-config option): __itt_model_observe_uses

1499184 : 0x6ef1262fe8a39 : 2 : ittapi_config_apply_per_lib :  ITTAPI function NOT instrumented (not matched by --itt-config option): __itt_model_clear_uses

1499184 : 0x6ef1262fe99ed : 2 : ittapi_config_apply_per_lib :  ITTAPI function NOT instrumented (not matched by --itt-config option): __itt_model_site_beginA

1499184 : 0x6ef1262fea946 : 2 : ittapi_config_apply_per_lib :  ITTAPI function NOT instrumented (not matched by --itt-config option): __itt_model_site_beginAL

1499184 : 0x6ef1262feb833 : 2 : ittapi_config_apply_per_lib :  ITTAPI function NOT instrumented (not matched by --itt-config option): __itt_model_task_beginA

1499184 : 0x6ef1262fec75a : 2 : ittapi_config_apply_per_lib :  ITTAPI function NOT instrumented (not matched by --itt-config option): __itt_model_task_beginAL

1499184 : 0x6ef1262fed6b0 : 2 : ittapi_config_apply_per_lib :  ITTAPI function NOT instrumented (not matched by --itt-config option): __itt_model_iteration_taskA

1499184 : 0x6ef1262fee592 : 2 : ittapi_config_apply_per_lib :  ITTAPI function NOT instrumented (not matched by --itt-config option): __itt_model_iteration_taskAL

1499184 : 0x6ef1262fef481 : 2 : ittapi_config_apply_per_lib :  ITTAPI function NOT instrumented (not matched by --itt-config option): __itt_model_site_end_2

1499184 : 0x6ef1262ff5b37 : 2 : ittapi_config_apply_per_lib :  ITTAPI function NOT instrumented (not matched by --itt-config option): __itt_model_task_end_2

1499184 : 0x6ef1262ff6bd1 : 2 : ittapi_config_apply_per_lib :  ITTAPI function NOT instrumented (not matched by --itt-config option): __itt_model_lock_acquire_2

1499184 : 0x6ef1262ff7bb3 : 2 : ittapi_config_apply_per_lib :  ITTAPI function NOT instrumented (not matched by --itt-config option): __itt_model_lock_release_2

1499184 : 0x6ef1262ff8aeb : 2 : ittapi_config_apply_per_lib :  ITTAPI function NOT instrumented (not matched by --itt-config option): __itt_model_aggregate_task

1499184 : 0x6ef1262ff9a5a : 2 : ittapi_config_apply_per_lib :  ITTAPI function NOT instrumented (not matched by --itt-config option): __itt_model_disable_push

1499184 : 0x6ef1262ffa947 : 2 : ittapi_config_apply_per_lib :  ITTAPI function NOT instrumented (not matched by --itt-config option): __itt_model_disable_pop

1499184 : 0x6ef1262ffbcb3 : 2 : ittapi_config_apply_per_lib :  ITTAPI function instrumented: __itt_heap_function_create
1499184 : 0x6ef1262ffcf4a : 2 : ittapi_config_apply_per_lib :  ITTAPI function instrumented: __itt_heap_allocate_begin
1499184 : 0x6ef1262ffe0ca : 2 : ittapi_config_apply_per_lib :  ITTAPI function instrumented: __itt_heap_allocate_end
1499184 : 0x6ef1262fff2aa : 2 : ittapi_config_apply_per_lib :  ITTAPI function instrumented: __itt_heap_free_begin
1499184 : 0x6ef1263005b1d : 2 : ittapi_config_apply_per_lib :  ITTAPI function instrumented: __itt_heap_free_end
1499184 : 0x6ef1263006e89 : 2 : ittapi_config_apply_per_lib :  ITTAPI function instrumented: __itt_heap_reallocate_begin
1499184 : 0x6ef12630080de : 2 : ittapi_config_apply_per_lib :  ITTAPI function instrumented: __itt_heap_reallocate_end
1499184 : 0x6ef1263009533 : 2 : ittapi_config_apply_per_lib :  ITTAPI function not implemented: __itt_heap_internal_access_begin
1499184 : 0x6ef126300a87a : 2 : ittapi_config_apply_per_lib :  ITTAPI function not implemented: __itt_heap_internal_access_end
1499184 : 0x6ef126300bb6d : 2 : ittapi_config_apply_per_lib :  ITTAPI function not implemented: __itt_heap_record_memory_growth_begin
1499184 : 0x6ef126300cf09 : 2 : ittapi_config_apply_per_lib :  ITTAPI function not implemented: __itt_heap_record_memory_growth_end
1499184 : 0x6ef126300e221 : 2 : ittapi_config_apply_per_lib :  ITTAPI function not implemented: __itt_heap_reset_detection
1499184 : 0x6ef126300f6b9 : 2 : ittapi_config_apply_per_lib :  ITTAPI function not implemented: __itt_heap_record
1499184 : 0x6ef1263010953 : 2 : ittapi_config_apply_per_lib :  ITTAPI function not implemented: __itt_id_create
1499184 : 0x6ef12630197c9 : 2 : ittapi_config_apply_per_lib :  ITTAPI function not implemented: __itt_id_destroy
1499184 : 0x6ef126301ac18 : 2 : ittapi_config_apply_per_lib :  ITTAPI function instrumented: __itt_get_timestamp
1499184 : 0x6ef126301be8e : 2 : ittapi_config_apply_per_lib :  ITTAPI function not implemented: __itt_region_begin
1499184 : 0x6ef126301d150 : 2 : ittapi_config_apply_per_lib :  ITTAPI function not implemented: __itt_region_end
1499184 : 0x6ef126301e3b5 : 2 : ittapi_config_apply_per_lib :  ITTAPI function instrumented: __itt_frame_begin_v3
1499184 : 0x6ef126301f691 : 2 : ittapi_config_apply_per_lib :  ITTAPI function instrumented: __itt_frame_end_v3
1499184 : 0x6ef12630208c6 : 2 : ittapi_config_apply_per_lib :  ITTAPI function instrumented: __itt_frame_submit_v3
1499184 : 0x6ef1263021be7 : 2 : ittapi_config_apply_per_lib :  ITTAPI function not implemented: __itt_task_group
1499184 : 0x6ef1263022ee8 : 2 : ittapi_config_apply_per_lib :  ITTAPI function instrumented: __itt_task_begin
1499184 : 0x6ef1263024143 : 2 : ittapi_config_apply_per_lib :  ITTAPI function instrumented: __itt_task_begin_fn
1499184 : 0x6ef126302b27d : 2 : ittapi_config_apply_per_lib :  ITTAPI function instrumented: __itt_task_end
1499184 : 0x6ef126302c805 : 2 : ittapi_config_apply_per_lib :  ITTAPI function not implemented: __itt_counter_inc_v3
1499184 : 0x6ef126302dc66 : 2 : ittapi_config_apply_per_lib :  ITTAPI function not implemented: __itt_counter_inc_delta_v3
1499184 : 0x6ef126302ef6c : 2 : ittapi_config_apply_per_lib :  ITTAPI function not implemented: __itt_counter_dec_v3
1499184 : 0x6ef12630301e8 : 2 : ittapi_config_apply_per_lib :  ITTAPI function not implemented: __itt_counter_dec_delta_v3
1499184 : 0x6ef126303149c : 2 : ittapi_config_apply_per_lib :  ITTAPI function not implemented: __itt_marker
1499184 : 0x6ef1263032670 : 2 : ittapi_config_apply_per_lib :  ITTAPI function instrumented: __itt_metadata_add
1499184 : 0x6ef1263033a3e : 2 : ittapi_config_apply_per_lib :  ITTAPI function not implemented: __itt_metadata_str_add
1499184 : 0x6ef1263034c9e : 2 : ittapi_config_apply_per_lib :  ITTAPI function not implemented: __itt_relation_add_to_current
1499184 : 0x6ef1263035f17 : 2 : ittapi_config_apply_per_lib :  ITTAPI function not implemented: __itt_relation_add
1499184 : 0x6ef126303c99e : 2 : ittapi_config_apply_per_lib :  ITTAPI function instrumented: __itt_event_create
1499184 : 0x6ef126303ddfc : 2 : ittapi_config_apply_per_lib :  ITTAPI function instrumented: __itt_event_start
1499184 : 0x6ef126303f03d : 2 : ittapi_config_apply_per_lib :  ITTAPI function instrumented: __itt_event_end
1499184 : 0x6ef126303fff7 : 2 : ittapi_config_apply_per_lib :  ITTAPI function NOT instrumented (not matched by --itt-config option): __itt_sync_set_name

1499184 : 0x6ef12630410ab : 2 : ittapi_config_apply_per_lib :  ITTAPI function NOT instrumented (not matched by --itt-config option): __itt_notify_sync_name

1499184 : 0x6ef1263042023 : 2 : ittapi_config_apply_per_lib :  ITTAPI function NOT instrumented (not matched by --itt-config option): __itt_notify_sync_prepare

1499184 : 0x6ef1263042fa5 : 2 : ittapi_config_apply_per_lib :  ITTAPI function NOT instrumented (not matched by --itt-config option): __itt_notify_sync_cancel

1499184 : 0x6ef1263043e77 : 2 : ittapi_config_apply_per_lib :  ITTAPI function NOT instrumented (not matched by --itt-config option): __itt_notify_sync_acquired

1499184 : 0x6ef1263044de1 : 2 : ittapi_config_apply_per_lib :  ITTAPI function NOT instrumented (not matched by --itt-config option): __itt_notify_sync_releasing

1499184 : 0x6ef1263046081 : 2 : ittapi_config_apply_per_lib :  ITTAPI function not implemented: __itt_memory_read
1499184 : 0x6ef126304cb5a : 2 : ittapi_config_apply_per_lib :  ITTAPI function not implemented: __itt_memory_write
1499184 : 0x6ef126304e067 : 2 : ittapi_config_apply_per_lib :  ITTAPI function not implemented: __itt_memory_update
1499184 : 0x6ef126304f32d : 2 : ittapi_config_apply_per_lib :  ITTAPI function not implemented: __itt_state_get
1499184 : 0x6ef1263050582 : 2 : ittapi_config_apply_per_lib :  ITTAPI function not implemented: __itt_state_set
1499184 : 0x6ef1263051853 : 2 : ittapi_config_apply_per_lib :  ITTAPI function not implemented: __itt_obj_mode_set
1499184 : 0x6ef1263052b49 : 2 : ittapi_config_apply_per_lib :  ITTAPI function not implemented: __itt_thr_mode_set
1499184 : 0x6ef1263053c82 : 2 : ittapi_config_apply_per_lib :  ITTAPI function instrumented: __itt_frame_create
1499184 : 0x6ef1263054d61 : 2 : ittapi_config_apply_per_lib :  ITTAPI function instrumented: __itt_pt_region_create
1499184 : 0x6ef1263055ec4 : 2 : ittapi_config_apply_per_lib :  ITTAPI function instrumented: __itt_frame_begin
1499184 : 0x6ef1263057093 : 2 : ittapi_config_apply_per_lib :  ITTAPI function instrumented: __itt_frame_end
1499184 : 0x6ef126305ff72 : 2 : ittapi_config_apply_per_lib :  ITTAPI function not implemented: __itt_counter_destroy
1499184 : 0x6ef12630613c9 : 2 : ittapi_config_apply_per_lib :  ITTAPI function instrumented: __itt_counter_inc
1499184 : 0x6ef126306265e : 2 : ittapi_config_apply_per_lib :  ITTAPI function instrumented: __itt_counter_inc_delta
1499184 : 0x6ef12630637c0 : 2 : ittapi_config_apply_per_lib :  ITTAPI function instrumented: __itt_counter_dec
1499184 : 0x6ef1263064a3d : 2 : ittapi_config_apply_per_lib :  ITTAPI function instrumented: __itt_counter_dec_delta
1499184 : 0x6ef1263065bb9 : 2 : ittapi_config_apply_per_lib :  ITTAPI function instrumented: __itt_counter_set_value
1499184 : 0x6ef1263066e81 : 2 : ittapi_config_apply_per_lib :  ITTAPI function not implemented: __itt_counter_set_value_ex
1499184 : 0x6ef1263068090 : 2 : ittapi_config_apply_per_lib :  ITTAPI function not implemented: __itt_mark_create
1499184 : 0x6ef126306934a : 2 : ittapi_config_apply_per_lib :  ITTAPI function not implemented: __itt_mark
1499184 : 0x6ef126306a634 : 2 : ittapi_config_apply_per_lib :  ITTAPI function not implemented: __itt_mark_off
1499184 : 0x6ef12630713c9 : 2 : ittapi_config_apply_per_lib :  ITTAPI function not implemented: __itt_mark_global
1499184 : 0x6ef12630727b4 : 2 : ittapi_config_apply_per_lib :  ITTAPI function not implemented: __itt_mark_global_off
1499184 : 0x6ef1263073a48 : 2 : ittapi_config_apply_per_lib :  ITTAPI function instrumented: __itt_stack_caller_create
1499184 : 0x6ef1263074ccf : 2 : ittapi_config_apply_per_lib :  ITTAPI function instrumented: __itt_stack_caller_destroy
1499184 : 0x6ef1263075f53 : 2 : ittapi_config_apply_per_lib :  ITTAPI function instrumented: __itt_stack_callee_enter
1499184 : 0x6ef126307713d : 2 : ittapi_config_apply_per_lib :  ITTAPI function instrumented: __itt_stack_callee_leave
1499184 : 0x6ef12630783f5 : 2 : ittapi_config_apply_per_lib :  ITTAPI function not implemented: __itt_clock_domain_create
1499184 : 0x6ef1263079826 : 2 : ittapi_config_apply_per_lib :  ITTAPI function not implemented: __itt_clock_domain_reset
1499184 : 0x6ef126307aa29 : 2 : ittapi_config_apply_per_lib :  ITTAPI function not implemented: __itt_id_create_ex
1499184 : 0x6ef126307bdae : 2 : ittapi_config_apply_per_lib :  ITTAPI function not implemented: __itt_id_destroy_ex
1499184 : 0x6ef1263082e71 : 2 : ittapi_config_apply_per_lib :  ITTAPI function not implemented: __itt_task_begin_ex
1499184 : 0x6ef12630842c9 : 2 : ittapi_config_apply_per_lib :  ITTAPI function not implemented: __itt_task_begin_fn_ex
1499184 : 0x6ef12630855f4 : 2 : ittapi_config_apply_per_lib :  ITTAPI function not implemented: __itt_task_end_ex
1499184 : 0x6ef1263086910 : 2 : ittapi_config_apply_per_lib :  ITTAPI function instrumented: __itt_task_begin_overlapped
1499184 : 0x6ef1263087be5 : 2 : ittapi_config_apply_per_lib :  ITTAPI function not implemented: __itt_task_begin_overlapped_ex
1499184 : 0x6ef1263088dd3 : 2 : ittapi_config_apply_per_lib :  ITTAPI function instrumented: __itt_task_end_overlapped
1499184 : 0x6ef126308a108 : 2 : ittapi_config_apply_per_lib :  ITTAPI function not implemented: __itt_task_end_overlapped_ex
1499184 : 0x6ef126308b39e : 2 : ittapi_config_apply_per_lib :  ITTAPI function not implemented: __itt_marker_ex
1499184 : 0x6ef126308c6fd : 2 : ittapi_config_apply_per_lib :  ITTAPI function not implemented: __itt_metadata_add_with_scope
1499184 : 0x6ef126308db08 : 2 : ittapi_config_apply_per_lib :  ITTAPI function not implemented: __itt_metadata_str_add_with_scope
1499184 : 0x6ef1263096ab0 : 2 : ittapi_config_apply_per_lib :  ITTAPI function not implemented: __itt_relation_add_to_current_ex
1499184 : 0x6ef1263097f58 : 2 : ittapi_config_apply_per_lib :  ITTAPI function not implemented: __itt_relation_add_ex
1499184 : 0x6ef12630992d5 : 2 : ittapi_config_apply_per_lib :  ITTAPI function not implemented: __itt_track_group_create
1499184 : 0x6ef126309a45b : 2 : ittapi_config_apply_per_lib :  ITTAPI function not implemented: __itt_track_create
1499184 : 0x6ef126309b71b : 2 : ittapi_config_apply_per_lib :  ITTAPI function not implemented: __itt_set_track
1499184 : 0x6ef126309ca18 : 2 : ittapi_config_apply_per_lib :  ITTAPI function instrumented: __itt_api_version
1499184 : 0x6ef126309dcd6 : 2 : ittapi_config_apply_per_lib :  ITTAPI function not implemented: __itt_av_save
1499184 : 0x6ef126309ef23 : 2 : ittapi_config_apply_per_lib :  ITTAPI function instrumented: __itt_module_load
1499184 : 0x6ef12630a0226 : 2 : ittapi_config_apply_per_lib :  ITTAPI function not implemented: __itt_module_unload