15 [139750133671808] INFO perfrun.launcher <> - Launcher main begin
32 [139750133671808] INFO perfrun.launcher <> - MessageCatalogInit finished
32 [139750133671808] INFO perfrun.launcher <> - Launcher instance created
32 [139750133671808] INFO perfrun.launcher <> - argc = 7; cmdline = /opt/intel/oneapi/vtune/2023.0.0/bin64/amplxe-runss --ui-output-format xml --ui-output-fd 5 --option-file /home/le34xoh/Algorithm-Engineering-Git/Projekt/resultsT_ParDyn/config/runss.options 
66 [139750133671808] INFO perfrun.launcher <> - create msngr2::ICliToolContext
67 [139750133671808] INFO perfrun.launcher <> - create file finder object
67 [139750133671808] INFO perfrun.launcher <> - create a result directory: pattern = /home/le34xoh/Algorithm-Engineering-Git/Projekt/resultsT_ParDyn pid = 4294967295
74 [139750133671808] INFO perfrun.sdk <> - checked that the directory /home/le34xoh/Algorithm-Engineering-Git/Projekt/resultsT_ParDyn is a local directory
74 [139750133671808] INFO perfrun.sdk <> - the directory /home/le34xoh/Algorithm-Engineering-Git/Projekt/resultsT_ParDyn is located on a share or its FS ID is unknown 26985
74 [139750133671808] INFO perfrun.sdk <> - checked that the directory /tmp/amplxe-tmp-le34xoh is a local directory
74 [139750133671808] INFO perfrun.sdk <> - the directory /tmp/amplxe-tmp-le34xoh is a local directory with FS type ID 61267
75 [139750133671808] INFO perfrun.launcher <> - Create a local result directory /tmp/amplxe-tmp-le34xoh/amplxe-res-284300-316756058989306 due to the user result path /home/le34xoh/Algorithm-Engineering-Git/Projekt/resultsT_ParDyn is located on a share
75 [139750133671808] INFO perfrun.launcher <> - create data directory = /tmp/amplxe-tmp-le34xoh/amplxe-res-284300-316756058989306/data.0
78 [139750133671808] INFO perfrun.launcher <> - create data directory = /home/le34xoh/Algorithm-Engineering-Git/Projekt/resultsT_ParDyn/data.0
84 [139750133671808] INFO perfrun.launcher <> - Creating the master collection flag
96 [139750133671808] INFO perfrun.launcher <> - Done creating the master collection flag
96 [139749985609472] INFO perfrun.launcher <> - plugin [remoteplug] was disabled because it doesn't support the given collection type.
96 [139749985609472] INFO perfrun.sdk <> - Allocating TMU :/tmp/amplxe-tmp-le34xoh/amplxe-res-284300-316756058989306/data.0/systemcollector-284300-ppc807.sc
96 [139749985609472] INFO perfrun.system <> - Tpss based collection
96 [139749985609472] INFO perfrun.launcher <> - plugin [ptracecollector] was disabled because it doesn't support the given collection type.
96 [139749985609472] INFO perfrun.launcher <> - plugin [gpu] was disabled because it doesn't support the given collection type.
96 [139749985609472] INFO perfrun.launcher <> - plugin [] was disabled because it doesn't support the given collection type.
96 [139749985609472] INFO perfrun.launcher <> - plugin [] was disabled because it doesn't support the given collection type.
96 [139749985609472] INFO perfrun.launcher <> - plugin [] was disabled because it doesn't support the given collection type.
96 [139749985609472] INFO perfrun.mrte <> - system-wide mode is 0
97 [139749985609472] INFO perfrun.mrte <> - Getting  mrte profiling environment ...
107 [139749985609472] INFO perfrun.mrte <> - INTEL_MRTE_DATA_DIR=/tmp/amplxe-tmp-le34xoh/amplxe-res-284300-316756058989306/data.0
107 [139749985609472] INFO perfrun.mrte <> - INTEL_MRTE_HOST_NAME=ppc807
107 [139749985609472] INFO perfrun.mrte <> - JAVA_TOOL_OPTIONS=-agentlib:amplxe_tpssmrte_javaprof_1.0 -Dsun.boot.library.path=/opt/intel/oneapi/vtune/2023.0.0/lib32/runtime:/opt/intel/oneapi/vtune/2023.0.0/lib64/runtime
107 [139749985609472] INFO perfrun.mrte <> - LD_LIBRARY_PATH=/opt/intel/oneapi/vtune/2023.0.0/lib32/runtime:/opt/intel/oneapi/vtune/2023.0.0/lib64/runtime:/opt/intel/oneapi/vpl/2023.0.0/lib:/opt/intel/oneapi/tbb/2021.8.0/env/../lib/intel64/gcc4.8:/opt/intel/oneapi/mpi/2021.8.0//libfabric/lib:/opt/intel/oneapi/mpi/2021.8.0//lib/release:/opt/intel/oneapi/mpi/2021.8.0//lib:/opt/intel/oneapi/mkl/2023.0.0/lib/intel64:/opt/intel/oneapi/itac/2021.8.0/slib:/opt/intel/oneapi/ipp/2021.7.0/lib/intel64:/opt/intel/oneapi/ippcp/2021.6.3/lib/intel64:/opt/intel/oneapi/ipp/2021.7.0/lib/intel64:/opt/intel/oneapi/dnnl/2023.0.0/cpu_dpcpp_gpu_dpcpp/lib:/opt/intel/oneapi/debugger/2023.0.0/gdb/intel64/lib:/opt/intel/oneapi/debugger/2023.0.0/libipt/intel64/lib:/opt/intel/oneapi/debugger/2023.0.0/dep/lib:/opt/intel/oneapi/dal/2023.0.0/lib/intel64:/opt/intel/oneapi/compiler/2023.0.0/linux/lib:/opt/intel/oneapi/compiler/2023.0.0/linux/lib/x64:/opt/intel/oneapi/compiler/2023.0.0/linux/lib/oclfpga/host/linux64/lib:/opt/intel/oneapi/compiler/2023.0.0/linux/compiler/lib/intel64_lin:/opt/intel/oneapi/ccl/2021.8.0/lib/cpu_gpu_dpcpp
107 [139749985609472] INFO perfrun.mrte <> - CORECLR_ENABLE_PROFILING=1
107 [139749985609472] INFO perfrun.mrte <> - CORECLR_PROFILER={AA5E4821-E3B1-479c-B7FF-5AD047D22CED}
107 [139749985609472] INFO perfrun.mrte <> - CORECLR_PROFILER_PATH=/opt/intel/oneapi/vtune/2023.0.0/lib64/libamplxe_samplingmrte_clrprof_1.0.so
107 [139749985609472] INFO perfrun.mrte <> - INTEL_MRTE_PROFILER_MODE=mixed
107 [139749985609472] INFO perfrun.mrte <> - Data directory: /tmp/amplxe-tmp-le34xoh/amplxe-res-284300-316756058989306/data.0
107 [139749985609472] INFO perfrun.mrte <> - Mrte plugin is initialized
107 [139749985609472] INFO perfrun.launcher <> - plugin [emon] was disabled because it doesn't support the given collection type.
107 [139749985609472] INFO perfrun.launcher <> - plugin [cuscol] was disabled because it doesn't support the given collection type.
107 [139749985609472] INFO perfrun.launcher <> - plugin [stdsrc] was disabled because it doesn't support the given collection type.
107 [139749985609472] INFO perfrun.launcher <> - plugin [sep] was disabled because it doesn't support the given collection type.
107 [139749985609472] INFO perfrun.launcher <> - plugin [vtsspp] was disabled because it doesn't support the given collection type.
107 [139749985609472] INFO perfrun.launcher <> - plugin [perf] was disabled because it doesn't support the given collection type.
107 [139749985609472] INFO perfrun.launcher <> - plugin [aoclprofile] was disabled because it doesn't support the given collection type.
107 [139749985609472] INFO perfrun.tpss <> - initialize tpss controller
107 [139749985609472] INFO perfrun.tpss <> - configure collection mode: value = cpu:counters:nostack
107 [139749985609472] INFO perfrun.tpss <> - configure collection mode: value = cpu:stack
107 [139749985609472] INFO perfrun.tpss <> - configure collection mode: value = threading:stack
107 [139749985609472] INFO perfrun.tpss <> - configure collection mode: value = waiting:stack
107 [139749985609472] INFO perfrun.tpss <> - configure collection mode: value = io:stack
107 [139749985609472] INFO perfrun.tpss <> - default obj-size-min=1024
107 [139749985609472] INFO perfrun.tpss <> - default hash-table-size=0
107 [139749985609472] INFO perfrun.launcher <> - plugin [media] was disabled because it doesn't support the given collection type.
107 [139749985609472] INFO perfrun.launcher <> - plugin [] was disabled because it doesn't support the given collection type.
107 [139749985609472] INFO perfrun.launcher <> - plugin [] was disabled because it doesn't support the given collection type.
107 [139749985609472] INFO perfrun.launcher <> - plugin [parallelfs] was disabled because it doesn't support the given collection type.
107 [139749985609472] INFO perfrun.launcher <> - plugin [power] was disabled because it doesn't support the given collection type.
107 [139749985609472] INFO perfrun.launcher <> - plugin [hwloc] was disabled because it doesn't support the given collection type.
107 [139749985609472] INFO perfrun.launcher <> - plugin [ipmwatch] was disabled because it doesn't support the given collection type.
107 [139749985609472] INFO perfrun.launcher <> - plugin [os_counters] was disabled because it doesn't support the given collection type.
107 [139749985609472] INFO perfrun.launcher <> - plugin [l0_metrics] was disabled because it doesn't support the given collection type.
108 [139750133671808] INFO perfrun.launcher <> - set environment variable: LD_LIBRARY_PATH = /opt/intel/oneapi/vtune/2023.0.0/lib32/runtime:/opt/intel/oneapi/vtune/2023.0.0/lib64/runtime:/opt/intel/oneapi/vpl/2023.0.0/lib:/opt/intel/oneapi/tbb/2021.8.0/env/../lib/intel64/gcc4.8:/opt/intel/oneapi/mpi/2021.8.0//libfabric/lib:/opt/intel/oneapi/mpi/2021.8.0//lib/release:/opt/intel/oneapi/mpi/2021.8.0//lib:/opt/intel/oneapi/mkl/2023.0.0/lib/intel64:/opt/intel/oneapi/itac/2021.8.0/slib:/opt/intel/oneapi/ipp/2021.7.0/lib/intel64:/opt/intel/oneapi/ippcp/2021.6.3/lib/intel64:/opt/intel/oneapi/ipp/2021.7.0/lib/intel64:/opt/intel/oneapi/dnnl/2023.0.0/cpu_dpcpp_gpu_dpcpp/lib:/opt/intel/oneapi/debugger/2023.0.0/gdb/intel64/lib:/opt/intel/oneapi/debugger/2023.0.0/libipt/intel64/lib:/opt/intel/oneapi/debugger/2023.0.0/dep/lib:/opt/intel/oneapi/dal/2023.0.0/lib/intel64:/opt/intel/oneapi/compiler/2023.0.0/linux/lib:/opt/intel/oneapi/compiler/2023.0.0/linux/lib/x64:/opt/intel/oneapi/compiler/2023.0.0/linux/lib/oclfpga/host/linux64/lib:/opt/intel/oneapi/compiler/2023.0.0/linux/compiler/lib/intel64_lin:/opt/intel/oneapi/ccl/2021.8.0/lib/cpu_gpu_dpcpp
108 [139750133671808] INFO perfrun.launcher <> - set environment variable: INTEL_LIBITTNOTIFY32 = /opt/intel/oneapi/vtune/2023.0.0/lib32/runtime/libittnotify_collector.so
108 [139750133671808] INFO perfrun.launcher <> - set environment variable: INTEL_LIBITTNOTIFY64 = /opt/intel/oneapi/vtune/2023.0.0/lib64/runtime/libittnotify_collector.so
108 [139750133671808] INFO perfrun.launcher <> - set environment variable: INTEL_ITTNOTIFY_GROUPS = 
108 [139750133671808] INFO perfrun.launcher <> - set environment variable: INTEL_JIT_PROFILER32 = /opt/intel/oneapi/vtune/2023.0.0/lib32/runtime/libittnotify_collector.so
108 [139750133671808] INFO perfrun.launcher <> - set environment variable: INTEL_JIT_PROFILER64 = /opt/intel/oneapi/vtune/2023.0.0/lib64/runtime/libittnotify_collector.so
108 [139750133671808] INFO perfrun.launcher <> - set environment variable: OMP_TOOL_LIBRARIES = /opt/intel/oneapi/vtune/2023.0.0/lib32/runtime/libittnotify_collector.so:/opt/intel/oneapi/vtune/2023.0.0/lib64/runtime/libittnotify_collector.so
108 [139750133671808] INFO perfrun.launcher <> - set environment variable: ENABLE_JITPROFILING = 1
108 [139750133671808] INFO perfrun.launcher <> - set environment variable: CL_CONFIG_USE_VTUNE = True
108 [139750133671808] INFO perfrun.launcher <> - set environment variable: INTEL_MRTE_DATA_DIR = /tmp/amplxe-tmp-le34xoh/amplxe-res-284300-316756058989306/data.0
108 [139750133671808] INFO perfrun.launcher <> - set environment variable: INTEL_MRTE_HOST_NAME = ppc807
108 [139750133671808] INFO perfrun.launcher <> - set environment variable: JAVA_TOOL_OPTIONS = -agentlib:amplxe_tpssmrte_javaprof_1.0 -Dsun.boot.library.path=/opt/intel/oneapi/vtune/2023.0.0/lib32/runtime:/opt/intel/oneapi/vtune/2023.0.0/lib64/runtime
108 [139750133671808] INFO perfrun.launcher <> - set environment variable: LD_LIBRARY_PATH = /opt/intel/oneapi/vtune/2023.0.0/lib32/runtime:/opt/intel/oneapi/vtune/2023.0.0/lib64/runtime:/opt/intel/oneapi/vpl/2023.0.0/lib:/opt/intel/oneapi/tbb/2021.8.0/env/../lib/intel64/gcc4.8:/opt/intel/oneapi/mpi/2021.8.0//libfabric/lib:/opt/intel/oneapi/mpi/2021.8.0//lib/release:/opt/intel/oneapi/mpi/2021.8.0//lib:/opt/intel/oneapi/mkl/2023.0.0/lib/intel64:/opt/intel/oneapi/itac/2021.8.0/slib:/opt/intel/oneapi/ipp/2021.7.0/lib/intel64:/opt/intel/oneapi/ippcp/2021.6.3/lib/intel64:/opt/intel/oneapi/ipp/2021.7.0/lib/intel64:/opt/intel/oneapi/dnnl/2023.0.0/cpu_dpcpp_gpu_dpcpp/lib:/opt/intel/oneapi/debugger/2023.0.0/gdb/intel64/lib:/opt/intel/oneapi/debugger/2023.0.0/libipt/intel64/lib:/opt/intel/oneapi/debugger/2023.0.0/dep/lib:/opt/intel/oneapi/dal/2023.0.0/lib/intel64:/opt/intel/oneapi/compiler/2023.0.0/linux/lib:/opt/intel/oneapi/compiler/2023.0.0/linux/lib/x64:/opt/intel/oneapi/compiler/2023.0.0/linux/lib/oclfpga/host/linux64/lib:/opt/intel/oneapi/compiler/2023.0.0/linux/compiler/lib/intel64_lin:/opt/intel/oneapi/ccl/2021.8.0/lib/cpu_gpu_dpcpp
108 [139750133671808] INFO perfrun.launcher <> - set environment variable: CORECLR_ENABLE_PROFILING = 1
108 [139750133671808] INFO perfrun.launcher <> - set environment variable: CORECLR_PROFILER = {AA5E4821-E3B1-479c-B7FF-5AD047D22CED}
108 [139750133671808] INFO perfrun.launcher <> - set environment variable: CORECLR_PROFILER_PATH = /opt/intel/oneapi/vtune/2023.0.0/lib64/libamplxe_samplingmrte_clrprof_1.0.so
109 [139750133671808] INFO perfrun.launcher <> - set environment variable: INTEL_MRTE_PROFILER_MODE = mixed
109 [139750133671808] INFO perfrun.launcher <> - RpcServer: run RPC server to handle requests
115 [139750133671808] INFO perfrun.launcher <> - Launcher: command line to start before modification = ./cmake-build-relwithdebinfo-intel/Projekt_exec
115 [139750133671808] INFO perfrun.launcher <> - Launcher: command line to start after modification = /opt/intel/oneapi/vtune/2023.0.0/bin64/pin -error_file /tmp/amplxe-tmp-le34xoh/amplxe-res-284300-316756058989306/data.0/pinerr.tpsslog -detach_reattach -follow_execv -tool_load_option deepbind -t64 /opt/intel/oneapi/vtune/2023.0.0/lib64/libtpsstool.so -t /opt/intel/oneapi/vtune/2023.0.0/lib32/libtpsstool.so -server_name tpss_ipc.284300 -prd_dir /opt/intel/oneapi/vtune/2023.0.0 -- ./cmake-build-relwithdebinfo-intel/Projekt_exec
115 [139750133671808] INFO perfrun.launcher <> - ProcessCreator object was created
116 [139750133671808] INFO perfrun.launcher <> - Launcher: the process was started in suspend mode
117 [139749985609472] WARN perfrun.system <> - Could not do anything with /sys/kernel/debug/kvm: boost::filesystem::status: Permission denied: "/sys/kernel/debug/kvm", at file: vcs/perfrun1/plugins/system/src/trace_writer.cpp:787
117 [139749985609472] WARN perfrun.system <> - File "/var/run/libvirt/qemu/driver.xml" doesn't exist, at file: vcs/perfrun1/plugins/system/src/trace_writer.cpp:892
118 [139749985609472] WARN perfrun.sdk <> - Failed to find xl binary on any of the system paths: /bin, /sbin, /usr/bin, /usr/sbin., at file: vcs/perfrun1/sdk/src/utils.cpp:204
118 [139749985609472] WARN perfrun.system <> - Could not start ContainerMapping collector, at file: vcs/perfrun1/plugins/system/src/controller.cpp:448
218 [139749985609472] INFO perfrun.vdso <> - Helper runtool '/opt/intel/oneapi/vtune/2023.0.0/bin32/amplxe-runss -dump-vdso -r /tmp/amplxe-tmp-le34xoh/amplxe-res-284300-316756058989306 --tmp-dir /tmp/amplxe-tmp-le34xoh' returned 0
329 [139749985609472] INFO perfrun.vdso <> - Helper runtool '/opt/intel/oneapi/vtune/2023.0.0/bin64/amplxe-runss -dump-vdso -r /tmp/amplxe-tmp-le34xoh/amplxe-res-284300-316756058989306 --tmp-dir /tmp/amplxe-tmp-le34xoh' returned 0
329 [139749985609472] INFO perfrun.itt <> - start itt controller for pid #284305
329 [139749985609472] INFO perfrun.tpss <> - start tpss controller for pid #284305
380 [139750133671808] INFO perfrun.launcher <> - Launcher: all plugins were started
380 [139750133671808] INFO perfrun.launcher <> - DirectoryMonitor object was created
380 [139750133671808] INFO perfrun.launcher <> - DirectoryMonitor: a callback was added
380 [139750133671808] INFO perfrun.launcher <> - DirectoryMonitor was started with pingTime = 1000
380 [139750133671808] INFO perfrun.launcher <> - DeadlineTimer is going to be constructed
381 [139750133671808] INFO perfrun.launcher <> - DeadlineTimer: a callback was added
397 [139750133671808] INFO perfrun.launcher <> - Launcher: resume the profiled application and  wait its termination or stop command
1370 [139750133671808] INFO perfrun.launcher <> - Launcher: the profiled application was terminated  with exit code = 0
1382 [139749985609472] INFO perfrun.itt <> - detach itt controller
1382 [139749985609472] INFO perfrun.itt <> - detach itt controller done
1382 [139749985609472] INFO perfrun.tpss <> - stop tpss controller
1382 [139749985609472] INFO perfrun.sdk <> - De-allocating TMU: /tmp/amplxe-tmp-le34xoh/amplxe-res-284300-316756058989306/data.0/systemcollector-284300-ppc807.sc
1382 [139749985609472] INFO perfrun.system <> - closed the system trace file: /tmp/amplxe-tmp-le34xoh/amplxe-res-284300-316756058989306/data.0/systemcollector-284300-ppc807.sc
1383 [139750133671808] INFO perfrun.launcher <> - Launcher: all plugins were stopped.
1391 [139750133671808] INFO perfrun.launcher <> - DeadlineTimer is going to be destroyed
1392 [139750133671808] INFO perfrun.launcher <> - DeadlineTimer was destroyed
1392 [139750133671808] INFO perfrun.launcher <> - DirectoryMonitor object was destroyed
1392 [139750133671808] WARN perfrun.launcher <> - Stop command is ignored because it is received when collection is already stopped, at file: vcs/perfrun1/launcher/src/command_handler.cpp:226
1633 [139750133671808] INFO perfrun.launcher <> - Application exit code: 0
1633 [139750133671808] INFO perfrun.launcher <> - Exit code: 0
