11 [4130330368] INFO perfrun.launcher <> - Launcher main begin
24 [4130330368] INFO perfrun.launcher <> - MessageCatalogInit finished
24 [4130330368] INFO perfrun.launcher <> - Launcher instance created
24 [4130330368] INFO perfrun.launcher <> - argc = 6; cmdline = /opt/intel/oneapi/vtune/2023.0.0/bin32/amplxe-runss -dump-vdso -r /tmp/amplxe-tmp-le34xoh/amplxe-res-1499174-1951709452767882 --tmp-dir /tmp/amplxe-tmp-le34xoh 
31 [4130330368] INFO perfrun.launcher <> - create msngr2::ICliToolContext
31 [4130330368] INFO perfrun.launcher <> - create file finder object
31 [4129581888] INFO perfrun.launcher <> - plugin [remoteplug] was disabled because it doesn't support the given collection type.
31 [4129581888] INFO perfrun.launcher <> - plugin [] was disabled because it doesn't support the given collection type.
31 [4129581888] INFO perfrun.vdso <> - dumping [vdso] pseudomodule
36 [4129581888] INFO perfrun.launcher <> - plugin [] was disabled because it doesn't support the given collection type.
36 [4129581888] INFO perfrun.launcher <> - plugin [] was disabled because it doesn't support the given collection type.
36 [4129581888] INFO perfrun.launcher <> - plugin [] was disabled because it doesn't support the given collection type.
36 [4129581888] INFO perfrun.launcher <> - plugin [] was disabled because it doesn't support the given collection type.
36 [4129581888] INFO perfrun.launcher <> - plugin [] was disabled because it doesn't support the given collection type.
36 [4129581888] INFO perfrun.launcher <> - plugin [] was disabled because it doesn't support the given collection type.
36 [4129581888] INFO perfrun.launcher <> - plugin [] was disabled because it doesn't support the given collection type.
36 [4129581888] INFO perfrun.launcher <> - plugin [] was disabled because it doesn't support the given collection type.
36 [4129581888] INFO perfrun.launcher <> - plugin [] was disabled because it doesn't support the given collection type.
36 [4129581888] INFO perfrun.launcher <> - plugin [] was disabled because it doesn't support the given collection type.
36 [4129581888] INFO perfrun.launcher <> - plugin [] was disabled because it doesn't support the given collection type.
36 [4129581888] INFO perfrun.launcher <> - plugin [] was disabled because it doesn't support the given collection type.
36 [4129581888] INFO perfrun.launcher <> - plugin [] was disabled because it doesn't support the given collection type.
36 [4129581888] INFO perfrun.launcher <> - plugin [] was disabled because it doesn't support the given collection type.
36 [4129581888] INFO perfrun.launcher <> - plugin [] was disabled because it doesn't support the given collection type.
36 [4129581888] INFO perfrun.launcher <> - plugin [] was disabled because it doesn't support the given collection type.
36 [4129581888] INFO perfrun.launcher <> - plugin [] was disabled because it doesn't support the given collection type.
36 [4129581888] INFO perfrun.launcher <> - plugin [] was disabled because it doesn't support the given collection type.
36 [4129581888] INFO perfrun.launcher <> - plugin [] was disabled because it doesn't support the given collection type.
36 [4129581888] INFO perfrun.launcher <> - plugin [] was disabled because it doesn't support the given collection type.
36 [4129581888] INFO perfrun.launcher <> - plugin [] was disabled because it doesn't support the given collection type.
36 [4129581888] INFO perfrun.launcher <> - plugin [] was disabled because it doesn't support the given collection type.
36 [4129581888] INFO perfrun.launcher <> - plugin [] was disabled because it doesn't support the given collection type.
36 [4129581888] INFO perfrun.launcher <> - plugin [] was disabled because it doesn't support the given collection type.
36 [4130330368] INFO perfrun.launcher <> - Application exit code: 0
36 [4130330368] INFO perfrun.launcher <> - Exit code: 0
