17 [140660251613056] INFO perfrun.launcher <> - Launcher main begin
31 [140660251613056] INFO perfrun.launcher <> - MessageCatalogInit finished
31 [140660251613056] INFO perfrun.launcher <> - Launcher instance created
31 [140660251613056] INFO perfrun.launcher <> - argc = 7; cmdline = /opt/intel/oneapi/vtune/2023.0.0/bin64/amplxe-runss --ui-output-format xml --ui-output-fd 5 --option-file /home/le34xoh/Algorithm-Engineering-Git/Projekt/results/config/runss.options 
67 [140660251613056] INFO perfrun.launcher <> - create msngr2::ICliToolContext
67 [140660251613056] INFO perfrun.launcher <> - create file finder object
67 [140660251613056] INFO perfrun.launcher <> - create a result directory: pattern = /home/le34xoh/Algorithm-Engineering-Git/Projekt/results pid = 4294967295
74 [140660251613056] INFO perfrun.sdk <> - checked that the directory /home/le34xoh/Algorithm-Engineering-Git/Projekt/results is a local directory
75 [140660251613056] INFO perfrun.sdk <> - the directory /home/le34xoh/Algorithm-Engineering-Git/Projekt/results is located on a share or its FS ID is unknown 26985
75 [140660251613056] INFO perfrun.sdk <> - checked that the directory /tmp/amplxe-tmp-le34xoh is a local directory
75 [140660251613056] INFO perfrun.sdk <> - the directory /tmp/amplxe-tmp-le34xoh is a local directory with FS type ID 61267
75 [140660251613056] INFO perfrun.launcher <> - Create a local result directory /tmp/amplxe-tmp-le34xoh/amplxe-res-1499174-1951709452767882 due to the user result path /home/le34xoh/Algorithm-Engineering-Git/Projekt/results is located on a share
75 [140660251613056] INFO perfrun.launcher <> - create data directory = /tmp/amplxe-tmp-le34xoh/amplxe-res-1499174-1951709452767882/data.0
79 [140660251613056] INFO perfrun.launcher <> - create data directory = /home/le34xoh/Algorithm-Engineering-Git/Projekt/results/data.0
84 [140660251613056] INFO perfrun.launcher <> - Creating the master collection flag
96 [140660251613056] INFO perfrun.launcher <> - Done creating the master collection flag
96 [140660103440128] INFO perfrun.launcher <> - plugin [remoteplug] was disabled because it doesn't support the given collection type.
97 [140660103440128] INFO perfrun.sdk <> - Allocating TMU :/tmp/amplxe-tmp-le34xoh/amplxe-res-1499174-1951709452767882/data.0/systemcollector-1499174-ppc811.sc
97 [140660103440128] INFO perfrun.system <> - Tpss based collection
97 [140660103440128] INFO perfrun.launcher <> - plugin [ptracecollector] was disabled because it doesn't support the given collection type.
97 [140660103440128] INFO perfrun.launcher <> - plugin [gpu] was disabled because it doesn't support the given collection type.
97 [140660103440128] INFO perfrun.launcher <> - plugin [] was disabled because it doesn't support the given collection type.
97 [140660103440128] INFO perfrun.launcher <> - plugin [] was disabled because it doesn't support the given collection type.
97 [140660103440128] INFO perfrun.launcher <> - plugin [] was disabled because it doesn't support the given collection type.
97 [140660103440128] INFO perfrun.mrte <> - system-wide mode is 0
97 [140660103440128] INFO perfrun.mrte <> - Getting  mrte profiling environment ...
109 [140660103440128] INFO perfrun.mrte <> - INTEL_MRTE_DATA_DIR=/tmp/amplxe-tmp-le34xoh/amplxe-res-1499174-1951709452767882/data.0
109 [140660103440128] INFO perfrun.mrte <> - INTEL_MRTE_HOST_NAME=ppc811
109 [140660103440128] INFO perfrun.mrte <> - JAVA_TOOL_OPTIONS=-agentlib:amplxe_tpssmrte_javaprof_1.0 -Dsun.boot.library.path=/opt/intel/oneapi/vtune/2023.0.0/lib32/runtime:/opt/intel/oneapi/vtune/2023.0.0/lib64/runtime
109 [140660103440128] INFO perfrun.mrte <> - LD_LIBRARY_PATH=/opt/intel/oneapi/vtune/2023.0.0/lib32/runtime:/opt/intel/oneapi/vtune/2023.0.0/lib64/runtime:/opt/intel/oneapi/vpl/2023.0.0/lib:/opt/intel/oneapi/tbb/2021.8.0/env/../lib/intel64/gcc4.8:/opt/intel/oneapi/mpi/2021.8.0//libfabric/lib:/opt/intel/oneapi/mpi/2021.8.0//lib/release:/opt/intel/oneapi/mpi/2021.8.0//lib:/opt/intel/oneapi/mkl/2023.0.0/lib/intel64:/opt/intel/oneapi/itac/2021.8.0/slib:/opt/intel/oneapi/ipp/2021.7.0/lib/intel64:/opt/intel/oneapi/ippcp/2021.6.3/lib/intel64:/opt/intel/oneapi/ipp/2021.7.0/lib/intel64:/opt/intel/oneapi/dnnl/2023.0.0/cpu_dpcpp_gpu_dpcpp/lib:/opt/intel/oneapi/debugger/2023.0.0/gdb/intel64/lib:/opt/intel/oneapi/debugger/2023.0.0/libipt/intel64/lib:/opt/intel/oneapi/debugger/2023.0.0/dep/lib:/opt/intel/oneapi/dal/2023.0.0/lib/intel64:/opt/intel/oneapi/compiler/2023.0.0/linux/lib:/opt/intel/oneapi/compiler/2023.0.0/linux/lib/x64:/opt/intel/oneapi/compiler/2023.0.0/linux/lib/oclfpga/host/linux64/lib:/opt/intel/oneapi/compiler/2023.0.0/linux/compiler/lib/intel64_lin:/opt/intel/oneapi/ccl/2021.8.0/lib/cpu_gpu_dpcpp
109 [140660103440128] INFO perfrun.mrte <> - CORECLR_ENABLE_PROFILING=1
109 [140660103440128] INFO perfrun.mrte <> - CORECLR_PROFILER={AA5E4821-E3B1-479c-B7FF-5AD047D22CED}
109 [140660103440128] INFO perfrun.mrte <> - CORECLR_PROFILER_PATH=/opt/intel/oneapi/vtune/2023.0.0/lib64/libamplxe_samplingmrte_clrprof_1.0.so
109 [140660103440128] INFO perfrun.mrte <> - INTEL_MRTE_PROFILER_MODE=mixed
109 [140660103440128] INFO perfrun.mrte <> - Data directory: /tmp/amplxe-tmp-le34xoh/amplxe-res-1499174-1951709452767882/data.0
109 [140660103440128] INFO perfrun.mrte <> - Mrte plugin is initialized
109 [140660103440128] INFO perfrun.launcher <> - plugin [emon] was disabled because it doesn't support the given collection type.
109 [140660103440128] INFO perfrun.launcher <> - plugin [cuscol] was disabled because it doesn't support the given collection type.
109 [140660103440128] INFO perfrun.launcher <> - plugin [stdsrc] was disabled because it doesn't support the given collection type.
109 [140660103440128] INFO perfrun.launcher <> - plugin [sep] was disabled because it doesn't support the given collection type.
109 [140660103440128] INFO perfrun.launcher <> - plugin [vtsspp] was disabled because it doesn't support the given collection type.
109 [140660103440128] INFO perfrun.sdk <> - Reading value (0) from file: /proc/sys/kernel/perf_event_paranoid
109 [140660103440128] INFO perfrun.perfcollector <> - checking access to: /opt/intel/oneapi/vtune/2023.0.0/bin64/amplxe-perf-priv
109 [140660103440128] INFO perfrun.perfcollector <> - cpu: family = 6 model = 94
109 [140660103440128] INFO perfrun.perfcollector <> - dir found: /sys/bus/event_source/devices/software
109 [140660103440128] WARN perfrun.perfcollector <> - format subdir doesn't exist, at file: vcs/perfrun1/plugins/perfcollector/src/controller.cpp:719
109 [140660103440128] WARN perfrun.perfcollector <> - pmu hwInfo is not set, pmuFam: software, at file: vcs/perfrun1/plugins/perfcollector/src/controller.cpp:828
109 [140660103440128] INFO perfrun.perfcollector <> - pmu added: family: software, id: 0
109 [140660103440128] INFO perfrun.perfcollector <> - dir found: /sys/bus/event_source/devices/power
109 [140660103440128] INFO perfrun.perfcollector <> - format: event config:0-7 mask:0-7
110 [140660103440128] WARN perfrun.perfcollector <> - pmu hwInfo is not set, pmuFam: power, at file: vcs/perfrun1/plugins/perfcollector/src/controller.cpp:828
110 [140660103440128] INFO perfrun.perfcollector <> - pmu added: family: power, id: 0
110 [140660103440128] INFO perfrun.perfcollector <> - dir found: /sys/bus/event_source/devices/uprobe
110 [140660103440128] INFO perfrun.perfcollector <> - format: ref_ctr_offset config:32-63 mask:32-63
110 [140660103440128] INFO perfrun.perfcollector <> - format: retprobe config:0 mask:0
110 [140660103440128] WARN perfrun.perfcollector <> - pmu hwInfo is not set, pmuFam: uprobe, at file: vcs/perfrun1/plugins/perfcollector/src/controller.cpp:828
110 [140660103440128] INFO perfrun.perfcollector <> - pmu added: family: uprobe, id: 0
110 [140660103440128] INFO perfrun.perfcollector <> - dir found: /sys/bus/event_source/devices/uncore_imc
110 [140660103440128] INFO perfrun.perfcollector <> - format: event config:0-7 mask:0-7
110 [140660103440128] INFO perfrun.perfcollector <> - hwInfo: PERF_IMC_PMU_DETAILS
110 [140660103440128] INFO perfrun.perfcollector <> - pmu added: family: uncore_imc, id: 0
110 [140660103440128] INFO perfrun.perfcollector <> - dir found: /sys/bus/event_source/devices/cpu
110 [140660103440128] INFO perfrun.perfcollector <> - format: event config:0-7 mask:0-7
110 [140660103440128] INFO perfrun.perfcollector <> - format: pc config:19 mask:19
110 [140660103440128] INFO perfrun.perfcollector <> - format: edge config:18 mask:18
110 [140660103440128] INFO perfrun.perfcollector <> - format: any config:21 mask:21
110 [140660103440128] INFO perfrun.perfcollector <> - format: offcore_rsp config1:0-63 mask:0-63
110 [140660103440128] INFO perfrun.perfcollector <> - format: ldlat config1:0-15 mask:0-15
110 [140660103440128] INFO perfrun.perfcollector <> - format: inv config:23 mask:23
110 [140660103440128] INFO perfrun.perfcollector <> - format: umask config:8-15 mask:8-15
110 [140660103440128] INFO perfrun.perfcollector <> - format: frontend config1:0-23 mask:0-23
110 [140660103440128] INFO perfrun.perfcollector <> - format: cmask config:24-31 mask:24-31
110 [140660103440128] INFO perfrun.perfcollector <> - hwInfo: PERF_CPU_PMU_DETAILS
110 [140660103440128] INFO perfrun.perfcollector <> - pmu added: family: cpu, id: 0
110 [140660103440128] INFO perfrun.perfcollector <> - dir found: /sys/bus/event_source/devices/cstate_core
110 [140660103440128] INFO perfrun.perfcollector <> - format: event config:0-63 mask:0-63
110 [140660103440128] WARN perfrun.perfcollector <> - pmu hwInfo is not set, pmuFam: cstate_core, at file: vcs/perfrun1/plugins/perfcollector/src/controller.cpp:828
110 [140660103440128] INFO perfrun.perfcollector <> - pmu added: family: cstate_core, id: 0
110 [140660103440128] INFO perfrun.perfcollector <> - dir found: /sys/bus/event_source/devices/uncore_cbox_2
111 [140660103440128] INFO perfrun.perfcollector <> - format: event config:0-7 mask:0-7
111 [140660103440128] INFO perfrun.perfcollector <> - format: edge config:18 mask:18
111 [140660103440128] INFO perfrun.perfcollector <> - format: inv config:23 mask:23
111 [140660103440128] INFO perfrun.perfcollector <> - format: umask config:8-15 mask:8-15
111 [140660103440128] INFO perfrun.perfcollector <> - format: cmask config:24-28 mask:24-28
111 [140660103440128] INFO perfrun.perfcollector <> - hwInfo: PERF_CBOX_PMU_DETAILS
111 [140660103440128] INFO perfrun.perfcollector <> - pmu added: family: uncore_cbox, id: 2
111 [140660103440128] INFO perfrun.perfcollector <> - dir found: /sys/bus/event_source/devices/breakpoint
111 [140660103440128] WARN perfrun.perfcollector <> - format subdir doesn't exist, at file: vcs/perfrun1/plugins/perfcollector/src/controller.cpp:719
111 [140660103440128] WARN perfrun.perfcollector <> - pmu hwInfo is not set, pmuFam: breakpoint, at file: vcs/perfrun1/plugins/perfcollector/src/controller.cpp:828
111 [140660103440128] INFO perfrun.perfcollector <> - pmu added: family: breakpoint, id: 0
111 [140660103440128] INFO perfrun.perfcollector <> - dir found: /sys/bus/event_source/devices/uncore_cbox_0
111 [140660103440128] INFO perfrun.perfcollector <> - format: event config:0-7 mask:0-7
111 [140660103440128] INFO perfrun.perfcollector <> - format: edge config:18 mask:18
111 [140660103440128] INFO perfrun.perfcollector <> - format: inv config:23 mask:23
111 [140660103440128] INFO perfrun.perfcollector <> - format: umask config:8-15 mask:8-15
111 [140660103440128] INFO perfrun.perfcollector <> - format: cmask config:24-28 mask:24-28
111 [140660103440128] INFO perfrun.perfcollector <> - hwInfo: PERF_CBOX_PMU_DETAILS
111 [140660103440128] INFO perfrun.perfcollector <> - pmu added: family: uncore_cbox, id: 0
111 [140660103440128] INFO perfrun.perfcollector <> - dir found: /sys/bus/event_source/devices/tracepoint
111 [140660103440128] WARN perfrun.perfcollector <> - format subdir doesn't exist, at file: vcs/perfrun1/plugins/perfcollector/src/controller.cpp:719
111 [140660103440128] WARN perfrun.perfcollector <> - pmu hwInfo is not set, pmuFam: tracepoint, at file: vcs/perfrun1/plugins/perfcollector/src/controller.cpp:828
111 [140660103440128] INFO perfrun.perfcollector <> - pmu added: family: tracepoint, id: 0
111 [140660103440128] INFO perfrun.perfcollector <> - dir found: /sys/bus/event_source/devices/cstate_pkg
111 [140660103440128] INFO perfrun.perfcollector <> - format: event config:0-63 mask:0-63
111 [140660103440128] WARN perfrun.perfcollector <> - pmu hwInfo is not set, pmuFam: cstate_pkg, at file: vcs/perfrun1/plugins/perfcollector/src/controller.cpp:828
111 [140660103440128] INFO perfrun.perfcollector <> - pmu added: family: cstate_pkg, id: 0
111 [140660103440128] INFO perfrun.perfcollector <> - dir found: /sys/bus/event_source/devices/uncore_arb
111 [140660103440128] INFO perfrun.perfcollector <> - format: event config:0-7 mask:0-7
111 [140660103440128] INFO perfrun.perfcollector <> - format: edge config:18 mask:18
111 [140660103440128] INFO perfrun.perfcollector <> - format: inv config:23 mask:23
111 [140660103440128] INFO perfrun.perfcollector <> - format: umask config:8-15 mask:8-15
111 [140660103440128] INFO perfrun.perfcollector <> - format: cmask config:24-28 mask:24-28
111 [140660103440128] WARN perfrun.perfcollector <> - pmu hwInfo is not set, pmuFam: uncore_arb, at file: vcs/perfrun1/plugins/perfcollector/src/controller.cpp:828
111 [140660103440128] INFO perfrun.perfcollector <> - pmu added: family: uncore_arb, id: 0
111 [140660103440128] INFO perfrun.perfcollector <> - dir found: /sys/bus/event_source/devices/kprobe
111 [140660103440128] INFO perfrun.perfcollector <> - format: retprobe config:0 mask:0
112 [140660103440128] WARN perfrun.perfcollector <> - pmu hwInfo is not set, pmuFam: kprobe, at file: vcs/perfrun1/plugins/perfcollector/src/controller.cpp:828
112 [140660103440128] INFO perfrun.perfcollector <> - pmu added: family: kprobe, id: 0
112 [140660103440128] INFO perfrun.perfcollector <> - dir found: /sys/bus/event_source/devices/i915
112 [140660103440128] INFO perfrun.perfcollector <> - format: i915_eventid config:0-20 mask:0-20
112 [140660103440128] WARN perfrun.perfcollector <> - pmu hwInfo is not set, pmuFam: i915, at file: vcs/perfrun1/plugins/perfcollector/src/controller.cpp:828
112 [140660103440128] INFO perfrun.perfcollector <> - pmu added: family: i915, id: 0
112 [140660103440128] INFO perfrun.perfcollector <> - dir found: /sys/bus/event_source/devices/msr
112 [140660103440128] INFO perfrun.perfcollector <> - format: event config:0-63 mask:0-63
112 [140660103440128] WARN perfrun.perfcollector <> - pmu hwInfo is not set, pmuFam: msr, at file: vcs/perfrun1/plugins/perfcollector/src/controller.cpp:828
112 [140660103440128] INFO perfrun.perfcollector <> - pmu added: family: msr, id: 0
112 [140660103440128] INFO perfrun.perfcollector <> - dir found: /sys/bus/event_source/devices/uncore_cbox_3
112 [140660103440128] INFO perfrun.perfcollector <> - format: event config:0-7 mask:0-7
112 [140660103440128] INFO perfrun.perfcollector <> - format: edge config:18 mask:18
112 [140660103440128] INFO perfrun.perfcollector <> - format: inv config:23 mask:23
112 [140660103440128] INFO perfrun.perfcollector <> - format: umask config:8-15 mask:8-15
112 [140660103440128] INFO perfrun.perfcollector <> - format: cmask config:24-28 mask:24-28
112 [140660103440128] INFO perfrun.perfcollector <> - hwInfo: PERF_CBOX_PMU_DETAILS
112 [140660103440128] INFO perfrun.perfcollector <> - pmu added: family: uncore_cbox, id: 3
112 [140660103440128] INFO perfrun.perfcollector <> - dir found: /sys/bus/event_source/devices/intel_pt
112 [140660103440128] INFO perfrun.perfcollector <> - format: ptw config:12 mask:12
112 [140660103440128] INFO perfrun.perfcollector <> - format: event config:31 mask:31
112 [140660103440128] INFO perfrun.perfcollector <> - format: cyc_thresh config:19-22 mask:19-22
112 [140660103440128] INFO perfrun.perfcollector <> - format: pt config:0 mask:0
112 [140660103440128] INFO perfrun.perfcollector <> - format: notnt config:55 mask:55
112 [140660103440128] INFO perfrun.perfcollector <> - format: branch config:13 mask:13
112 [140660103440128] INFO perfrun.perfcollector <> - format: tsc config:10 mask:10
112 [140660103440128] INFO perfrun.perfcollector <> - format: pwr_evt config:4 mask:4
112 [140660103440128] INFO perfrun.perfcollector <> - format: fup_on_ptw config:5 mask:5
112 [140660103440128] INFO perfrun.perfcollector <> - format: cyc config:1 mask:1
112 [140660103440128] INFO perfrun.perfcollector <> - format: noretcomp config:11 mask:11
112 [140660103440128] INFO perfrun.perfcollector <> - format: mtc config:9 mask:9
112 [140660103440128] INFO perfrun.perfcollector <> - format: psb_period config:24-27 mask:24-27
112 [140660103440128] INFO perfrun.perfcollector <> - format: mtc_period config:14-17 mask:14-17
113 [140660103440128] WARN perfrun.perfcollector <> - pmu hwInfo is not set, pmuFam: intel_pt, at file: vcs/perfrun1/plugins/perfcollector/src/controller.cpp:828
113 [140660103440128] INFO perfrun.perfcollector <> - pmu added: family: intel_pt, id: 0
113 [140660103440128] INFO perfrun.perfcollector <> - dir found: /sys/bus/event_source/devices/uncore_cbox_1
113 [140660103440128] INFO perfrun.perfcollector <> - format: event config:0-7 mask:0-7
113 [140660103440128] INFO perfrun.perfcollector <> - format: edge config:18 mask:18
113 [140660103440128] INFO perfrun.perfcollector <> - format: inv config:23 mask:23
113 [140660103440128] INFO perfrun.perfcollector <> - format: umask config:8-15 mask:8-15
113 [140660103440128] INFO perfrun.perfcollector <> - format: cmask config:24-28 mask:24-28
113 [140660103440128] INFO perfrun.perfcollector <> - hwInfo: PERF_CBOX_PMU_DETAILS
113 [140660103440128] INFO perfrun.perfcollector <> - pmu added: family: uncore_cbox, id: 1
113 [140660103440128] INFO perfrun.sdk <> - runCmd: /opt/intel/oneapi/vtune/2023.0.0/bin64/sep -dry-run -sam 1 -ec CPU_CLK_UNHALTED.THREAD,CPU_CLK_UNHALTED.REF_TSC:sample:sa=3200000,INST_RETIRED.ANY:sample:sa=3200000,CPU_CLK_UNHALTED.REF_XCLK,CPU_CLK_UNHALTED.ONE_THREAD_ACTIVE,FP_ARITH_INST_RETIRED.SCALAR_SINGLE,FP_ARITH_INST_RETIRED.128B_PACKED_SINGLE,FP_ARITH_INST_RETIRED.256B_PACKED_SINGLE,FP_ARITH_INST_RETIRED.SCALAR_DOUBLE,FP_ARITH_INST_RETIRED.128B_PACKED_DOUBLE,FP_ARITH_INST_RETIRED.256B_PACKED_DOUBLE,UOPS_EXECUTED.X87,UOPS_RETIRED.RETIRE_SLOTS:sample:sa=2000003,UOPS_EXECUTED.THREAD -experimental
113 [140660103440128] INFO perfrun.sdk <> - runCmd started PID 1499178
135 [140660103440128] INFO perfrun.perfcollector <> - SepDryRun RC = true
135 [140660103440128] INFO perfrun.perfcollector <> - DRY_RUN: "PMU type: Core (core)"
135 [140660103440128] INFO perfrun.perfcollector <> - pmu type: cpu
135 [140660103440128] INFO perfrun.perfcollector <> - DRY_RUN: "Group 0:"
135 [140660103440128] INFO perfrun.perfcollector <> - id: 0
135 [140660103440128] INFO perfrun.perfcollector <> - DRY_RUN: "INST_RETIRED.ANY: event id 2"
135 [140660103440128] INFO perfrun.perfcollector <> - eventName: INST_RETIRED.ANY, eventId: 2
135 [140660103440128] INFO perfrun.perfcollector <> - DRY_RUN: "CPU_CLK_UNHALTED.THREAD: event id 0"
135 [140660103440128] INFO perfrun.perfcollector <> - eventName: CPU_CLK_UNHALTED.THREAD, eventId: 0
135 [140660103440128] INFO perfrun.perfcollector <> - DRY_RUN: "CPU_CLK_UNHALTED.REF_TSC: event id 1"
136 [140660103440128] INFO perfrun.perfcollector <> - eventName: CPU_CLK_UNHALTED.REF_TSC, eventId: 1
136 [140660103440128] INFO perfrun.perfcollector <> - DRY_RUN: "CPU_CLK_UNHALTED.REF_XCLK: event id 3"
136 [140660103440128] INFO perfrun.perfcollector <> - eventName: CPU_CLK_UNHALTED.REF_XCLK, eventId: 3
136 [140660103440128] INFO perfrun.perfcollector <> - DRY_RUN: "CPU_CLK_UNHALTED.ONE_THREAD_ACTIVE: event id 4"
136 [140660103440128] INFO perfrun.perfcollector <> - eventName: CPU_CLK_UNHALTED.ONE_THREAD_ACTIVE, eventId: 4
136 [140660103440128] INFO perfrun.perfcollector <> - DRY_RUN: "FP_ARITH_INST_RETIRED.SCALAR_SINGLE: event id 5"
136 [140660103440128] INFO perfrun.perfcollector <> - eventName: FP_ARITH_INST_RETIRED.SCALAR_SINGLE, eventId: 5
136 [140660103440128] INFO perfrun.perfcollector <> - DRY_RUN: "FP_ARITH_INST_RETIRED.128B_PACKED_SINGLE: event id 6"
136 [140660103440128] INFO perfrun.perfcollector <> - eventName: FP_ARITH_INST_RETIRED.128B_PACKED_SINGLE, eventId: 6
136 [140660103440128] INFO perfrun.perfcollector <> - DRY_RUN: "FP_ARITH_INST_RETIRED.256B_PACKED_SINGLE: event id 7"
136 [140660103440128] INFO perfrun.perfcollector <> - eventName: FP_ARITH_INST_RETIRED.256B_PACKED_SINGLE, eventId: 7
136 [140660103440128] INFO perfrun.perfcollector <> - DRY_RUN: "FP_ARITH_INST_RETIRED.SCALAR_DOUBLE: event id 8"
136 [140660103440128] INFO perfrun.perfcollector <> - eventName: FP_ARITH_INST_RETIRED.SCALAR_DOUBLE, eventId: 8
136 [140660103440128] INFO perfrun.perfcollector <> - DRY_RUN: "FP_ARITH_INST_RETIRED.128B_PACKED_DOUBLE: event id 9"
136 [140660103440128] INFO perfrun.perfcollector <> - eventName: FP_ARITH_INST_RETIRED.128B_PACKED_DOUBLE, eventId: 9
136 [140660103440128] INFO perfrun.perfcollector <> - DRY_RUN: "FP_ARITH_INST_RETIRED.256B_PACKED_DOUBLE: event id 10"
136 [140660103440128] INFO perfrun.perfcollector <> - eventName: FP_ARITH_INST_RETIRED.256B_PACKED_DOUBLE, eventId: 10
136 [140660103440128] INFO perfrun.perfcollector <> - DRY_RUN: "CCCR"
136 [140660103440128] INFO perfrun.perfcollector <> - DRY_RUN: "reg_type       = 1	event_id       = g	reg_id         = 38f	reg_value      = 7000000ff"
136 [140660103440128] INFO perfrun.perfcollector <> - eventId: g, skip parsing event_id
136 [140660103440128] INFO perfrun.perfcollector <> - Register was ignored: group_id: 0, reg_type: 1, event_id: 4294967295, reg_id: 38f, reg_value: 7000000ff, pmu_name: cpu
136 [140660103440128] INFO perfrun.perfcollector <> - DRY_RUN: "reg_type       = 1	event_id       = g	reg_id         = 390	reg_value      = 7000000ff"
136 [140660103440128] INFO perfrun.perfcollector <> - eventId: g, skip parsing event_id
136 [140660103440128] INFO perfrun.perfcollector <> - Register was ignored: group_id: 0, reg_type: 1, event_id: 4294967295, reg_id: 390, reg_value: 7000000ff, pmu_name: cpu
136 [140660103440128] INFO perfrun.perfcollector <> - DRY_RUN: "reg_type       = 1	event_id       = g	reg_id         = 3f1	reg_value      = 0"
136 [140660103440128] INFO perfrun.perfcollector <> - eventId: g, skip parsing event_id
136 [140660103440128] INFO perfrun.perfcollector <> - Register was ignored: group_id: 0, reg_type: 1, event_id: 4294967295, reg_id: 3f1, reg_value: 0, pmu_name: cpu
136 [140660103440128] INFO perfrun.perfcollector <> - DRY_RUN: "reg_type       = 1	event_id       = g	reg_id         = 1d9	reg_value      = 1800"
136 [140660103440128] INFO perfrun.perfcollector <> - eventId: g, skip parsing event_id
136 [140660103440128] INFO perfrun.perfcollector <> - Register was ignored: group_id: 0, reg_type: 1, event_id: 4294967295, reg_id: 1d9, reg_value: 1800, pmu_name: cpu
136 [140660103440128] INFO perfrun.perfcollector <> - DRY_RUN: "reg_type       = 1	event_id       = g	reg_id         = 38d	reg_value      = bbb"
136 [140660103440128] INFO perfrun.perfcollector <> - eventId: g, skip parsing event_id
136 [140660103440128] INFO perfrun.perfcollector <> - Register was ignored: group_id: 0, reg_type: 1, event_id: 4294967295, reg_id: 38d, reg_value: bbb, pmu_name: cpu
136 [140660103440128] INFO perfrun.perfcollector <> - DRY_RUN: "reg_type       = 1	event_id       = 3	reg_id         = 186	reg_value      = 53013c"
136 [140660103440128] INFO perfrun.perfcollector <> - Event selector: group_id: 0, reg_type: 1, event_id: 3, reg_id: 186, reg_value: 53013c, pmu_name: cpu
136 [140660103440128] INFO perfrun.perfcollector <> - DRY_RUN: "reg_type       = 1	event_id       = 4	reg_id         = 187	reg_value      = 53023c"
136 [140660103440128] INFO perfrun.perfcollector <> - Event selector: group_id: 0, reg_type: 1, event_id: 4, reg_id: 187, reg_value: 53023c, pmu_name: cpu
136 [140660103440128] INFO perfrun.perfcollector <> - DRY_RUN: "reg_type       = 1	event_id       = 5	reg_id         = 188	reg_value      = 5302c7"
136 [140660103440128] INFO perfrun.perfcollector <> - Event selector: group_id: 0, reg_type: 1, event_id: 5, reg_id: 188, reg_value: 5302c7, pmu_name: cpu
136 [140660103440128] INFO perfrun.perfcollector <> - DRY_RUN: "reg_type       = 1	event_id       = 6	reg_id         = 189	reg_value      = 5308c7"
136 [140660103440128] INFO perfrun.perfcollector <> - Event selector: group_id: 0, reg_type: 1, event_id: 6, reg_id: 189, reg_value: 5308c7, pmu_name: cpu
136 [140660103440128] INFO perfrun.perfcollector <> - DRY_RUN: "reg_type       = 1	event_id       = 7	reg_id         = 18a	reg_value      = 5320c7"
136 [140660103440128] INFO perfrun.perfcollector <> - Event selector: group_id: 0, reg_type: 1, event_id: 7, reg_id: 18a, reg_value: 5320c7, pmu_name: cpu
136 [140660103440128] INFO perfrun.perfcollector <> - DRY_RUN: "reg_type       = 1	event_id       = 8	reg_id         = 18b	reg_value      = 5301c7"
136 [140660103440128] INFO perfrun.perfcollector <> - Event selector: group_id: 0, reg_type: 1, event_id: 8, reg_id: 18b, reg_value: 5301c7, pmu_name: cpu
136 [140660103440128] INFO perfrun.perfcollector <> - DRY_RUN: "reg_type       = 1	event_id       = 9	reg_id         = 18c	reg_value      = 5304c7"
136 [140660103440128] INFO perfrun.perfcollector <> - Event selector: group_id: 0, reg_type: 1, event_id: 9, reg_id: 18c, reg_value: 5304c7, pmu_name: cpu
136 [140660103440128] INFO perfrun.perfcollector <> - DRY_RUN: "reg_type       = 1	event_id       = 10	reg_id         = 18d	reg_value      = 5310c7"
136 [140660103440128] INFO perfrun.perfcollector <> - Event selector: group_id: 0, reg_type: 1, event_id: 10, reg_id: 18d, reg_value: 5310c7, pmu_name: cpu
136 [140660103440128] INFO perfrun.perfcollector <> - DRY_RUN: "ESCR"
136 [140660103440128] INFO perfrun.perfcollector <> - DRY_RUN: "reg_type       = 2	event_id       = g	reg_id         = 1c8	reg_value      = 0"
136 [140660103440128] INFO perfrun.perfcollector <> - eventId: g, skip parsing event_id
136 [140660103440128] INFO perfrun.perfcollector <> - DRY_RUN: "DATA"
136 [140660103440128] INFO perfrun.perfcollector <> - DRY_RUN: "reg_type       = 4	event_id       = 2	reg_id         = 309	reg_value      = ffffffcf2c00"
136 [140660103440128] INFO perfrun.perfcollector <> - eventId: 2, dataAddr: 309, dataVal: ffffffcf2c00
136 [140660103440128] INFO perfrun.perfcollector <> - DRY_RUN: "reg_type       = 4	event_id       = 0	reg_id         = 30a	reg_value      = ffffffe17b7d"
136 [140660103440128] INFO perfrun.perfcollector <> - eventId: 0, dataAddr: 30a, dataVal: ffffffe17b7d
136 [140660103440128] INFO perfrun.perfcollector <> - DRY_RUN: "reg_type       = 4	event_id       = 1	reg_id         = 30b	reg_value      = ffffffcf2c00"
136 [140660103440128] INFO perfrun.perfcollector <> - eventId: 1, dataAddr: 30b, dataVal: ffffffcf2c00
136 [140660103440128] INFO perfrun.perfcollector <> - DRY_RUN: "reg_type       = 4	event_id       = 3	reg_id         = c1	reg_value      = ffffffff9e55"
136 [140660103440128] INFO perfrun.perfcollector <> - eventId: 3, dataAddr: c1, dataVal: ffffffff9e55
136 [140660103440128] INFO perfrun.perfcollector <> - DRY_RUN: "reg_type       = 4	event_id       = 4	reg_id         = c2	reg_value      = ffffffff9e55"
136 [140660103440128] INFO perfrun.perfcollector <> - eventId: 4, dataAddr: c2, dataVal: ffffffff9e55
136 [140660103440128] INFO perfrun.perfcollector <> - DRY_RUN: "reg_type       = 4	event_id       = 5	reg_id         = c3	reg_value      = ffffffe17b7d"
136 [140660103440128] INFO perfrun.perfcollector <> - eventId: 5, dataAddr: c3, dataVal: ffffffe17b7d
136 [140660103440128] INFO perfrun.perfcollector <> - DRY_RUN: "reg_type       = 4	event_id       = 6	reg_id         = c4	reg_value      = ffffffe17b7d"
136 [140660103440128] INFO perfrun.perfcollector <> - eventId: 6, dataAddr: c4, dataVal: ffffffe17b7d
136 [140660103440128] INFO perfrun.perfcollector <> - DRY_RUN: "reg_type       = 4	event_id       = 7	reg_id         = c5	reg_value      = ffffffe17b7d"
136 [140660103440128] INFO perfrun.perfcollector <> - eventId: 7, dataAddr: c5, dataVal: ffffffe17b7d
136 [140660103440128] INFO perfrun.perfcollector <> - DRY_RUN: "reg_type       = 4	event_id       = 8	reg_id         = c6	reg_value      = ffffffe17b7d"
136 [140660103440128] INFO perfrun.perfcollector <> - eventId: 8, dataAddr: c6, dataVal: ffffffe17b7d
136 [140660103440128] INFO perfrun.perfcollector <> - DRY_RUN: "reg_type       = 4	event_id       = 9	reg_id         = c7	reg_value      = ffffffe17b7d"
136 [140660103440128] INFO perfrun.perfcollector <> - eventId: 9, dataAddr: c7, dataVal: ffffffe17b7d
136 [140660103440128] INFO perfrun.perfcollector <> - DRY_RUN: "reg_type       = 4	event_id       = 10	reg_id         = c8	reg_value      = ffffffe17b7d"
136 [140660103440128] INFO perfrun.perfcollector <> - eventId: 10, dataAddr: c8, dataVal: ffffffe17b7d
136 [140660103440128] INFO perfrun.perfcollector <> - DRY_RUN: "Group 1:"
136 [140660103440128] INFO perfrun.perfcollector <> - id: 1
136 [140660103440128] INFO perfrun.perfcollector <> - DRY_RUN: "INST_RETIRED.ANY: event id 2"
136 [140660103440128] INFO perfrun.perfcollector <> - eventName: INST_RETIRED.ANY, eventId: 2
136 [140660103440128] INFO perfrun.perfcollector <> - DRY_RUN: "CPU_CLK_UNHALTED.THREAD: event id 0"
136 [140660103440128] INFO perfrun.perfcollector <> - eventName: CPU_CLK_UNHALTED.THREAD, eventId: 0
136 [140660103440128] INFO perfrun.perfcollector <> - DRY_RUN: "CPU_CLK_UNHALTED.REF_TSC: event id 1"
136 [140660103440128] INFO perfrun.perfcollector <> - eventName: CPU_CLK_UNHALTED.REF_TSC, eventId: 1
136 [140660103440128] INFO perfrun.perfcollector <> - DRY_RUN: "UOPS_EXECUTED.X87: event id 11"
136 [140660103440128] INFO perfrun.perfcollector <> - eventName: UOPS_EXECUTED.X87, eventId: 11
136 [140660103440128] INFO perfrun.perfcollector <> - DRY_RUN: "UOPS_RETIRED.RETIRE_SLOTS: event id 12"
136 [140660103440128] INFO perfrun.perfcollector <> - eventName: UOPS_RETIRED.RETIRE_SLOTS, eventId: 12
136 [140660103440128] INFO perfrun.perfcollector <> - DRY_RUN: "UOPS_EXECUTED.THREAD: event id 13"
136 [140660103440128] INFO perfrun.perfcollector <> - eventName: UOPS_EXECUTED.THREAD, eventId: 13
136 [140660103440128] INFO perfrun.perfcollector <> - DRY_RUN: "CCCR"
136 [140660103440128] INFO perfrun.perfcollector <> - DRY_RUN: "reg_type       = 1	event_id       = g	reg_id         = 38f	reg_value      = 700000007"
136 [140660103440128] INFO perfrun.perfcollector <> - eventId: g, skip parsing event_id
136 [140660103440128] INFO perfrun.perfcollector <> - Register was ignored: group_id: 1, reg_type: 1, event_id: 4294967295, reg_id: 38f, reg_value: 700000007, pmu_name: cpu
136 [140660103440128] INFO perfrun.perfcollector <> - DRY_RUN: "reg_type       = 1	event_id       = g	reg_id         = 390	reg_value      = 700000007"
136 [140660103440128] INFO perfrun.perfcollector <> - eventId: g, skip parsing event_id
136 [140660103440128] INFO perfrun.perfcollector <> - Register was ignored: group_id: 1, reg_type: 1, event_id: 4294967295, reg_id: 390, reg_value: 700000007, pmu_name: cpu
136 [140660103440128] INFO perfrun.perfcollector <> - DRY_RUN: "reg_type       = 1	event_id       = g	reg_id         = 3f1	reg_value      = 0"
136 [140660103440128] INFO perfrun.perfcollector <> - eventId: g, skip parsing event_id
136 [140660103440128] INFO perfrun.perfcollector <> - Register was ignored: group_id: 1, reg_type: 1, event_id: 4294967295, reg_id: 3f1, reg_value: 0, pmu_name: cpu
136 [140660103440128] INFO perfrun.perfcollector <> - DRY_RUN: "reg_type       = 1	event_id       = g	reg_id         = 1d9	reg_value      = 1800"
136 [140660103440128] INFO perfrun.perfcollector <> - eventId: g, skip parsing event_id
136 [140660103440128] INFO perfrun.perfcollector <> - Register was ignored: group_id: 1, reg_type: 1, event_id: 4294967295, reg_id: 1d9, reg_value: 1800, pmu_name: cpu
136 [140660103440128] INFO perfrun.perfcollector <> - DRY_RUN: "reg_type       = 1	event_id       = g	reg_id         = 38d	reg_value      = bbb"
136 [140660103440128] INFO perfrun.perfcollector <> - eventId: g, skip parsing event_id
136 [140660103440128] INFO perfrun.perfcollector <> - Register was ignored: group_id: 1, reg_type: 1, event_id: 4294967295, reg_id: 38d, reg_value: bbb, pmu_name: cpu
136 [140660103440128] INFO perfrun.perfcollector <> - DRY_RUN: "reg_type       = 1	event_id       = 11	reg_id         = 186	reg_value      = 5310b1"
136 [140660103440128] INFO perfrun.perfcollector <> - Event selector: group_id: 1, reg_type: 1, event_id: 11, reg_id: 186, reg_value: 5310b1, pmu_name: cpu
136 [140660103440128] INFO perfrun.perfcollector <> - DRY_RUN: "reg_type       = 1	event_id       = 12	reg_id         = 187	reg_value      = 5302c2"
136 [140660103440128] INFO perfrun.perfcollector <> - Event selector: group_id: 1, reg_type: 1, event_id: 12, reg_id: 187, reg_value: 5302c2, pmu_name: cpu
136 [140660103440128] INFO perfrun.perfcollector <> - DRY_RUN: "reg_type       = 1	event_id       = 13	reg_id         = 188	reg_value      = 5301b1"
136 [140660103440128] INFO perfrun.perfcollector <> - Event selector: group_id: 1, reg_type: 1, event_id: 13, reg_id: 188, reg_value: 5301b1, pmu_name: cpu
136 [140660103440128] INFO perfrun.perfcollector <> - DRY_RUN: "ESCR"
136 [140660103440128] INFO perfrun.perfcollector <> - DRY_RUN: "reg_type       = 2	event_id       = g	reg_id         = 1c8	reg_value      = 0"
136 [140660103440128] INFO perfrun.perfcollector <> - eventId: g, skip parsing event_id
136 [140660103440128] INFO perfrun.perfcollector <> - DRY_RUN: "DATA"
136 [140660103440128] INFO perfrun.perfcollector <> - DRY_RUN: "reg_type       = 4	event_id       = 2	reg_id         = 309	reg_value      = ffffffcf2c00"
136 [140660103440128] INFO perfrun.perfcollector <> - eventId: 2, dataAddr: 309, dataVal: ffffffcf2c00
136 [140660103440128] INFO perfrun.perfcollector <> - DRY_RUN: "reg_type       = 4	event_id       = 0	reg_id         = 30a	reg_value      = ffffffe17b7d"
136 [140660103440128] INFO perfrun.perfcollector <> - eventId: 0, dataAddr: 30a, dataVal: ffffffe17b7d
136 [140660103440128] INFO perfrun.perfcollector <> - DRY_RUN: "reg_type       = 4	event_id       = 1	reg_id         = 30b	reg_value      = ffffffcf2c00"
136 [140660103440128] INFO perfrun.perfcollector <> - eventId: 1, dataAddr: 30b, dataVal: ffffffcf2c00
136 [140660103440128] INFO perfrun.perfcollector <> - DRY_RUN: "reg_type       = 4	event_id       = 11	reg_id         = c1	reg_value      = ffffffe17b7d"
136 [140660103440128] INFO perfrun.perfcollector <> - eventId: 11, dataAddr: c1, dataVal: ffffffe17b7d
136 [140660103440128] INFO perfrun.perfcollector <> - DRY_RUN: "reg_type       = 4	event_id       = 12	reg_id         = c2	reg_value      = ffffffe17b7d"
136 [140660103440128] INFO perfrun.perfcollector <> - eventId: 12, dataAddr: c2, dataVal: ffffffe17b7d
136 [140660103440128] INFO perfrun.perfcollector <> - DRY_RUN: "reg_type       = 4	event_id       = 13	reg_id         = c3	reg_value      = ffffffe17b7d"
136 [140660103440128] INFO perfrun.perfcollector <> - eventId: 13, dataAddr: c3, dataVal: ffffffe17b7d
136 [140660103440128] INFO perfrun.perfcollector <> - event name: CPU_CLK_UNHALTED.THREAD
136 [140660103440128] INFO perfrun.perfcollector <> - pmu config: cpu, m_cccrAddr: ffffffff, m_cccrVal: 0, m_escrAddr: ffffffff, m_escrVal: 0, m_dataAddr: 30a, m_dataVal: ffffffffffe17b7d, m_extPebsVal: 0, m_adtPebsAvail: 0
136 [140660103440128] INFO perfrun.perfcollector <> - config: event: 3c
136 [140660103440128] INFO perfrun.perfcollector <> - config: pc: 0
136 [140660103440128] INFO perfrun.perfcollector <> - config: edge: 0
136 [140660103440128] INFO perfrun.perfcollector <> - config: any: 0
136 [140660103440128] INFO perfrun.perfcollector <> - config1: offcore_rsp: 0
136 [140660103440128] INFO perfrun.perfcollector <> - config1: ldlat: 0
136 [140660103440128] INFO perfrun.perfcollector <> - config: inv: 0
136 [140660103440128] INFO perfrun.perfcollector <> - config: umask: 0
136 [140660103440128] INFO perfrun.perfcollector <> - config1: frontend: 0
136 [140660103440128] INFO perfrun.perfcollector <> - config: cmask: 0
137 [140660103440128] INFO perfrun.perfcollector <> - format: cpu/event=0x3c,name='CPU_CLK_UNHALTED.THREAD'/D
137 [140660103440128] INFO perfrun.perfcollector <> - event name: CPU_CLK_UNHALTED.REF_TSC
137 [140660103440128] INFO perfrun.perfcollector <> - pmu config: cpu, m_cccrAddr: ffffffff, m_cccrVal: 0, m_escrAddr: ffffffff, m_escrVal: 0, m_dataAddr: 30b, m_dataVal: ffffffffffcf2c00, m_extPebsVal: 0, m_adtPebsAvail: 0
137 [140660103440128] INFO perfrun.perfcollector <> - config: event: 0
137 [140660103440128] INFO perfrun.perfcollector <> - config: pc: 0
137 [140660103440128] INFO perfrun.perfcollector <> - config: edge: 0
137 [140660103440128] INFO perfrun.perfcollector <> - config: any: 0
137 [140660103440128] INFO perfrun.perfcollector <> - config1: offcore_rsp: 0
137 [140660103440128] INFO perfrun.perfcollector <> - config1: ldlat: 0
137 [140660103440128] INFO perfrun.perfcollector <> - config: inv: 0
137 [140660103440128] INFO perfrun.perfcollector <> - config: umask: 3
137 [140660103440128] INFO perfrun.perfcollector <> - config1: frontend: 0
137 [140660103440128] INFO perfrun.perfcollector <> - config: cmask: 0
137 [140660103440128] INFO perfrun.perfcollector <> - format: cpu/umask=0x3,name='CPU_CLK_UNHALTED.REF_TSC'/D
137 [140660103440128] INFO perfrun.perfcollector <> - event name: INST_RETIRED.ANY
137 [140660103440128] INFO perfrun.perfcollector <> - pmu config: cpu, m_cccrAddr: ffffffff, m_cccrVal: 0, m_escrAddr: ffffffff, m_escrVal: 0, m_dataAddr: 309, m_dataVal: ffffffffffcf2c00, m_extPebsVal: 0, m_adtPebsAvail: 0
137 [140660103440128] INFO perfrun.perfcollector <> - config: event: c0
137 [140660103440128] INFO perfrun.perfcollector <> - config: pc: 0
137 [140660103440128] INFO perfrun.perfcollector <> - config: edge: 0
137 [140660103440128] INFO perfrun.perfcollector <> - config: any: 0
137 [140660103440128] INFO perfrun.perfcollector <> - config1: offcore_rsp: 0
137 [140660103440128] INFO perfrun.perfcollector <> - config1: ldlat: 0
137 [140660103440128] INFO perfrun.perfcollector <> - config: inv: 0
137 [140660103440128] INFO perfrun.perfcollector <> - config: umask: 0
137 [140660103440128] INFO perfrun.perfcollector <> - config1: frontend: 0
137 [140660103440128] INFO perfrun.perfcollector <> - config: cmask: 0
137 [140660103440128] INFO perfrun.perfcollector <> - format: cpu/event=0xc0,name='INST_RETIRED.ANY'/D
137 [140660103440128] INFO perfrun.perfcollector <> - event name: CPU_CLK_UNHALTED.REF_XCLK
137 [140660103440128] INFO perfrun.perfcollector <> - pmu config: cpu, m_cccrAddr: 186, m_cccrVal: 53013c, m_escrAddr: ffffffff, m_escrVal: 0, m_dataAddr: c1, m_dataVal: ffffffffffff9e55, m_extPebsVal: 0, m_adtPebsAvail: 0
137 [140660103440128] INFO perfrun.perfcollector <> - config: event: 3c
137 [140660103440128] INFO perfrun.perfcollector <> - config: pc: 0
137 [140660103440128] INFO perfrun.perfcollector <> - config: edge: 0
137 [140660103440128] INFO perfrun.perfcollector <> - config: any: 0
137 [140660103440128] INFO perfrun.perfcollector <> - config1: offcore_rsp: 0
137 [140660103440128] INFO perfrun.perfcollector <> - config1: ldlat: 0
137 [140660103440128] INFO perfrun.perfcollector <> - config: inv: 0
137 [140660103440128] INFO perfrun.perfcollector <> - config: umask: 1
137 [140660103440128] INFO perfrun.perfcollector <> - config1: frontend: 0
137 [140660103440128] INFO perfrun.perfcollector <> - config: cmask: 0
137 [140660103440128] INFO perfrun.perfcollector <> - format: cpu/event=0x3c,umask=0x1,name='CPU_CLK_UNHALTED.REF_XCLK'/
137 [140660103440128] INFO perfrun.perfcollector <> - event name: CPU_CLK_UNHALTED.ONE_THREAD_ACTIVE
137 [140660103440128] INFO perfrun.perfcollector <> - pmu config: cpu, m_cccrAddr: 187, m_cccrVal: 53023c, m_escrAddr: ffffffff, m_escrVal: 0, m_dataAddr: c2, m_dataVal: ffffffffffff9e55, m_extPebsVal: 0, m_adtPebsAvail: 0
137 [140660103440128] INFO perfrun.perfcollector <> - config: event: 3c
137 [140660103440128] INFO perfrun.perfcollector <> - config: pc: 0
137 [140660103440128] INFO perfrun.perfcollector <> - config: edge: 0
137 [140660103440128] INFO perfrun.perfcollector <> - config: any: 0
137 [140660103440128] INFO perfrun.perfcollector <> - config1: offcore_rsp: 0
137 [140660103440128] INFO perfrun.perfcollector <> - config1: ldlat: 0
137 [140660103440128] INFO perfrun.perfcollector <> - config: inv: 0
137 [140660103440128] INFO perfrun.perfcollector <> - config: umask: 2
137 [140660103440128] INFO perfrun.perfcollector <> - config1: frontend: 0
137 [140660103440128] INFO perfrun.perfcollector <> - config: cmask: 0
137 [140660103440128] INFO perfrun.perfcollector <> - format: cpu/event=0x3c,umask=0x2,name='CPU_CLK_UNHALTED.ONE_THREAD_ACTIVE'/
137 [140660103440128] INFO perfrun.perfcollector <> - event name: FP_ARITH_INST_RETIRED.SCALAR_SINGLE
137 [140660103440128] INFO perfrun.perfcollector <> - pmu config: cpu, m_cccrAddr: 188, m_cccrVal: 5302c7, m_escrAddr: ffffffff, m_escrVal: 0, m_dataAddr: c3, m_dataVal: ffffffffffe17b7d, m_extPebsVal: 0, m_adtPebsAvail: 0
137 [140660103440128] INFO perfrun.perfcollector <> - config: event: c7
137 [140660103440128] INFO perfrun.perfcollector <> - config: pc: 0
137 [140660103440128] INFO perfrun.perfcollector <> - config: edge: 0
137 [140660103440128] INFO perfrun.perfcollector <> - config: any: 0
137 [140660103440128] INFO perfrun.perfcollector <> - config1: offcore_rsp: 0
137 [140660103440128] INFO perfrun.perfcollector <> - config1: ldlat: 0
137 [140660103440128] INFO perfrun.perfcollector <> - config: inv: 0
137 [140660103440128] INFO perfrun.perfcollector <> - config: umask: 2
137 [140660103440128] INFO perfrun.perfcollector <> - config1: frontend: 0
137 [140660103440128] INFO perfrun.perfcollector <> - config: cmask: 0
137 [140660103440128] INFO perfrun.perfcollector <> - format: cpu/event=0xc7,umask=0x2,name='FP_ARITH_INST_RETIRED.SCALAR_SINGLE'/
137 [140660103440128] INFO perfrun.perfcollector <> - event name: FP_ARITH_INST_RETIRED.128B_PACKED_SINGLE
137 [140660103440128] INFO perfrun.perfcollector <> - pmu config: cpu, m_cccrAddr: 189, m_cccrVal: 5308c7, m_escrAddr: ffffffff, m_escrVal: 0, m_dataAddr: c4, m_dataVal: ffffffffffe17b7d, m_extPebsVal: 0, m_adtPebsAvail: 0
137 [140660103440128] INFO perfrun.perfcollector <> - config: event: c7
137 [140660103440128] INFO perfrun.perfcollector <> - config: pc: 0
137 [140660103440128] INFO perfrun.perfcollector <> - config: edge: 0
137 [140660103440128] INFO perfrun.perfcollector <> - config: any: 0
137 [140660103440128] INFO perfrun.perfcollector <> - config1: offcore_rsp: 0
137 [140660103440128] INFO perfrun.perfcollector <> - config1: ldlat: 0
137 [140660103440128] INFO perfrun.perfcollector <> - config: inv: 0
137 [140660103440128] INFO perfrun.perfcollector <> - config: umask: 8
137 [140660103440128] INFO perfrun.perfcollector <> - config1: frontend: 0
137 [140660103440128] INFO perfrun.perfcollector <> - config: cmask: 0
137 [140660103440128] INFO perfrun.perfcollector <> - format: cpu/event=0xc7,umask=0x8,name='FP_ARITH_INST_RETIRED.128B_PACKED_SINGLE'/
137 [140660103440128] INFO perfrun.perfcollector <> - event name: FP_ARITH_INST_RETIRED.256B_PACKED_SINGLE
137 [140660103440128] INFO perfrun.perfcollector <> - pmu config: cpu, m_cccrAddr: 18a, m_cccrVal: 5320c7, m_escrAddr: ffffffff, m_escrVal: 0, m_dataAddr: c5, m_dataVal: ffffffffffe17b7d, m_extPebsVal: 0, m_adtPebsAvail: 0
137 [140660103440128] INFO perfrun.perfcollector <> - config: event: c7
137 [140660103440128] INFO perfrun.perfcollector <> - config: pc: 0
137 [140660103440128] INFO perfrun.perfcollector <> - config: edge: 0
137 [140660103440128] INFO perfrun.perfcollector <> - config: any: 0
137 [140660103440128] INFO perfrun.perfcollector <> - config1: offcore_rsp: 0
137 [140660103440128] INFO perfrun.perfcollector <> - config1: ldlat: 0
137 [140660103440128] INFO perfrun.perfcollector <> - config: inv: 0
137 [140660103440128] INFO perfrun.perfcollector <> - config: umask: 20
137 [140660103440128] INFO perfrun.perfcollector <> - config1: frontend: 0
137 [140660103440128] INFO perfrun.perfcollector <> - config: cmask: 0
137 [140660103440128] INFO perfrun.perfcollector <> - format: cpu/event=0xc7,umask=0x20,name='FP_ARITH_INST_RETIRED.256B_PACKED_SINGLE'/
137 [140660103440128] INFO perfrun.perfcollector <> - event name: FP_ARITH_INST_RETIRED.SCALAR_DOUBLE
137 [140660103440128] INFO perfrun.perfcollector <> - pmu config: cpu, m_cccrAddr: 18b, m_cccrVal: 5301c7, m_escrAddr: ffffffff, m_escrVal: 0, m_dataAddr: c6, m_dataVal: ffffffffffe17b7d, m_extPebsVal: 0, m_adtPebsAvail: 0
137 [140660103440128] INFO perfrun.perfcollector <> - config: event: c7
137 [140660103440128] INFO perfrun.perfcollector <> - config: pc: 0
137 [140660103440128] INFO perfrun.perfcollector <> - config: edge: 0
137 [140660103440128] INFO perfrun.perfcollector <> - config: any: 0
137 [140660103440128] INFO perfrun.perfcollector <> - config1: offcore_rsp: 0
137 [140660103440128] INFO perfrun.perfcollector <> - config1: ldlat: 0
137 [140660103440128] INFO perfrun.perfcollector <> - config: inv: 0
137 [140660103440128] INFO perfrun.perfcollector <> - config: umask: 1
137 [140660103440128] INFO perfrun.perfcollector <> - config1: frontend: 0
137 [140660103440128] INFO perfrun.perfcollector <> - config: cmask: 0
137 [140660103440128] INFO perfrun.perfcollector <> - format: cpu/event=0xc7,umask=0x1,name='FP_ARITH_INST_RETIRED.SCALAR_DOUBLE'/
137 [140660103440128] INFO perfrun.perfcollector <> - event name: FP_ARITH_INST_RETIRED.128B_PACKED_DOUBLE
137 [140660103440128] INFO perfrun.perfcollector <> - pmu config: cpu, m_cccrAddr: 18c, m_cccrVal: 5304c7, m_escrAddr: ffffffff, m_escrVal: 0, m_dataAddr: c7, m_dataVal: ffffffffffe17b7d, m_extPebsVal: 0, m_adtPebsAvail: 0
137 [140660103440128] INFO perfrun.perfcollector <> - config: event: c7
137 [140660103440128] INFO perfrun.perfcollector <> - config: pc: 0
137 [140660103440128] INFO perfrun.perfcollector <> - config: edge: 0
137 [140660103440128] INFO perfrun.perfcollector <> - config: any: 0
137 [140660103440128] INFO perfrun.perfcollector <> - config1: offcore_rsp: 0
137 [140660103440128] INFO perfrun.perfcollector <> - config1: ldlat: 0
137 [140660103440128] INFO perfrun.perfcollector <> - config: inv: 0
137 [140660103440128] INFO perfrun.perfcollector <> - config: umask: 4
137 [140660103440128] INFO perfrun.perfcollector <> - config1: frontend: 0
137 [140660103440128] INFO perfrun.perfcollector <> - config: cmask: 0
137 [140660103440128] INFO perfrun.perfcollector <> - format: cpu/event=0xc7,umask=0x4,name='FP_ARITH_INST_RETIRED.128B_PACKED_DOUBLE'/
137 [140660103440128] INFO perfrun.perfcollector <> - event name: FP_ARITH_INST_RETIRED.256B_PACKED_DOUBLE
137 [140660103440128] INFO perfrun.perfcollector <> - pmu config: cpu, m_cccrAddr: 18d, m_cccrVal: 5310c7, m_escrAddr: ffffffff, m_escrVal: 0, m_dataAddr: c8, m_dataVal: ffffffffffe17b7d, m_extPebsVal: 0, m_adtPebsAvail: 0
137 [140660103440128] INFO perfrun.perfcollector <> - config: event: c7
137 [140660103440128] INFO perfrun.perfcollector <> - config: pc: 0
137 [140660103440128] INFO perfrun.perfcollector <> - config: edge: 0
137 [140660103440128] INFO perfrun.perfcollector <> - config: any: 0
137 [140660103440128] INFO perfrun.perfcollector <> - config1: offcore_rsp: 0
137 [140660103440128] INFO perfrun.perfcollector <> - config1: ldlat: 0
137 [140660103440128] INFO perfrun.perfcollector <> - config: inv: 0
137 [140660103440128] INFO perfrun.perfcollector <> - config: umask: 10
137 [140660103440128] INFO perfrun.perfcollector <> - config1: frontend: 0
137 [140660103440128] INFO perfrun.perfcollector <> - config: cmask: 0
137 [140660103440128] INFO perfrun.perfcollector <> - format: cpu/event=0xc7,umask=0x10,name='FP_ARITH_INST_RETIRED.256B_PACKED_DOUBLE'/
137 [140660103440128] INFO perfrun.perfcollector <> - event name: UOPS_EXECUTED.X87
137 [140660103440128] INFO perfrun.perfcollector <> - pmu config: cpu, m_cccrAddr: 186, m_cccrVal: 5310b1, m_escrAddr: ffffffff, m_escrVal: 0, m_dataAddr: c1, m_dataVal: ffffffffffe17b7d, m_extPebsVal: 0, m_adtPebsAvail: 0
137 [140660103440128] INFO perfrun.perfcollector <> - config: event: b1
137 [140660103440128] INFO perfrun.perfcollector <> - config: pc: 0
137 [140660103440128] INFO perfrun.perfcollector <> - config: edge: 0
137 [140660103440128] INFO perfrun.perfcollector <> - config: any: 0
137 [140660103440128] INFO perfrun.perfcollector <> - config1: offcore_rsp: 0
137 [140660103440128] INFO perfrun.perfcollector <> - config1: ldlat: 0
137 [140660103440128] INFO perfrun.perfcollector <> - config: inv: 0
137 [140660103440128] INFO perfrun.perfcollector <> - config: umask: 10
137 [140660103440128] INFO perfrun.perfcollector <> - config1: frontend: 0
137 [140660103440128] INFO perfrun.perfcollector <> - config: cmask: 0
137 [140660103440128] INFO perfrun.perfcollector <> - format: cpu/event=0xb1,umask=0x10,name='UOPS_EXECUTED.X87'/
137 [140660103440128] INFO perfrun.perfcollector <> - event name: UOPS_RETIRED.RETIRE_SLOTS
137 [140660103440128] INFO perfrun.perfcollector <> - pmu config: cpu, m_cccrAddr: 187, m_cccrVal: 5302c2, m_escrAddr: ffffffff, m_escrVal: 0, m_dataAddr: c2, m_dataVal: ffffffffffe17b7d, m_extPebsVal: 0, m_adtPebsAvail: 0
137 [140660103440128] INFO perfrun.perfcollector <> - config: event: c2
137 [140660103440128] INFO perfrun.perfcollector <> - config: pc: 0
137 [140660103440128] INFO perfrun.perfcollector <> - config: edge: 0
137 [140660103440128] INFO perfrun.perfcollector <> - config: any: 0
137 [140660103440128] INFO perfrun.perfcollector <> - config1: offcore_rsp: 0
137 [140660103440128] INFO perfrun.perfcollector <> - config1: ldlat: 0
137 [140660103440128] INFO perfrun.perfcollector <> - config: inv: 0
137 [140660103440128] INFO perfrun.perfcollector <> - config: umask: 2
137 [140660103440128] INFO perfrun.perfcollector <> - config1: frontend: 0
137 [140660103440128] INFO perfrun.perfcollector <> - config: cmask: 0
137 [140660103440128] INFO perfrun.perfcollector <> - format: cpu/event=0xc2,umask=0x2,name='UOPS_RETIRED.RETIRE_SLOTS'/
137 [140660103440128] INFO perfrun.perfcollector <> - event name: UOPS_EXECUTED.THREAD
137 [140660103440128] INFO perfrun.perfcollector <> - pmu config: cpu, m_cccrAddr: 188, m_cccrVal: 5301b1, m_escrAddr: ffffffff, m_escrVal: 0, m_dataAddr: c3, m_dataVal: ffffffffffe17b7d, m_extPebsVal: 0, m_adtPebsAvail: 0
137 [140660103440128] INFO perfrun.perfcollector <> - config: event: b1
137 [140660103440128] INFO perfrun.perfcollector <> - config: pc: 0
137 [140660103440128] INFO perfrun.perfcollector <> - config: edge: 0
137 [140660103440128] INFO perfrun.perfcollector <> - config: any: 0
137 [140660103440128] INFO perfrun.perfcollector <> - config1: offcore_rsp: 0
137 [140660103440128] INFO perfrun.perfcollector <> - config1: ldlat: 0
137 [140660103440128] INFO perfrun.perfcollector <> - config: inv: 0
137 [140660103440128] INFO perfrun.perfcollector <> - config: umask: 1
137 [140660103440128] INFO perfrun.perfcollector <> - config1: frontend: 0
137 [140660103440128] INFO perfrun.perfcollector <> - config: cmask: 0
137 [140660103440128] INFO perfrun.perfcollector <> - format: cpu/event=0xb1,umask=0x1,name='UOPS_EXECUTED.THREAD'/
137 [140660103440128] INFO perfrun.perfcollector <> - event: cpu/event=0x3c,name='CPU_CLK_UNHALTED.THREAD'/Duk, added for counting
137 [140660103440128] INFO perfrun.perfcollector <> - event: cpu/umask=0x3,name='CPU_CLK_UNHALTED.REF_TSC'/Duk, added for counting
138 [140660103440128] INFO perfrun.perfcollector <> - event: cpu/event=0xc0,name='INST_RETIRED.ANY'/Duk, added for counting
138 [140660103440128] INFO perfrun.perfcollector <> - event: cpu/event=0x3c,umask=0x1,name='CPU_CLK_UNHALTED.REF_XCLK'/uk, added for counting
138 [140660103440128] INFO perfrun.perfcollector <> - event: cpu/event=0x3c,umask=0x2,name='CPU_CLK_UNHALTED.ONE_THREAD_ACTIVE'/uk, added for counting
138 [140660103440128] INFO perfrun.perfcollector <> - event: cpu/event=0xc7,umask=0x2,name='FP_ARITH_INST_RETIRED.SCALAR_SINGLE'/uk, added for counting
138 [140660103440128] INFO perfrun.perfcollector <> - event: cpu/event=0xc7,umask=0x8,name='FP_ARITH_INST_RETIRED.128B_PACKED_SINGLE'/uk, added for counting
138 [140660103440128] INFO perfrun.perfcollector <> - event: cpu/event=0xc7,umask=0x20,name='FP_ARITH_INST_RETIRED.256B_PACKED_SINGLE'/uk, added for counting
138 [140660103440128] INFO perfrun.perfcollector <> - event: cpu/event=0xc7,umask=0x1,name='FP_ARITH_INST_RETIRED.SCALAR_DOUBLE'/uk, added for counting
138 [140660103440128] INFO perfrun.perfcollector <> - event: cpu/event=0xc7,umask=0x4,name='FP_ARITH_INST_RETIRED.128B_PACKED_DOUBLE'/uk, added for counting
138 [140660103440128] INFO perfrun.perfcollector <> - event: cpu/event=0xc7,umask=0x10,name='FP_ARITH_INST_RETIRED.256B_PACKED_DOUBLE'/uk, added for counting
138 [140660103440128] INFO perfrun.perfcollector <> - event: cpu/event=0xb1,umask=0x10,name='UOPS_EXECUTED.X87'/uk, added for counting
138 [140660103440128] INFO perfrun.perfcollector <> - event: cpu/event=0xc2,umask=0x2,name='UOPS_RETIRED.RETIRE_SLOTS'/uk, added for counting
138 [140660103440128] INFO perfrun.perfcollector <> - event: cpu/event=0xb1,umask=0x1,name='UOPS_EXECUTED.THREAD'/uk, added for counting
138 [140660095047424] WARN perfrun.perfcollector <> - Perf stat trace pipe capacity: read = 1048576, write = 1048576, at file: vcs/perfrun1/plugins/perfcollector/src/profiler.cpp:765
138 [140660095047424] INFO perfrun.sdk <> - runCmd: /opt/intel/oneapi/vtune/2023.0.0/bin64/amplxe-perf stat -v --log-fd 11 --scale -x ; -e cpu/event=0x3c,name='CPU_CLK_UNHALTED.THREAD'/Duk,cpu/umask=0x3,name='CPU_CLK_UNHALTED.REF_TSC'/Duk,cpu/event=0xc0,name='INST_RETIRED.ANY'/Duk,cpu/event=0x3c,umask=0x1,name='CPU_CLK_UNHALTED.REF_XCLK'/uk,cpu/event=0x3c,umask=0x2,name='CPU_CLK_UNHALTED.ONE_THREAD_ACTIVE'/uk,cpu/event=0xc7,umask=0x2,name='FP_ARITH_INST_RETIRED.SCALAR_SINGLE'/uk,cpu/event=0xc7,umask=0x8,name='FP_ARITH_INST_RETIRED.128B_PACKED_SINGLE'/uk,cpu/event=0xc7,umask=0x20,name='FP_ARITH_INST_RETIRED.256B_PACKED_SINGLE'/uk,cpu/event=0xc7,umask=0x1,name='FP_ARITH_INST_RETIRED.SCALAR_DOUBLE'/uk,cpu/event=0xc7,umask=0x4,name='FP_ARITH_INST_RETIRED.128B_PACKED_DOUBLE'/uk,cpu/event=0xc7,umask=0x10,name='FP_ARITH_INST_RETIRED.256B_PACKED_DOUBLE'/uk,cpu/event=0xb1,umask=0x10,name='UOPS_EXECUTED.X87'/uk,cpu/event=0xc2,umask=0x2,name='UOPS_RETIRED.RETIRE_SLOTS'/uk,cpu/event=0xb1,umask=0x1,name='UOPS_EXECUTED.THREAD'/uk /opt/intel/oneapi/vtune/2023.0.0/bin64/amplxe-perf-sync dryrun tsc
139 [140660095047424] INFO perfrun.sdk <> - runCmd started PID 1499181
202 [140660095047424] INFO perfrun.perfcollector <> - Monitor: runCmd RC = true
202 [140660103440128] INFO perfrun.launcher <> - plugin [aoclprofile] was disabled because it doesn't support the given collection type.
202 [140660103440128] INFO perfrun.tpss <> - initialize tpss controller
202 [140660103440128] INFO perfrun.tpss <> - configure collection mode: value = cpu:counters:nostack
202 [140660103440128] INFO perfrun.tpss <> - configure collection mode: value = cpu:stack
202 [140660103440128] INFO perfrun.tpss <> - default obj-size-min=1024
202 [140660103440128] INFO perfrun.tpss <> - default hash-table-size=0
202 [140660103440128] INFO perfrun.launcher <> - plugin [media] was disabled because it doesn't support the given collection type.
202 [140660103440128] INFO perfrun.launcher <> - plugin [] was disabled because it doesn't support the given collection type.
202 [140660103440128] INFO perfrun.launcher <> - plugin [] was disabled because it doesn't support the given collection type.
202 [140660103440128] INFO perfrun.launcher <> - plugin [parallelfs] was disabled because it doesn't support the given collection type.
202 [140660103440128] INFO perfrun.launcher <> - plugin [power] was disabled because it doesn't support the given collection type.
202 [140660103440128] INFO perfrun.launcher <> - plugin [hwloc] was disabled because it doesn't support the given collection type.
202 [140660103440128] INFO perfrun.launcher <> - plugin [ipmwatch] was disabled because it doesn't support the given collection type.
202 [140660103440128] INFO perfrun.launcher <> - plugin [os_counters] was disabled because it doesn't support the given collection type.
202 [140660103440128] INFO perfrun.launcher <> - plugin [l0_metrics] was disabled because it doesn't support the given collection type.
202 [140660251613056] INFO perfrun.launcher <> - set environment variable: LD_LIBRARY_PATH = /opt/intel/oneapi/vtune/2023.0.0/lib32/runtime:/opt/intel/oneapi/vtune/2023.0.0/lib64/runtime:/opt/intel/oneapi/vpl/2023.0.0/lib:/opt/intel/oneapi/tbb/2021.8.0/env/../lib/intel64/gcc4.8:/opt/intel/oneapi/mpi/2021.8.0//libfabric/lib:/opt/intel/oneapi/mpi/2021.8.0//lib/release:/opt/intel/oneapi/mpi/2021.8.0//lib:/opt/intel/oneapi/mkl/2023.0.0/lib/intel64:/opt/intel/oneapi/itac/2021.8.0/slib:/opt/intel/oneapi/ipp/2021.7.0/lib/intel64:/opt/intel/oneapi/ippcp/2021.6.3/lib/intel64:/opt/intel/oneapi/ipp/2021.7.0/lib/intel64:/opt/intel/oneapi/dnnl/2023.0.0/cpu_dpcpp_gpu_dpcpp/lib:/opt/intel/oneapi/debugger/2023.0.0/gdb/intel64/lib:/opt/intel/oneapi/debugger/2023.0.0/libipt/intel64/lib:/opt/intel/oneapi/debugger/2023.0.0/dep/lib:/opt/intel/oneapi/dal/2023.0.0/lib/intel64:/opt/intel/oneapi/compiler/2023.0.0/linux/lib:/opt/intel/oneapi/compiler/2023.0.0/linux/lib/x64:/opt/intel/oneapi/compiler/2023.0.0/linux/lib/oclfpga/host/linux64/lib:/opt/intel/oneapi/compiler/2023.0.0/linux/compiler/lib/intel64_lin:/opt/intel/oneapi/ccl/2021.8.0/lib/cpu_gpu_dpcpp
203 [140660251613056] INFO perfrun.launcher <> - set environment variable: INTEL_LIBITTNOTIFY32 = /opt/intel/oneapi/vtune/2023.0.0/lib32/runtime/libittnotify_collector.so
203 [140660251613056] INFO perfrun.launcher <> - set environment variable: INTEL_LIBITTNOTIFY64 = /opt/intel/oneapi/vtune/2023.0.0/lib64/runtime/libittnotify_collector.so
203 [140660251613056] INFO perfrun.launcher <> - set environment variable: INTEL_ITTNOTIFY_GROUPS = 
203 [140660251613056] INFO perfrun.launcher <> - set environment variable: INTEL_JIT_PROFILER32 = /opt/intel/oneapi/vtune/2023.0.0/lib32/runtime/libittnotify_collector.so
203 [140660251613056] INFO perfrun.launcher <> - set environment variable: INTEL_JIT_PROFILER64 = /opt/intel/oneapi/vtune/2023.0.0/lib64/runtime/libittnotify_collector.so
203 [140660251613056] INFO perfrun.launcher <> - set environment variable: OMP_TOOL_LIBRARIES = /opt/intel/oneapi/vtune/2023.0.0/lib32/runtime/libittnotify_collector.so:/opt/intel/oneapi/vtune/2023.0.0/lib64/runtime/libittnotify_collector.so
203 [140660251613056] INFO perfrun.launcher <> - set environment variable: ENABLE_JITPROFILING = 1
203 [140660251613056] INFO perfrun.launcher <> - set environment variable: CL_CONFIG_USE_VTUNE = True
203 [140660251613056] INFO perfrun.launcher <> - set environment variable: KMP_FORKJOIN_FRAMES = 0
203 [140660251613056] INFO perfrun.launcher <> - set environment variable: KMP_FORKJOIN_FRAMES_MODE = 0
203 [140660251613056] INFO perfrun.launcher <> - set environment variable: OMP_TOOL = disabled
203 [140660251613056] INFO perfrun.launcher <> - set environment variable: INTEL_MRTE_DATA_DIR = /tmp/amplxe-tmp-le34xoh/amplxe-res-1499174-1951709452767882/data.0
203 [140660251613056] INFO perfrun.launcher <> - set environment variable: INTEL_MRTE_HOST_NAME = ppc811
203 [140660251613056] INFO perfrun.launcher <> - set environment variable: JAVA_TOOL_OPTIONS = -agentlib:amplxe_tpssmrte_javaprof_1.0 -Dsun.boot.library.path=/opt/intel/oneapi/vtune/2023.0.0/lib32/runtime:/opt/intel/oneapi/vtune/2023.0.0/lib64/runtime
203 [140660251613056] INFO perfrun.launcher <> - set environment variable: LD_LIBRARY_PATH = /opt/intel/oneapi/vtune/2023.0.0/lib32/runtime:/opt/intel/oneapi/vtune/2023.0.0/lib64/runtime:/opt/intel/oneapi/vpl/2023.0.0/lib:/opt/intel/oneapi/tbb/2021.8.0/env/../lib/intel64/gcc4.8:/opt/intel/oneapi/mpi/2021.8.0//libfabric/lib:/opt/intel/oneapi/mpi/2021.8.0//lib/release:/opt/intel/oneapi/mpi/2021.8.0//lib:/opt/intel/oneapi/mkl/2023.0.0/lib/intel64:/opt/intel/oneapi/itac/2021.8.0/slib:/opt/intel/oneapi/ipp/2021.7.0/lib/intel64:/opt/intel/oneapi/ippcp/2021.6.3/lib/intel64:/opt/intel/oneapi/ipp/2021.7.0/lib/intel64:/opt/intel/oneapi/dnnl/2023.0.0/cpu_dpcpp_gpu_dpcpp/lib:/opt/intel/oneapi/debugger/2023.0.0/gdb/intel64/lib:/opt/intel/oneapi/debugger/2023.0.0/libipt/intel64/lib:/opt/intel/oneapi/debugger/2023.0.0/dep/lib:/opt/intel/oneapi/dal/2023.0.0/lib/intel64:/opt/intel/oneapi/compiler/2023.0.0/linux/lib:/opt/intel/oneapi/compiler/2023.0.0/linux/lib/x64:/opt/intel/oneapi/compiler/2023.0.0/linux/lib/oclfpga/host/linux64/lib:/opt/intel/oneapi/compiler/2023.0.0/linux/compiler/lib/intel64_lin:/opt/intel/oneapi/ccl/2021.8.0/lib/cpu_gpu_dpcpp
203 [140660251613056] INFO perfrun.launcher <> - set environment variable: CORECLR_ENABLE_PROFILING = 1
203 [140660251613056] INFO perfrun.launcher <> - set environment variable: CORECLR_PROFILER = {AA5E4821-E3B1-479c-B7FF-5AD047D22CED}
203 [140660251613056] INFO perfrun.launcher <> - set environment variable: CORECLR_PROFILER_PATH = /opt/intel/oneapi/vtune/2023.0.0/lib64/libamplxe_samplingmrte_clrprof_1.0.so
203 [140660251613056] INFO perfrun.launcher <> - set environment variable: INTEL_MRTE_PROFILER_MODE = mixed
203 [140660251613056] INFO perfrun.launcher <> - RpcServer: run RPC server to handle requests
209 [140660251613056] INFO perfrun.launcher <> - Launcher: command line to start before modification = ./Projekt_exec
209 [140660251613056] INFO perfrun.launcher <> - Launcher: command line to start after modification = /opt/intel/oneapi/vtune/2023.0.0/bin64/pin -error_file /tmp/amplxe-tmp-le34xoh/amplxe-res-1499174-1951709452767882/data.0/pinerr.tpsslog -detach_reattach -follow_execv -tool_load_option deepbind -t64 /opt/intel/oneapi/vtune/2023.0.0/lib64/libtpsstool.so -t /opt/intel/oneapi/vtune/2023.0.0/lib32/libtpsstool.so -server_name tpss_ipc.1499174 -prd_dir /opt/intel/oneapi/vtune/2023.0.0 -- ./Projekt_exec
209 [140660251613056] INFO perfrun.launcher <> - ProcessCreator object was created
210 [140660251613056] INFO perfrun.launcher <> - Launcher: the process was started in suspend mode
210 [140660103440128] WARN perfrun.system <> - Could not do anything with /sys/kernel/debug/kvm: boost::filesystem::status: Permission denied: "/sys/kernel/debug/kvm", at file: vcs/perfrun1/plugins/system/src/trace_writer.cpp:787
210 [140660103440128] WARN perfrun.system <> - File "/var/run/libvirt/qemu/driver.xml" doesn't exist, at file: vcs/perfrun1/plugins/system/src/trace_writer.cpp:892
211 [140660103440128] WARN perfrun.sdk <> - Failed to find xl binary on any of the system paths: /bin, /sbin, /usr/bin, /usr/sbin., at file: vcs/perfrun1/sdk/src/utils.cpp:204
211 [140660103440128] WARN perfrun.system <> - Could not start ContainerMapping collector, at file: vcs/perfrun1/plugins/system/src/controller.cpp:448
274 [140660103440128] INFO perfrun.vdso <> - Helper runtool '/opt/intel/oneapi/vtune/2023.0.0/bin32/amplxe-runss -dump-vdso -r /tmp/amplxe-tmp-le34xoh/amplxe-res-1499174-1951709452767882 --tmp-dir /tmp/amplxe-tmp-le34xoh' returned 0
394 [140660103440128] INFO perfrun.vdso <> - Helper runtool '/opt/intel/oneapi/vtune/2023.0.0/bin64/amplxe-runss -dump-vdso -r /tmp/amplxe-tmp-le34xoh/amplxe-res-1499174-1951709452767882 --tmp-dir /tmp/amplxe-tmp-le34xoh' returned 0
394 [140660103440128] INFO perfrun.itt <> - start itt controller for pid #1499184
394 [140660069869312] WARN perfrun.perfcollector <> - Perf stat trace pipe capacity: read = 1048576, write = 1048576, at file: vcs/perfrun1/plugins/perfcollector/src/profiler.cpp:765
395 [140660069869312] INFO perfrun.sdk <> - runCmd: /opt/intel/oneapi/vtune/2023.0.0/bin64/amplxe-perf stat -v --log-fd 22 --control=fd:23,26 --scale -x ; -p 1499184 -e cpu/event=0x3c,name='CPU_CLK_UNHALTED.THREAD'/Duk,cpu/umask=0x3,name='CPU_CLK_UNHALTED.REF_TSC'/Duk,cpu/event=0xc0,name='INST_RETIRED.ANY'/Duk,cpu/event=0x3c,umask=0x1,name='CPU_CLK_UNHALTED.REF_XCLK'/uk,cpu/event=0x3c,umask=0x2,name='CPU_CLK_UNHALTED.ONE_THREAD_ACTIVE'/uk,cpu/event=0xc7,umask=0x2,name='FP_ARITH_INST_RETIRED.SCALAR_SINGLE'/uk,cpu/event=0xc7,umask=0x8,name='FP_ARITH_INST_RETIRED.128B_PACKED_SINGLE'/uk,cpu/event=0xc7,umask=0x20,name='FP_ARITH_INST_RETIRED.256B_PACKED_SINGLE'/uk,cpu/event=0xc7,umask=0x1,name='FP_ARITH_INST_RETIRED.SCALAR_DOUBLE'/uk,cpu/event=0xc7,umask=0x4,name='FP_ARITH_INST_RETIRED.128B_PACKED_DOUBLE'/uk,cpu/event=0xc7,umask=0x10,name='FP_ARITH_INST_RETIRED.256B_PACKED_DOUBLE'/uk,cpu/event=0xb1,umask=0x10,name='UOPS_EXECUTED.X87'/uk,cpu/event=0xc2,umask=0x2,name='UOPS_RETIRED.RETIRE_SLOTS'/uk,cpu/event=0xb1,umask=0x1,name='UOPS_EXECUTED.THREAD'/uk /opt/intel/oneapi/vtune/2023.0.0/bin64/amplxe-perf-sync sync tsc
396 [140660069869312] INFO perfrun.sdk <> - runCmd started PID 1499193
432 [140660103440128] INFO perfrun.tpss <> - start tpss controller for pid #1499184
483 [140660251613056] INFO perfrun.launcher <> - Launcher: all plugins were started
483 [140660251613056] INFO perfrun.launcher <> - DirectoryMonitor object was created
483 [140660251613056] INFO perfrun.launcher <> - DirectoryMonitor: a callback was added
483 [140660251613056] INFO perfrun.launcher <> - DirectoryMonitor was started with pingTime = 1000
483 [140660251613056] INFO perfrun.launcher <> - DeadlineTimer is going to be constructed
484 [140660251613056] INFO perfrun.launcher <> - DeadlineTimer: a callback was added
498 [140660251613056] INFO perfrun.launcher <> - Launcher: resume the profiled application and  wait its termination or stop command
22838 [140660251613056] INFO perfrun.launcher <> - Launcher: the profiled application was terminated  with exit code = 0
22847 [140660103440128] INFO perfrun.itt <> - detach itt controller
22847 [140660103440128] INFO perfrun.itt <> - detach itt controller done
22851 [140660069869312] INFO perfrun.perfcollector <> - Monitor: runCmd RC = true
22851 [140660103440128] INFO perfrun.perfcollector <> - Monitor: state = 3, error = 1
22851 [140660103440128] INFO perfrun.tpss <> - stop tpss controller
22851 [140660103440128] INFO perfrun.sdk <> - De-allocating TMU: /tmp/amplxe-tmp-le34xoh/amplxe-res-1499174-1951709452767882/data.0/systemcollector-1499174-ppc811.sc
22851 [140660103440128] INFO perfrun.system <> - closed the system trace file: /tmp/amplxe-tmp-le34xoh/amplxe-res-1499174-1951709452767882/data.0/systemcollector-1499174-ppc811.sc
22852 [140660251613056] INFO perfrun.launcher <> - Launcher: all plugins were stopped.
22852 [140660251613056] INFO perfrun.launcher <> - DeadlineTimer is going to be destroyed
22852 [140660251613056] INFO perfrun.launcher <> - DeadlineTimer was destroyed
22852 [140660251613056] INFO perfrun.launcher <> - DirectoryMonitor object was destroyed
22852 [140660251613056] WARN perfrun.launcher <> - Stop command is ignored because it is received when collection is already stopped, at file: vcs/perfrun1/launcher/src/command_handler.cpp:226
23228 [140660251613056] INFO perfrun.launcher <> - Application exit code: 0
23228 [140660251613056] INFO perfrun.launcher <> - Exit code: 0
