
225047 : 0x10f8417087b7e : 1 : spill_jit_data :  Jit agent is not initialized
225021 : 0x10f8417095294 : 2 : ittapi_config_mask_get :  --itt-config mask to be applied: 55
225021 : 0x10f841709a46d : 2 : ittapi_config_apply_per_lib :  ITTAPI function instrumented: __itt_domain_create
225021 : 0x10f841709c691 : 2 : ittapi_config_apply_per_lib :  ITTAPI function instrumented: __itt_module_load_with_sections
225021 : 0x10f841709ef7a : 2 : ittapi_config_apply_per_lib :  ITTAPI function not implemented: __itt_module_unload_with_sections
225021 : 0x10f84170a1a9b : 2 : ittapi_config_apply_per_lib :  ITTAPI function instrumented: __itt_string_handle_create
225021 : 0x10f84170a3010 : 2 : ittapi_config_apply_per_lib :  ITTAPI function instrumented: __itt_counter_create
225021 : 0x10f84170a43dc : 2 : ittapi_config_apply_per_lib :  ITTAPI function instrumented: __itt_counter_create_typed
225021 : 0x10f84170a5a31 : 2 : ittapi_config_apply_per_lib :  ITTAPI function instrumented: __itt_pause
225021 : 0x10f84170a6f2d : 2 : ittapi_config_apply_per_lib :  ITTAPI function instrumented: __itt_resume
225021 : 0x10f84170bc884 : 2 : ittapi_config_apply_per_lib :  ITTAPI function instrumented: __itt_thread_set_name
225021 : 0x10f84170be10b : 2 : ittapi_config_apply_per_lib :  ITTAPI function instrumented: __itt_thread_ignore
225021 : 0x10f84170bf8a1 : 2 : ittapi_config_apply_per_lib :  ITTAPI function instrumented: __itt_thr_name_set
225021 : 0x10f84170c0d02 : 2 : ittapi_config_apply_per_lib :  ITTAPI function instrumented: __itt_thr_ignore
225021 : 0x10f84170c207e : 2 : ittapi_config_apply_per_lib :  ITTAPI function instrumented: __itt_histogram_create
225021 : 0x10f84170c3ce2 : 2 : ittapi_config_apply_per_lib :  ITTAPI function not implemented: __itt_enable_attach
225021 : 0x10f84170c517e : 2 : ittapi_config_apply_per_lib :  ITTAPI function instrumented: __itt_detach
225021 : 0x10f84170c6370 : 2 : ittapi_config_apply_per_lib :  ITTAPI function NOT instrumented (not matched by --itt-config option): __itt_sync_create

225021 : 0x10f84170c7700 : 2 : ittapi_config_apply_per_lib :  ITTAPI function NOT instrumented (not matched by --itt-config option): __itt_sync_rename

225021 : 0x10f84170c8866 : 2 : ittapi_config_apply_per_lib :  ITTAPI function NOT instrumented (not matched by --itt-config option): __itt_sync_destroy

225021 : 0x10f84170d10b6 : 2 : ittapi_config_apply_per_lib :  ITTAPI function NOT instrumented (not matched by --itt-config option): __itt_sync_prepare

225021 : 0x10f84170d23a4 : 2 : ittapi_config_apply_per_lib :  ITTAPI function NOT instrumented (not matched by --itt-config option): __itt_sync_cancel

225021 : 0x10f84170d357b : 2 : ittapi_config_apply_per_lib :  ITTAPI function NOT instrumented (not matched by --itt-config option): __itt_sync_acquired

225021 : 0x10f84170d4681 : 2 : ittapi_config_apply_per_lib :  ITTAPI function NOT instrumented (not matched by --itt-config option): __itt_sync_releasing

225021 : 0x10f84170d5ed0 : 2 : ittapi_config_apply_per_lib :  ITTAPI function not implemented: __itt_suppress_push
225021 : 0x10f84170d789c : 2 : ittapi_config_apply_per_lib :  ITTAPI function not implemented: __itt_suppress_pop
225021 : 0x10f84170d90e5 : 2 : ittapi_config_apply_per_lib :  ITTAPI function not implemented: __itt_suppress_mark_range
225021 : 0x10f84170da762 : 2 : ittapi_config_apply_per_lib :  ITTAPI function not implemented: __itt_suppress_clear_range
225021 : 0x10f84170db86b : 2 : ittapi_config_apply_per_lib :  ITTAPI function NOT instrumented (not matched by --itt-config option): __itt_sync_prepare

225021 : 0x10f84170dc949 : 2 : ittapi_config_apply_per_lib :  ITTAPI function NOT instrumented (not matched by --itt-config option): __itt_sync_cancel

225021 : 0x10f84170e3a5d : 2 : ittapi_config_apply_per_lib :  ITTAPI function NOT instrumented (not matched by --itt-config option): __itt_sync_acquired

225021 : 0x10f84170e4c3f : 2 : ittapi_config_apply_per_lib :  ITTAPI function NOT instrumented (not matched by --itt-config option): __itt_sync_releasing

225021 : 0x10f84170e5df7 : 2 : ittapi_config_apply_per_lib :  ITTAPI function NOT instrumented (not matched by --itt-config option): __itt_model_site_begin

225021 : 0x10f84170e6f53 : 2 : ittapi_config_apply_per_lib :  ITTAPI function NOT instrumented (not matched by --itt-config option): __itt_model_site_end

225021 : 0x10f84170e807c : 2 : ittapi_config_apply_per_lib :  ITTAPI function NOT instrumented (not matched by --itt-config option): __itt_model_task_begin

225021 : 0x10f84170e9128 : 2 : ittapi_config_apply_per_lib :  ITTAPI function NOT instrumented (not matched by --itt-config option): __itt_model_task_end

225021 : 0x10f84170ea223 : 2 : ittapi_config_apply_per_lib :  ITTAPI function NOT instrumented (not matched by --itt-config option): __itt_model_lock_acquire

225021 : 0x10f84170eb3d9 : 2 : ittapi_config_apply_per_lib :  ITTAPI function NOT instrumented (not matched by --itt-config option): __itt_model_lock_release

225021 : 0x10f84170ec48d : 2 : ittapi_config_apply_per_lib :  ITTAPI function NOT instrumented (not matched by --itt-config option): __itt_model_record_allocation

225021 : 0x10f84170ed4c4 : 2 : ittapi_config_apply_per_lib :  ITTAPI function NOT instrumented (not matched by --itt-config option): __itt_model_record_deallocation

225021 : 0x10f84170f7d0e : 2 : ittapi_config_apply_per_lib :  ITTAPI function NOT instrumented (not matched by --itt-config option): __itt_model_induction_uses

225021 : 0x10f84170f91dc : 2 : ittapi_config_apply_per_lib :  ITTAPI function NOT instrumented (not matched by --itt-config option): __itt_model_reduction_uses

225021 : 0x10f84170fa2f5 : 2 : ittapi_config_apply_per_lib :  ITTAPI function NOT instrumented (not matched by --itt-config option): __itt_model_observe_uses

225021 : 0x10f84170fb3f2 : 2 : ittapi_config_apply_per_lib :  ITTAPI function NOT instrumented (not matched by --itt-config option): __itt_model_clear_uses

225021 : 0x10f84170fc4da : 2 : ittapi_config_apply_per_lib :  ITTAPI function NOT instrumented (not matched by --itt-config option): __itt_model_site_beginA

225021 : 0x10f84170fd68c : 2 : ittapi_config_apply_per_lib :  ITTAPI function NOT instrumented (not matched by --itt-config option): __itt_model_site_beginAL

225021 : 0x10f84170fe728 : 2 : ittapi_config_apply_per_lib :  ITTAPI function NOT instrumented (not matched by --itt-config option): __itt_model_task_beginA

225021 : 0x10f84170ff7b8 : 2 : ittapi_config_apply_per_lib :  ITTAPI function NOT instrumented (not matched by --itt-config option): __itt_model_task_beginAL

225021 : 0x10f841710087e : 2 : ittapi_config_apply_per_lib :  ITTAPI function NOT instrumented (not matched by --itt-config option): __itt_model_iteration_taskA

225021 : 0x10f84171018b4 : 2 : ittapi_config_apply_per_lib :  ITTAPI function NOT instrumented (not matched by --itt-config option): __itt_model_iteration_taskAL

225021 : 0x10f84171088bd : 2 : ittapi_config_apply_per_lib :  ITTAPI function NOT instrumented (not matched by --itt-config option): __itt_model_site_end_2

225021 : 0x10f8417109b04 : 2 : ittapi_config_apply_per_lib :  ITTAPI function NOT instrumented (not matched by --itt-config option): __itt_model_task_end_2

225021 : 0x10f841710ab62 : 2 : ittapi_config_apply_per_lib :  ITTAPI function NOT instrumented (not matched by --itt-config option): __itt_model_lock_acquire_2

225021 : 0x10f841710bc2c : 2 : ittapi_config_apply_per_lib :  ITTAPI function NOT instrumented (not matched by --itt-config option): __itt_model_lock_release_2

225021 : 0x10f841710ccd2 : 2 : ittapi_config_apply_per_lib :  ITTAPI function NOT instrumented (not matched by --itt-config option): __itt_model_aggregate_task

225021 : 0x10f841710ddb1 : 2 : ittapi_config_apply_per_lib :  ITTAPI function NOT instrumented (not matched by --itt-config option): __itt_model_disable_push

225021 : 0x10f841710edfc : 2 : ittapi_config_apply_per_lib :  ITTAPI function NOT instrumented (not matched by --itt-config option): __itt_model_disable_pop

225021 : 0x10f8417110301 : 2 : ittapi_config_apply_per_lib :  ITTAPI function instrumented: __itt_heap_function_create
225021 : 0x10f84171117b2 : 2 : ittapi_config_apply_per_lib :  ITTAPI function instrumented: __itt_heap_allocate_begin
225021 : 0x10f8417112bcf : 2 : ittapi_config_apply_per_lib :  ITTAPI function instrumented: __itt_heap_allocate_end
225021 : 0x10f841711c91e : 2 : ittapi_config_apply_per_lib :  ITTAPI function instrumented: __itt_heap_free_begin
225021 : 0x10f841711de8d : 2 : ittapi_config_apply_per_lib :  ITTAPI function instrumented: __itt_heap_free_end
225021 : 0x10f841711f2e2 : 2 : ittapi_config_apply_per_lib :  ITTAPI function instrumented: __itt_heap_reallocate_begin
225021 : 0x10f8417120530 : 2 : ittapi_config_apply_per_lib :  ITTAPI function instrumented: __itt_heap_reallocate_end
225021 : 0x10f8417121c82 : 2 : ittapi_config_apply_per_lib :  ITTAPI function not implemented: __itt_heap_internal_access_begin
225021 : 0x10f84171234e9 : 2 : ittapi_config_apply_per_lib :  ITTAPI function not implemented: __itt_heap_internal_access_end
225021 : 0x10f8417124c00 : 2 : ittapi_config_apply_per_lib :  ITTAPI function not implemented: __itt_heap_record_memory_growth_begin
225021 : 0x10f8417126139 : 2 : ittapi_config_apply_per_lib :  ITTAPI function not implemented: __itt_heap_record_memory_growth_end
225021 : 0x10f841712771b : 2 : ittapi_config_apply_per_lib :  ITTAPI function not implemented: __itt_heap_reset_detection
225021 : 0x10f8417128ee9 : 2 : ittapi_config_apply_per_lib :  ITTAPI function not implemented: __itt_heap_record
225021 : 0x10f84171307a3 : 2 : ittapi_config_apply_per_lib :  ITTAPI function not implemented: __itt_id_create
225021 : 0x10f8417131dfe : 2 : ittapi_config_apply_per_lib :  ITTAPI function not implemented: __itt_id_destroy
225021 : 0x10f84171331b8 : 2 : ittapi_config_apply_per_lib :  ITTAPI function instrumented: __itt_get_timestamp
225021 : 0x10f8417134646 : 2 : ittapi_config_apply_per_lib :  ITTAPI function not implemented: __itt_region_begin
225021 : 0x10f8417135ac7 : 2 : ittapi_config_apply_per_lib :  ITTAPI function not implemented: __itt_region_end
225021 : 0x10f8417136f22 : 2 : ittapi_config_apply_per_lib :  ITTAPI function instrumented: __itt_frame_begin_v3
225021 : 0x10f841713845f : 2 : ittapi_config_apply_per_lib :  ITTAPI function instrumented: __itt_frame_end_v3
225021 : 0x10f84171398a8 : 2 : ittapi_config_apply_per_lib :  ITTAPI function instrumented: __itt_frame_submit_v3
225021 : 0x10f841713ae76 : 2 : ittapi_config_apply_per_lib :  ITTAPI function not implemented: __itt_task_group
225021 : 0x10f841713c35a : 2 : ittapi_config_apply_per_lib :  ITTAPI function instrumented: __itt_task_begin
225021 : 0x10f841714361b : 2 : ittapi_config_apply_per_lib :  ITTAPI function instrumented: __itt_task_begin_fn
225021 : 0x10f8417144d3e : 2 : ittapi_config_apply_per_lib :  ITTAPI function instrumented: __itt_task_end
225021 : 0x10f84171462c3 : 2 : ittapi_config_apply_per_lib :  ITTAPI function not implemented: __itt_counter_inc_v3
225021 : 0x10f84171479ad : 2 : ittapi_config_apply_per_lib :  ITTAPI function not implemented: __itt_counter_inc_delta_v3
225021 : 0x10f8417148f6b : 2 : ittapi_config_apply_per_lib :  ITTAPI function not implemented: __itt_counter_dec_v3
225021 : 0x10f841714a407 : 2 : ittapi_config_apply_per_lib :  ITTAPI function not implemented: __itt_counter_dec_delta_v3
225021 : 0x10f841714bb4c : 2 : ittapi_config_apply_per_lib :  ITTAPI function not implemented: __itt_marker
225021 : 0x10f841714cf8b : 2 : ittapi_config_apply_per_lib :  ITTAPI function instrumented: __itt_metadata_add
225021 : 0x10f841714e6a3 : 2 : ittapi_config_apply_per_lib :  ITTAPI function not implemented: __itt_metadata_str_add
225021 : 0x10f841714fade : 2 : ittapi_config_apply_per_lib :  ITTAPI function not implemented: __itt_relation_add_to_current
225021 : 0x10f8417156ee9 : 2 : ittapi_config_apply_per_lib :  ITTAPI function not implemented: __itt_relation_add
225021 : 0x10f84171583ea : 2 : ittapi_config_apply_per_lib :  ITTAPI function instrumented: __itt_event_create
225021 : 0x10f84171598b0 : 2 : ittapi_config_apply_per_lib :  ITTAPI function instrumented: __itt_event_start
225021 : 0x10f841715aca6 : 2 : ittapi_config_apply_per_lib :  ITTAPI function instrumented: __itt_event_end
225021 : 0x10f841715bd6e : 2 : ittapi_config_apply_per_lib :  ITTAPI function NOT instrumented (not matched by --itt-config option): __itt_sync_set_name

225021 : 0x10f841715d0ba : 2 : ittapi_config_apply_per_lib :  ITTAPI function NOT instrumented (not matched by --itt-config option): __itt_notify_sync_name

225021 : 0x10f841715e2a8 : 2 : ittapi_config_apply_per_lib :  ITTAPI function NOT instrumented (not matched by --itt-config option): __itt_notify_sync_prepare

225021 : 0x10f841715f3a9 : 2 : ittapi_config_apply_per_lib :  ITTAPI function NOT instrumented (not matched by --itt-config option): __itt_notify_sync_cancel

225021 : 0x10f8417160404 : 2 : ittapi_config_apply_per_lib :  ITTAPI function NOT instrumented (not matched by --itt-config option): __itt_notify_sync_acquired

225021 : 0x10f8417161478 : 2 : ittapi_config_apply_per_lib :  ITTAPI function NOT instrumented (not matched by --itt-config option): __itt_notify_sync_releasing

225021 : 0x10f841716ad20 : 2 : ittapi_config_apply_per_lib :  ITTAPI function not implemented: __itt_memory_read
225021 : 0x10f841716c487 : 2 : ittapi_config_apply_per_lib :  ITTAPI function not implemented: __itt_memory_write
225021 : 0x10f841716d900 : 2 : ittapi_config_apply_per_lib :  ITTAPI function not implemented: __itt_memory_update
225021 : 0x10f841716ef2f : 2 : ittapi_config_apply_per_lib :  ITTAPI function not implemented: __itt_state_get
225021 : 0x10f8417170356 : 2 : ittapi_config_apply_per_lib :  ITTAPI function not implemented: __itt_state_set
225021 : 0x10f84171717c1 : 2 : ittapi_config_apply_per_lib :  ITTAPI function not implemented: __itt_obj_mode_set
225021 : 0x10f8417172c7b : 2 : ittapi_config_apply_per_lib :  ITTAPI function not implemented: __itt_thr_mode_set
225021 : 0x10f8417173f49 : 2 : ittapi_config_apply_per_lib :  ITTAPI function instrumented: __itt_frame_create
225021 : 0x10f841717526a : 2 : ittapi_config_apply_per_lib :  ITTAPI function instrumented: __itt_pt_region_create
225021 : 0x10f84171765fa : 2 : ittapi_config_apply_per_lib :  ITTAPI function instrumented: __itt_frame_begin
225021 : 0x10f841717dbd4 : 2 : ittapi_config_apply_per_lib :  ITTAPI function instrumented: __itt_frame_end
225021 : 0x10f841717f33b : 2 : ittapi_config_apply_per_lib :  ITTAPI function not implemented: __itt_counter_destroy
225021 : 0x10f841718079f : 2 : ittapi_config_apply_per_lib :  ITTAPI function instrumented: __itt_counter_inc
225021 : 0x10f8417181bda : 2 : ittapi_config_apply_per_lib :  ITTAPI function instrumented: __itt_counter_inc_delta
225021 : 0x10f8417182e92 : 2 : ittapi_config_apply_per_lib :  ITTAPI function instrumented: __itt_counter_dec
225021 : 0x10f84171843b2 : 2 : ittapi_config_apply_per_lib :  ITTAPI function instrumented: __itt_counter_dec_delta
225021 : 0x10f84171856fd : 2 : ittapi_config_apply_per_lib :  ITTAPI function instrumented: __itt_counter_set_value
225021 : 0x10f8417186afe : 2 : ittapi_config_apply_per_lib :  ITTAPI function not implemented: __itt_counter_set_value_ex
225021 : 0x10f8417187fb4 : 2 : ittapi_config_apply_per_lib :  ITTAPI function not implemented: __itt_mark_create
225021 : 0x10f84171894df : 2 : ittapi_config_apply_per_lib :  ITTAPI function not implemented: __itt_mark
225021 : 0x10f8417190a2c : 2 : ittapi_config_apply_per_lib :  ITTAPI function not implemented: __itt_mark_off
225021 : 0x10f8417191fbe : 2 : ittapi_config_apply_per_lib :  ITTAPI function not implemented: __itt_mark_global
225021 : 0x10f8417193439 : 2 : ittapi_config_apply_per_lib :  ITTAPI function not implemented: __itt_mark_global_off
225021 : 0x10f84171949e3 : 2 : ittapi_config_apply_per_lib :  ITTAPI function instrumented: __itt_stack_caller_create
225021 : 0x10f8417195f1e : 2 : ittapi_config_apply_per_lib :  ITTAPI function instrumented: __itt_stack_caller_destroy
225021 : 0x10f84171973c6 : 2 : ittapi_config_apply_per_lib :  ITTAPI function instrumented: __itt_stack_callee_enter
225021 : 0x10f841719879c : 2 : ittapi_config_apply_per_lib :  ITTAPI function instrumented: __itt_stack_callee_leave
225021 : 0x10f8417199bc1 : 2 : ittapi_config_apply_per_lib :  ITTAPI function not implemented: __itt_clock_domain_create
225021 : 0x10f841719b0cd : 2 : ittapi_config_apply_per_lib :  ITTAPI function not implemented: __itt_clock_domain_reset
225021 : 0x10f841719c60e : 2 : ittapi_config_apply_per_lib :  ITTAPI function not implemented: __itt_id_create_ex
225021 : 0x10f84171a627f : 2 : ittapi_config_apply_per_lib :  ITTAPI function not implemented: __itt_id_destroy_ex
225021 : 0x10f84171a79e8 : 2 : ittapi_config_apply_per_lib :  ITTAPI function not implemented: __itt_task_begin_ex
225021 : 0x10f84171a8eae : 2 : ittapi_config_apply_per_lib :  ITTAPI function not implemented: __itt_task_begin_fn_ex
225021 : 0x10f84171aa346 : 2 : ittapi_config_apply_per_lib :  ITTAPI function not implemented: __itt_task_end_ex
225021 : 0x10f84171ab7a3 : 2 : ittapi_config_apply_per_lib :  ITTAPI function instrumented: __itt_task_begin_overlapped
225021 : 0x10f84171acc41 : 2 : ittapi_config_apply_per_lib :  ITTAPI function not implemented: __itt_task_begin_overlapped_ex
225021 : 0x10f84171ae033 : 2 : ittapi_config_apply_per_lib :  ITTAPI function instrumented: __itt_task_end_overlapped
225021 : 0x10f84171af505 : 2 : ittapi_config_apply_per_lib :  ITTAPI function not implemented: __itt_task_end_overlapped_ex
225021 : 0x10f84171b0970 : 2 : ittapi_config_apply_per_lib :  ITTAPI function not implemented: __itt_marker_ex
225021 : 0x10f84171b2e98 : 2 : ittapi_config_apply_per_lib :  ITTAPI function not implemented: __itt_metadata_add_with_scope
225021 : 0x10f84171bb447 : 2 : ittapi_config_apply_per_lib :  ITTAPI function not implemented: __itt_metadata_str_add_with_scope
225021 : 0x10f84171bca56 : 2 : ittapi_config_apply_per_lib :  ITTAPI function not implemented: __itt_relation_add_to_current_ex
225021 : 0x10f84171bdf54 : 2 : ittapi_config_apply_per_lib :  ITTAPI function not implemented: __itt_relation_add_ex
225021 : 0x10f84171bf3a5 : 2 : ittapi_config_apply_per_lib :  ITTAPI function not implemented: __itt_track_group_create
225021 : 0x10f84171c0703 : 2 : ittapi_config_apply_per_lib :  ITTAPI function not implemented: __itt_track_create
225021 : 0x10f84171c1be1 : 2 : ittapi_config_apply_per_lib :  ITTAPI function not implemented: __itt_set_track
225021 : 0x10f84171c301e : 2 : ittapi_config_apply_per_lib :  ITTAPI function instrumented: __itt_api_version
225021 : 0x10f84171c44a3 : 2 : ittapi_config_apply_per_lib :  ITTAPI function not implemented: __itt_av_save
225021 : 0x10f84171c58b6 : 2 : ittapi_config_apply_per_lib :  ITTAPI function instrumented: __itt_module_load
225021 : 0x10f84171c6da2 : 2 : ittapi_config_apply_per_lib :  ITTAPI function not implemented: __itt_module_unload
225021 : 0x10f84171cdcce : 2 : ittapi_config_apply_per_lib :  ITTAPI function NOT instrumented (not matched by --itt-config option): __itt_histogram_submit

225021 : 0x10f8417387bd6 : 2 : ittapi_config_mask_get :  --itt-config mask to be applied: 55
225021 : 0x10f841738a171 : 2 : ittapi_config_apply_per_lib :  ITTAPI function instrumented: __itt_domain_create
225021 : 0x10f841738b779 : 2 : ittapi_config_apply_per_lib :  ITTAPI function instrumented: __itt_module_load_with_sections
225021 : 0x10f841738d083 : 2 : ittapi_config_apply_per_lib :  ITTAPI function not implemented: __itt_module_unload_with_sections
225021 : 0x10f841738e651 : 2 : ittapi_config_apply_per_lib :  ITTAPI function instrumented: __itt_string_handle_create
225021 : 0x10f841738f964 : 2 : ittapi_config_apply_per_lib :  ITTAPI function instrumented: __itt_counter_create
225021 : 0x10f8417390cde : 2 : ittapi_config_apply_per_lib :  ITTAPI function instrumented: __itt_counter_create_typed
225021 : 0x10f8417392157 : 2 : ittapi_config_apply_per_lib :  ITTAPI function instrumented: __itt_pause
225021 : 0x10f8417393533 : 2 : ittapi_config_apply_per_lib :  ITTAPI function instrumented: __itt_resume
225021 : 0x10f841739dae4 : 2 : ittapi_config_apply_per_lib :  ITTAPI function instrumented: __itt_thread_set_name
225021 : 0x10f841739f0da : 2 : ittapi_config_apply_per_lib :  ITTAPI function instrumented: __itt_thread_ignore
225021 : 0x10f84173a05b5 : 2 : ittapi_config_apply_per_lib :  ITTAPI function instrumented: __itt_thr_name_set
225021 : 0x10f84173a1930 : 2 : ittapi_config_apply_per_lib :  ITTAPI function instrumented: __itt_thr_ignore
225021 : 0x10f84173a2ebe : 2 : ittapi_config_apply_per_lib :  ITTAPI function not implemented: __itt_enable_attach
225021 : 0x10f84173a41e8 : 2 : ittapi_config_apply_per_lib :  ITTAPI function instrumented: __itt_detach
225021 : 0x10f84173a5350 : 2 : ittapi_config_apply_per_lib :  ITTAPI function NOT instrumented (not matched by --itt-config option): __itt_sync_create

225021 : 0x10f84173a6532 : 2 : ittapi_config_apply_per_lib :  ITTAPI function NOT instrumented (not matched by --itt-config option): __itt_sync_rename

225021 : 0x10f84173a75a2 : 2 : ittapi_config_apply_per_lib :  ITTAPI function NOT instrumented (not matched by --itt-config option): __itt_sync_destroy

225021 : 0x10f84173a872e : 2 : ittapi_config_apply_per_lib :  ITTAPI function NOT instrumented (not matched by --itt-config option): __itt_sync_prepare

225021 : 0x10f84173b34a8 : 2 : ittapi_config_apply_per_lib :  ITTAPI function NOT instrumented (not matched by --itt-config option): __itt_sync_cancel

225021 : 0x10f84173b47f5 : 2 : ittapi_config_apply_per_lib :  ITTAPI function NOT instrumented (not matched by --itt-config option): __itt_sync_acquired

225021 : 0x10f84173b5881 : 2 : ittapi_config_apply_per_lib :  ITTAPI function NOT instrumented (not matched by --itt-config option): __itt_sync_releasing

225021 : 0x10f84173b6ff0 : 2 : ittapi_config_apply_per_lib :  ITTAPI function not implemented: __itt_suppress_push
225021 : 0x10f84173b8710 : 2 : ittapi_config_apply_per_lib :  ITTAPI function not implemented: __itt_suppress_pop
225021 : 0x10f84173b9e63 : 2 : ittapi_config_apply_per_lib :  ITTAPI function not implemented: __itt_suppress_mark_range
225021 : 0x10f84173bb321 : 2 : ittapi_config_apply_per_lib :  ITTAPI function not implemented: __itt_suppress_clear_range
225021 : 0x10f84173bc40e : 2 : ittapi_config_apply_per_lib :  ITTAPI function NOT instrumented (not matched by --itt-config option): __itt_sync_prepare

225021 : 0x10f84173bd4b8 : 2 : ittapi_config_apply_per_lib :  ITTAPI function NOT instrumented (not matched by --itt-config option): __itt_sync_cancel

225021 : 0x10f84173be509 : 2 : ittapi_config_apply_per_lib :  ITTAPI function NOT instrumented (not matched by --itt-config option): __itt_sync_acquired

225021 : 0x10f84173c5667 : 2 : ittapi_config_apply_per_lib :  ITTAPI function NOT instrumented (not matched by --itt-config option): __itt_sync_releasing

225021 : 0x10f84173c69e9 : 2 : ittapi_config_apply_per_lib :  ITTAPI function NOT instrumented (not matched by --itt-config option): __itt_model_site_begin

225021 : 0x10f84173c7ad6 : 2 : ittapi_config_apply_per_lib :  ITTAPI function NOT instrumented (not matched by --itt-config option): __itt_model_site_end

225021 : 0x10f84173c8b86 : 2 : ittapi_config_apply_per_lib :  ITTAPI function NOT instrumented (not matched by --itt-config option): __itt_model_task_begin

225021 : 0x10f84173c9bfb : 2 : ittapi_config_apply_per_lib :  ITTAPI function NOT instrumented (not matched by --itt-config option): __itt_model_task_end

225021 : 0x10f84173cac83 : 2 : ittapi_config_apply_per_lib :  ITTAPI function NOT instrumented (not matched by --itt-config option): __itt_model_lock_acquire

225021 : 0x10f84173cbe59 : 2 : ittapi_config_apply_per_lib :  ITTAPI function NOT instrumented (not matched by --itt-config option): __itt_model_lock_release

225021 : 0x10f84173ccedf : 2 : ittapi_config_apply_per_lib :  ITTAPI function NOT instrumented (not matched by --itt-config option): __itt_model_record_allocation

225021 : 0x10f84173cdf12 : 2 : ittapi_config_apply_per_lib :  ITTAPI function NOT instrumented (not matched by --itt-config option): __itt_model_record_deallocation

225021 : 0x10f84173cef17 : 2 : ittapi_config_apply_per_lib :  ITTAPI function NOT instrumented (not matched by --itt-config option): __itt_model_induction_uses

225021 : 0x10f84173d5c1b : 2 : ittapi_config_apply_per_lib :  ITTAPI function NOT instrumented (not matched by --itt-config option): __itt_model_reduction_uses

225021 : 0x10f84173d6ef9 : 2 : ittapi_config_apply_per_lib :  ITTAPI function NOT instrumented (not matched by --itt-config option): __itt_model_observe_uses

225021 : 0x10f84173d805d : 2 : ittapi_config_apply_per_lib :  ITTAPI function NOT instrumented (not matched by --itt-config option): __itt_model_clear_uses

225021 : 0x10f84173d92d2 : 2 : ittapi_config_apply_per_lib :  ITTAPI function NOT instrumented (not matched by --itt-config option): __itt_model_site_beginA

225021 : 0x10f84173da3a1 : 2 : ittapi_config_apply_per_lib :  ITTAPI function NOT instrumented (not matched by --itt-config option): __itt_model_site_beginAL

225021 : 0x10f84173db3a6 : 2 : ittapi_config_apply_per_lib :  ITTAPI function NOT instrumented (not matched by --itt-config option): __itt_model_task_beginA

225021 : 0x10f84173dc44a : 2 : ittapi_config_apply_per_lib :  ITTAPI function NOT instrumented (not matched by --itt-config option): __itt_model_task_beginAL

225021 : 0x10f84173dd4de : 2 : ittapi_config_apply_per_lib :  ITTAPI function NOT instrumented (not matched by --itt-config option): __itt_model_iteration_taskA

225021 : 0x10f84173de50f : 2 : ittapi_config_apply_per_lib :  ITTAPI function NOT instrumented (not matched by --itt-config option): __itt_model_iteration_taskAL

225021 : 0x10f84173df536 : 2 : ittapi_config_apply_per_lib :  ITTAPI function NOT instrumented (not matched by --itt-config option): __itt_model_site_end_2

225021 : 0x10f84173e8547 : 2 : ittapi_config_apply_per_lib :  ITTAPI function NOT instrumented (not matched by --itt-config option): __itt_model_task_end_2

225021 : 0x10f8417437deb : 2 : ittapi_config_apply_per_lib :  ITTAPI function NOT instrumented (not matched by --itt-config option): __itt_model_lock_acquire_2

225021 : 0x10f841743907e : 2 : ittapi_config_apply_per_lib :  ITTAPI function NOT instrumented (not matched by --itt-config option): __itt_model_lock_release_2

225021 : 0x10f841743a11e : 2 : ittapi_config_apply_per_lib :  ITTAPI function NOT instrumented (not matched by --itt-config option): __itt_model_aggregate_task

225021 : 0x10f841743b1eb : 2 : ittapi_config_apply_per_lib :  ITTAPI function NOT instrumented (not matched by --itt-config option): __itt_model_disable_push

225021 : 0x10f841743c1de : 2 : ittapi_config_apply_per_lib :  ITTAPI function NOT instrumented (not matched by --itt-config option): __itt_model_disable_pop

225021 : 0x10f841743da77 : 2 : ittapi_config_apply_per_lib :  ITTAPI function instrumented: __itt_heap_function_create
225021 : 0x10f841743f5c1 : 2 : ittapi_config_apply_per_lib :  ITTAPI function instrumented: __itt_heap_allocate_begin
225021 : 0x10f8417440b61 : 2 : ittapi_config_apply_per_lib :  ITTAPI function instrumented: __itt_heap_allocate_end
225021 : 0x10f8417442243 : 2 : ittapi_config_apply_per_lib :  ITTAPI function instrumented: __itt_heap_free_begin
225021 : 0x10f841744d3ad : 2 : ittapi_config_apply_per_lib :  ITTAPI function instrumented: __itt_heap_free_end
225021 : 0x10f841744eaa7 : 2 : ittapi_config_apply_per_lib :  ITTAPI function instrumented: __itt_heap_reallocate_begin
225021 : 0x10f841744fc91 : 2 : ittapi_config_apply_per_lib :  ITTAPI function instrumented: __itt_heap_reallocate_end
225021 : 0x10f841745147b : 2 : ittapi_config_apply_per_lib :  ITTAPI function not implemented: __itt_heap_internal_access_begin
225021 : 0x10f84174528f5 : 2 : ittapi_config_apply_per_lib :  ITTAPI function not implemented: __itt_heap_internal_access_end
225021 : 0x10f8417453d42 : 2 : ittapi_config_apply_per_lib :  ITTAPI function not implemented: __itt_heap_record_memory_growth_begin
225021 : 0x10f8417455234 : 2 : ittapi_config_apply_per_lib :  ITTAPI function not implemented: __itt_heap_record_memory_growth_end
225021 : 0x10f84174566fc : 2 : ittapi_config_apply_per_lib :  ITTAPI function not implemented: __itt_heap_reset_detection
225021 : 0x10f8417457bb2 : 2 : ittapi_config_apply_per_lib :  ITTAPI function not implemented: __itt_heap_record
225021 : 0x10f8417458f34 : 2 : ittapi_config_apply_per_lib :  ITTAPI function not implemented: __itt_id_create
225021 : 0x10f8417463005 : 2 : ittapi_config_apply_per_lib :  ITTAPI function not implemented: __itt_id_destroy
225021 : 0x10f841746464a : 2 : ittapi_config_apply_per_lib :  ITTAPI function instrumented: __itt_get_timestamp
225021 : 0x10f8417465aa9 : 2 : ittapi_config_apply_per_lib :  ITTAPI function not implemented: __itt_region_begin
225021 : 0x10f8417466e75 : 2 : ittapi_config_apply_per_lib :  ITTAPI function not implemented: __itt_region_end
225021 : 0x10f8417468260 : 2 : ittapi_config_apply_per_lib :  ITTAPI function instrumented: __itt_frame_begin_v3
225021 : 0x10f8417469624 : 2 : ittapi_config_apply_per_lib :  ITTAPI function instrumented: __itt_frame_end_v3
225021 : 0x10f841746a96f : 2 : ittapi_config_apply_per_lib :  ITTAPI function instrumented: __itt_frame_submit_v3
225021 : 0x10f841746c193 : 2 : ittapi_config_apply_per_lib :  ITTAPI function not implemented: __itt_task_group
225021 : 0x10f841746d58e : 2 : ittapi_config_apply_per_lib :  ITTAPI function instrumented: __itt_task_begin
225021 : 0x10f841746e884 : 2 : ittapi_config_apply_per_lib :  ITTAPI function instrumented: __itt_task_begin_fn
225021 : 0x10f8417475b98 : 2 : ittapi_config_apply_per_lib :  ITTAPI function instrumented: __itt_task_end
225021 : 0x10f84174772e9 : 2 : ittapi_config_apply_per_lib :  ITTAPI function not implemented: __itt_counter_inc_v3
225021 : 0x10f8417478888 : 2 : ittapi_config_apply_per_lib :  ITTAPI function not implemented: __itt_counter_inc_delta_v3
225021 : 0x10f8417479cd1 : 2 : ittapi_config_apply_per_lib :  ITTAPI function not implemented: __itt_counter_dec_v3
225021 : 0x10f841747b11c : 2 : ittapi_config_apply_per_lib :  ITTAPI function not implemented: __itt_counter_dec_delta_v3
225021 : 0x10f841747c5c8 : 2 : ittapi_config_apply_per_lib :  ITTAPI function not implemented: __itt_marker
225021 : 0x10f841747d8bb : 2 : ittapi_config_apply_per_lib :  ITTAPI function instrumented: __itt_metadata_add
225021 : 0x10f841747edb1 : 2 : ittapi_config_apply_per_lib :  ITTAPI function not implemented: __itt_metadata_str_add
225021 : 0x10f84174800be : 2 : ittapi_config_apply_per_lib :  ITTAPI function not implemented: __itt_relation_add_to_current
225021 : 0x10f8417481421 : 2 : ittapi_config_apply_per_lib :  ITTAPI function not implemented: __itt_relation_add
225021 : 0x10f841749444a : 2 : ittapi_config_apply_per_lib :  ITTAPI function instrumented: __itt_event_create
225021 : 0x10f841749593b : 2 : ittapi_config_apply_per_lib :  ITTAPI function instrumented: __itt_event_start
225021 : 0x10f8417496c19 : 2 : ittapi_config_apply_per_lib :  ITTAPI function instrumented: __itt_event_end
225021 : 0x10f84174a4f9b : 2 : ittapi_config_apply_per_lib :  ITTAPI function NOT instrumented (not matched by --itt-config option): __itt_sync_set_name

225021 : 0x10f84174af21a : 2 : ittapi_config_apply_per_lib :  ITTAPI function NOT instrumented (not matched by --itt-config option): __itt_notify_sync_name

225021 : 0x10f84174b039b : 2 : ittapi_config_apply_per_lib :  ITTAPI function NOT instrumented (not matched by --itt-config option): __itt_notify_sync_prepare

225021 : 0x10f84174b1407 : 2 : ittapi_config_apply_per_lib :  ITTAPI function NOT instrumented (not matched by --itt-config option): __itt_notify_sync_cancel

225021 : 0x10f84174b23ea : 2 : ittapi_config_apply_per_lib :  ITTAPI function NOT instrumented (not matched by --itt-config option): __itt_notify_sync_acquired

225021 : 0x10f84174b33ec : 2 : ittapi_config_apply_per_lib :  ITTAPI function NOT instrumented (not matched by --itt-config option): __itt_notify_sync_releasing

225021 : 0x10f84174b492b : 2 : ittapi_config_apply_per_lib :  ITTAPI function not implemented: __itt_memory_read
225021 : 0x10f84174bc046 : 2 : ittapi_config_apply_per_lib :  ITTAPI function not implemented: __itt_memory_write
225021 : 0x10f84174bd657 : 2 : ittapi_config_apply_per_lib :  ITTAPI function not implemented: __itt_memory_update
225021 : 0x10f84174cbbbf : 2 : ittapi_config_apply_per_lib :  ITTAPI function not implemented: __itt_state_get
225021 : 0x10f84174cd02a : 2 : ittapi_config_apply_per_lib :  ITTAPI function not implemented: __itt_state_set
225021 : 0x10f84174ce4c1 : 2 : ittapi_config_apply_per_lib :  ITTAPI function not implemented: __itt_obj_mode_set
225021 : 0x10f84174cf998 : 2 : ittapi_config_apply_per_lib :  ITTAPI function not implemented: __itt_thr_mode_set
225021 : 0x10f84174d0caa : 2 : ittapi_config_apply_per_lib :  ITTAPI function instrumented: __itt_frame_create
225021 : 0x10f84174de1ca : 2 : ittapi_config_apply_per_lib :  ITTAPI function instrumented: __itt_pt_region_create
225021 : 0x10f84174df516 : 2 : ittapi_config_apply_per_lib :  ITTAPI function instrumented: __itt_frame_begin
225021 : 0x10f84174e08af : 2 : ittapi_config_apply_per_lib :  ITTAPI function instrumented: __itt_frame_end
225021 : 0x10f84174f717c : 2 : ittapi_config_apply_per_lib :  ITTAPI function not implemented: __itt_counter_destroy
225021 : 0x10f84174f8744 : 2 : ittapi_config_apply_per_lib :  ITTAPI function instrumented: __itt_counter_inc
225021 : 0x10f84174f9c08 : 2 : ittapi_config_apply_per_lib :  ITTAPI function instrumented: __itt_counter_inc_delta
225021 : 0x10f84174fae8d : 2 : ittapi_config_apply_per_lib :  ITTAPI function instrumented: __itt_counter_dec
225021 : 0x10f84174fc237 : 2 : ittapi_config_apply_per_lib :  ITTAPI function instrumented: __itt_counter_dec_delta
225021 : 0x10f84174fd516 : 2 : ittapi_config_apply_per_lib :  ITTAPI function instrumented: __itt_counter_set_value
225021 : 0x10f84174fe8e2 : 2 : ittapi_config_apply_per_lib :  ITTAPI function not implemented: __itt_counter_set_value_ex
225021 : 0x10f84174ffc09 : 2 : ittapi_config_apply_per_lib :  ITTAPI function not implemented: __itt_mark_create
225021 : 0x10f8417501043 : 2 : ittapi_config_apply_per_lib :  ITTAPI function not implemented: __itt_mark
225021 : 0x10f84175024d9 : 2 : ittapi_config_apply_per_lib :  ITTAPI function not implemented: __itt_mark_off
225021 : 0x10f8417509905 : 2 : ittapi_config_apply_per_lib :  ITTAPI function not implemented: __itt_mark_global
225021 : 0x10f841750ae84 : 2 : ittapi_config_apply_per_lib :  ITTAPI function not implemented: __itt_mark_global_off
225021 : 0x10f841751a3ff : 2 : ittapi_config_apply_per_lib :  ITTAPI function instrumented: __itt_stack_caller_create
225021 : 0x10f841751b8f5 : 2 : ittapi_config_apply_per_lib :  ITTAPI function instrumented: __itt_stack_caller_destroy
225021 : 0x10f841751cd84 : 2 : ittapi_config_apply_per_lib :  ITTAPI function instrumented: __itt_stack_callee_enter
225021 : 0x10f841751e08f : 2 : ittapi_config_apply_per_lib :  ITTAPI function instrumented: __itt_stack_callee_leave
225021 : 0x10f841751f5b4 : 2 : ittapi_config_apply_per_lib :  ITTAPI function not implemented: __itt_clock_domain_create
225021 : 0x10f8417520a94 : 2 : ittapi_config_apply_per_lib :  ITTAPI function not implemented: __itt_clock_domain_reset
225021 : 0x10f841752e7f0 : 2 : ittapi_config_apply_per_lib :  ITTAPI function not implemented: __itt_id_create_ex
225021 : 0x10f841752fbf7 : 2 : ittapi_config_apply_per_lib :  ITTAPI function not implemented: __itt_id_destroy_ex
225021 : 0x10f8417536ccc : 2 : ittapi_config_apply_per_lib :  ITTAPI function not implemented: __itt_task_begin_ex
225021 : 0x10f8417538241 : 2 : ittapi_config_apply_per_lib :  ITTAPI function not implemented: __itt_task_begin_fn_ex
225021 : 0x10f84175397ba : 2 : ittapi_config_apply_per_lib :  ITTAPI function not implemented: __itt_task_end_ex
225021 : 0x10f841753ab40 : 2 : ittapi_config_apply_per_lib :  ITTAPI function instrumented: __itt_task_begin_overlapped
225021 : 0x10f841753bf93 : 2 : ittapi_config_apply_per_lib :  ITTAPI function not implemented: __itt_task_begin_overlapped_ex
225021 : 0x10f841753d2ce : 2 : ittapi_config_apply_per_lib :  ITTAPI function instrumented: __itt_task_end_overlapped
225021 : 0x10f841753e76a : 2 : ittapi_config_apply_per_lib :  ITTAPI function not implemented: __itt_task_end_overlapped_ex
225021 : 0x10f841753fb5a : 2 : ittapi_config_apply_per_lib :  ITTAPI function not implemented: __itt_marker_ex
225021 : 0x10f8417541246 : 2 : ittapi_config_apply_per_lib :  ITTAPI function not implemented: __itt_metadata_add_with_scope
225021 : 0x10f8417542797 : 2 : ittapi_config_apply_per_lib :  ITTAPI function not implemented: __itt_metadata_str_add_with_scope
225021 : 0x10f841754beba : 2 : ittapi_config_apply_per_lib :  ITTAPI function not implemented: __itt_relation_add_to_current_ex
225021 : 0x10f841754d534 : 2 : ittapi_config_apply_per_lib :  ITTAPI function not implemented: __itt_relation_add_ex
225021 : 0x10f841754eac5 : 2 : ittapi_config_apply_per_lib :  ITTAPI function not implemented: __itt_track_group_create
225021 : 0x10f841754fd81 : 2 : ittapi_config_apply_per_lib :  ITTAPI function not implemented: __itt_track_create
225021 : 0x10f84175511ce : 2 : ittapi_config_apply_per_lib :  ITTAPI function not implemented: __itt_set_track
225021 : 0x10f84175525cf : 2 : ittapi_config_apply_per_lib :  ITTAPI function instrumented: __itt_api_version
225021 : 0x10f8417553a18 : 2 : ittapi_config_apply_per_lib :  ITTAPI function not implemented: __itt_av_save
225021 : 0x10f8417554d79 : 2 : ittapi_config_apply_per_lib :  ITTAPI function instrumented: __itt_module_load
225021 : 0x10f8417556196 : 2 : ittapi_config_apply_per_lib :  ITTAPI function not implemented: __itt_module_unload